2024-11-15 00:21:42,177 [ERROR] LogOutputStream:75 - [STDERR_REDIRECT] 
2024-11-15 00:25:45,747 [INFO] Activator:176 - 


2024-11-15 00:25:45,749 [INFO] Activator:177 - !SESSION log4j initialized
2024-11-15 00:25:49,810 [INFO] LogOutputStream:77 - [STDOUT_REDIRECT] 
2024-11-15 00:25:50,898 [INFO] ApplicationProperties:184 - Using Application install path: D:\ST\STM32CubeIDE_1.15.1\STM32CubeIDE\plugins\com.st.stm32cube.common.mx_6.11.1.202404110753
2024-11-15 00:25:50,910 [INFO] DbMcusXml:78 - Set database path to: D:\ST\STM32CubeIDE_1.15.1\STM32CubeIDE\plugins\com.st.stm32cube.common.mx_6.11.1.202404110753\\db\/mcu/
2024-11-15 00:25:50,911 [INFO] ApiDb:274 - Set plugin database path to: D:\ST\STM32CubeIDE_1.15.1\STM32CubeIDE\plugins\com.st.stm32cube.common.mx_6.11.1.202404110753\\db\/plugins/boardmanager/
2024-11-15 00:25:50,911 [WARN] ApiDb:259 - Overriding images path with different value:  => D:\ST\STM32CubeIDE_1.15.1\STM32CubeIDE\plugins\com.st.stm32cube.common.mx_6.11.1.202404110753\\db\/plugins/mcufinder/images/
2024-11-15 00:25:50,916 [INFO] ApiDb:250 - Set database path to: C:\Users\ckckc\.stmcufinder\plugins\mcufinder//mcu/
2024-11-15 00:25:50,917 [INFO] DbMcusAds:125 - Set database path to: C:\Users\ckckc\.stmcufinder\plugins\mcufinder//mcu/
2024-11-15 00:25:50,918 [INFO] CrossReferenceDbSqlite:203 - Set database path to: C:\Users\ckckc\.stmcufinder\plugins\mcufinder//mcu/cs/
2024-11-15 00:25:50,998 [INFO] RulesReader:64 - Compatibility file has been processed (297 Rules)
2024-11-15 00:25:51,050 [INFO] DbMcusXml:78 - Set database path to: D:\ST\STM32CubeIDE_1.15.1\STM32CubeIDE\plugins\com.st.stm32cube.common.mx_6.11.1.202404110753\\db\/mcu/
2024-11-15 00:25:51,050 [INFO] ApiDb:274 - Set plugin database path to: D:\ST\STM32CubeIDE_1.15.1\STM32CubeIDE\plugins\com.st.stm32cube.common.mx_6.11.1.202404110753\\db\/plugins/boardmanager/
2024-11-15 00:25:51,050 [INFO] ApiDb:261 - Set plugin images path to: D:\ST\STM32CubeIDE_1.15.1\STM32CubeIDE\plugins\com.st.stm32cube.common.mx_6.11.1.202404110753\\db\/plugins/mcufinder/images/
2024-11-15 00:25:51,050 [WARN] DbFile:41 - Overriding database path with different value: C:\Users\ckckc\.stmcufinder\plugins\mcufinder/ => C:\Users\ckckc\.stmcufinder\plugins\mcufinder
2024-11-15 00:25:51,050 [INFO] ApiDb:250 - Set database path to: C:\Users\ckckc\.stmcufinder\plugins\mcufinder//mcu/
2024-11-15 00:25:51,050 [WARN] DbFile:41 - Overriding database path with different value: C:\Users\ckckc\.stmcufinder\plugins\mcufinder/ => C:\Users\ckckc\.stmcufinder\plugins\mcufinder
2024-11-15 00:25:51,050 [INFO] DbMcusAds:125 - Set database path to: C:\Users\ckckc\.stmcufinder\plugins\mcufinder//mcu/
2024-11-15 00:25:51,051 [WARN] DbFile:41 - Overriding database path with different value: C:\Users\ckckc\.stmcufinder\plugins\mcufinder/ => C:\Users\ckckc\.stmcufinder\plugins\mcufinder
2024-11-15 00:25:51,051 [WARN] DbFile:41 - Overriding database path with different value: C:\Users\ckckc\.stmcufinder\plugins\mcufinder/ => C:\Users\ckckc\.stmcufinder\plugins\mcufinder
2024-11-15 00:25:51,051 [INFO] CrossReferenceDbSqlite:203 - Set database path to: C:\Users\ckckc\.stmcufinder\plugins\mcufinder//mcu/cs/
2024-11-15 00:25:51,099 [INFO] MainPanel:264 - HeapMemory: 268435456
2024-11-15 00:25:51,152 [INFO] DbMcusXml:78 - Set database path to: D:\ST\STM32CubeIDE_1.15.1\STM32CubeIDE\plugins\com.st.stm32cube.common.mx_6.11.1.202404110753\\db\/mcu/
2024-11-15 00:25:51,152 [INFO] ApiDb:274 - Set plugin database path to: D:\ST\STM32CubeIDE_1.15.1\STM32CubeIDE\plugins\com.st.stm32cube.common.mx_6.11.1.202404110753\\db\/plugins/boardmanager/
2024-11-15 00:25:51,152 [INFO] ApiDb:261 - Set plugin images path to: D:\ST\STM32CubeIDE_1.15.1\STM32CubeIDE\plugins\com.st.stm32cube.common.mx_6.11.1.202404110753\\db\/plugins/mcufinder/images/
2024-11-15 00:25:51,153 [WARN] DbFile:41 - Overriding database path with different value: C:\Users\ckckc\.stmcufinder\plugins\mcufinder/ => C:\Users\ckckc\.stmcufinder\plugins\mcufinder
2024-11-15 00:25:51,153 [INFO] ApiDb:250 - Set database path to: C:\Users\ckckc\.stmcufinder\plugins\mcufinder//mcu/
2024-11-15 00:25:51,153 [WARN] DbFile:41 - Overriding database path with different value: C:\Users\ckckc\.stmcufinder\plugins\mcufinder/ => C:\Users\ckckc\.stmcufinder\plugins\mcufinder
2024-11-15 00:25:51,153 [INFO] DbMcusAds:125 - Set database path to: C:\Users\ckckc\.stmcufinder\plugins\mcufinder//mcu/
2024-11-15 00:25:51,153 [WARN] DbFile:41 - Overriding database path with different value: C:\Users\ckckc\.stmcufinder\plugins\mcufinder/ => C:\Users\ckckc\.stmcufinder\plugins\mcufinder
2024-11-15 00:25:51,153 [WARN] DbFile:41 - Overriding database path with different value: C:\Users\ckckc\.stmcufinder\plugins\mcufinder/ => C:\Users\ckckc\.stmcufinder\plugins\mcufinder
2024-11-15 00:25:51,153 [INFO] CrossReferenceDbSqlite:203 - Set database path to: C:\Users\ckckc\.stmcufinder\plugins\mcufinder//mcu/cs/
2024-11-15 00:25:51,164 [INFO] ApplicationProperties:184 - Using Application install path: D:\ST\STM32CubeIDE_1.15.1\STM32CubeIDE\plugins\com.st.stm32cube.common.mx_6.11.1.202404110753
2024-11-15 00:25:51,165 [INFO] PluginManage:196 - Search for loadable plugins [exclusion list=, ]
2024-11-15 00:25:51,166 [INFO] PluginManage:310 - Check plugin analytics
2024-11-15 00:25:51,301 [INFO] AnalyticsPlugin:253 - Accepted Software Licenses: 
2024-11-15 00:25:51,301 [INFO] AnalyticsPlugin:255 - Accepted CMSIS Pack Licenses: 
2024-11-15 00:25:51,302 [INFO] AnalyticsPlugin:257 - Accepted Firmware Licenses: FW.F4.1.28.0
2024-11-15 00:25:51,303 [INFO] PluginManage:359 - Loaded plugin analytics (category:tool,tabindex:-1)
2024-11-15 00:25:51,304 [INFO] PluginManage:310 - Check plugin cadmodel
2024-11-15 00:25:51,307 [INFO] CADModel:105 - Init CAD model plugin
2024-11-15 00:25:51,307 [INFO] PluginManage:359 - Loaded plugin cadmodel (category:power,tabindex:5)
2024-11-15 00:25:51,307 [INFO] PluginManage:310 - Check plugin clock
2024-11-15 00:25:51,314 [INFO] PluginManage:359 - Loaded plugin clock (category:base,tabindex:2)
2024-11-15 00:25:51,314 [INFO] PluginManage:310 - Check plugin ddr
2024-11-15 00:25:51,316 [INFO] PluginManage:359 - Loaded plugin ddr (category:tool,tabindex:6)
2024-11-15 00:25:51,316 [INFO] PluginManage:310 - Check plugin filemanager
2024-11-15 00:25:51,417 [INFO] PluginManage:359 - Loaded plugin filemanager (category:base,tabindex:10)
2024-11-15 00:25:51,417 [INFO] PluginManage:310 - Check plugin ipmanager
2024-11-15 00:25:51,422 [INFO] PluginManage:359 - Loaded plugin ipmanager (category:base,tabindex:5)
2024-11-15 00:25:51,422 [INFO] PluginManage:310 - Check plugin lpbam
2024-11-15 00:25:51,428 [INFO] PluginManage:359 - Loaded plugin lpbam (category:base,tabindex:0)
2024-11-15 00:25:51,428 [INFO] PluginManage:310 - Check plugin memorymap
2024-11-15 00:25:51,437 [INFO] PluginManage:359 - Loaded plugin memorymap (category:base,tabindex:4)
2024-11-15 00:25:51,438 [INFO] PluginManage:310 - Check plugin pinoutandconfiguration
2024-11-15 00:25:51,443 [INFO] PluginManage:359 - Loaded plugin pinoutandconfiguration (category:base,tabindex:1)
2024-11-15 00:25:51,443 [INFO] PluginManage:310 - Check plugin pinoutconfig
2024-11-15 00:25:51,511 [WARN] SupportedApi:132 - Cannot load RTOS API schema: s4s-elt-must-match.1: The content of 'definitions' must match (annotation?, (simpleType | complexType)?, (unique | key | keyref)*)). A problem was found starting at: attribute.
2024-11-15 00:25:51,600 [INFO] PluginManage:359 - Loaded plugin pinoutconfig (category:base,tabindex:0)
2024-11-15 00:25:51,600 [INFO] PluginManage:310 - Check plugin power
2024-11-15 00:25:51,607 [INFO] PluginManage:359 - Loaded plugin power (category:power,tabindex:4)
2024-11-15 00:25:51,607 [INFO] PluginManage:310 - Check plugin projectmanager
2024-11-15 00:25:51,618 [INFO] PluginManage:359 - Loaded plugin projectmanager (category:projectmanager,tabindex:3)
2024-11-15 00:25:51,618 [INFO] PluginManage:310 - Check plugin thirdparty
2024-11-15 00:25:51,707 [INFO] PluginManage:359 - Loaded plugin thirdparty (category:base,tabindex:-1)
2024-11-15 00:25:51,707 [WARN] IntegrityCheckThread:84 - waiting for thirdparty lock release [integrity check]
2024-11-15 00:25:51,707 [INFO] PluginManage:310 - Check plugin tools
2024-11-15 00:25:51,707 [INFO] IntegrityCheckThread:86 - entering critical section [integrity check]
2024-11-15 00:25:51,708 [INFO] ThirdPartyUpdaterWithRetryManager:70 - Updater plugin not ready yet. [1/15]
2024-11-15 00:25:51,709 [INFO] PluginManage:359 - Loaded plugin tools (category:base,tabindex:7)
2024-11-15 00:25:51,709 [INFO] PluginManage:310 - Check plugin tutovideos
2024-11-15 00:25:51,830 [INFO] PluginManage:359 - Loaded plugin tutovideos (category:base,tabindex:-1)
2024-11-15 00:25:51,830 [INFO] PluginManage:310 - Check plugin updater
2024-11-15 00:25:51,837 [INFO] PluginManage:359 - Loaded plugin updater (category:base,tabindex:12)
2024-11-15 00:25:51,837 [INFO] PluginManage:310 - Check plugin userauth
2024-11-15 00:25:51,840 [INFO] UserAuth:114 - Init User Auth plugin
2024-11-15 00:25:51,841 [INFO] PluginManage:359 - Loaded plugin userauth (category:base,tabindex:14)
2024-11-15 00:25:51,841 [INFO] PluginManage:283 - PluginManage : Loaded plugins [17]
2024-11-15 00:25:51,986 [INFO] PinOutPanel:1561 - setPackage(No Configuration,No Configuration)
2024-11-15 00:25:52,038 [INFO] CADModel:165 - CPN selected for project level
2024-11-15 00:25:52,038 [INFO] CADModel:114 - Register for checkConnection events
2024-11-15 00:25:52,050 [INFO] IPUIPlugin:80 - create IPUIPlugin
2024-11-15 00:25:52,050 [INFO] PluginManager:220 - loadIPPluginJar : add adc
2024-11-15 00:25:52,052 [INFO] IPUIPlugin:80 - create IPUIPlugin
2024-11-15 00:25:52,053 [INFO] PluginManager:220 - loadIPPluginJar : add aes
2024-11-15 00:25:52,054 [INFO] IPUIPlugin:80 - create IPUIPlugin
2024-11-15 00:25:52,055 [INFO] PluginManager:220 - loadIPPluginJar : add can
2024-11-15 00:25:52,056 [INFO] IPUIPlugin:80 - create IPUIPlugin
2024-11-15 00:25:52,056 [INFO] PluginManager:220 - loadIPPluginJar : add comp
2024-11-15 00:25:52,057 [INFO] IPUIPlugin:80 - create IPUIPlugin
2024-11-15 00:25:52,057 [INFO] PluginManager:220 - loadIPPluginJar : add cryp
2024-11-15 00:25:52,059 [INFO] IPUIPlugin:80 - create IPUIPlugin
2024-11-15 00:25:52,059 [INFO] PluginManager:220 - loadIPPluginJar : add dfsdm
2024-11-15 00:25:52,063 [INFO] IPUIPlugin:80 - create IPUIPlugin
2024-11-15 00:25:52,064 [INFO] PluginManager:220 - loadIPPluginJar : add dma
2024-11-15 00:25:52,066 [INFO] IPUIPlugin:80 - create IPUIPlugin
2024-11-15 00:25:52,066 [INFO] PluginManager:220 - loadIPPluginJar : add dma3
2024-11-15 00:25:52,068 [INFO] IPUIPlugin:80 - create IPUIPlugin
2024-11-15 00:25:52,068 [INFO] PluginManager:220 - loadIPPluginJar : add extmemmanager
2024-11-15 00:25:52,069 [INFO] IPUIPlugin:80 - create IPUIPlugin
2024-11-15 00:25:52,069 [INFO] PluginManager:220 - loadIPPluginJar : add fatfs
2024-11-15 00:25:52,072 [INFO] IPUIPlugin:80 - create IPUIPlugin
2024-11-15 00:25:52,072 [INFO] PluginManager:220 - loadIPPluginJar : add fmc
2024-11-15 00:25:52,075 [INFO] IPUIPlugin:80 - create IPUIPlugin
2024-11-15 00:25:52,076 [INFO] PluginManager:220 - loadIPPluginJar : add freertos
2024-11-15 00:25:52,077 [INFO] IPUIPlugin:80 - create IPUIPlugin
2024-11-15 00:25:52,077 [INFO] PluginManager:220 - loadIPPluginJar : add genericplugin
2024-11-15 00:25:52,078 [INFO] IPUIPlugin:80 - create IPUIPlugin
2024-11-15 00:25:52,078 [INFO] PluginManager:220 - loadIPPluginJar : add gfxmmu
2024-11-15 00:25:52,081 [INFO] IPUIPlugin:80 - create IPUIPlugin
2024-11-15 00:25:52,081 [INFO] PluginManager:220 - loadIPPluginJar : add gic
2024-11-15 00:25:52,084 [INFO] IPUIPlugin:80 - create IPUIPlugin
2024-11-15 00:25:52,084 [INFO] PluginManager:220 - loadIPPluginJar : add gpio
2024-11-15 00:25:52,086 [INFO] IPUIPlugin:80 - create IPUIPlugin
2024-11-15 00:25:52,086 [INFO] PluginManager:220 - loadIPPluginJar : add gtzc
2024-11-15 00:25:52,088 [INFO] IPUIPlugin:80 - create IPUIPlugin
2024-11-15 00:25:52,088 [INFO] PluginManager:220 - loadIPPluginJar : add hash
2024-11-15 00:25:52,090 [INFO] IPUIPlugin:80 - create IPUIPlugin
2024-11-15 00:25:52,090 [INFO] PluginManager:220 - loadIPPluginJar : add i2c
2024-11-15 00:25:52,092 [INFO] IPUIPlugin:80 - create IPUIPlugin
2024-11-15 00:25:52,092 [INFO] PluginManager:220 - loadIPPluginJar : add i2s
2024-11-15 00:25:52,093 [INFO] IPUIPlugin:80 - create IPUIPlugin
2024-11-15 00:25:52,094 [INFO] PluginManager:220 - loadIPPluginJar : add i3c
2024-11-15 00:25:52,096 [INFO] IPUIPlugin:80 - create IPUIPlugin
2024-11-15 00:25:52,096 [INFO] PluginManager:220 - loadIPPluginJar : add ipddr
2024-11-15 00:25:52,100 [INFO] IPUIPlugin:80 - create IPUIPlugin
2024-11-15 00:25:52,101 [INFO] PluginManager:220 - loadIPPluginJar : add linkedlist
2024-11-15 00:25:52,102 [INFO] IPUIPlugin:80 - create IPUIPlugin
2024-11-15 00:25:52,102 [INFO] PluginManager:220 - loadIPPluginJar : add lorawan
2024-11-15 00:25:52,103 [INFO] IPUIPlugin:80 - create IPUIPlugin
2024-11-15 00:25:52,103 [INFO] PluginManager:220 - loadIPPluginJar : add ltdc
2024-11-15 00:25:52,107 [INFO] IPUIPlugin:80 - create IPUIPlugin
2024-11-15 00:25:52,107 [INFO] PluginManager:220 - loadIPPluginJar : add mdma
2024-11-15 00:25:52,109 [INFO] IPUIPlugin:80 - create IPUIPlugin
2024-11-15 00:25:52,109 [INFO] PluginManager:220 - loadIPPluginJar : add nvic
2024-11-15 00:25:52,110 [INFO] IPUIPlugin:80 - create IPUIPlugin
2024-11-15 00:25:52,110 [INFO] PluginManager:220 - loadIPPluginJar : add opamp
2024-11-15 00:25:52,112 [INFO] IPUIPlugin:80 - create IPUIPlugin
2024-11-15 00:25:52,112 [INFO] PluginManager:220 - loadIPPluginJar : add openamp
2024-11-15 00:25:52,113 [INFO] IPUIPlugin:80 - create IPUIPlugin
2024-11-15 00:25:52,114 [INFO] PluginManager:220 - loadIPPluginJar : add pdm2pcm
2024-11-15 00:25:52,117 [INFO] IPUIPlugin:80 - create IPUIPlugin
2024-11-15 00:25:52,119 [INFO] PluginManager:220 - loadIPPluginJar : add plateformsettings
2024-11-15 00:25:52,120 [INFO] IPUIPlugin:80 - create IPUIPlugin
2024-11-15 00:25:52,121 [INFO] PluginManager:220 - loadIPPluginJar : add quadspi
2024-11-15 00:25:52,122 [INFO] IPUIPlugin:80 - create IPUIPlugin
2024-11-15 00:25:52,123 [INFO] PluginManager:220 - loadIPPluginJar : add resmgrutility
2024-11-15 00:25:52,124 [INFO] IPUIPlugin:80 - create IPUIPlugin
2024-11-15 00:25:52,124 [INFO] PluginManager:220 - loadIPPluginJar : add sai
2024-11-15 00:25:52,126 [INFO] IPUIPlugin:80 - create IPUIPlugin
2024-11-15 00:25:52,126 [INFO] PluginManager:220 - loadIPPluginJar : add spi
2024-11-15 00:25:52,129 [INFO] IPUIPlugin:80 - create IPUIPlugin
2024-11-15 00:25:52,129 [INFO] PluginManager:220 - loadIPPluginJar : add stm32_wpan
2024-11-15 00:25:52,130 [INFO] IPUIPlugin:80 - create IPUIPlugin
2024-11-15 00:25:52,130 [INFO] PluginManager:220 - loadIPPluginJar : add tim
2024-11-15 00:25:52,132 [INFO] IPUIPlugin:80 - create IPUIPlugin
2024-11-15 00:25:52,132 [INFO] PluginManager:220 - loadIPPluginJar : add touchsensing
2024-11-15 00:25:52,133 [INFO] IPUIPlugin:80 - create IPUIPlugin
2024-11-15 00:25:52,133 [INFO] PluginManager:220 - loadIPPluginJar : add tracer_emb
2024-11-15 00:25:52,134 [INFO] IPUIPlugin:80 - create IPUIPlugin
2024-11-15 00:25:52,134 [INFO] PluginManager:220 - loadIPPluginJar : add ts
2024-11-15 00:25:52,135 [INFO] IPUIPlugin:80 - create IPUIPlugin
2024-11-15 00:25:52,135 [INFO] PluginManager:220 - loadIPPluginJar : add tsc
2024-11-15 00:25:52,136 [INFO] IPUIPlugin:80 - create IPUIPlugin
2024-11-15 00:25:52,136 [INFO] PluginManager:220 - loadIPPluginJar : add ucpd
2024-11-15 00:25:52,138 [INFO] IPUIPlugin:80 - create IPUIPlugin
2024-11-15 00:25:52,138 [INFO] PluginManager:220 - loadIPPluginJar : add usart
2024-11-15 00:25:52,140 [INFO] IPUIPlugin:80 - create IPUIPlugin
2024-11-15 00:25:52,140 [INFO] PluginManager:220 - loadIPPluginJar : add usbx
2024-11-15 00:25:52,250 [INFO] CADModel:165 - CPN selected for project level
2024-11-15 00:25:52,250 [INFO] CADModel:114 - Register for checkConnection events
2024-11-15 00:25:52,250 [FATAL] Updater:308 - Updater called before beeing initialized
2024-11-15 00:25:52,250 [ERROR] CADModel:125 - Updater not yet initialized, retry later 
2024-11-15 00:25:52,338 [INFO] CADModel:165 - CPN selected for project level
2024-11-15 00:25:52,339 [INFO] CADModel:114 - Register for checkConnection events
2024-11-15 00:25:52,339 [FATAL] Updater:308 - Updater called before beeing initialized
2024-11-15 00:25:52,339 [ERROR] CADModel:125 - Updater not yet initialized, retry later 
2024-11-15 00:25:52,341 [FATAL] Updater:308 - Updater called before beeing initialized
2024-11-15 00:25:52,421 [FATAL] Updater:308 - Updater called before beeing initialized
2024-11-15 00:25:52,424 [INFO] DbMcusAds:53 - JSON generation date=Fri Sep 20 22:04:23 KST 2024 (1726837463113)
2024-11-15 00:25:52,424 [FATAL] Updater:308 - Updater called before beeing initialized
2024-11-15 00:25:52,453 [WARN] DetailPanel:346 - Failed to get advertising image, set to default
2024-11-15 00:25:52,525 [FATAL] Updater:308 - Updater called before beeing initialized
2024-11-15 00:25:52,526 [FATAL] Updater:308 - Updater called before beeing initialized
2024-11-15 00:25:52,526 [FATAL] Updater:308 - Updater called before beeing initialized
2024-11-15 00:25:52,526 [WARN] DetailPanel:346 - Failed to get advertising image, set to default
2024-11-15 00:25:52,527 [FATAL] Updater:308 - Updater called before beeing initialized
2024-11-15 00:25:52,560 [ERROR] Updater:1120 - MainUpdater not yet initialized. External WinMGr cannot be set.
2024-11-15 00:25:52,561 [INFO] Updater:1056 - Updater Version found : 6.11.1
2024-11-15 00:25:52,574 [INFO] ApplicationProperties:184 - Using Application install path: D:\ST\STM32CubeIDE_1.15.1\STM32CubeIDE\plugins\com.st.stm32cube.common.mx_6.11.1.202404110753
2024-11-15 00:25:52,900 [INFO] MainUpdater:2873 - connection check result : 10
2024-11-15 00:25:52,900 [INFO] MainUpdater:290 - Updater Check For Update Now.
2024-11-15 00:25:52,900 [INFO] MicroXplorer:498 - Change Database Version : DB.6.0.111
2024-11-15 00:25:52,905 [INFO] McuFinderGlobals:63 - Set McuFinder mode to 2 (CubeIDE integrated)
2024-11-15 00:25:52,909 [INFO] UserAuth:415 - Internet connection configuration mode: 1
2024-11-15 00:25:52,919 [INFO] JxBrowserEngine:152 - Initiate JxBrowser Engine with user profile folder
2024-11-15 00:25:53,065 [INFO] CheckServerUpdateThread:120 - End of CheckServer Thread
2024-11-15 00:25:53,339 [INFO] WebApp:161 - Instantiating new browser for Auth
2024-11-15 00:25:53,739 [INFO] WebApp:779 - Register for checkConnection events
2024-11-15 00:25:53,739 [INFO] WebApp:414 - Apply proxy settings
2024-11-15 00:25:53,739 [INFO] WebApp:499 - Chromium requires no authentication
2024-11-15 00:25:53,743 [INFO] WebApp:442 - Direct internet connection detected
2024-11-15 00:25:53,845 [INFO] WebApp:192 - Starting web application
2024-11-15 00:25:53,846 [INFO] WebApp:544 - Web application path used D:\ST\STM32CubeIDE_1.15.1\STM32CubeIDE\plugins\com.st.stm32cube.common.mx_6.11.1.202404110753\db\plugins\mcufinder\reactClient1\index.html
2024-11-15 00:25:54,919 [WARN] PackLoader:240 - Cannot read IP mode file for STMicroelectronics.FP-SNS-MOTENVWB1.1.4.0
2024-11-15 00:25:54,925 [WARN] PackLoader:240 - Cannot read IP mode file for STMicroelectronics.FP-ATR-ASTRA1.2.0.1
2024-11-15 00:25:54,932 [WARN] PackLoader:240 - Cannot read IP mode file for STMicroelectronics.X-CUBE-SMBUS.2.1.0
2024-11-15 00:25:54,947 [WARN] PackLoader:240 - Cannot read IP mode file for STMicroelectronics.X-CUBE-WB05N.1.1.0
2024-11-15 00:25:54,954 [WARN] PackLoader:240 - Cannot read IP mode file for STMicroelectronics.X-CUBE-TOUCHGFX.4.23.2
2024-11-15 00:25:54,989 [WARN] PackLoader:240 - Cannot read IP mode file for STMicroelectronics.X-CUBE-AZRTOS-F7.1.1.0
2024-11-15 00:25:55,048 [WARN] PackLoader:240 - Cannot read IP mode file for STMicroelectronics.X-CUBE-MEMS1.11.0.0
2024-11-15 00:25:55,153 [WARN] PackLoader:240 - Cannot read IP mode file for STMicroelectronics.FP-SNS-FLIGHT1.5.0.2
2024-11-15 00:25:55,159 [WARN] PackLoader:240 - Cannot read IP mode file for STMicroelectronics.X-CUBE-DISPLAY.3.0.0
2024-11-15 00:25:55,166 [WARN] PackLoader:240 - Cannot read IP mode file for STMicroelectronics.X-CUBE-BLE1.7.0.0
2024-11-15 00:25:55,175 [WARN] PackLoader:240 - Cannot read IP mode file for STMicroelectronics.X-CUBE-NFC10.1.0.0
2024-11-15 00:25:55,182 [WARN] PackLoader:240 - Cannot read IP mode file for emotas.I-CUBE-CANOPEN.1.3.0
2024-11-15 00:25:55,192 [WARN] PackLoader:240 - Cannot read IP mode file for STMicroelectronics.X-CUBE-BLEMGR.3.1.0
2024-11-15 00:25:55,200 [WARN] PackLoader:240 - Cannot read IP mode file for STMicroelectronics.FP-SNS-SMARTAG2.1.2.0
2024-11-15 00:25:55,209 [INFO] LogOutputStream:77 - [STDOUT_REDIRECT] 1 : Invalid condition id : UX_CORESTACK_Condition cause : null
2024-11-15 00:25:55,209 [INFO] LogOutputStream:77 - [STDOUT_REDIRECT] 1 : Invalid condition id : UX_CORESTACK_Condition cause : null
2024-11-15 00:25:55,211 [INFO] LogOutputStream:77 - [STDOUT_REDIRECT] 1 : Invalid condition id : UX_CORESTACK_Condition cause : null
2024-11-15 00:25:55,212 [INFO] LogOutputStream:77 - [STDOUT_REDIRECT] 1 : Invalid condition id : UX_CORESTACK_Condition cause : null
2024-11-15 00:25:55,214 [INFO] LogOutputStream:77 - [STDOUT_REDIRECT] 1 : Invalid condition id : UX_CORESTACK_Condition cause : null
2024-11-15 00:25:55,217 [WARN] PackLoader:240 - Cannot read IP mode file for STMicroelectronics.X-CUBE-AZRTOS-WL.2.0.0
2024-11-15 00:25:55,222 [WARN] PackLoader:240 - Cannot read IP mode file for STMicroelectronics.FP-SNS-MOTENV1.5.0.0
2024-11-15 00:25:55,228 [WARN] PackLoader:240 - Cannot read IP mode file for wolfSSL.I-CUBE-wolfMQTT.1.19.0
2024-11-15 00:25:55,245 [WARN] PackLoader:240 - Cannot read IP mode file for WES.I-CUBE-Cesium.1.3.0
2024-11-15 00:25:55,249 [WARN] PackLoader:240 - Cannot read IP mode file for STMicroelectronics.X-CUBE-BLE2.3.3.0
2024-11-15 00:25:55,256 [WARN] PackLoader:240 - Cannot read IP mode file for STMicroelectronics.X-CUBE-NFC9.1.0.0
2024-11-15 00:25:55,263 [WARN] PackLoader:240 - Cannot read IP mode file for STMicroelectronics.X-CUBE-TCPP.4.1.0
2024-11-15 00:25:55,270 [WARN] PackLoader:240 - Cannot read IP mode file for STMicroelectronics.X-CUBE-ALGOBUILD.1.3.0
2024-11-15 00:25:55,281 [WARN] PackLoader:240 - Cannot read IP mode file for STMicroelectronics.X-CUBE-AZRTOS-G0.1.1.0
2024-11-15 00:25:55,288 [WARN] PackLoader:240 - Cannot read IP mode file for STMicroelectronics.X-CUBE-SAFEA1.1.2.2
2024-11-15 00:25:55,292 [WARN] PackLoader:240 - Cannot read IP mode file for STMicroelectronics.X-CUBE-NFC4.3.0.0
2024-11-15 00:25:55,295 [WARN] PackLoader:240 - Cannot read IP mode file for wolfSSL.I-CUBE-wolfMQTT.1.18.0
2024-11-15 00:25:55,303 [WARN] PackLoader:240 - Cannot read IP mode file for EmbeddedOffice.I-CUBE-FS-RTOS.1.0.1
2024-11-15 00:25:55,303 [ERROR] ConditionMgr:805 - Attr not supported : Dmpu
2024-11-15 00:25:55,303 [ERROR] ConditionMgr:805 - Attr not supported : Dmpu
2024-11-15 00:25:55,303 [ERROR] ConditionMgr:805 - Attr not supported : Dmpu
2024-11-15 00:25:55,303 [ERROR] ConditionMgr:805 - Attr not supported : Dmpu
2024-11-15 00:25:55,303 [ERROR] ConditionMgr:805 - Attr not supported : Dmpu
2024-11-15 00:25:55,303 [ERROR] ConditionMgr:805 - Attr not supported : Dmpu
2024-11-15 00:25:55,304 [ERROR] ConditionMgr:805 - Attr not supported : Dmpu
2024-11-15 00:25:55,304 [ERROR] ConditionMgr:805 - Attr not supported : Dmpu
2024-11-15 00:25:55,304 [ERROR] ConditionMgr:805 - Attr not supported : Dmpu
2024-11-15 00:25:55,304 [ERROR] ConditionMgr:805 - Attr not supported : Dmpu
2024-11-15 00:25:55,304 [ERROR] ConditionMgr:805 - Attr not supported : Dmpu
2024-11-15 00:25:55,304 [ERROR] ConditionMgr:805 - Attr not supported : Dmpu
2024-11-15 00:25:55,304 [ERROR] ConditionMgr:805 - Attr not supported : Dmpu
2024-11-15 00:25:55,304 [ERROR] ConditionMgr:805 - Attr not supported : Dmpu
2024-11-15 00:25:55,304 [ERROR] ConditionMgr:805 - Attr not supported : Dmpu
2024-11-15 00:25:55,304 [ERROR] ConditionMgr:805 - Attr not supported : Dmpu
2024-11-15 00:25:55,304 [ERROR] ConditionMgr:805 - Attr not supported : Dmpu
2024-11-15 00:25:55,304 [ERROR] ConditionMgr:805 - Attr not supported : Dmpu
2024-11-15 00:25:55,304 [ERROR] ConditionMgr:805 - Attr not supported : Dmpu
2024-11-15 00:25:55,304 [ERROR] ConditionMgr:805 - Attr not supported : Dmpu
2024-11-15 00:25:55,304 [ERROR] ConditionMgr:805 - Attr not supported : Dmpu
2024-11-15 00:25:55,304 [ERROR] ConditionMgr:805 - Attr not supported : Dmpu
2024-11-15 00:25:55,304 [ERROR] ConditionMgr:805 - Attr not supported : Dmpu
2024-11-15 00:25:55,304 [ERROR] ConditionMgr:805 - Attr not supported : Dmpu
2024-11-15 00:25:55,304 [ERROR] ConditionMgr:805 - Attr not supported : Dmpu
2024-11-15 00:25:55,304 [ERROR] ConditionMgr:805 - Attr not supported : Dmpu
2024-11-15 00:25:55,305 [ERROR] ConditionMgr:805 - Attr not supported : Dmpu
2024-11-15 00:25:55,305 [ERROR] ConditionMgr:805 - Attr not supported : Dmpu
2024-11-15 00:25:55,305 [ERROR] ConditionMgr:805 - Attr not supported : Dmpu
2024-11-15 00:25:55,305 [ERROR] ConditionMgr:805 - Attr not supported : Dmpu
2024-11-15 00:25:55,305 [ERROR] ConditionMgr:805 - Attr not supported : Dmpu
2024-11-15 00:25:55,305 [ERROR] ConditionMgr:805 - Attr not supported : Dmpu
2024-11-15 00:25:55,305 [ERROR] ConditionMgr:805 - Attr not supported : Dmpu
2024-11-15 00:25:55,305 [ERROR] ConditionMgr:805 - Attr not supported : Dmpu
2024-11-15 00:25:55,305 [ERROR] ConditionMgr:805 - Attr not supported : Dmpu
2024-11-15 00:25:55,305 [ERROR] ConditionMgr:805 - Attr not supported : Dmpu
2024-11-15 00:25:55,305 [ERROR] ConditionMgr:805 - Attr not supported : Dmpu
2024-11-15 00:25:55,305 [ERROR] ConditionMgr:805 - Attr not supported : Dmpu
2024-11-15 00:25:55,305 [ERROR] ConditionMgr:805 - Attr not supported : Dmpu
2024-11-15 00:25:55,306 [ERROR] ConditionMgr:805 - Attr not supported : Dmpu
2024-11-15 00:25:55,306 [ERROR] ConditionMgr:805 - Attr not supported : Dmpu
2024-11-15 00:25:55,306 [ERROR] ConditionMgr:805 - Attr not supported : Dmpu
2024-11-15 00:25:55,306 [ERROR] ConditionMgr:805 - Attr not supported : Dmpu
2024-11-15 00:25:55,306 [ERROR] ConditionMgr:805 - Attr not supported : Dmpu
2024-11-15 00:25:55,306 [ERROR] ConditionMgr:805 - Attr not supported : Dmpu
2024-11-15 00:25:55,306 [ERROR] ConditionMgr:805 - Attr not supported : Dmpu
2024-11-15 00:25:55,306 [ERROR] ConditionMgr:805 - Attr not supported : Dmpu
2024-11-15 00:25:55,306 [ERROR] ConditionMgr:805 - Attr not supported : Dmpu
2024-11-15 00:25:55,306 [ERROR] ConditionMgr:805 - Attr not supported : Dmpu
2024-11-15 00:25:55,306 [ERROR] ConditionMgr:805 - Attr not supported : Dmpu
2024-11-15 00:25:55,306 [ERROR] ConditionMgr:805 - Attr not supported : Dmpu
2024-11-15 00:25:55,306 [ERROR] ConditionMgr:805 - Attr not supported : Dmpu
2024-11-15 00:25:55,306 [ERROR] ConditionMgr:805 - Attr not supported : Dmpu
2024-11-15 00:25:55,306 [ERROR] ConditionMgr:805 - Attr not supported : Dmpu
2024-11-15 00:25:55,307 [ERROR] ConditionMgr:805 - Attr not supported : Dmpu
2024-11-15 00:25:55,307 [ERROR] ConditionMgr:805 - Attr not supported : Dmpu
2024-11-15 00:25:55,307 [ERROR] ConditionMgr:805 - Attr not supported : Dmpu
2024-11-15 00:25:55,307 [ERROR] ConditionMgr:805 - Attr not supported : Dmpu
2024-11-15 00:25:55,307 [ERROR] ConditionMgr:805 - Attr not supported : Dmpu
2024-11-15 00:25:55,307 [ERROR] ConditionMgr:805 - Attr not supported : Dmpu
2024-11-15 00:25:55,307 [ERROR] ConditionMgr:805 - Attr not supported : Dmpu
2024-11-15 00:25:55,307 [ERROR] ConditionMgr:805 - Attr not supported : Dmpu
2024-11-15 00:25:55,307 [ERROR] ConditionMgr:805 - Attr not supported : Dmpu
2024-11-15 00:25:55,307 [ERROR] ConditionMgr:805 - Attr not supported : Dmpu
2024-11-15 00:25:55,311 [WARN] PackLoader:240 - Cannot read IP mode file for RealThread.X-CUBE-RT-Thread_Nano.4.1.1
2024-11-15 00:25:55,315 [WARN] PackLoader:240 - Cannot read IP mode file for wolfSSL.I-CUBE-wolfSSL.5.7.0
2024-11-15 00:25:55,318 [WARN] PackLoader:240 - Cannot read IP mode file for STMicroelectronics.FP-ATR-SIGFOX1.3.2.0
2024-11-15 00:25:55,321 [WARN] ConditionMgr:438 - getConditionDescription Invalid condition id : Cortex-A Device cause : null
2024-11-15 00:25:55,331 [WARN] ConditionMgr:1039 - genDependencies : Invalid condition id : Cortex-A Device cause : null
2024-11-15 00:25:55,332 [WARN] ConditionMgr:1039 - genDependencies : Invalid condition id : Cortex-A Device cause : null
2024-11-15 00:25:55,332 [WARN] ConditionMgr:1039 - genDependencies : Invalid condition id : Cortex-A Device cause : null
2024-11-15 00:25:55,337 [WARN] PackLoader:240 - Cannot read IP mode file for STMicroelectronics.X-CUBE-EEPRMA1.5.1.0
2024-11-15 00:25:55,343 [WARN] PackLoader:240 - Cannot read IP mode file for ITTIA_DB.I-CUBE-ITTIADB.8.9.0
2024-11-15 00:25:55,365 [WARN] PackLoader:240 - Cannot read IP mode file for SEGGER.I-CUBE-embOS.1.3.1
2024-11-15 00:25:55,409 [WARN] PackLoader:240 - Cannot read IP mode file for STMicroelectronics.X-CUBE-ALGOBUILD.1.4.0
2024-11-15 00:25:55,413 [WARN] PackLoader:240 - Cannot read IP mode file for STMicroelectronics.X-CUBE-AI.9.1.0
2024-11-15 00:25:55,418 [WARN] PackLoader:240 - Cannot read IP mode file for STMicroelectronics.X-CUBE-GNSS1.6.0.0
2024-11-15 00:25:55,433 [WARN] PackLoader:240 - Cannot read IP mode file for STMicroelectronics.X-CUBE-AZRTOS-F4.1.1.0
2024-11-15 00:25:55,439 [WARN] PackLoader:240 - Cannot read IP mode file for STMicroelectronics.X-CUBE-ISPU.2.1.0
2024-11-15 00:25:55,443 [WARN] PackLoader:240 - Cannot read IP mode file for STMicroelectronics.X-CUBE-FREERTOS.1.2.0
2024-11-15 00:25:55,458 [WARN] PackLoader:240 - Cannot read IP mode file for STMicroelectronics.X-CUBE-AZRTOS-L5.2.0.0
2024-11-15 00:25:55,466 [WARN] PackLoader:240 - Cannot read IP mode file for STMicroelectronics.X-CUBE-NFC6.3.1.0
2024-11-15 00:25:55,472 [WARN] PackLoader:240 - Cannot read IP mode file for STMicroelectronics.X-CUBE-DPower.1.2.0
2024-11-15 00:25:55,475 [WARN] PackLoader:240 - Cannot read IP mode file for STMicroelectronics.X-CUBE-AI.9.0.0
2024-11-15 00:25:55,479 [WARN] PackLoader:240 - Cannot read IP mode file for STMicroelectronics.X-CUBE-NFC7.1.0.1
2024-11-15 00:25:55,483 [WARN] PackLoader:240 - Cannot read IP mode file for wolfSSL.I-CUBE-wolfTPM.3.2.0
2024-11-15 00:25:55,495 [WARN] ConditionMgr:438 - getConditionDescription Invalid condition id : LAN8742 Phy interface Condition cause : null
2024-11-15 00:25:55,496 [WARN] PackLoader:240 - Cannot read IP mode file for STMicroelectronics.X-CUBE-AZRTOS-L4.2.0.0
2024-11-15 00:25:55,497 [WARN] ConditionMgr:1039 - genDependencies : Invalid condition id : LAN8742 Phy interface Condition cause : null
2024-11-15 00:25:55,497 [WARN] ConditionMgr:1039 - genDependencies : Invalid condition id : LAN8742 Phy interface Condition cause : null
2024-11-15 00:25:55,497 [WARN] ConditionMgr:1039 - genDependencies : Invalid condition id : LAN8742 Phy interface Condition cause : null
2024-11-15 00:25:55,503 [WARN] PackLoader:240 - Cannot read IP mode file for STMicroelectronics.X-CUBE-SFXS2LP1.4.0.0
2024-11-15 00:25:55,520 [WARN] PackLoader:240 - Cannot read IP mode file for STMicroelectronics.X-CUBE-AZRTOS-H7.3.3.0
2024-11-15 00:25:55,529 [WARN] PackLoader:240 - Cannot read IP mode file for STMicroelectronics.X-CUBE-IPS.3.0.0
2024-11-15 00:25:55,541 [WARN] ConditionMgr:438 - getConditionDescription Invalid condition id : UX DEVICE CLASS RTOS Condition cause : null
2024-11-15 00:25:55,541 [WARN] ConditionMgr:438 - getConditionDescription Invalid condition id : UX DEVICE CLASS RTOS Condition cause : null
2024-11-15 00:25:55,543 [WARN] PackLoader:240 - Cannot read IP mode file for STMicroelectronics.X-CUBE-AZRTOS-WB.2.0.0
2024-11-15 00:25:55,543 [WARN] ConditionMgr:1039 - genDependencies : Invalid condition id : UX DEVICE CLASS RTOS Condition cause : null
2024-11-15 00:25:55,543 [WARN] ConditionMgr:1039 - genDependencies : Invalid condition id : UX DEVICE CLASS RTOS Condition cause : null
2024-11-15 00:25:55,544 [WARN] ConditionMgr:1039 - genDependencies : Invalid condition id : UX DEVICE CLASS RTOS Condition cause : null
2024-11-15 00:25:55,544 [WARN] ConditionMgr:1039 - genDependencies : Invalid condition id : UX DEVICE CLASS RTOS Condition cause : null
2024-11-15 00:25:55,544 [WARN] ConditionMgr:1039 - genDependencies : Invalid condition id : UX DEVICE CLASS RTOS Condition cause : null
2024-11-15 00:25:55,548 [WARN] PackLoader:240 - Cannot read IP mode file for STMicroelectronics.X-CUBE-GNSS1.7.0.0
2024-11-15 00:25:55,553 [WARN] PackLoader:240 - Cannot read IP mode file for STMicroelectronics.FP-SNS-STBOX1.2.0.0
2024-11-15 00:25:55,562 [WARN] PackLoader:240 - Cannot read IP mode file for STMicroelectronics.X-CUBE-SUBG2.5.0.0
2024-11-15 00:25:55,576 [WARN] PackLoader:240 - Cannot read IP mode file for STMicroelectronics.X-CUBE-AZRTOS-G4.2.0.0
2024-11-15 00:25:55,581 [WARN] PackLoader:240 - Cannot read IP mode file for STMicroelectronics.X-CUBE-ISPU.2.0.0
2024-11-15 00:25:55,585 [WARN] PackLoader:240 - Cannot read IP mode file for STMicroelectronics.X-CUBE-ALS.1.0.2
2024-11-15 00:25:55,611 [WARN] PackLoader:240 - Cannot read IP mode file for STMicroelectronics.X-CUBE-MEMS1.10.0.0
2024-11-15 00:25:55,735 [WARN] PackLoader:240 - Cannot read IP mode file for STMicroelectronics.X-CUBE-TOUCHGFX.4.24.0
2024-11-15 00:25:55,738 [WARN] PackLoader:240 - Cannot read IP mode file for STMicroelectronics.X-CUBE-TOUCHGFX.4.24.1
2024-11-15 00:25:55,744 [WARN] PackLoader:240 - Cannot read IP mode file for portGmbH.I-Cube-SoM-uGOAL.1.1.0
2024-11-15 00:25:55,749 [WARN] PackLoader:240 - Cannot read IP mode file for STMicroelectronics.X-CUBE-ALS.1.0.1
2024-11-15 00:25:55,762 [WARN] PackLoader:240 - Cannot read IP mode file for STMicroelectronics.X-CUBE-AZRTOS-H7RS.1.0.0
2024-11-15 00:25:55,767 [WARN] PackLoader:240 - Cannot read IP mode file for STMicroelectronics.FP-ATR-ASTRA1.2.0.0
2024-11-15 00:25:55,781 [WARN] PackLoader:240 - Cannot read IP mode file for STMicroelectronics.X-CUBE-TOF1.3.4.2
2024-11-15 00:25:55,800 [WARN] PackLoader:240 - Cannot read IP mode file for STMicroelectronics.X-CUBE-TOF1.3.4.1
2024-11-15 00:25:55,823 [WARN] PackLoader:240 - Cannot read IP mode file for STMicroelectronics.X-CUBE-AZRTOS-H7.3.2.0
2024-11-15 00:25:55,836 [WARN] PackLoader:240 - Cannot read IP mode file for Infineon.AIROC-Wi-Fi-Bluetooth-STM32.1.6.0
2024-11-15 00:25:55,846 [WARN] PackLoader:240 - Cannot read IP mode file for wolfSSL.I-CUBE-wolfSSH.1.4.17
2024-11-15 00:25:55,846 [INFO] ThirdParty:978 - Integrity check success = true
2024-11-15 00:25:55,846 [INFO] IntegrityCheckThread:100 - exiting critical section [integrity check]
2024-11-15 00:25:55,846 [INFO] IntegrityCheckThread:103 - End integrity checks thread
2024-11-15 00:26:41,936 [ERROR] LogOutputStream:75 - [STDERR_REDIRECT] 
2024-11-15 01:45:23,073 [INFO] Activator:176 - 


2024-11-15 01:45:23,074 [INFO] Activator:177 - !SESSION log4j initialized
2024-11-15 01:45:32,374 [INFO] LogOutputStream:77 - [STDOUT_REDIRECT] 
2024-11-15 01:45:37,910 [INFO] ApplicationProperties:184 - Using Application install path: D:\ST\STM32CubeIDE_1.15.1\STM32CubeIDE\plugins\com.st.stm32cube.common.mx_6.11.1.202404110753
2024-11-15 01:45:37,943 [INFO] DbMcusXml:78 - Set database path to: D:\ST\STM32CubeIDE_1.15.1\STM32CubeIDE\plugins\com.st.stm32cube.common.mx_6.11.1.202404110753\\db\/mcu/
2024-11-15 01:45:37,943 [INFO] ApiDb:274 - Set plugin database path to: D:\ST\STM32CubeIDE_1.15.1\STM32CubeIDE\plugins\com.st.stm32cube.common.mx_6.11.1.202404110753\\db\/plugins/boardmanager/
2024-11-15 01:45:37,943 [WARN] ApiDb:259 - Overriding images path with different value:  => D:\ST\STM32CubeIDE_1.15.1\STM32CubeIDE\plugins\com.st.stm32cube.common.mx_6.11.1.202404110753\\db\/plugins/mcufinder/images/
2024-11-15 01:45:38,009 [INFO] ApiDb:250 - Set database path to: C:\Users\ckckc\.stmcufinder\plugins\mcufinder//mcu/
2024-11-15 01:45:38,010 [INFO] DbMcusAds:125 - Set database path to: C:\Users\ckckc\.stmcufinder\plugins\mcufinder//mcu/
2024-11-15 01:45:38,011 [INFO] CrossReferenceDbSqlite:203 - Set database path to: C:\Users\ckckc\.stmcufinder\plugins\mcufinder//mcu/cs/
2024-11-15 01:45:38,144 [INFO] RulesReader:64 - Compatibility file has been processed (297 Rules)
2024-11-15 01:45:38,269 [INFO] DbMcusXml:78 - Set database path to: D:\ST\STM32CubeIDE_1.15.1\STM32CubeIDE\plugins\com.st.stm32cube.common.mx_6.11.1.202404110753\\db\/mcu/
2024-11-15 01:45:38,269 [INFO] ApiDb:274 - Set plugin database path to: D:\ST\STM32CubeIDE_1.15.1\STM32CubeIDE\plugins\com.st.stm32cube.common.mx_6.11.1.202404110753\\db\/plugins/boardmanager/
2024-11-15 01:45:38,269 [INFO] ApiDb:261 - Set plugin images path to: D:\ST\STM32CubeIDE_1.15.1\STM32CubeIDE\plugins\com.st.stm32cube.common.mx_6.11.1.202404110753\\db\/plugins/mcufinder/images/
2024-11-15 01:45:38,269 [WARN] DbFile:41 - Overriding database path with different value: C:\Users\ckckc\.stmcufinder\plugins\mcufinder/ => C:\Users\ckckc\.stmcufinder\plugins\mcufinder
2024-11-15 01:45:38,269 [INFO] ApiDb:250 - Set database path to: C:\Users\ckckc\.stmcufinder\plugins\mcufinder//mcu/
2024-11-15 01:45:38,269 [WARN] DbFile:41 - Overriding database path with different value: C:\Users\ckckc\.stmcufinder\plugins\mcufinder/ => C:\Users\ckckc\.stmcufinder\plugins\mcufinder
2024-11-15 01:45:38,269 [INFO] DbMcusAds:125 - Set database path to: C:\Users\ckckc\.stmcufinder\plugins\mcufinder//mcu/
2024-11-15 01:45:38,270 [WARN] DbFile:41 - Overriding database path with different value: C:\Users\ckckc\.stmcufinder\plugins\mcufinder/ => C:\Users\ckckc\.stmcufinder\plugins\mcufinder
2024-11-15 01:45:38,270 [WARN] DbFile:41 - Overriding database path with different value: C:\Users\ckckc\.stmcufinder\plugins\mcufinder/ => C:\Users\ckckc\.stmcufinder\plugins\mcufinder
2024-11-15 01:45:38,270 [INFO] CrossReferenceDbSqlite:203 - Set database path to: C:\Users\ckckc\.stmcufinder\plugins\mcufinder//mcu/cs/
2024-11-15 01:45:38,389 [INFO] MainPanel:264 - HeapMemory: 268435456
2024-11-15 01:45:38,560 [INFO] DbMcusXml:78 - Set database path to: D:\ST\STM32CubeIDE_1.15.1\STM32CubeIDE\plugins\com.st.stm32cube.common.mx_6.11.1.202404110753\\db\/mcu/
2024-11-15 01:45:38,560 [INFO] ApiDb:274 - Set plugin database path to: D:\ST\STM32CubeIDE_1.15.1\STM32CubeIDE\plugins\com.st.stm32cube.common.mx_6.11.1.202404110753\\db\/plugins/boardmanager/
2024-11-15 01:45:38,560 [INFO] ApiDb:261 - Set plugin images path to: D:\ST\STM32CubeIDE_1.15.1\STM32CubeIDE\plugins\com.st.stm32cube.common.mx_6.11.1.202404110753\\db\/plugins/mcufinder/images/
2024-11-15 01:45:38,561 [WARN] DbFile:41 - Overriding database path with different value: C:\Users\ckckc\.stmcufinder\plugins\mcufinder/ => C:\Users\ckckc\.stmcufinder\plugins\mcufinder
2024-11-15 01:45:38,561 [INFO] ApiDb:250 - Set database path to: C:\Users\ckckc\.stmcufinder\plugins\mcufinder//mcu/
2024-11-15 01:45:38,561 [WARN] DbFile:41 - Overriding database path with different value: C:\Users\ckckc\.stmcufinder\plugins\mcufinder/ => C:\Users\ckckc\.stmcufinder\plugins\mcufinder
2024-11-15 01:45:38,561 [INFO] DbMcusAds:125 - Set database path to: C:\Users\ckckc\.stmcufinder\plugins\mcufinder//mcu/
2024-11-15 01:45:38,561 [WARN] DbFile:41 - Overriding database path with different value: C:\Users\ckckc\.stmcufinder\plugins\mcufinder/ => C:\Users\ckckc\.stmcufinder\plugins\mcufinder
2024-11-15 01:45:38,561 [WARN] DbFile:41 - Overriding database path with different value: C:\Users\ckckc\.stmcufinder\plugins\mcufinder/ => C:\Users\ckckc\.stmcufinder\plugins\mcufinder
2024-11-15 01:45:38,561 [INFO] CrossReferenceDbSqlite:203 - Set database path to: C:\Users\ckckc\.stmcufinder\plugins\mcufinder//mcu/cs/
2024-11-15 01:45:38,580 [INFO] ApplicationProperties:184 - Using Application install path: D:\ST\STM32CubeIDE_1.15.1\STM32CubeIDE\plugins\com.st.stm32cube.common.mx_6.11.1.202404110753
2024-11-15 01:45:38,581 [INFO] PluginManage:196 - Search for loadable plugins [exclusion list=, ]
2024-11-15 01:45:38,583 [INFO] PluginManage:310 - Check plugin analytics
2024-11-15 01:45:38,786 [INFO] AnalyticsPlugin:253 - Accepted Software Licenses: 
2024-11-15 01:45:38,786 [INFO] AnalyticsPlugin:255 - Accepted CMSIS Pack Licenses: 
2024-11-15 01:45:38,786 [INFO] AnalyticsPlugin:257 - Accepted Firmware Licenses: FW.F4.1.28.0
2024-11-15 01:45:38,788 [INFO] PluginManage:359 - Loaded plugin analytics (category:tool,tabindex:-1)
2024-11-15 01:45:38,788 [INFO] PluginManage:310 - Check plugin cadmodel
2024-11-15 01:45:38,828 [INFO] CADModel:105 - Init CAD model plugin
2024-11-15 01:45:38,828 [INFO] PluginManage:359 - Loaded plugin cadmodel (category:power,tabindex:5)
2024-11-15 01:45:38,828 [INFO] PluginManage:310 - Check plugin clock
2024-11-15 01:45:38,856 [INFO] PluginManage:359 - Loaded plugin clock (category:base,tabindex:2)
2024-11-15 01:45:38,857 [INFO] PluginManage:310 - Check plugin ddr
2024-11-15 01:45:38,862 [INFO] PluginManage:359 - Loaded plugin ddr (category:tool,tabindex:6)
2024-11-15 01:45:38,862 [INFO] PluginManage:310 - Check plugin filemanager
2024-11-15 01:45:39,021 [INFO] PluginManage:359 - Loaded plugin filemanager (category:base,tabindex:10)
2024-11-15 01:45:39,022 [INFO] PluginManage:310 - Check plugin ipmanager
2024-11-15 01:45:39,037 [INFO] PluginManage:359 - Loaded plugin ipmanager (category:base,tabindex:5)
2024-11-15 01:45:39,037 [INFO] PluginManage:310 - Check plugin lpbam
2024-11-15 01:45:39,061 [INFO] PluginManage:359 - Loaded plugin lpbam (category:base,tabindex:0)
2024-11-15 01:45:39,061 [INFO] PluginManage:310 - Check plugin memorymap
2024-11-15 01:45:39,099 [INFO] PluginManage:359 - Loaded plugin memorymap (category:base,tabindex:4)
2024-11-15 01:45:39,099 [INFO] PluginManage:310 - Check plugin pinoutandconfiguration
2024-11-15 01:45:39,118 [INFO] PluginManage:359 - Loaded plugin pinoutandconfiguration (category:base,tabindex:1)
2024-11-15 01:45:39,118 [INFO] PluginManage:310 - Check plugin pinoutconfig
2024-11-15 01:45:39,194 [WARN] SupportedApi:132 - Cannot load RTOS API schema: s4s-elt-must-match.1: The content of 'definitions' must match (annotation?, (simpleType | complexType)?, (unique | key | keyref)*)). A problem was found starting at: attribute.
2024-11-15 01:45:39,311 [INFO] PluginManage:359 - Loaded plugin pinoutconfig (category:base,tabindex:0)
2024-11-15 01:45:39,311 [INFO] PluginManage:310 - Check plugin power
2024-11-15 01:45:39,340 [INFO] PluginManage:359 - Loaded plugin power (category:power,tabindex:4)
2024-11-15 01:45:39,340 [INFO] PluginManage:310 - Check plugin projectmanager
2024-11-15 01:45:39,375 [INFO] PluginManage:359 - Loaded plugin projectmanager (category:projectmanager,tabindex:3)
2024-11-15 01:45:39,375 [INFO] PluginManage:310 - Check plugin thirdparty
2024-11-15 01:45:39,815 [INFO] PluginManage:359 - Loaded plugin thirdparty (category:base,tabindex:-1)
2024-11-15 01:45:39,815 [WARN] IntegrityCheckThread:84 - waiting for thirdparty lock release [integrity check]
2024-11-15 01:45:39,815 [INFO] IntegrityCheckThread:86 - entering critical section [integrity check]
2024-11-15 01:45:39,815 [INFO] PluginManage:310 - Check plugin tools
2024-11-15 01:45:39,816 [INFO] ThirdPartyUpdaterWithRetryManager:70 - Updater plugin not ready yet. [1/15]
2024-11-15 01:45:39,858 [INFO] PluginManage:359 - Loaded plugin tools (category:base,tabindex:7)
2024-11-15 01:45:39,858 [INFO] PluginManage:310 - Check plugin tutovideos
2024-11-15 01:45:40,540 [INFO] PluginManage:359 - Loaded plugin tutovideos (category:base,tabindex:-1)
2024-11-15 01:45:40,540 [INFO] PluginManage:310 - Check plugin updater
2024-11-15 01:45:40,625 [INFO] PluginManage:359 - Loaded plugin updater (category:base,tabindex:12)
2024-11-15 01:45:40,625 [INFO] PluginManage:310 - Check plugin userauth
2024-11-15 01:45:40,655 [INFO] UserAuth:114 - Init User Auth plugin
2024-11-15 01:45:40,655 [INFO] PluginManage:359 - Loaded plugin userauth (category:base,tabindex:14)
2024-11-15 01:45:40,655 [INFO] PluginManage:283 - PluginManage : Loaded plugins [17]
2024-11-15 01:45:41,403 [INFO] PinOutPanel:1561 - setPackage(No Configuration,No Configuration)
2024-11-15 01:45:41,595 [INFO] CADModel:165 - CPN selected for project level
2024-11-15 01:45:41,595 [INFO] CADModel:114 - Register for checkConnection events
2024-11-15 01:45:41,673 [INFO] IPUIPlugin:80 - create IPUIPlugin
2024-11-15 01:45:41,673 [INFO] PluginManager:220 - loadIPPluginJar : add adc
2024-11-15 01:45:41,698 [INFO] IPUIPlugin:80 - create IPUIPlugin
2024-11-15 01:45:41,698 [INFO] PluginManager:220 - loadIPPluginJar : add aes
2024-11-15 01:45:41,716 [INFO] IPUIPlugin:80 - create IPUIPlugin
2024-11-15 01:45:41,716 [INFO] PluginManager:220 - loadIPPluginJar : add can
2024-11-15 01:45:41,718 [INFO] IPUIPlugin:80 - create IPUIPlugin
2024-11-15 01:45:41,718 [INFO] PluginManager:220 - loadIPPluginJar : add comp
2024-11-15 01:45:41,721 [INFO] IPUIPlugin:80 - create IPUIPlugin
2024-11-15 01:45:41,721 [INFO] PluginManager:220 - loadIPPluginJar : add cryp
2024-11-15 01:45:41,722 [INFO] IPUIPlugin:80 - create IPUIPlugin
2024-11-15 01:45:41,722 [INFO] PluginManager:220 - loadIPPluginJar : add dfsdm
2024-11-15 01:45:41,757 [INFO] IPUIPlugin:80 - create IPUIPlugin
2024-11-15 01:45:41,757 [INFO] PluginManager:220 - loadIPPluginJar : add dma
2024-11-15 01:45:41,765 [INFO] IPUIPlugin:80 - create IPUIPlugin
2024-11-15 01:45:41,765 [INFO] PluginManager:220 - loadIPPluginJar : add dma3
2024-11-15 01:45:41,767 [INFO] IPUIPlugin:80 - create IPUIPlugin
2024-11-15 01:45:41,767 [INFO] PluginManager:220 - loadIPPluginJar : add extmemmanager
2024-11-15 01:45:41,783 [INFO] IPUIPlugin:80 - create IPUIPlugin
2024-11-15 01:45:41,783 [INFO] PluginManager:220 - loadIPPluginJar : add fatfs
2024-11-15 01:45:41,794 [INFO] IPUIPlugin:80 - create IPUIPlugin
2024-11-15 01:45:41,794 [INFO] PluginManager:220 - loadIPPluginJar : add fmc
2024-11-15 01:45:41,813 [INFO] IPUIPlugin:80 - create IPUIPlugin
2024-11-15 01:45:41,813 [INFO] PluginManager:220 - loadIPPluginJar : add freertos
2024-11-15 01:45:41,824 [INFO] IPUIPlugin:80 - create IPUIPlugin
2024-11-15 01:45:41,824 [INFO] PluginManager:220 - loadIPPluginJar : add genericplugin
2024-11-15 01:45:41,843 [INFO] IPUIPlugin:80 - create IPUIPlugin
2024-11-15 01:45:41,843 [INFO] PluginManager:220 - loadIPPluginJar : add gfxmmu
2024-11-15 01:45:41,872 [INFO] IPUIPlugin:80 - create IPUIPlugin
2024-11-15 01:45:41,872 [INFO] PluginManager:220 - loadIPPluginJar : add gic
2024-11-15 01:45:41,889 [INFO] IPUIPlugin:80 - create IPUIPlugin
2024-11-15 01:45:41,890 [INFO] PluginManager:220 - loadIPPluginJar : add gpio
2024-11-15 01:45:41,910 [INFO] IPUIPlugin:80 - create IPUIPlugin
2024-11-15 01:45:41,910 [INFO] PluginManager:220 - loadIPPluginJar : add gtzc
2024-11-15 01:45:41,924 [INFO] IPUIPlugin:80 - create IPUIPlugin
2024-11-15 01:45:41,924 [INFO] PluginManager:220 - loadIPPluginJar : add hash
2024-11-15 01:45:41,937 [INFO] IPUIPlugin:80 - create IPUIPlugin
2024-11-15 01:45:41,937 [INFO] PluginManager:220 - loadIPPluginJar : add i2c
2024-11-15 01:45:41,950 [INFO] IPUIPlugin:80 - create IPUIPlugin
2024-11-15 01:45:41,950 [INFO] PluginManager:220 - loadIPPluginJar : add i2s
2024-11-15 01:45:41,959 [INFO] IPUIPlugin:80 - create IPUIPlugin
2024-11-15 01:45:41,959 [INFO] PluginManager:220 - loadIPPluginJar : add i3c
2024-11-15 01:45:41,967 [INFO] IPUIPlugin:80 - create IPUIPlugin
2024-11-15 01:45:41,967 [INFO] PluginManager:220 - loadIPPluginJar : add ipddr
2024-11-15 01:45:41,998 [INFO] IPUIPlugin:80 - create IPUIPlugin
2024-11-15 01:45:41,998 [INFO] PluginManager:220 - loadIPPluginJar : add linkedlist
2024-11-15 01:45:42,000 [INFO] IPUIPlugin:80 - create IPUIPlugin
2024-11-15 01:45:42,000 [INFO] PluginManager:220 - loadIPPluginJar : add lorawan
2024-11-15 01:45:42,001 [INFO] IPUIPlugin:80 - create IPUIPlugin
2024-11-15 01:45:42,002 [INFO] PluginManager:220 - loadIPPluginJar : add ltdc
2024-11-15 01:45:42,015 [INFO] IPUIPlugin:80 - create IPUIPlugin
2024-11-15 01:45:42,015 [INFO] PluginManager:220 - loadIPPluginJar : add mdma
2024-11-15 01:45:42,046 [INFO] IPUIPlugin:80 - create IPUIPlugin
2024-11-15 01:45:42,046 [INFO] PluginManager:220 - loadIPPluginJar : add nvic
2024-11-15 01:45:42,049 [INFO] IPUIPlugin:80 - create IPUIPlugin
2024-11-15 01:45:42,049 [INFO] PluginManager:220 - loadIPPluginJar : add opamp
2024-11-15 01:45:42,058 [INFO] IPUIPlugin:80 - create IPUIPlugin
2024-11-15 01:45:42,058 [INFO] PluginManager:220 - loadIPPluginJar : add openamp
2024-11-15 01:45:42,061 [INFO] IPUIPlugin:80 - create IPUIPlugin
2024-11-15 01:45:42,061 [INFO] PluginManager:220 - loadIPPluginJar : add pdm2pcm
2024-11-15 01:45:42,065 [INFO] IPUIPlugin:80 - create IPUIPlugin
2024-11-15 01:45:42,067 [INFO] PluginManager:220 - loadIPPluginJar : add plateformsettings
2024-11-15 01:45:42,068 [INFO] IPUIPlugin:80 - create IPUIPlugin
2024-11-15 01:45:42,068 [INFO] PluginManager:220 - loadIPPluginJar : add quadspi
2024-11-15 01:45:42,077 [INFO] IPUIPlugin:80 - create IPUIPlugin
2024-11-15 01:45:42,077 [INFO] PluginManager:220 - loadIPPluginJar : add resmgrutility
2024-11-15 01:45:42,081 [INFO] IPUIPlugin:80 - create IPUIPlugin
2024-11-15 01:45:42,081 [INFO] PluginManager:220 - loadIPPluginJar : add sai
2024-11-15 01:45:42,083 [INFO] IPUIPlugin:80 - create IPUIPlugin
2024-11-15 01:45:42,083 [INFO] PluginManager:220 - loadIPPluginJar : add spi
2024-11-15 01:45:42,093 [INFO] IPUIPlugin:80 - create IPUIPlugin
2024-11-15 01:45:42,093 [INFO] PluginManager:220 - loadIPPluginJar : add stm32_wpan
2024-11-15 01:45:42,095 [INFO] IPUIPlugin:80 - create IPUIPlugin
2024-11-15 01:45:42,095 [INFO] PluginManager:220 - loadIPPluginJar : add tim
2024-11-15 01:45:42,106 [INFO] IPUIPlugin:80 - create IPUIPlugin
2024-11-15 01:45:42,106 [INFO] PluginManager:220 - loadIPPluginJar : add touchsensing
2024-11-15 01:45:42,108 [INFO] IPUIPlugin:80 - create IPUIPlugin
2024-11-15 01:45:42,108 [INFO] PluginManager:220 - loadIPPluginJar : add tracer_emb
2024-11-15 01:45:42,109 [INFO] IPUIPlugin:80 - create IPUIPlugin
2024-11-15 01:45:42,109 [INFO] PluginManager:220 - loadIPPluginJar : add ts
2024-11-15 01:45:42,111 [INFO] IPUIPlugin:80 - create IPUIPlugin
2024-11-15 01:45:42,111 [INFO] PluginManager:220 - loadIPPluginJar : add tsc
2024-11-15 01:45:42,112 [INFO] IPUIPlugin:80 - create IPUIPlugin
2024-11-15 01:45:42,112 [INFO] PluginManager:220 - loadIPPluginJar : add ucpd
2024-11-15 01:45:42,114 [INFO] IPUIPlugin:80 - create IPUIPlugin
2024-11-15 01:45:42,114 [INFO] PluginManager:220 - loadIPPluginJar : add usart
2024-11-15 01:45:42,116 [INFO] IPUIPlugin:80 - create IPUIPlugin
2024-11-15 01:45:42,116 [INFO] PluginManager:220 - loadIPPluginJar : add usbx
2024-11-15 01:45:42,238 [INFO] CADModel:165 - CPN selected for project level
2024-11-15 01:45:42,238 [INFO] CADModel:114 - Register for checkConnection events
2024-11-15 01:45:42,239 [FATAL] Updater:308 - Updater called before beeing initialized
2024-11-15 01:45:42,239 [ERROR] CADModel:125 - Updater not yet initialized, retry later 
2024-11-15 01:45:42,499 [INFO] CADModel:165 - CPN selected for project level
2024-11-15 01:45:42,499 [INFO] CADModel:114 - Register for checkConnection events
2024-11-15 01:45:42,499 [FATAL] Updater:308 - Updater called before beeing initialized
2024-11-15 01:45:42,499 [ERROR] CADModel:125 - Updater not yet initialized, retry later 
2024-11-15 01:45:42,502 [FATAL] Updater:308 - Updater called before beeing initialized
2024-11-15 01:45:42,585 [FATAL] Updater:308 - Updater called before beeing initialized
2024-11-15 01:45:42,597 [INFO] DbMcusAds:53 - JSON generation date=Fri Sep 20 22:04:23 KST 2024 (1726837463113)
2024-11-15 01:45:42,597 [FATAL] Updater:308 - Updater called before beeing initialized
2024-11-15 01:45:42,709 [WARN] DetailPanel:346 - Failed to get advertising image, set to default
2024-11-15 01:45:42,797 [FATAL] Updater:308 - Updater called before beeing initialized
2024-11-15 01:45:42,802 [FATAL] Updater:308 - Updater called before beeing initialized
2024-11-15 01:45:42,802 [FATAL] Updater:308 - Updater called before beeing initialized
2024-11-15 01:45:42,802 [WARN] DetailPanel:346 - Failed to get advertising image, set to default
2024-11-15 01:45:42,802 [FATAL] Updater:308 - Updater called before beeing initialized
2024-11-15 01:45:42,817 [INFO] ThirdPartyUpdaterWithRetryManager:70 - Updater plugin not ready yet. [2/15]
2024-11-15 01:45:42,878 [ERROR] Updater:1120 - MainUpdater not yet initialized. External WinMGr cannot be set.
2024-11-15 01:45:42,888 [INFO] Updater:1056 - Updater Version found : 6.11.1
2024-11-15 01:45:42,937 [INFO] ApplicationProperties:184 - Using Application install path: D:\ST\STM32CubeIDE_1.15.1\STM32CubeIDE\plugins\com.st.stm32cube.common.mx_6.11.1.202404110753
2024-11-15 01:45:43,393 [INFO] MainUpdater:2873 - connection check result : 10
2024-11-15 01:45:43,393 [INFO] MainUpdater:290 - Updater Check For Update Now.
2024-11-15 01:45:43,393 [INFO] MicroXplorer:498 - Change Database Version : DB.6.0.111
2024-11-15 01:45:43,431 [INFO] McuFinderGlobals:63 - Set McuFinder mode to 2 (CubeIDE integrated)
2024-11-15 01:45:43,458 [INFO] UserAuth:415 - Internet connection configuration mode: 1
2024-11-15 01:45:43,511 [INFO] JxBrowserEngine:152 - Initiate JxBrowser Engine with user profile folder
2024-11-15 01:45:43,562 [INFO] CheckServerUpdateThread:120 - End of CheckServer Thread
2024-11-15 01:45:46,254 [INFO] WebApp:161 - Instantiating new browser for Auth
2024-11-15 01:45:46,446 [WARN] PackLoader:240 - Cannot read IP mode file for STMicroelectronics.FP-SNS-MOTENVWB1.1.4.0
2024-11-15 01:45:46,470 [WARN] PackLoader:240 - Cannot read IP mode file for STMicroelectronics.FP-ATR-ASTRA1.2.0.1
2024-11-15 01:45:46,491 [WARN] PackLoader:240 - Cannot read IP mode file for STMicroelectronics.X-CUBE-SMBUS.2.1.0
2024-11-15 01:45:46,512 [WARN] PackLoader:240 - Cannot read IP mode file for STMicroelectronics.X-CUBE-WB05N.1.1.0
2024-11-15 01:45:46,523 [WARN] PackLoader:240 - Cannot read IP mode file for STMicroelectronics.X-CUBE-TOUCHGFX.4.23.2
2024-11-15 01:45:46,560 [WARN] PackLoader:240 - Cannot read IP mode file for STMicroelectronics.X-CUBE-AZRTOS-F7.1.1.0
2024-11-15 01:45:46,623 [WARN] PackLoader:240 - Cannot read IP mode file for STMicroelectronics.X-CUBE-MEMS1.11.0.0
2024-11-15 01:45:46,799 [WARN] PackLoader:240 - Cannot read IP mode file for STMicroelectronics.FP-SNS-FLIGHT1.5.0.2
2024-11-15 01:45:46,807 [WARN] PackLoader:240 - Cannot read IP mode file for STMicroelectronics.X-CUBE-DISPLAY.3.0.0
2024-11-15 01:45:46,816 [WARN] PackLoader:240 - Cannot read IP mode file for STMicroelectronics.X-CUBE-BLE1.7.0.0
2024-11-15 01:45:46,824 [WARN] PackLoader:240 - Cannot read IP mode file for STMicroelectronics.X-CUBE-NFC10.1.0.0
2024-11-15 01:45:46,833 [WARN] PackLoader:240 - Cannot read IP mode file for emotas.I-CUBE-CANOPEN.1.3.0
2024-11-15 01:45:46,843 [WARN] PackLoader:240 - Cannot read IP mode file for STMicroelectronics.X-CUBE-BLEMGR.3.1.0
2024-11-15 01:45:46,849 [WARN] PackLoader:240 - Cannot read IP mode file for STMicroelectronics.FP-SNS-SMARTAG2.1.2.0
2024-11-15 01:45:46,858 [INFO] LogOutputStream:77 - [STDOUT_REDIRECT] 1 : Invalid condition id : UX_CORESTACK_Condition cause : null
2024-11-15 01:45:46,859 [INFO] LogOutputStream:77 - [STDOUT_REDIRECT] 1 : Invalid condition id : UX_CORESTACK_Condition cause : null
2024-11-15 01:45:46,860 [INFO] LogOutputStream:77 - [STDOUT_REDIRECT] 1 : Invalid condition id : UX_CORESTACK_Condition cause : null
2024-11-15 01:45:46,862 [INFO] LogOutputStream:77 - [STDOUT_REDIRECT] 1 : Invalid condition id : UX_CORESTACK_Condition cause : null
2024-11-15 01:45:46,863 [INFO] LogOutputStream:77 - [STDOUT_REDIRECT] 1 : Invalid condition id : UX_CORESTACK_Condition cause : null
2024-11-15 01:45:46,863 [INFO] WebApp:779 - Register for checkConnection events
2024-11-15 01:45:46,863 [INFO] WebApp:414 - Apply proxy settings
2024-11-15 01:45:46,863 [INFO] WebApp:499 - Chromium requires no authentication
2024-11-15 01:45:46,865 [WARN] PackLoader:240 - Cannot read IP mode file for STMicroelectronics.X-CUBE-AZRTOS-WL.2.0.0
2024-11-15 01:45:46,870 [WARN] PackLoader:240 - Cannot read IP mode file for STMicroelectronics.FP-SNS-MOTENV1.5.0.0
2024-11-15 01:45:46,871 [INFO] WebApp:442 - Direct internet connection detected
2024-11-15 01:45:46,876 [WARN] PackLoader:240 - Cannot read IP mode file for wolfSSL.I-CUBE-wolfMQTT.1.19.0
2024-11-15 01:45:46,882 [WARN] PackLoader:240 - Cannot read IP mode file for WES.I-CUBE-Cesium.1.3.0
2024-11-15 01:45:46,886 [WARN] PackLoader:240 - Cannot read IP mode file for STMicroelectronics.X-CUBE-BLE2.3.3.0
2024-11-15 01:45:46,894 [WARN] PackLoader:240 - Cannot read IP mode file for STMicroelectronics.X-CUBE-NFC9.1.0.0
2024-11-15 01:45:46,900 [WARN] PackLoader:240 - Cannot read IP mode file for STMicroelectronics.X-CUBE-TCPP.4.1.0
2024-11-15 01:45:46,909 [WARN] PackLoader:240 - Cannot read IP mode file for STMicroelectronics.X-CUBE-ALGOBUILD.1.3.0
2024-11-15 01:45:46,922 [WARN] PackLoader:240 - Cannot read IP mode file for STMicroelectronics.X-CUBE-AZRTOS-G0.1.1.0
2024-11-15 01:45:46,930 [WARN] PackLoader:240 - Cannot read IP mode file for STMicroelectronics.X-CUBE-SAFEA1.1.2.2
2024-11-15 01:45:46,936 [WARN] PackLoader:240 - Cannot read IP mode file for STMicroelectronics.X-CUBE-NFC4.3.0.0
2024-11-15 01:45:46,941 [WARN] PackLoader:240 - Cannot read IP mode file for wolfSSL.I-CUBE-wolfMQTT.1.18.0
2024-11-15 01:45:46,959 [WARN] PackLoader:240 - Cannot read IP mode file for EmbeddedOffice.I-CUBE-FS-RTOS.1.0.1
2024-11-15 01:45:46,959 [ERROR] ConditionMgr:805 - Attr not supported : Dmpu
2024-11-15 01:45:46,959 [ERROR] ConditionMgr:805 - Attr not supported : Dmpu
2024-11-15 01:45:46,959 [ERROR] ConditionMgr:805 - Attr not supported : Dmpu
2024-11-15 01:45:46,959 [ERROR] ConditionMgr:805 - Attr not supported : Dmpu
2024-11-15 01:45:46,959 [ERROR] ConditionMgr:805 - Attr not supported : Dmpu
2024-11-15 01:45:46,959 [ERROR] ConditionMgr:805 - Attr not supported : Dmpu
2024-11-15 01:45:46,959 [ERROR] ConditionMgr:805 - Attr not supported : Dmpu
2024-11-15 01:45:46,959 [ERROR] ConditionMgr:805 - Attr not supported : Dmpu
2024-11-15 01:45:46,959 [ERROR] ConditionMgr:805 - Attr not supported : Dmpu
2024-11-15 01:45:46,959 [ERROR] ConditionMgr:805 - Attr not supported : Dmpu
2024-11-15 01:45:46,960 [ERROR] ConditionMgr:805 - Attr not supported : Dmpu
2024-11-15 01:45:46,960 [ERROR] ConditionMgr:805 - Attr not supported : Dmpu
2024-11-15 01:45:46,960 [ERROR] ConditionMgr:805 - Attr not supported : Dmpu
2024-11-15 01:45:46,960 [ERROR] ConditionMgr:805 - Attr not supported : Dmpu
2024-11-15 01:45:46,960 [ERROR] ConditionMgr:805 - Attr not supported : Dmpu
2024-11-15 01:45:46,960 [ERROR] ConditionMgr:805 - Attr not supported : Dmpu
2024-11-15 01:45:46,960 [ERROR] ConditionMgr:805 - Attr not supported : Dmpu
2024-11-15 01:45:46,960 [ERROR] ConditionMgr:805 - Attr not supported : Dmpu
2024-11-15 01:45:46,960 [ERROR] ConditionMgr:805 - Attr not supported : Dmpu
2024-11-15 01:45:46,960 [ERROR] ConditionMgr:805 - Attr not supported : Dmpu
2024-11-15 01:45:46,960 [ERROR] ConditionMgr:805 - Attr not supported : Dmpu
2024-11-15 01:45:46,960 [ERROR] ConditionMgr:805 - Attr not supported : Dmpu
2024-11-15 01:45:46,960 [ERROR] ConditionMgr:805 - Attr not supported : Dmpu
2024-11-15 01:45:46,960 [ERROR] ConditionMgr:805 - Attr not supported : Dmpu
2024-11-15 01:45:46,961 [ERROR] ConditionMgr:805 - Attr not supported : Dmpu
2024-11-15 01:45:46,961 [ERROR] ConditionMgr:805 - Attr not supported : Dmpu
2024-11-15 01:45:46,961 [ERROR] ConditionMgr:805 - Attr not supported : Dmpu
2024-11-15 01:45:46,961 [ERROR] ConditionMgr:805 - Attr not supported : Dmpu
2024-11-15 01:45:46,961 [ERROR] ConditionMgr:805 - Attr not supported : Dmpu
2024-11-15 01:45:46,961 [ERROR] ConditionMgr:805 - Attr not supported : Dmpu
2024-11-15 01:45:46,961 [ERROR] ConditionMgr:805 - Attr not supported : Dmpu
2024-11-15 01:45:46,961 [ERROR] ConditionMgr:805 - Attr not supported : Dmpu
2024-11-15 01:45:46,961 [ERROR] ConditionMgr:805 - Attr not supported : Dmpu
2024-11-15 01:45:46,961 [ERROR] ConditionMgr:805 - Attr not supported : Dmpu
2024-11-15 01:45:46,961 [ERROR] ConditionMgr:805 - Attr not supported : Dmpu
2024-11-15 01:45:46,961 [ERROR] ConditionMgr:805 - Attr not supported : Dmpu
2024-11-15 01:45:46,961 [ERROR] ConditionMgr:805 - Attr not supported : Dmpu
2024-11-15 01:45:46,962 [ERROR] ConditionMgr:805 - Attr not supported : Dmpu
2024-11-15 01:45:46,962 [ERROR] ConditionMgr:805 - Attr not supported : Dmpu
2024-11-15 01:45:46,962 [ERROR] ConditionMgr:805 - Attr not supported : Dmpu
2024-11-15 01:45:46,962 [ERROR] ConditionMgr:805 - Attr not supported : Dmpu
2024-11-15 01:45:46,962 [ERROR] ConditionMgr:805 - Attr not supported : Dmpu
2024-11-15 01:45:46,962 [ERROR] ConditionMgr:805 - Attr not supported : Dmpu
2024-11-15 01:45:46,962 [ERROR] ConditionMgr:805 - Attr not supported : Dmpu
2024-11-15 01:45:46,962 [ERROR] ConditionMgr:805 - Attr not supported : Dmpu
2024-11-15 01:45:46,962 [ERROR] ConditionMgr:805 - Attr not supported : Dmpu
2024-11-15 01:45:46,962 [ERROR] ConditionMgr:805 - Attr not supported : Dmpu
2024-11-15 01:45:46,962 [ERROR] ConditionMgr:805 - Attr not supported : Dmpu
2024-11-15 01:45:46,962 [ERROR] ConditionMgr:805 - Attr not supported : Dmpu
2024-11-15 01:45:46,962 [ERROR] ConditionMgr:805 - Attr not supported : Dmpu
2024-11-15 01:45:46,963 [ERROR] ConditionMgr:805 - Attr not supported : Dmpu
2024-11-15 01:45:46,963 [ERROR] ConditionMgr:805 - Attr not supported : Dmpu
2024-11-15 01:45:46,963 [ERROR] ConditionMgr:805 - Attr not supported : Dmpu
2024-11-15 01:45:46,963 [ERROR] ConditionMgr:805 - Attr not supported : Dmpu
2024-11-15 01:45:46,963 [ERROR] ConditionMgr:805 - Attr not supported : Dmpu
2024-11-15 01:45:46,963 [ERROR] ConditionMgr:805 - Attr not supported : Dmpu
2024-11-15 01:45:46,963 [ERROR] ConditionMgr:805 - Attr not supported : Dmpu
2024-11-15 01:45:46,963 [ERROR] ConditionMgr:805 - Attr not supported : Dmpu
2024-11-15 01:45:46,963 [ERROR] ConditionMgr:805 - Attr not supported : Dmpu
2024-11-15 01:45:46,963 [ERROR] ConditionMgr:805 - Attr not supported : Dmpu
2024-11-15 01:45:46,963 [ERROR] ConditionMgr:805 - Attr not supported : Dmpu
2024-11-15 01:45:46,963 [ERROR] ConditionMgr:805 - Attr not supported : Dmpu
2024-11-15 01:45:46,963 [ERROR] ConditionMgr:805 - Attr not supported : Dmpu
2024-11-15 01:45:46,964 [ERROR] ConditionMgr:805 - Attr not supported : Dmpu
2024-11-15 01:45:46,970 [WARN] PackLoader:240 - Cannot read IP mode file for RealThread.X-CUBE-RT-Thread_Nano.4.1.1
2024-11-15 01:45:46,975 [WARN] PackLoader:240 - Cannot read IP mode file for wolfSSL.I-CUBE-wolfSSL.5.7.0
2024-11-15 01:45:46,980 [WARN] PackLoader:240 - Cannot read IP mode file for STMicroelectronics.FP-ATR-SIGFOX1.3.2.0
2024-11-15 01:45:46,986 [WARN] ConditionMgr:438 - getConditionDescription Invalid condition id : Cortex-A Device cause : null
2024-11-15 01:45:47,031 [WARN] ConditionMgr:1039 - genDependencies : Invalid condition id : Cortex-A Device cause : null
2024-11-15 01:45:47,031 [WARN] ConditionMgr:1039 - genDependencies : Invalid condition id : Cortex-A Device cause : null
2024-11-15 01:45:47,031 [WARN] ConditionMgr:1039 - genDependencies : Invalid condition id : Cortex-A Device cause : null
2024-11-15 01:45:47,040 [WARN] PackLoader:240 - Cannot read IP mode file for STMicroelectronics.X-CUBE-EEPRMA1.5.1.0
2024-11-15 01:45:47,056 [WARN] PackLoader:240 - Cannot read IP mode file for ITTIA_DB.I-CUBE-ITTIADB.8.9.0
2024-11-15 01:45:47,089 [WARN] PackLoader:240 - Cannot read IP mode file for SEGGER.I-CUBE-embOS.1.3.1
2024-11-15 01:45:47,117 [INFO] WebApp:192 - Starting web application
2024-11-15 01:45:47,117 [INFO] WebApp:544 - Web application path used D:\ST\STM32CubeIDE_1.15.1\STM32CubeIDE\plugins\com.st.stm32cube.common.mx_6.11.1.202404110753\db\plugins\mcufinder\reactClient1\index.html
2024-11-15 01:45:47,146 [WARN] PackLoader:240 - Cannot read IP mode file for STMicroelectronics.X-CUBE-ALGOBUILD.1.4.0
2024-11-15 01:45:47,152 [WARN] PackLoader:240 - Cannot read IP mode file for STMicroelectronics.X-CUBE-AI.9.1.0
2024-11-15 01:45:47,157 [WARN] PackLoader:240 - Cannot read IP mode file for STMicroelectronics.X-CUBE-GNSS1.6.0.0
2024-11-15 01:45:47,169 [WARN] PackLoader:240 - Cannot read IP mode file for STMicroelectronics.X-CUBE-AZRTOS-F4.1.1.0
2024-11-15 01:45:47,174 [WARN] PackLoader:240 - Cannot read IP mode file for STMicroelectronics.X-CUBE-ISPU.2.1.0
2024-11-15 01:45:47,180 [WARN] PackLoader:240 - Cannot read IP mode file for STMicroelectronics.X-CUBE-FREERTOS.1.2.0
2024-11-15 01:45:47,202 [WARN] PackLoader:240 - Cannot read IP mode file for STMicroelectronics.X-CUBE-AZRTOS-L5.2.0.0
2024-11-15 01:45:47,220 [WARN] PackLoader:240 - Cannot read IP mode file for STMicroelectronics.X-CUBE-NFC6.3.1.0
2024-11-15 01:45:47,234 [WARN] PackLoader:240 - Cannot read IP mode file for STMicroelectronics.X-CUBE-DPower.1.2.0
2024-11-15 01:45:47,239 [WARN] PackLoader:240 - Cannot read IP mode file for STMicroelectronics.X-CUBE-AI.9.0.0
2024-11-15 01:45:47,248 [WARN] PackLoader:240 - Cannot read IP mode file for STMicroelectronics.X-CUBE-NFC7.1.0.1
2024-11-15 01:45:47,253 [WARN] PackLoader:240 - Cannot read IP mode file for wolfSSL.I-CUBE-wolfTPM.3.2.0
2024-11-15 01:45:47,324 [WARN] ConditionMgr:438 - getConditionDescription Invalid condition id : LAN8742 Phy interface Condition cause : null
2024-11-15 01:45:47,325 [WARN] PackLoader:240 - Cannot read IP mode file for STMicroelectronics.X-CUBE-AZRTOS-L4.2.0.0
2024-11-15 01:45:47,326 [WARN] ConditionMgr:1039 - genDependencies : Invalid condition id : LAN8742 Phy interface Condition cause : null
2024-11-15 01:45:47,326 [WARN] ConditionMgr:1039 - genDependencies : Invalid condition id : LAN8742 Phy interface Condition cause : null
2024-11-15 01:45:47,326 [WARN] ConditionMgr:1039 - genDependencies : Invalid condition id : LAN8742 Phy interface Condition cause : null
2024-11-15 01:45:47,333 [WARN] PackLoader:240 - Cannot read IP mode file for STMicroelectronics.X-CUBE-SFXS2LP1.4.0.0
2024-11-15 01:45:47,352 [WARN] PackLoader:240 - Cannot read IP mode file for STMicroelectronics.X-CUBE-AZRTOS-H7.3.3.0
2024-11-15 01:45:47,364 [WARN] PackLoader:240 - Cannot read IP mode file for STMicroelectronics.X-CUBE-IPS.3.0.0
2024-11-15 01:45:47,376 [WARN] ConditionMgr:438 - getConditionDescription Invalid condition id : UX DEVICE CLASS RTOS Condition cause : null
2024-11-15 01:45:47,377 [WARN] ConditionMgr:438 - getConditionDescription Invalid condition id : UX DEVICE CLASS RTOS Condition cause : null
2024-11-15 01:45:47,378 [WARN] PackLoader:240 - Cannot read IP mode file for STMicroelectronics.X-CUBE-AZRTOS-WB.2.0.0
2024-11-15 01:45:47,378 [WARN] ConditionMgr:1039 - genDependencies : Invalid condition id : UX DEVICE CLASS RTOS Condition cause : null
2024-11-15 01:45:47,379 [WARN] ConditionMgr:1039 - genDependencies : Invalid condition id : UX DEVICE CLASS RTOS Condition cause : null
2024-11-15 01:45:47,379 [WARN] ConditionMgr:1039 - genDependencies : Invalid condition id : UX DEVICE CLASS RTOS Condition cause : null
2024-11-15 01:45:47,379 [WARN] ConditionMgr:1039 - genDependencies : Invalid condition id : UX DEVICE CLASS RTOS Condition cause : null
2024-11-15 01:45:47,379 [WARN] ConditionMgr:1039 - genDependencies : Invalid condition id : UX DEVICE CLASS RTOS Condition cause : null
2024-11-15 01:45:47,384 [WARN] PackLoader:240 - Cannot read IP mode file for STMicroelectronics.X-CUBE-GNSS1.7.0.0
2024-11-15 01:45:47,389 [WARN] PackLoader:240 - Cannot read IP mode file for STMicroelectronics.FP-SNS-STBOX1.2.0.0
2024-11-15 01:45:47,401 [WARN] PackLoader:240 - Cannot read IP mode file for STMicroelectronics.X-CUBE-SUBG2.5.0.0
2024-11-15 01:45:47,418 [WARN] PackLoader:240 - Cannot read IP mode file for STMicroelectronics.X-CUBE-AZRTOS-G4.2.0.0
2024-11-15 01:45:47,424 [WARN] PackLoader:240 - Cannot read IP mode file for STMicroelectronics.X-CUBE-ISPU.2.0.0
2024-11-15 01:45:47,430 [WARN] PackLoader:240 - Cannot read IP mode file for STMicroelectronics.X-CUBE-ALS.1.0.2
2024-11-15 01:45:47,463 [WARN] PackLoader:240 - Cannot read IP mode file for STMicroelectronics.X-CUBE-MEMS1.10.0.0
2024-11-15 01:45:47,575 [WARN] PackLoader:240 - Cannot read IP mode file for STMicroelectronics.X-CUBE-TOUCHGFX.4.24.0
2024-11-15 01:45:47,578 [WARN] PackLoader:240 - Cannot read IP mode file for STMicroelectronics.X-CUBE-TOUCHGFX.4.24.1
2024-11-15 01:45:47,583 [WARN] PackLoader:240 - Cannot read IP mode file for portGmbH.I-Cube-SoM-uGOAL.1.1.0
2024-11-15 01:45:47,587 [WARN] PackLoader:240 - Cannot read IP mode file for STMicroelectronics.X-CUBE-ALS.1.0.1
2024-11-15 01:45:47,599 [WARN] PackLoader:240 - Cannot read IP mode file for STMicroelectronics.X-CUBE-AZRTOS-H7RS.1.0.0
2024-11-15 01:45:47,603 [WARN] PackLoader:240 - Cannot read IP mode file for STMicroelectronics.FP-ATR-ASTRA1.2.0.0
2024-11-15 01:45:47,613 [WARN] PackLoader:240 - Cannot read IP mode file for STMicroelectronics.X-CUBE-TOF1.3.4.2
2024-11-15 01:45:47,630 [WARN] PackLoader:240 - Cannot read IP mode file for STMicroelectronics.X-CUBE-TOF1.3.4.1
2024-11-15 01:45:47,657 [WARN] PackLoader:240 - Cannot read IP mode file for STMicroelectronics.X-CUBE-AZRTOS-H7.3.2.0
2024-11-15 01:45:47,669 [WARN] PackLoader:240 - Cannot read IP mode file for Infineon.AIROC-Wi-Fi-Bluetooth-STM32.1.6.0
2024-11-15 01:45:47,674 [WARN] PackLoader:240 - Cannot read IP mode file for wolfSSL.I-CUBE-wolfSSH.1.4.17
2024-11-15 01:45:47,675 [INFO] ThirdParty:978 - Integrity check success = true
2024-11-15 01:45:47,675 [INFO] IntegrityCheckThread:100 - exiting critical section [integrity check]
2024-11-15 01:45:47,675 [INFO] IntegrityCheckThread:103 - End integrity checks thread
2024-11-15 01:54:33,528 [ERROR] LogOutputStream:75 - [STDERR_REDIRECT] 
