2024-10-27 10:31:35,757 [INFO] Activator:176 - 


2024-10-27 10:31:35,771 [INFO] Activator:177 - !SESSION log4j initialized
2024-10-27 10:31:43,057 [INFO] LogOutputStream:77 - [STDOUT_REDIRECT] 
2024-10-27 10:31:48,403 [INFO] ApplicationProperties:184 - Using Application install path: D:\ST\STM32CubeIDE_1.15.1\STM32CubeIDE\plugins\com.st.stm32cube.common.mx_6.11.1.202404110753
2024-10-27 10:31:48,435 [INFO] DbMcusXml:78 - Set database path to: D:\ST\STM32CubeIDE_1.15.1\STM32CubeIDE\plugins\com.st.stm32cube.common.mx_6.11.1.202404110753\\db\/mcu/
2024-10-27 10:31:48,435 [INFO] ApiDb:274 - Set plugin database path to: D:\ST\STM32CubeIDE_1.15.1\STM32CubeIDE\plugins\com.st.stm32cube.common.mx_6.11.1.202404110753\\db\/plugins/boardmanager/
2024-10-27 10:31:48,436 [WARN] ApiDb:259 - Overriding images path with different value:  => D:\ST\STM32CubeIDE_1.15.1\STM32CubeIDE\plugins\com.st.stm32cube.common.mx_6.11.1.202404110753\\db\/plugins/mcufinder/images/
2024-10-27 10:31:48,451 [INFO] ApiDb:250 - Set database path to: C:\Users\ckckc\.stmcufinder\plugins\mcufinder//mcu/
2024-10-27 10:31:48,451 [INFO] DbMcusAds:125 - Set database path to: C:\Users\ckckc\.stmcufinder\plugins\mcufinder//mcu/
2024-10-27 10:31:48,453 [INFO] CrossReferenceDbSqlite:203 - Set database path to: C:\Users\ckckc\.stmcufinder\plugins\mcufinder//mcu/cs/
2024-10-27 10:31:48,560 [INFO] RulesReader:64 - Compatibility file has been processed (297 Rules)
2024-10-27 10:31:48,672 [INFO] DbMcusXml:78 - Set database path to: D:\ST\STM32CubeIDE_1.15.1\STM32CubeIDE\plugins\com.st.stm32cube.common.mx_6.11.1.202404110753\\db\/mcu/
2024-10-27 10:31:48,672 [INFO] ApiDb:274 - Set plugin database path to: D:\ST\STM32CubeIDE_1.15.1\STM32CubeIDE\plugins\com.st.stm32cube.common.mx_6.11.1.202404110753\\db\/plugins/boardmanager/
2024-10-27 10:31:48,672 [INFO] ApiDb:261 - Set plugin images path to: D:\ST\STM32CubeIDE_1.15.1\STM32CubeIDE\plugins\com.st.stm32cube.common.mx_6.11.1.202404110753\\db\/plugins/mcufinder/images/
2024-10-27 10:31:48,673 [WARN] DbFile:41 - Overriding database path with different value: C:\Users\ckckc\.stmcufinder\plugins\mcufinder/ => C:\Users\ckckc\.stmcufinder\plugins\mcufinder
2024-10-27 10:31:48,673 [INFO] ApiDb:250 - Set database path to: C:\Users\ckckc\.stmcufinder\plugins\mcufinder//mcu/
2024-10-27 10:31:48,673 [WARN] DbFile:41 - Overriding database path with different value: C:\Users\ckckc\.stmcufinder\plugins\mcufinder/ => C:\Users\ckckc\.stmcufinder\plugins\mcufinder
2024-10-27 10:31:48,673 [INFO] DbMcusAds:125 - Set database path to: C:\Users\ckckc\.stmcufinder\plugins\mcufinder//mcu/
2024-10-27 10:31:48,673 [WARN] DbFile:41 - Overriding database path with different value: C:\Users\ckckc\.stmcufinder\plugins\mcufinder/ => C:\Users\ckckc\.stmcufinder\plugins\mcufinder
2024-10-27 10:31:48,673 [WARN] DbFile:41 - Overriding database path with different value: C:\Users\ckckc\.stmcufinder\plugins\mcufinder/ => C:\Users\ckckc\.stmcufinder\plugins\mcufinder
2024-10-27 10:31:48,673 [INFO] CrossReferenceDbSqlite:203 - Set database path to: C:\Users\ckckc\.stmcufinder\plugins\mcufinder//mcu/cs/
2024-10-27 10:31:48,765 [INFO] MainPanel:264 - HeapMemory: 268435456
2024-10-27 10:31:48,925 [INFO] DbMcusXml:78 - Set database path to: D:\ST\STM32CubeIDE_1.15.1\STM32CubeIDE\plugins\com.st.stm32cube.common.mx_6.11.1.202404110753\\db\/mcu/
2024-10-27 10:31:48,925 [INFO] ApiDb:274 - Set plugin database path to: D:\ST\STM32CubeIDE_1.15.1\STM32CubeIDE\plugins\com.st.stm32cube.common.mx_6.11.1.202404110753\\db\/plugins/boardmanager/
2024-10-27 10:31:48,925 [INFO] ApiDb:261 - Set plugin images path to: D:\ST\STM32CubeIDE_1.15.1\STM32CubeIDE\plugins\com.st.stm32cube.common.mx_6.11.1.202404110753\\db\/plugins/mcufinder/images/
2024-10-27 10:31:48,925 [WARN] DbFile:41 - Overriding database path with different value: C:\Users\ckckc\.stmcufinder\plugins\mcufinder/ => C:\Users\ckckc\.stmcufinder\plugins\mcufinder
2024-10-27 10:31:48,925 [INFO] ApiDb:250 - Set database path to: C:\Users\ckckc\.stmcufinder\plugins\mcufinder//mcu/
2024-10-27 10:31:48,925 [WARN] DbFile:41 - Overriding database path with different value: C:\Users\ckckc\.stmcufinder\plugins\mcufinder/ => C:\Users\ckckc\.stmcufinder\plugins\mcufinder
2024-10-27 10:31:48,925 [INFO] DbMcusAds:125 - Set database path to: C:\Users\ckckc\.stmcufinder\plugins\mcufinder//mcu/
2024-10-27 10:31:48,925 [WARN] DbFile:41 - Overriding database path with different value: C:\Users\ckckc\.stmcufinder\plugins\mcufinder/ => C:\Users\ckckc\.stmcufinder\plugins\mcufinder
2024-10-27 10:31:48,925 [WARN] DbFile:41 - Overriding database path with different value: C:\Users\ckckc\.stmcufinder\plugins\mcufinder/ => C:\Users\ckckc\.stmcufinder\plugins\mcufinder
2024-10-27 10:31:48,926 [INFO] CrossReferenceDbSqlite:203 - Set database path to: C:\Users\ckckc\.stmcufinder\plugins\mcufinder//mcu/cs/
2024-10-27 10:31:48,940 [INFO] ApplicationProperties:184 - Using Application install path: D:\ST\STM32CubeIDE_1.15.1\STM32CubeIDE\plugins\com.st.stm32cube.common.mx_6.11.1.202404110753
2024-10-27 10:31:48,941 [INFO] PluginManage:196 - Search for loadable plugins [exclusion list=, ]
2024-10-27 10:31:48,942 [INFO] PluginManage:310 - Check plugin analytics
2024-10-27 10:31:49,146 [INFO] AnalyticsPlugin:253 - Accepted Software Licenses: 
2024-10-27 10:31:49,146 [INFO] AnalyticsPlugin:255 - Accepted CMSIS Pack Licenses: 
2024-10-27 10:31:49,147 [INFO] AnalyticsPlugin:257 - Accepted Firmware Licenses: FW.F4.1.28.0
2024-10-27 10:31:49,148 [INFO] PluginManage:359 - Loaded plugin analytics (category:tool,tabindex:-1)
2024-10-27 10:31:49,149 [INFO] PluginManage:310 - Check plugin cadmodel
2024-10-27 10:31:49,180 [INFO] CADModel:105 - Init CAD model plugin
2024-10-27 10:31:49,180 [INFO] PluginManage:359 - Loaded plugin cadmodel (category:power,tabindex:5)
2024-10-27 10:31:49,180 [INFO] PluginManage:310 - Check plugin clock
2024-10-27 10:31:49,199 [INFO] PluginManage:359 - Loaded plugin clock (category:base,tabindex:2)
2024-10-27 10:31:49,199 [INFO] PluginManage:310 - Check plugin ddr
2024-10-27 10:31:49,218 [INFO] PluginManage:359 - Loaded plugin ddr (category:tool,tabindex:6)
2024-10-27 10:31:49,218 [INFO] PluginManage:310 - Check plugin filemanager
2024-10-27 10:31:49,372 [INFO] PluginManage:359 - Loaded plugin filemanager (category:base,tabindex:10)
2024-10-27 10:31:49,373 [INFO] PluginManage:310 - Check plugin ipmanager
2024-10-27 10:31:49,389 [INFO] PluginManage:359 - Loaded plugin ipmanager (category:base,tabindex:5)
2024-10-27 10:31:49,389 [INFO] PluginManage:310 - Check plugin lpbam
2024-10-27 10:31:49,411 [INFO] PluginManage:359 - Loaded plugin lpbam (category:base,tabindex:0)
2024-10-27 10:31:49,411 [INFO] PluginManage:310 - Check plugin memorymap
2024-10-27 10:31:49,430 [INFO] PluginManage:359 - Loaded plugin memorymap (category:base,tabindex:4)
2024-10-27 10:31:49,431 [INFO] PluginManage:310 - Check plugin pinoutandconfiguration
2024-10-27 10:31:49,444 [INFO] PluginManage:359 - Loaded plugin pinoutandconfiguration (category:base,tabindex:1)
2024-10-27 10:31:49,445 [INFO] PluginManage:310 - Check plugin pinoutconfig
2024-10-27 10:31:49,522 [WARN] SupportedApi:132 - Cannot load RTOS API schema: s4s-elt-must-match.1: The content of 'definitions' must match (annotation?, (simpleType | complexType)?, (unique | key | keyref)*)). A problem was found starting at: attribute.
2024-10-27 10:31:49,630 [INFO] PluginManage:359 - Loaded plugin pinoutconfig (category:base,tabindex:0)
2024-10-27 10:31:49,630 [INFO] PluginManage:310 - Check plugin power
2024-10-27 10:31:49,666 [INFO] PluginManage:359 - Loaded plugin power (category:power,tabindex:4)
2024-10-27 10:31:49,666 [INFO] PluginManage:310 - Check plugin projectmanager
2024-10-27 10:31:49,687 [INFO] PluginManage:359 - Loaded plugin projectmanager (category:projectmanager,tabindex:3)
2024-10-27 10:31:49,687 [INFO] PluginManage:310 - Check plugin thirdparty
2024-10-27 10:31:49,922 [INFO] PluginManage:359 - Loaded plugin thirdparty (category:base,tabindex:-1)
2024-10-27 10:31:49,922 [INFO] PluginManage:310 - Check plugin tools
2024-10-27 10:31:49,922 [WARN] IntegrityCheckThread:84 - waiting for thirdparty lock release [integrity check]
2024-10-27 10:31:49,922 [INFO] IntegrityCheckThread:86 - entering critical section [integrity check]
2024-10-27 10:31:49,922 [INFO] ThirdPartyUpdaterWithRetryManager:70 - Updater plugin not ready yet. [1/15]
2024-10-27 10:31:49,927 [INFO] PluginManage:359 - Loaded plugin tools (category:base,tabindex:7)
2024-10-27 10:31:49,927 [INFO] PluginManage:310 - Check plugin tutovideos
2024-10-27 10:31:50,091 [INFO] PluginManage:359 - Loaded plugin tutovideos (category:base,tabindex:-1)
2024-10-27 10:31:50,091 [INFO] PluginManage:310 - Check plugin updater
2024-10-27 10:31:50,128 [INFO] PluginManage:359 - Loaded plugin updater (category:base,tabindex:12)
2024-10-27 10:31:50,128 [INFO] PluginManage:310 - Check plugin userauth
2024-10-27 10:31:50,148 [INFO] UserAuth:114 - Init User Auth plugin
2024-10-27 10:31:50,148 [INFO] PluginManage:359 - Loaded plugin userauth (category:base,tabindex:14)
2024-10-27 10:31:50,149 [INFO] PluginManage:283 - PluginManage : Loaded plugins [17]
2024-10-27 10:31:50,488 [INFO] PinOutPanel:1561 - setPackage(No Configuration,No Configuration)
2024-10-27 10:31:50,658 [INFO] CADModel:165 - CPN selected for project level
2024-10-27 10:31:50,659 [INFO] CADModel:114 - Register for checkConnection events
2024-10-27 10:31:50,707 [INFO] IPUIPlugin:80 - create IPUIPlugin
2024-10-27 10:31:50,707 [INFO] PluginManager:220 - loadIPPluginJar : add adc
2024-10-27 10:31:50,709 [INFO] IPUIPlugin:80 - create IPUIPlugin
2024-10-27 10:31:50,709 [INFO] PluginManager:220 - loadIPPluginJar : add aes
2024-10-27 10:31:50,718 [INFO] IPUIPlugin:80 - create IPUIPlugin
2024-10-27 10:31:50,718 [INFO] PluginManager:220 - loadIPPluginJar : add can
2024-10-27 10:31:50,720 [INFO] IPUIPlugin:80 - create IPUIPlugin
2024-10-27 10:31:50,720 [INFO] PluginManager:220 - loadIPPluginJar : add comp
2024-10-27 10:31:50,722 [INFO] IPUIPlugin:80 - create IPUIPlugin
2024-10-27 10:31:50,722 [INFO] PluginManager:220 - loadIPPluginJar : add cryp
2024-10-27 10:31:50,724 [INFO] IPUIPlugin:80 - create IPUIPlugin
2024-10-27 10:31:50,724 [INFO] PluginManager:220 - loadIPPluginJar : add dfsdm
2024-10-27 10:31:50,734 [INFO] IPUIPlugin:80 - create IPUIPlugin
2024-10-27 10:31:50,734 [INFO] PluginManager:220 - loadIPPluginJar : add dma
2024-10-27 10:31:50,741 [INFO] IPUIPlugin:80 - create IPUIPlugin
2024-10-27 10:31:50,741 [INFO] PluginManager:220 - loadIPPluginJar : add dma3
2024-10-27 10:31:50,743 [INFO] IPUIPlugin:80 - create IPUIPlugin
2024-10-27 10:31:50,743 [INFO] PluginManager:220 - loadIPPluginJar : add extmemmanager
2024-10-27 10:31:50,759 [INFO] IPUIPlugin:80 - create IPUIPlugin
2024-10-27 10:31:50,759 [INFO] PluginManager:220 - loadIPPluginJar : add fatfs
2024-10-27 10:31:50,762 [INFO] IPUIPlugin:80 - create IPUIPlugin
2024-10-27 10:31:50,763 [INFO] PluginManager:220 - loadIPPluginJar : add fmc
2024-10-27 10:31:50,781 [INFO] IPUIPlugin:80 - create IPUIPlugin
2024-10-27 10:31:50,782 [INFO] PluginManager:220 - loadIPPluginJar : add freertos
2024-10-27 10:31:50,783 [INFO] IPUIPlugin:80 - create IPUIPlugin
2024-10-27 10:31:50,783 [INFO] PluginManager:220 - loadIPPluginJar : add genericplugin
2024-10-27 10:31:50,794 [INFO] IPUIPlugin:80 - create IPUIPlugin
2024-10-27 10:31:50,794 [INFO] PluginManager:220 - loadIPPluginJar : add gfxmmu
2024-10-27 10:31:50,812 [INFO] IPUIPlugin:80 - create IPUIPlugin
2024-10-27 10:31:50,812 [INFO] PluginManager:220 - loadIPPluginJar : add gic
2024-10-27 10:31:50,825 [INFO] IPUIPlugin:80 - create IPUIPlugin
2024-10-27 10:31:50,825 [INFO] PluginManager:220 - loadIPPluginJar : add gpio
2024-10-27 10:31:50,839 [INFO] IPUIPlugin:80 - create IPUIPlugin
2024-10-27 10:31:50,839 [INFO] PluginManager:220 - loadIPPluginJar : add gtzc
2024-10-27 10:31:50,843 [INFO] IPUIPlugin:80 - create IPUIPlugin
2024-10-27 10:31:50,843 [INFO] PluginManager:220 - loadIPPluginJar : add hash
2024-10-27 10:31:50,856 [INFO] IPUIPlugin:80 - create IPUIPlugin
2024-10-27 10:31:50,856 [INFO] PluginManager:220 - loadIPPluginJar : add i2c
2024-10-27 10:31:50,860 [INFO] IPUIPlugin:80 - create IPUIPlugin
2024-10-27 10:31:50,860 [INFO] PluginManager:220 - loadIPPluginJar : add i2s
2024-10-27 10:31:50,868 [INFO] IPUIPlugin:80 - create IPUIPlugin
2024-10-27 10:31:50,869 [INFO] PluginManager:220 - loadIPPluginJar : add i3c
2024-10-27 10:31:50,878 [INFO] IPUIPlugin:80 - create IPUIPlugin
2024-10-27 10:31:50,878 [INFO] PluginManager:220 - loadIPPluginJar : add ipddr
2024-10-27 10:31:50,899 [INFO] IPUIPlugin:80 - create IPUIPlugin
2024-10-27 10:31:50,900 [INFO] PluginManager:220 - loadIPPluginJar : add linkedlist
2024-10-27 10:31:50,902 [INFO] IPUIPlugin:80 - create IPUIPlugin
2024-10-27 10:31:50,902 [INFO] PluginManager:220 - loadIPPluginJar : add lorawan
2024-10-27 10:31:50,903 [INFO] IPUIPlugin:80 - create IPUIPlugin
2024-10-27 10:31:50,903 [INFO] PluginManager:220 - loadIPPluginJar : add ltdc
2024-10-27 10:31:50,907 [INFO] IPUIPlugin:80 - create IPUIPlugin
2024-10-27 10:31:50,907 [INFO] PluginManager:220 - loadIPPluginJar : add mdma
2024-10-27 10:31:50,909 [INFO] IPUIPlugin:80 - create IPUIPlugin
2024-10-27 10:31:50,910 [INFO] PluginManager:220 - loadIPPluginJar : add nvic
2024-10-27 10:31:50,911 [INFO] IPUIPlugin:80 - create IPUIPlugin
2024-10-27 10:31:50,912 [INFO] PluginManager:220 - loadIPPluginJar : add opamp
2024-10-27 10:31:50,918 [INFO] IPUIPlugin:80 - create IPUIPlugin
2024-10-27 10:31:50,918 [INFO] PluginManager:220 - loadIPPluginJar : add openamp
2024-10-27 10:31:50,921 [INFO] IPUIPlugin:80 - create IPUIPlugin
2024-10-27 10:31:50,921 [INFO] PluginManager:220 - loadIPPluginJar : add pdm2pcm
2024-10-27 10:31:50,933 [INFO] IPUIPlugin:80 - create IPUIPlugin
2024-10-27 10:31:50,934 [INFO] PluginManager:220 - loadIPPluginJar : add plateformsettings
2024-10-27 10:31:50,936 [INFO] IPUIPlugin:80 - create IPUIPlugin
2024-10-27 10:31:50,936 [INFO] PluginManager:220 - loadIPPluginJar : add quadspi
2024-10-27 10:31:50,946 [INFO] IPUIPlugin:80 - create IPUIPlugin
2024-10-27 10:31:50,946 [INFO] PluginManager:220 - loadIPPluginJar : add resmgrutility
2024-10-27 10:31:50,948 [INFO] IPUIPlugin:80 - create IPUIPlugin
2024-10-27 10:31:50,948 [INFO] PluginManager:220 - loadIPPluginJar : add sai
2024-10-27 10:31:50,950 [INFO] IPUIPlugin:80 - create IPUIPlugin
2024-10-27 10:31:50,950 [INFO] PluginManager:220 - loadIPPluginJar : add spi
2024-10-27 10:31:50,963 [INFO] IPUIPlugin:80 - create IPUIPlugin
2024-10-27 10:31:50,963 [INFO] PluginManager:220 - loadIPPluginJar : add stm32_wpan
2024-10-27 10:31:50,965 [INFO] IPUIPlugin:80 - create IPUIPlugin
2024-10-27 10:31:50,965 [INFO] PluginManager:220 - loadIPPluginJar : add tim
2024-10-27 10:31:50,967 [INFO] IPUIPlugin:80 - create IPUIPlugin
2024-10-27 10:31:50,967 [INFO] PluginManager:220 - loadIPPluginJar : add touchsensing
2024-10-27 10:31:50,968 [INFO] IPUIPlugin:80 - create IPUIPlugin
2024-10-27 10:31:50,969 [INFO] PluginManager:220 - loadIPPluginJar : add tracer_emb
2024-10-27 10:31:50,970 [INFO] IPUIPlugin:80 - create IPUIPlugin
2024-10-27 10:31:50,970 [INFO] PluginManager:220 - loadIPPluginJar : add ts
2024-10-27 10:31:50,971 [INFO] IPUIPlugin:80 - create IPUIPlugin
2024-10-27 10:31:50,971 [INFO] PluginManager:220 - loadIPPluginJar : add tsc
2024-10-27 10:31:50,972 [INFO] IPUIPlugin:80 - create IPUIPlugin
2024-10-27 10:31:50,972 [INFO] PluginManager:220 - loadIPPluginJar : add ucpd
2024-10-27 10:31:50,974 [INFO] IPUIPlugin:80 - create IPUIPlugin
2024-10-27 10:31:50,974 [INFO] PluginManager:220 - loadIPPluginJar : add usart
2024-10-27 10:31:50,976 [INFO] IPUIPlugin:80 - create IPUIPlugin
2024-10-27 10:31:50,977 [INFO] PluginManager:220 - loadIPPluginJar : add usbx
2024-10-27 10:31:51,089 [INFO] CADModel:165 - CPN selected for project level
2024-10-27 10:31:51,089 [INFO] CADModel:114 - Register for checkConnection events
2024-10-27 10:31:51,089 [FATAL] Updater:308 - Updater called before beeing initialized
2024-10-27 10:31:51,089 [ERROR] CADModel:125 - Updater not yet initialized, retry later 
2024-10-27 10:31:51,300 [INFO] CADModel:165 - CPN selected for project level
2024-10-27 10:31:51,300 [INFO] CADModel:114 - Register for checkConnection events
2024-10-27 10:31:51,300 [FATAL] Updater:308 - Updater called before beeing initialized
2024-10-27 10:31:51,301 [ERROR] CADModel:125 - Updater not yet initialized, retry later 
2024-10-27 10:31:51,303 [FATAL] Updater:308 - Updater called before beeing initialized
2024-10-27 10:31:51,397 [FATAL] Updater:308 - Updater called before beeing initialized
2024-10-27 10:31:51,400 [INFO] DbMcusAds:53 - JSON generation date=Fri Sep 20 22:04:23 KST 2024 (1726837463113)
2024-10-27 10:31:51,400 [FATAL] Updater:308 - Updater called before beeing initialized
2024-10-27 10:31:51,482 [WARN] DetailPanel:346 - Failed to get advertising image, set to default
2024-10-27 10:31:51,577 [FATAL] Updater:308 - Updater called before beeing initialized
2024-10-27 10:31:51,587 [FATAL] Updater:308 - Updater called before beeing initialized
2024-10-27 10:31:51,587 [FATAL] Updater:308 - Updater called before beeing initialized
2024-10-27 10:31:51,587 [WARN] DetailPanel:346 - Failed to get advertising image, set to default
2024-10-27 10:31:51,587 [FATAL] Updater:308 - Updater called before beeing initialized
2024-10-27 10:31:51,668 [ERROR] Updater:1120 - MainUpdater not yet initialized. External WinMGr cannot be set.
2024-10-27 10:31:51,680 [INFO] Updater:1056 - Updater Version found : 6.11.1
2024-10-27 10:31:51,705 [INFO] ApplicationProperties:184 - Using Application install path: D:\ST\STM32CubeIDE_1.15.1\STM32CubeIDE\plugins\com.st.stm32cube.common.mx_6.11.1.202404110753
2024-10-27 10:31:52,026 [INFO] MainUpdater:2873 - connection check result : 10
2024-10-27 10:31:52,026 [INFO] MainUpdater:290 - Updater Check For Update Now.
2024-10-27 10:31:52,027 [INFO] MicroXplorer:498 - Change Database Version : DB.6.0.111
2024-10-27 10:31:52,041 [INFO] McuFinderGlobals:63 - Set McuFinder mode to 2 (CubeIDE integrated)
2024-10-27 10:31:52,067 [INFO] UserAuth:415 - Internet connection configuration mode: 1
2024-10-27 10:31:52,111 [INFO] JxBrowserEngine:152 - Initiate JxBrowser Engine with user profile folder
2024-10-27 10:31:52,213 [INFO] CheckServerUpdateThread:120 - End of CheckServer Thread
2024-10-27 10:31:53,567 [WARN] PackLoader:240 - Cannot read IP mode file for STMicroelectronics.FP-SNS-MOTENVWB1.1.4.0
2024-10-27 10:31:53,585 [WARN] PackLoader:240 - Cannot read IP mode file for STMicroelectronics.X-CUBE-SMBUS.2.1.0
2024-10-27 10:31:53,607 [WARN] PackLoader:240 - Cannot read IP mode file for STMicroelectronics.X-CUBE-WB05N.1.1.0
2024-10-27 10:31:53,614 [WARN] PackLoader:240 - Cannot read IP mode file for STMicroelectronics.X-CUBE-TOUCHGFX.4.23.2
2024-10-27 10:31:53,624 [INFO] WebApp:161 - Instantiating new browser for Auth
2024-10-27 10:31:53,649 [WARN] PackLoader:240 - Cannot read IP mode file for STMicroelectronics.X-CUBE-AZRTOS-F7.1.1.0
2024-10-27 10:31:53,715 [WARN] PackLoader:240 - Cannot read IP mode file for STMicroelectronics.X-CUBE-MEMS1.11.0.0
2024-10-27 10:31:53,859 [WARN] PackLoader:240 - Cannot read IP mode file for STMicroelectronics.FP-SNS-FLIGHT1.5.0.2
2024-10-27 10:31:53,869 [WARN] PackLoader:240 - Cannot read IP mode file for STMicroelectronics.X-CUBE-DISPLAY.3.0.0
2024-10-27 10:31:53,878 [WARN] PackLoader:240 - Cannot read IP mode file for STMicroelectronics.X-CUBE-BLE1.7.0.0
2024-10-27 10:31:53,887 [WARN] PackLoader:240 - Cannot read IP mode file for STMicroelectronics.X-CUBE-NFC10.1.0.0
2024-10-27 10:31:53,896 [WARN] PackLoader:240 - Cannot read IP mode file for emotas.I-CUBE-CANOPEN.1.3.0
2024-10-27 10:31:53,906 [WARN] PackLoader:240 - Cannot read IP mode file for STMicroelectronics.X-CUBE-BLEMGR.3.1.0
2024-10-27 10:31:53,913 [WARN] PackLoader:240 - Cannot read IP mode file for STMicroelectronics.FP-SNS-SMARTAG2.1.2.0
2024-10-27 10:31:53,923 [INFO] LogOutputStream:77 - [STDOUT_REDIRECT] 1 : Invalid condition id : UX_CORESTACK_Condition cause : null
2024-10-27 10:31:53,923 [INFO] LogOutputStream:77 - [STDOUT_REDIRECT] 1 : Invalid condition id : UX_CORESTACK_Condition cause : null
2024-10-27 10:31:53,924 [INFO] LogOutputStream:77 - [STDOUT_REDIRECT] 1 : Invalid condition id : UX_CORESTACK_Condition cause : null
2024-10-27 10:31:53,925 [INFO] LogOutputStream:77 - [STDOUT_REDIRECT] 1 : Invalid condition id : UX_CORESTACK_Condition cause : null
2024-10-27 10:31:53,926 [INFO] LogOutputStream:77 - [STDOUT_REDIRECT] 1 : Invalid condition id : UX_CORESTACK_Condition cause : null
2024-10-27 10:31:53,928 [WARN] PackLoader:240 - Cannot read IP mode file for STMicroelectronics.X-CUBE-AZRTOS-WL.2.0.0
2024-10-27 10:31:53,934 [WARN] PackLoader:240 - Cannot read IP mode file for STMicroelectronics.FP-SNS-MOTENV1.5.0.0
2024-10-27 10:31:53,940 [WARN] PackLoader:240 - Cannot read IP mode file for wolfSSL.I-CUBE-wolfMQTT.1.19.0
2024-10-27 10:31:53,956 [WARN] PackLoader:240 - Cannot read IP mode file for WES.I-CUBE-Cesium.1.3.0
2024-10-27 10:31:53,965 [WARN] PackLoader:240 - Cannot read IP mode file for STMicroelectronics.X-CUBE-BLE2.3.3.0
2024-10-27 10:31:53,973 [WARN] PackLoader:240 - Cannot read IP mode file for STMicroelectronics.X-CUBE-NFC9.1.0.0
2024-10-27 10:31:53,985 [WARN] PackLoader:240 - Cannot read IP mode file for STMicroelectronics.X-CUBE-TCPP.4.1.0
2024-10-27 10:31:53,997 [WARN] PackLoader:240 - Cannot read IP mode file for STMicroelectronics.X-CUBE-ALGOBUILD.1.3.0
2024-10-27 10:31:54,027 [WARN] PackLoader:240 - Cannot read IP mode file for STMicroelectronics.X-CUBE-AZRTOS-G0.1.1.0
2024-10-27 10:31:54,037 [WARN] PackLoader:240 - Cannot read IP mode file for STMicroelectronics.X-CUBE-SAFEA1.1.2.2
2024-10-27 10:31:54,044 [WARN] PackLoader:240 - Cannot read IP mode file for STMicroelectronics.X-CUBE-NFC4.3.0.0
2024-10-27 10:31:54,049 [WARN] PackLoader:240 - Cannot read IP mode file for wolfSSL.I-CUBE-wolfMQTT.1.18.0
2024-10-27 10:31:54,058 [WARN] PackLoader:240 - Cannot read IP mode file for EmbeddedOffice.I-CUBE-FS-RTOS.1.0.1
2024-10-27 10:31:54,058 [ERROR] ConditionMgr:805 - Attr not supported : Dmpu
2024-10-27 10:31:54,058 [ERROR] ConditionMgr:805 - Attr not supported : Dmpu
2024-10-27 10:31:54,058 [ERROR] ConditionMgr:805 - Attr not supported : Dmpu
2024-10-27 10:31:54,059 [ERROR] ConditionMgr:805 - Attr not supported : Dmpu
2024-10-27 10:31:54,059 [ERROR] ConditionMgr:805 - Attr not supported : Dmpu
2024-10-27 10:31:54,059 [ERROR] ConditionMgr:805 - Attr not supported : Dmpu
2024-10-27 10:31:54,059 [ERROR] ConditionMgr:805 - Attr not supported : Dmpu
2024-10-27 10:31:54,059 [ERROR] ConditionMgr:805 - Attr not supported : Dmpu
2024-10-27 10:31:54,059 [ERROR] ConditionMgr:805 - Attr not supported : Dmpu
2024-10-27 10:31:54,059 [ERROR] ConditionMgr:805 - Attr not supported : Dmpu
2024-10-27 10:31:54,059 [ERROR] ConditionMgr:805 - Attr not supported : Dmpu
2024-10-27 10:31:54,059 [ERROR] ConditionMgr:805 - Attr not supported : Dmpu
2024-10-27 10:31:54,059 [ERROR] ConditionMgr:805 - Attr not supported : Dmpu
2024-10-27 10:31:54,059 [ERROR] ConditionMgr:805 - Attr not supported : Dmpu
2024-10-27 10:31:54,059 [ERROR] ConditionMgr:805 - Attr not supported : Dmpu
2024-10-27 10:31:54,059 [ERROR] ConditionMgr:805 - Attr not supported : Dmpu
2024-10-27 10:31:54,059 [ERROR] ConditionMgr:805 - Attr not supported : Dmpu
2024-10-27 10:31:54,060 [ERROR] ConditionMgr:805 - Attr not supported : Dmpu
2024-10-27 10:31:54,060 [ERROR] ConditionMgr:805 - Attr not supported : Dmpu
2024-10-27 10:31:54,060 [ERROR] ConditionMgr:805 - Attr not supported : Dmpu
2024-10-27 10:31:54,060 [ERROR] ConditionMgr:805 - Attr not supported : Dmpu
2024-10-27 10:31:54,060 [ERROR] ConditionMgr:805 - Attr not supported : Dmpu
2024-10-27 10:31:54,060 [ERROR] ConditionMgr:805 - Attr not supported : Dmpu
2024-10-27 10:31:54,060 [ERROR] ConditionMgr:805 - Attr not supported : Dmpu
2024-10-27 10:31:54,060 [ERROR] ConditionMgr:805 - Attr not supported : Dmpu
2024-10-27 10:31:54,060 [ERROR] ConditionMgr:805 - Attr not supported : Dmpu
2024-10-27 10:31:54,060 [ERROR] ConditionMgr:805 - Attr not supported : Dmpu
2024-10-27 10:31:54,060 [ERROR] ConditionMgr:805 - Attr not supported : Dmpu
2024-10-27 10:31:54,060 [ERROR] ConditionMgr:805 - Attr not supported : Dmpu
2024-10-27 10:31:54,060 [ERROR] ConditionMgr:805 - Attr not supported : Dmpu
2024-10-27 10:31:54,060 [ERROR] ConditionMgr:805 - Attr not supported : Dmpu
2024-10-27 10:31:54,061 [ERROR] ConditionMgr:805 - Attr not supported : Dmpu
2024-10-27 10:31:54,061 [ERROR] ConditionMgr:805 - Attr not supported : Dmpu
2024-10-27 10:31:54,061 [ERROR] ConditionMgr:805 - Attr not supported : Dmpu
2024-10-27 10:31:54,061 [ERROR] ConditionMgr:805 - Attr not supported : Dmpu
2024-10-27 10:31:54,061 [ERROR] ConditionMgr:805 - Attr not supported : Dmpu
2024-10-27 10:31:54,061 [ERROR] ConditionMgr:805 - Attr not supported : Dmpu
2024-10-27 10:31:54,061 [ERROR] ConditionMgr:805 - Attr not supported : Dmpu
2024-10-27 10:31:54,061 [ERROR] ConditionMgr:805 - Attr not supported : Dmpu
2024-10-27 10:31:54,061 [ERROR] ConditionMgr:805 - Attr not supported : Dmpu
2024-10-27 10:31:54,061 [ERROR] ConditionMgr:805 - Attr not supported : Dmpu
2024-10-27 10:31:54,061 [ERROR] ConditionMgr:805 - Attr not supported : Dmpu
2024-10-27 10:31:54,061 [ERROR] ConditionMgr:805 - Attr not supported : Dmpu
2024-10-27 10:31:54,061 [ERROR] ConditionMgr:805 - Attr not supported : Dmpu
2024-10-27 10:31:54,061 [ERROR] ConditionMgr:805 - Attr not supported : Dmpu
2024-10-27 10:31:54,061 [ERROR] ConditionMgr:805 - Attr not supported : Dmpu
2024-10-27 10:31:54,061 [ERROR] ConditionMgr:805 - Attr not supported : Dmpu
2024-10-27 10:31:54,062 [ERROR] ConditionMgr:805 - Attr not supported : Dmpu
2024-10-27 10:31:54,062 [ERROR] ConditionMgr:805 - Attr not supported : Dmpu
2024-10-27 10:31:54,062 [ERROR] ConditionMgr:805 - Attr not supported : Dmpu
2024-10-27 10:31:54,062 [ERROR] ConditionMgr:805 - Attr not supported : Dmpu
2024-10-27 10:31:54,062 [ERROR] ConditionMgr:805 - Attr not supported : Dmpu
2024-10-27 10:31:54,062 [ERROR] ConditionMgr:805 - Attr not supported : Dmpu
2024-10-27 10:31:54,062 [ERROR] ConditionMgr:805 - Attr not supported : Dmpu
2024-10-27 10:31:54,062 [ERROR] ConditionMgr:805 - Attr not supported : Dmpu
2024-10-27 10:31:54,062 [ERROR] ConditionMgr:805 - Attr not supported : Dmpu
2024-10-27 10:31:54,062 [ERROR] ConditionMgr:805 - Attr not supported : Dmpu
2024-10-27 10:31:54,062 [ERROR] ConditionMgr:805 - Attr not supported : Dmpu
2024-10-27 10:31:54,062 [ERROR] ConditionMgr:805 - Attr not supported : Dmpu
2024-10-27 10:31:54,062 [ERROR] ConditionMgr:805 - Attr not supported : Dmpu
2024-10-27 10:31:54,062 [ERROR] ConditionMgr:805 - Attr not supported : Dmpu
2024-10-27 10:31:54,062 [ERROR] ConditionMgr:805 - Attr not supported : Dmpu
2024-10-27 10:31:54,062 [ERROR] ConditionMgr:805 - Attr not supported : Dmpu
2024-10-27 10:31:54,062 [ERROR] ConditionMgr:805 - Attr not supported : Dmpu
2024-10-27 10:31:54,066 [WARN] PackLoader:240 - Cannot read IP mode file for RealThread.X-CUBE-RT-Thread_Nano.4.1.1
2024-10-27 10:31:54,070 [WARN] PackLoader:240 - Cannot read IP mode file for wolfSSL.I-CUBE-wolfSSL.5.7.0
2024-10-27 10:31:54,073 [WARN] PackLoader:240 - Cannot read IP mode file for STMicroelectronics.FP-ATR-SIGFOX1.3.2.0
2024-10-27 10:31:54,078 [WARN] PackLoader:240 - Cannot read IP mode file for STMicroelectronics.X-CUBE-EEPRMA1.5.1.0
2024-10-27 10:31:54,083 [WARN] PackLoader:240 - Cannot read IP mode file for ITTIA_DB.I-CUBE-ITTIADB.8.9.0
2024-10-27 10:31:54,104 [WARN] PackLoader:240 - Cannot read IP mode file for SEGGER.I-CUBE-embOS.1.3.1
2024-10-27 10:31:54,133 [WARN] PackLoader:240 - Cannot read IP mode file for STMicroelectronics.X-CUBE-ALGOBUILD.1.4.0
2024-10-27 10:31:54,136 [WARN] PackLoader:240 - Cannot read IP mode file for STMicroelectronics.X-CUBE-AI.9.1.0
2024-10-27 10:31:54,144 [WARN] PackLoader:240 - Cannot read IP mode file for STMicroelectronics.X-CUBE-GNSS1.6.0.0
2024-10-27 10:31:54,161 [WARN] PackLoader:240 - Cannot read IP mode file for STMicroelectronics.X-CUBE-AZRTOS-F4.1.1.0
2024-10-27 10:31:54,167 [WARN] PackLoader:240 - Cannot read IP mode file for STMicroelectronics.X-CUBE-ISPU.2.1.0
2024-10-27 10:31:54,172 [WARN] PackLoader:240 - Cannot read IP mode file for STMicroelectronics.X-CUBE-FREERTOS.1.2.0
2024-10-27 10:31:54,179 [INFO] WebApp:779 - Register for checkConnection events
2024-10-27 10:31:54,179 [INFO] WebApp:414 - Apply proxy settings
2024-10-27 10:31:54,179 [INFO] WebApp:499 - Chromium requires no authentication
2024-10-27 10:31:54,185 [WARN] PackLoader:240 - Cannot read IP mode file for STMicroelectronics.X-CUBE-AZRTOS-L5.2.0.0
2024-10-27 10:31:54,186 [INFO] WebApp:442 - Direct internet connection detected
2024-10-27 10:31:54,193 [WARN] PackLoader:240 - Cannot read IP mode file for STMicroelectronics.X-CUBE-NFC6.3.1.0
2024-10-27 10:31:54,199 [WARN] PackLoader:240 - Cannot read IP mode file for STMicroelectronics.X-CUBE-DPower.1.2.0
2024-10-27 10:31:54,202 [WARN] PackLoader:240 - Cannot read IP mode file for STMicroelectronics.X-CUBE-AI.9.0.0
2024-10-27 10:31:54,207 [WARN] PackLoader:240 - Cannot read IP mode file for STMicroelectronics.X-CUBE-NFC7.1.0.1
2024-10-27 10:31:54,211 [WARN] PackLoader:240 - Cannot read IP mode file for wolfSSL.I-CUBE-wolfTPM.3.2.0
2024-10-27 10:31:54,225 [WARN] ConditionMgr:438 - getConditionDescription Invalid condition id : LAN8742 Phy interface Condition cause : null
2024-10-27 10:31:54,226 [WARN] PackLoader:240 - Cannot read IP mode file for STMicroelectronics.X-CUBE-AZRTOS-L4.2.0.0
2024-10-27 10:31:54,227 [WARN] ConditionMgr:1039 - genDependencies : Invalid condition id : LAN8742 Phy interface Condition cause : null
2024-10-27 10:31:54,227 [WARN] ConditionMgr:1039 - genDependencies : Invalid condition id : LAN8742 Phy interface Condition cause : null
2024-10-27 10:31:54,228 [WARN] ConditionMgr:1039 - genDependencies : Invalid condition id : LAN8742 Phy interface Condition cause : null
2024-10-27 10:31:54,234 [WARN] PackLoader:240 - Cannot read IP mode file for STMicroelectronics.X-CUBE-SFXS2LP1.4.0.0
2024-10-27 10:31:54,251 [WARN] PackLoader:240 - Cannot read IP mode file for STMicroelectronics.X-CUBE-AZRTOS-H7.3.3.0
2024-10-27 10:31:54,263 [WARN] PackLoader:240 - Cannot read IP mode file for STMicroelectronics.X-CUBE-IPS.3.0.0
2024-10-27 10:31:54,276 [WARN] ConditionMgr:438 - getConditionDescription Invalid condition id : UX DEVICE CLASS RTOS Condition cause : null
2024-10-27 10:31:54,276 [WARN] ConditionMgr:438 - getConditionDescription Invalid condition id : UX DEVICE CLASS RTOS Condition cause : null
2024-10-27 10:31:54,278 [WARN] PackLoader:240 - Cannot read IP mode file for STMicroelectronics.X-CUBE-AZRTOS-WB.2.0.0
2024-10-27 10:31:54,278 [WARN] ConditionMgr:1039 - genDependencies : Invalid condition id : UX DEVICE CLASS RTOS Condition cause : null
2024-10-27 10:31:54,278 [WARN] ConditionMgr:1039 - genDependencies : Invalid condition id : UX DEVICE CLASS RTOS Condition cause : null
2024-10-27 10:31:54,279 [WARN] ConditionMgr:1039 - genDependencies : Invalid condition id : UX DEVICE CLASS RTOS Condition cause : null
2024-10-27 10:31:54,279 [WARN] ConditionMgr:1039 - genDependencies : Invalid condition id : UX DEVICE CLASS RTOS Condition cause : null
2024-10-27 10:31:54,279 [WARN] ConditionMgr:1039 - genDependencies : Invalid condition id : UX DEVICE CLASS RTOS Condition cause : null
2024-10-27 10:31:54,298 [WARN] PackLoader:240 - Cannot read IP mode file for STMicroelectronics.X-CUBE-GNSS1.7.0.0
2024-10-27 10:31:54,308 [WARN] PackLoader:240 - Cannot read IP mode file for STMicroelectronics.FP-SNS-STBOX1.2.0.0
2024-10-27 10:31:54,321 [WARN] PackLoader:240 - Cannot read IP mode file for STMicroelectronics.X-CUBE-SUBG2.5.0.0
2024-10-27 10:31:54,340 [WARN] PackLoader:240 - Cannot read IP mode file for STMicroelectronics.X-CUBE-AZRTOS-G4.2.0.0
2024-10-27 10:31:54,346 [WARN] PackLoader:240 - Cannot read IP mode file for STMicroelectronics.X-CUBE-ISPU.2.0.0
2024-10-27 10:31:54,353 [WARN] PackLoader:240 - Cannot read IP mode file for STMicroelectronics.X-CUBE-ALS.1.0.2
2024-10-27 10:31:54,368 [INFO] WebApp:192 - Starting web application
2024-10-27 10:31:54,369 [INFO] WebApp:544 - Web application path used D:\ST\STM32CubeIDE_1.15.1\STM32CubeIDE\plugins\com.st.stm32cube.common.mx_6.11.1.202404110753\db\plugins\mcufinder\reactClient1\index.html
2024-10-27 10:31:54,384 [WARN] PackLoader:240 - Cannot read IP mode file for STMicroelectronics.X-CUBE-MEMS1.10.0.0
2024-10-27 10:31:54,483 [WARN] PackLoader:240 - Cannot read IP mode file for STMicroelectronics.X-CUBE-TOUCHGFX.4.24.0
2024-10-27 10:31:54,486 [WARN] PackLoader:240 - Cannot read IP mode file for STMicroelectronics.X-CUBE-TOUCHGFX.4.24.1
2024-10-27 10:31:54,492 [WARN] PackLoader:240 - Cannot read IP mode file for portGmbH.I-Cube-SoM-uGOAL.1.1.0
2024-10-27 10:31:54,495 [WARN] PackLoader:240 - Cannot read IP mode file for STMicroelectronics.X-CUBE-ALS.1.0.1
2024-10-27 10:31:54,508 [WARN] PackLoader:240 - Cannot read IP mode file for STMicroelectronics.X-CUBE-AZRTOS-H7RS.1.0.0
2024-10-27 10:31:54,513 [WARN] PackLoader:240 - Cannot read IP mode file for STMicroelectronics.FP-ATR-ASTRA1.2.0.0
2024-10-27 10:31:54,521 [WARN] PackLoader:240 - Cannot read IP mode file for STMicroelectronics.X-CUBE-TOF1.3.4.2
2024-10-27 10:31:54,539 [WARN] PackLoader:240 - Cannot read IP mode file for STMicroelectronics.X-CUBE-TOF1.3.4.1
2024-10-27 10:31:54,563 [WARN] PackLoader:240 - Cannot read IP mode file for STMicroelectronics.X-CUBE-AZRTOS-H7.3.2.0
2024-10-27 10:31:54,579 [WARN] PackLoader:240 - Cannot read IP mode file for Infineon.AIROC-Wi-Fi-Bluetooth-STM32.1.6.0
2024-10-27 10:31:54,584 [WARN] PackLoader:240 - Cannot read IP mode file for wolfSSL.I-CUBE-wolfSSH.1.4.17
2024-10-27 10:31:54,584 [INFO] ThirdParty:978 - Integrity check success = true
2024-10-27 10:31:54,584 [INFO] IntegrityCheckThread:100 - exiting critical section [integrity check]
2024-10-27 10:31:54,585 [INFO] IntegrityCheckThread:103 - End integrity checks thread
2024-10-27 10:54:22,745 [ERROR] LogOutputStream:75 - [STDERR_REDIRECT] 
