2024-12-06 11:44:55,934 [INFO] Activator:176 - 


2024-12-06 11:44:55,940 [INFO] Activator:177 - !SESSION log4j initialized
2024-12-06 11:45:14,981 [INFO] LogOutputStream:77 - [STDOUT_REDIRECT] 
2024-12-06 11:45:24,790 [INFO] ApplicationProperties:184 - Using Application install path: D:\ST\STM32CubeIDE_1.15.1\STM32CubeIDE\plugins\com.st.stm32cube.common.mx_6.11.1.202404110753
2024-12-06 11:45:25,066 [INFO] DbMcusXml:78 - Set database path to: D:\ST\STM32CubeIDE_1.15.1\STM32CubeIDE\plugins\com.st.stm32cube.common.mx_6.11.1.202404110753\\db\/mcu/
2024-12-06 11:45:25,066 [INFO] ApiDb:274 - Set plugin database path to: D:\ST\STM32CubeIDE_1.15.1\STM32CubeIDE\plugins\com.st.stm32cube.common.mx_6.11.1.202404110753\\db\/plugins/boardmanager/
2024-12-06 11:45:25,067 [WARN] ApiDb:259 - Overriding images path with different value:  => D:\ST\STM32CubeIDE_1.15.1\STM32CubeIDE\plugins\com.st.stm32cube.common.mx_6.11.1.202404110753\\db\/plugins/mcufinder/images/
2024-12-06 11:45:25,281 [INFO] ApiDb:250 - Set database path to: C:\Users\ckckc\.stmcufinder\plugins\mcufinder//mcu/
2024-12-06 11:45:25,282 [INFO] DbMcusAds:125 - Set database path to: C:\Users\ckckc\.stmcufinder\plugins\mcufinder//mcu/
2024-12-06 11:45:25,283 [INFO] CrossReferenceDbSqlite:203 - Set database path to: C:\Users\ckckc\.stmcufinder\plugins\mcufinder//mcu/cs/
2024-12-06 11:45:25,866 [INFO] RulesReader:64 - Compatibility file has been processed (297 Rules)
2024-12-06 11:45:26,783 [INFO] DbMcusXml:78 - Set database path to: D:\ST\STM32CubeIDE_1.15.1\STM32CubeIDE\plugins\com.st.stm32cube.common.mx_6.11.1.202404110753\\db\/mcu/
2024-12-06 11:45:26,783 [INFO] ApiDb:274 - Set plugin database path to: D:\ST\STM32CubeIDE_1.15.1\STM32CubeIDE\plugins\com.st.stm32cube.common.mx_6.11.1.202404110753\\db\/plugins/boardmanager/
2024-12-06 11:45:26,783 [INFO] ApiDb:261 - Set plugin images path to: D:\ST\STM32CubeIDE_1.15.1\STM32CubeIDE\plugins\com.st.stm32cube.common.mx_6.11.1.202404110753\\db\/plugins/mcufinder/images/
2024-12-06 11:45:26,783 [WARN] DbFile:41 - Overriding database path with different value: C:\Users\ckckc\.stmcufinder\plugins\mcufinder/ => C:\Users\ckckc\.stmcufinder\plugins\mcufinder
2024-12-06 11:45:26,783 [INFO] ApiDb:250 - Set database path to: C:\Users\ckckc\.stmcufinder\plugins\mcufinder//mcu/
2024-12-06 11:45:26,783 [WARN] DbFile:41 - Overriding database path with different value: C:\Users\ckckc\.stmcufinder\plugins\mcufinder/ => C:\Users\ckckc\.stmcufinder\plugins\mcufinder
2024-12-06 11:45:26,783 [INFO] DbMcusAds:125 - Set database path to: C:\Users\ckckc\.stmcufinder\plugins\mcufinder//mcu/
2024-12-06 11:45:26,783 [WARN] DbFile:41 - Overriding database path with different value: C:\Users\ckckc\.stmcufinder\plugins\mcufinder/ => C:\Users\ckckc\.stmcufinder\plugins\mcufinder
2024-12-06 11:45:26,783 [WARN] DbFile:41 - Overriding database path with different value: C:\Users\ckckc\.stmcufinder\plugins\mcufinder/ => C:\Users\ckckc\.stmcufinder\plugins\mcufinder
2024-12-06 11:45:26,787 [INFO] CrossReferenceDbSqlite:203 - Set database path to: C:\Users\ckckc\.stmcufinder\plugins\mcufinder//mcu/cs/
2024-12-06 11:45:27,988 [INFO] MainPanel:264 - HeapMemory: 268435456
2024-12-06 11:45:30,138 [INFO] DbMcusXml:78 - Set database path to: D:\ST\STM32CubeIDE_1.15.1\STM32CubeIDE\plugins\com.st.stm32cube.common.mx_6.11.1.202404110753\\db\/mcu/
2024-12-06 11:45:30,138 [INFO] ApiDb:274 - Set plugin database path to: D:\ST\STM32CubeIDE_1.15.1\STM32CubeIDE\plugins\com.st.stm32cube.common.mx_6.11.1.202404110753\\db\/plugins/boardmanager/
2024-12-06 11:45:30,139 [INFO] ApiDb:261 - Set plugin images path to: D:\ST\STM32CubeIDE_1.15.1\STM32CubeIDE\plugins\com.st.stm32cube.common.mx_6.11.1.202404110753\\db\/plugins/mcufinder/images/
2024-12-06 11:45:30,139 [WARN] DbFile:41 - Overriding database path with different value: C:\Users\ckckc\.stmcufinder\plugins\mcufinder/ => C:\Users\ckckc\.stmcufinder\plugins\mcufinder
2024-12-06 11:45:30,139 [INFO] ApiDb:250 - Set database path to: C:\Users\ckckc\.stmcufinder\plugins\mcufinder//mcu/
2024-12-06 11:45:30,139 [WARN] DbFile:41 - Overriding database path with different value: C:\Users\ckckc\.stmcufinder\plugins\mcufinder/ => C:\Users\ckckc\.stmcufinder\plugins\mcufinder
2024-12-06 11:45:30,139 [INFO] DbMcusAds:125 - Set database path to: C:\Users\ckckc\.stmcufinder\plugins\mcufinder//mcu/
2024-12-06 11:45:30,139 [WARN] DbFile:41 - Overriding database path with different value: C:\Users\ckckc\.stmcufinder\plugins\mcufinder/ => C:\Users\ckckc\.stmcufinder\plugins\mcufinder
2024-12-06 11:45:30,139 [WARN] DbFile:41 - Overriding database path with different value: C:\Users\ckckc\.stmcufinder\plugins\mcufinder/ => C:\Users\ckckc\.stmcufinder\plugins\mcufinder
2024-12-06 11:45:30,139 [INFO] CrossReferenceDbSqlite:203 - Set database path to: C:\Users\ckckc\.stmcufinder\plugins\mcufinder//mcu/cs/
2024-12-06 11:45:30,342 [INFO] ApplicationProperties:184 - Using Application install path: D:\ST\STM32CubeIDE_1.15.1\STM32CubeIDE\plugins\com.st.stm32cube.common.mx_6.11.1.202404110753
2024-12-06 11:45:30,365 [INFO] PluginManage:196 - Search for loadable plugins [exclusion list=, ]
2024-12-06 11:45:30,389 [INFO] PluginManage:310 - Check plugin analytics
2024-12-06 11:45:31,016 [INFO] AnalyticsPlugin:253 - Accepted Software Licenses: 
2024-12-06 11:45:31,016 [INFO] AnalyticsPlugin:255 - Accepted CMSIS Pack Licenses: 
2024-12-06 11:45:31,016 [INFO] AnalyticsPlugin:257 - Accepted Firmware Licenses: FW.F4.1.28.0
2024-12-06 11:45:31,018 [INFO] PluginManage:359 - Loaded plugin analytics (category:tool,tabindex:-1)
2024-12-06 11:45:31,019 [INFO] PluginManage:310 - Check plugin cadmodel
2024-12-06 11:45:31,125 [INFO] CADModel:105 - Init CAD model plugin
2024-12-06 11:45:31,125 [INFO] PluginManage:359 - Loaded plugin cadmodel (category:power,tabindex:5)
2024-12-06 11:45:31,125 [INFO] PluginManage:310 - Check plugin clock
2024-12-06 11:45:31,222 [INFO] PluginManage:359 - Loaded plugin clock (category:base,tabindex:2)
2024-12-06 11:45:31,222 [INFO] PluginManage:310 - Check plugin ddr
2024-12-06 11:45:31,264 [INFO] PluginManage:359 - Loaded plugin ddr (category:tool,tabindex:6)
2024-12-06 11:45:31,264 [INFO] PluginManage:310 - Check plugin filemanager
2024-12-06 11:45:32,268 [INFO] PluginManage:359 - Loaded plugin filemanager (category:base,tabindex:10)
2024-12-06 11:45:32,269 [INFO] PluginManage:310 - Check plugin ipmanager
2024-12-06 11:45:32,335 [INFO] PluginManage:359 - Loaded plugin ipmanager (category:base,tabindex:5)
2024-12-06 11:45:32,336 [INFO] PluginManage:310 - Check plugin lpbam
2024-12-06 11:45:32,364 [INFO] PluginManage:359 - Loaded plugin lpbam (category:base,tabindex:0)
2024-12-06 11:45:32,364 [INFO] PluginManage:310 - Check plugin memorymap
2024-12-06 11:45:32,429 [INFO] PluginManage:359 - Loaded plugin memorymap (category:base,tabindex:4)
2024-12-06 11:45:32,429 [INFO] PluginManage:310 - Check plugin pinoutandconfiguration
2024-12-06 11:45:32,473 [INFO] PluginManage:359 - Loaded plugin pinoutandconfiguration (category:base,tabindex:1)
2024-12-06 11:45:32,473 [INFO] PluginManage:310 - Check plugin pinoutconfig
2024-12-06 11:45:32,653 [WARN] SupportedApi:132 - Cannot load RTOS API schema: s4s-elt-must-match.1: The content of 'definitions' must match (annotation?, (simpleType | complexType)?, (unique | key | keyref)*)). A problem was found starting at: attribute.
2024-12-06 11:45:33,148 [INFO] PluginManage:359 - Loaded plugin pinoutconfig (category:base,tabindex:0)
2024-12-06 11:45:33,149 [INFO] PluginManage:310 - Check plugin power
2024-12-06 11:45:33,391 [INFO] PluginManage:359 - Loaded plugin power (category:power,tabindex:4)
2024-12-06 11:45:33,392 [INFO] PluginManage:310 - Check plugin projectmanager
2024-12-06 11:45:33,442 [INFO] PluginManage:359 - Loaded plugin projectmanager (category:projectmanager,tabindex:3)
2024-12-06 11:45:33,442 [INFO] PluginManage:310 - Check plugin thirdparty
2024-12-06 11:45:34,677 [INFO] PluginManage:359 - Loaded plugin thirdparty (category:base,tabindex:-1)
2024-12-06 11:45:34,677 [INFO] PluginManage:310 - Check plugin tools
2024-12-06 11:45:34,677 [WARN] IntegrityCheckThread:84 - waiting for thirdparty lock release [integrity check]
2024-12-06 11:45:34,677 [INFO] IntegrityCheckThread:86 - entering critical section [integrity check]
2024-12-06 11:45:34,677 [INFO] ThirdPartyUpdaterWithRetryManager:70 - Updater plugin not ready yet. [1/15]
2024-12-06 11:45:34,723 [INFO] PluginManage:359 - Loaded plugin tools (category:base,tabindex:7)
2024-12-06 11:45:34,723 [INFO] PluginManage:310 - Check plugin tutovideos
2024-12-06 11:45:35,871 [INFO] PluginManage:359 - Loaded plugin tutovideos (category:base,tabindex:-1)
2024-12-06 11:45:35,871 [INFO] PluginManage:310 - Check plugin updater
2024-12-06 11:45:36,052 [INFO] PluginManage:359 - Loaded plugin updater (category:base,tabindex:12)
2024-12-06 11:45:36,053 [INFO] PluginManage:310 - Check plugin userauth
2024-12-06 11:45:36,105 [INFO] UserAuth:114 - Init User Auth plugin
2024-12-06 11:45:36,105 [INFO] PluginManage:359 - Loaded plugin userauth (category:base,tabindex:14)
2024-12-06 11:45:36,106 [INFO] PluginManage:283 - PluginManage : Loaded plugins [17]
2024-12-06 11:45:37,678 [INFO] ThirdPartyUpdaterWithRetryManager:70 - Updater plugin not ready yet. [2/15]
2024-12-06 11:45:38,284 [INFO] PinOutPanel:1561 - setPackage(No Configuration,No Configuration)
2024-12-06 11:45:38,521 [INFO] CADModel:165 - CPN selected for project level
2024-12-06 11:45:38,521 [INFO] CADModel:114 - Register for checkConnection events
2024-12-06 11:45:38,571 [INFO] IPUIPlugin:80 - create IPUIPlugin
2024-12-06 11:45:38,571 [INFO] PluginManager:220 - loadIPPluginJar : add adc
2024-12-06 11:45:38,580 [INFO] IPUIPlugin:80 - create IPUIPlugin
2024-12-06 11:45:38,580 [INFO] PluginManager:220 - loadIPPluginJar : add aes
2024-12-06 11:45:38,589 [INFO] IPUIPlugin:80 - create IPUIPlugin
2024-12-06 11:45:38,589 [INFO] PluginManager:220 - loadIPPluginJar : add can
2024-12-06 11:45:38,591 [INFO] IPUIPlugin:80 - create IPUIPlugin
2024-12-06 11:45:38,591 [INFO] PluginManager:220 - loadIPPluginJar : add comp
2024-12-06 11:45:38,593 [INFO] IPUIPlugin:80 - create IPUIPlugin
2024-12-06 11:45:38,593 [INFO] PluginManager:220 - loadIPPluginJar : add cryp
2024-12-06 11:45:38,595 [INFO] IPUIPlugin:80 - create IPUIPlugin
2024-12-06 11:45:38,595 [INFO] PluginManager:220 - loadIPPluginJar : add dfsdm
2024-12-06 11:45:38,605 [INFO] IPUIPlugin:80 - create IPUIPlugin
2024-12-06 11:45:38,606 [INFO] PluginManager:220 - loadIPPluginJar : add dma
2024-12-06 11:45:38,612 [INFO] IPUIPlugin:80 - create IPUIPlugin
2024-12-06 11:45:38,612 [INFO] PluginManager:220 - loadIPPluginJar : add dma3
2024-12-06 11:45:38,614 [INFO] IPUIPlugin:80 - create IPUIPlugin
2024-12-06 11:45:38,614 [INFO] PluginManager:220 - loadIPPluginJar : add extmemmanager
2024-12-06 11:45:38,631 [INFO] IPUIPlugin:80 - create IPUIPlugin
2024-12-06 11:45:38,631 [INFO] PluginManager:220 - loadIPPluginJar : add fatfs
2024-12-06 11:45:38,634 [INFO] IPUIPlugin:80 - create IPUIPlugin
2024-12-06 11:45:38,634 [INFO] PluginManager:220 - loadIPPluginJar : add fmc
2024-12-06 11:45:38,653 [INFO] IPUIPlugin:80 - create IPUIPlugin
2024-12-06 11:45:38,653 [INFO] PluginManager:220 - loadIPPluginJar : add freertos
2024-12-06 11:45:38,654 [INFO] IPUIPlugin:80 - create IPUIPlugin
2024-12-06 11:45:38,654 [INFO] PluginManager:220 - loadIPPluginJar : add genericplugin
2024-12-06 11:45:38,665 [INFO] IPUIPlugin:80 - create IPUIPlugin
2024-12-06 11:45:38,665 [INFO] PluginManager:220 - loadIPPluginJar : add gfxmmu
2024-12-06 11:45:38,683 [INFO] IPUIPlugin:80 - create IPUIPlugin
2024-12-06 11:45:38,683 [INFO] PluginManager:220 - loadIPPluginJar : add gic
2024-12-06 11:45:38,696 [INFO] IPUIPlugin:80 - create IPUIPlugin
2024-12-06 11:45:38,696 [INFO] PluginManager:220 - loadIPPluginJar : add gpio
2024-12-06 11:45:38,710 [INFO] IPUIPlugin:80 - create IPUIPlugin
2024-12-06 11:45:38,710 [INFO] PluginManager:220 - loadIPPluginJar : add gtzc
2024-12-06 11:45:38,722 [INFO] IPUIPlugin:80 - create IPUIPlugin
2024-12-06 11:45:38,722 [INFO] PluginManager:220 - loadIPPluginJar : add hash
2024-12-06 11:45:38,735 [INFO] IPUIPlugin:80 - create IPUIPlugin
2024-12-06 11:45:38,736 [INFO] PluginManager:220 - loadIPPluginJar : add i2c
2024-12-06 11:45:38,740 [INFO] IPUIPlugin:80 - create IPUIPlugin
2024-12-06 11:45:38,740 [INFO] PluginManager:220 - loadIPPluginJar : add i2s
2024-12-06 11:45:38,749 [INFO] IPUIPlugin:80 - create IPUIPlugin
2024-12-06 11:45:38,749 [INFO] PluginManager:220 - loadIPPluginJar : add i3c
2024-12-06 11:45:38,751 [INFO] IPUIPlugin:80 - create IPUIPlugin
2024-12-06 11:45:38,752 [INFO] PluginManager:220 - loadIPPluginJar : add ipddr
2024-12-06 11:45:38,779 [INFO] IPUIPlugin:80 - create IPUIPlugin
2024-12-06 11:45:38,779 [INFO] PluginManager:220 - loadIPPluginJar : add linkedlist
2024-12-06 11:45:38,781 [INFO] IPUIPlugin:80 - create IPUIPlugin
2024-12-06 11:45:38,782 [INFO] PluginManager:220 - loadIPPluginJar : add lorawan
2024-12-06 11:45:38,783 [INFO] IPUIPlugin:80 - create IPUIPlugin
2024-12-06 11:45:38,783 [INFO] PluginManager:220 - loadIPPluginJar : add ltdc
2024-12-06 11:45:38,787 [INFO] IPUIPlugin:80 - create IPUIPlugin
2024-12-06 11:45:38,787 [INFO] PluginManager:220 - loadIPPluginJar : add mdma
2024-12-06 11:45:38,790 [INFO] IPUIPlugin:80 - create IPUIPlugin
2024-12-06 11:45:38,790 [INFO] PluginManager:220 - loadIPPluginJar : add nvic
2024-12-06 11:45:38,793 [INFO] IPUIPlugin:80 - create IPUIPlugin
2024-12-06 11:45:38,793 [INFO] PluginManager:220 - loadIPPluginJar : add opamp
2024-12-06 11:45:38,805 [INFO] IPUIPlugin:80 - create IPUIPlugin
2024-12-06 11:45:38,805 [INFO] PluginManager:220 - loadIPPluginJar : add openamp
2024-12-06 11:45:38,808 [INFO] IPUIPlugin:80 - create IPUIPlugin
2024-12-06 11:45:38,808 [INFO] PluginManager:220 - loadIPPluginJar : add pdm2pcm
2024-12-06 11:45:38,820 [INFO] IPUIPlugin:80 - create IPUIPlugin
2024-12-06 11:45:38,822 [INFO] PluginManager:220 - loadIPPluginJar : add plateformsettings
2024-12-06 11:45:38,824 [INFO] IPUIPlugin:80 - create IPUIPlugin
2024-12-06 11:45:38,824 [INFO] PluginManager:220 - loadIPPluginJar : add quadspi
2024-12-06 11:45:38,849 [INFO] IPUIPlugin:80 - create IPUIPlugin
2024-12-06 11:45:38,849 [INFO] PluginManager:220 - loadIPPluginJar : add resmgrutility
2024-12-06 11:45:38,855 [INFO] IPUIPlugin:80 - create IPUIPlugin
2024-12-06 11:45:38,855 [INFO] PluginManager:220 - loadIPPluginJar : add sai
2024-12-06 11:45:38,857 [INFO] IPUIPlugin:80 - create IPUIPlugin
2024-12-06 11:45:38,857 [INFO] PluginManager:220 - loadIPPluginJar : add spi
2024-12-06 11:45:38,867 [INFO] IPUIPlugin:80 - create IPUIPlugin
2024-12-06 11:45:38,867 [INFO] PluginManager:220 - loadIPPluginJar : add stm32_wpan
2024-12-06 11:45:38,869 [INFO] IPUIPlugin:80 - create IPUIPlugin
2024-12-06 11:45:38,869 [INFO] PluginManager:220 - loadIPPluginJar : add tim
2024-12-06 11:45:38,872 [INFO] IPUIPlugin:80 - create IPUIPlugin
2024-12-06 11:45:38,873 [INFO] PluginManager:220 - loadIPPluginJar : add touchsensing
2024-12-06 11:45:38,874 [INFO] IPUIPlugin:80 - create IPUIPlugin
2024-12-06 11:45:38,874 [INFO] PluginManager:220 - loadIPPluginJar : add tracer_emb
2024-12-06 11:45:38,876 [INFO] IPUIPlugin:80 - create IPUIPlugin
2024-12-06 11:45:38,876 [INFO] PluginManager:220 - loadIPPluginJar : add ts
2024-12-06 11:45:38,877 [INFO] IPUIPlugin:80 - create IPUIPlugin
2024-12-06 11:45:38,877 [INFO] PluginManager:220 - loadIPPluginJar : add tsc
2024-12-06 11:45:38,879 [INFO] IPUIPlugin:80 - create IPUIPlugin
2024-12-06 11:45:38,879 [INFO] PluginManager:220 - loadIPPluginJar : add ucpd
2024-12-06 11:45:38,896 [INFO] IPUIPlugin:80 - create IPUIPlugin
2024-12-06 11:45:38,896 [INFO] PluginManager:220 - loadIPPluginJar : add usart
2024-12-06 11:45:38,905 [INFO] IPUIPlugin:80 - create IPUIPlugin
2024-12-06 11:45:38,905 [INFO] PluginManager:220 - loadIPPluginJar : add usbx
2024-12-06 11:45:39,081 [INFO] CADModel:165 - CPN selected for project level
2024-12-06 11:45:39,082 [INFO] CADModel:114 - Register for checkConnection events
2024-12-06 11:45:39,082 [FATAL] Updater:308 - Updater called before beeing initialized
2024-12-06 11:45:39,082 [ERROR] CADModel:125 - Updater not yet initialized, retry later 
2024-12-06 11:45:39,339 [INFO] CADModel:165 - CPN selected for project level
2024-12-06 11:45:39,339 [INFO] CADModel:114 - Register for checkConnection events
2024-12-06 11:45:39,339 [FATAL] Updater:308 - Updater called before beeing initialized
2024-12-06 11:45:39,339 [ERROR] CADModel:125 - Updater not yet initialized, retry later 
2024-12-06 11:45:39,342 [FATAL] Updater:308 - Updater called before beeing initialized
2024-12-06 11:45:39,425 [FATAL] Updater:308 - Updater called before beeing initialized
2024-12-06 11:45:39,443 [INFO] DbMcusAds:53 - JSON generation date=Fri Sep 20 22:04:23 KST 2024 (1726837463113)
2024-12-06 11:45:39,443 [FATAL] Updater:308 - Updater called before beeing initialized
2024-12-06 11:45:39,558 [WARN] DetailPanel:346 - Failed to get advertising image, set to default
2024-12-06 11:45:39,645 [FATAL] Updater:308 - Updater called before beeing initialized
2024-12-06 11:45:39,658 [FATAL] Updater:308 - Updater called before beeing initialized
2024-12-06 11:45:39,658 [FATAL] Updater:308 - Updater called before beeing initialized
2024-12-06 11:45:39,658 [WARN] DetailPanel:346 - Failed to get advertising image, set to default
2024-12-06 11:45:39,659 [FATAL] Updater:308 - Updater called before beeing initialized
2024-12-06 11:45:39,751 [ERROR] Updater:1120 - MainUpdater not yet initialized. External WinMGr cannot be set.
2024-12-06 11:45:39,761 [INFO] Updater:1056 - Updater Version found : 6.11.1
2024-12-06 11:45:39,809 [INFO] ApplicationProperties:184 - Using Application install path: D:\ST\STM32CubeIDE_1.15.1\STM32CubeIDE\plugins\com.st.stm32cube.common.mx_6.11.1.202404110753
2024-12-06 11:45:40,141 [INFO] MainUpdater:2873 - connection check result : 10
2024-12-06 11:45:40,141 [INFO] MainUpdater:3567 - Updater definition file requires update
2024-12-06 11:45:40,142 [INFO] MainUpdater:290 - Updater Check For Update Now.
2024-12-06 11:45:40,142 [INFO] MicroXplorer:498 - Change Database Version : DB.6.0.111
2024-12-06 11:45:40,155 [INFO] McuFinderGlobals:63 - Set McuFinder mode to 2 (CubeIDE integrated)
2024-12-06 11:45:40,188 [INFO] UserAuth:415 - Internet connection configuration mode: 1
2024-12-06 11:45:40,267 [INFO] ServerAccessManage:473 - Download File updaters.zip
2024-12-06 11:45:40,273 [INFO] JxBrowserEngine:152 - Initiate JxBrowser Engine with user profile folder
2024-12-06 11:45:40,391 [INFO] FileExtend:240 - Unzip File : updaters.zip
2024-12-06 11:45:40,391 [INFO] FileExtend:255 - Standard Zip Deflate
2024-12-06 11:45:40,678 [WARN] MainUpdater:1194 - Updater busy. Cannot search thirdparties
2024-12-06 11:45:40,678 [INFO] ThirdPartyUpdaterWithRetryManager:96 - Updater plugin is busy. [1/15]
2024-12-06 11:45:40,721 [INFO] ServerAccessManage:473 - Download File PacksControlFlags.xml
2024-12-06 11:45:40,792 [INFO] ServerAccessManage:473 - Download File cubemx.pidx
2024-12-06 11:45:41,349 [INFO] ServerAccessManage:473 - Download File STMicroelectronics.X-CUBE-BLEMGR.pdsc
2024-12-06 11:45:42,628 [ERROR] ServerAccessManage:1089 - Problem, file not found on Server
2024-12-06 11:45:42,927 [INFO] WebApp:161 - Instantiating new browser for Auth
2024-12-06 11:45:43,487 [INFO] WebApp:779 - Register for checkConnection events
2024-12-06 11:45:43,488 [INFO] WebApp:414 - Apply proxy settings
2024-12-06 11:45:43,488 [INFO] WebApp:499 - Chromium requires no authentication
2024-12-06 11:45:43,502 [INFO] WebApp:442 - Direct internet connection detected
2024-12-06 11:45:43,679 [WARN] MainUpdater:1194 - Updater busy. Cannot search thirdparties
2024-12-06 11:45:43,679 [INFO] ThirdPartyUpdaterWithRetryManager:96 - Updater plugin is busy. [2/15]
2024-12-06 11:45:43,693 [INFO] WebApp:192 - Starting web application
2024-12-06 11:45:43,694 [INFO] WebApp:544 - Web application path used D:\ST\STM32CubeIDE_1.15.1\STM32CubeIDE\plugins\com.st.stm32cube.common.mx_6.11.1.202404110753\db\plugins\mcufinder\reactClient1\index.html
2024-12-06 11:45:44,104 [WARN] PackLoader:240 - Cannot read IP mode file for STMicroelectronics.X-CUBE-BLEMGR.4.0.0
2024-12-06 11:45:44,111 [INFO] PopulateThirdPartyThread:66 - Ending populate Thread
2024-12-06 11:45:44,112 [INFO] ThirdParty:1030 - CMSIS Pack Vendor :STMicroelectronics X-CUBE-BLEMGR 4.0.0
2024-12-06 11:45:44,112 [INFO] LoadServerUpdatesThread:375 - End of LoadServerUpdate Thread
2024-12-06 11:45:44,156 [INFO] CheckServerUpdateThread:120 - End of CheckServer Thread
2024-12-06 11:45:46,992 [WARN] PackLoader:240 - Cannot read IP mode file for STMicroelectronics.FP-SNS-MOTENVWB1.1.4.0
2024-12-06 11:45:46,997 [WARN] PackLoader:240 - Cannot read IP mode file for STMicroelectronics.FP-ATR-ASTRA1.2.0.1
2024-12-06 11:45:47,006 [WARN] PackLoader:240 - Cannot read IP mode file for STMicroelectronics.X-CUBE-SMBUS.2.1.0
2024-12-06 11:45:47,012 [WARN] PackLoader:240 - Cannot read IP mode file for STMicroelectronics.X-CUBE-WB05N.1.1.0
2024-12-06 11:45:47,016 [WARN] PackLoader:240 - Cannot read IP mode file for STMicroelectronics.X-CUBE-TOUCHGFX.4.23.2
2024-12-06 11:45:47,034 [WARN] PackLoader:240 - Cannot read IP mode file for STMicroelectronics.X-CUBE-AZRTOS-F7.1.1.0
2024-12-06 11:45:47,076 [WARN] PackLoader:240 - Cannot read IP mode file for STMicroelectronics.X-CUBE-MEMS1.11.0.0
2024-12-06 11:45:47,192 [WARN] PackLoader:240 - Cannot read IP mode file for STMicroelectronics.FP-SNS-FLIGHT1.5.0.2
2024-12-06 11:45:47,199 [WARN] PackLoader:240 - Cannot read IP mode file for STMicroelectronics.X-CUBE-DISPLAY.3.0.0
2024-12-06 11:45:47,206 [WARN] PackLoader:240 - Cannot read IP mode file for STMicroelectronics.X-CUBE-BLE1.7.0.0
2024-12-06 11:45:47,212 [WARN] PackLoader:240 - Cannot read IP mode file for STMicroelectronics.X-CUBE-NFC10.1.0.0
2024-12-06 11:45:47,220 [WARN] PackLoader:240 - Cannot read IP mode file for STMicroelectronics.X-CUBE-BLEMGR.4.0.0
2024-12-06 11:45:47,276 [WARN] PackLoader:240 - Cannot read IP mode file for emotas.I-CUBE-CANOPEN.1.3.0
2024-12-06 11:45:47,287 [WARN] PackLoader:240 - Cannot read IP mode file for STMicroelectronics.X-CUBE-BLEMGR.3.1.0
2024-12-06 11:45:47,294 [WARN] PackLoader:240 - Cannot read IP mode file for STMicroelectronics.FP-SNS-SMARTAG2.1.2.0
2024-12-06 11:45:47,301 [INFO] LogOutputStream:77 - [STDOUT_REDIRECT] 1 : Invalid condition id : UX_CORESTACK_Condition cause : null
2024-12-06 11:45:47,302 [INFO] LogOutputStream:77 - [STDOUT_REDIRECT] 1 : Invalid condition id : UX_CORESTACK_Condition cause : null
2024-12-06 11:45:47,303 [INFO] LogOutputStream:77 - [STDOUT_REDIRECT] 1 : Invalid condition id : UX_CORESTACK_Condition cause : null
2024-12-06 11:45:47,304 [INFO] LogOutputStream:77 - [STDOUT_REDIRECT] 1 : Invalid condition id : UX_CORESTACK_Condition cause : null
2024-12-06 11:45:47,305 [INFO] LogOutputStream:77 - [STDOUT_REDIRECT] 1 : Invalid condition id : UX_CORESTACK_Condition cause : null
2024-12-06 11:45:47,307 [WARN] PackLoader:240 - Cannot read IP mode file for STMicroelectronics.X-CUBE-AZRTOS-WL.2.0.0
2024-12-06 11:45:47,312 [WARN] PackLoader:240 - Cannot read IP mode file for STMicroelectronics.FP-SNS-MOTENV1.5.0.0
2024-12-06 11:45:47,316 [WARN] PackLoader:240 - Cannot read IP mode file for wolfSSL.I-CUBE-wolfMQTT.1.19.0
2024-12-06 11:45:47,324 [WARN] PackLoader:240 - Cannot read IP mode file for WES.I-CUBE-Cesium.1.3.0
2024-12-06 11:45:47,330 [WARN] PackLoader:240 - Cannot read IP mode file for STMicroelectronics.X-CUBE-BLE2.3.3.0
2024-12-06 11:45:47,336 [WARN] PackLoader:240 - Cannot read IP mode file for STMicroelectronics.X-CUBE-NFC9.1.0.0
2024-12-06 11:45:47,342 [WARN] PackLoader:240 - Cannot read IP mode file for STMicroelectronics.X-CUBE-TCPP.4.1.0
2024-12-06 11:45:47,348 [WARN] PackLoader:240 - Cannot read IP mode file for STMicroelectronics.X-CUBE-ALGOBUILD.1.3.0
2024-12-06 11:45:47,366 [WARN] PackLoader:240 - Cannot read IP mode file for STMicroelectronics.X-CUBE-AZRTOS-G0.1.1.0
2024-12-06 11:45:47,376 [WARN] PackLoader:240 - Cannot read IP mode file for STMicroelectronics.X-CUBE-SAFEA1.1.2.2
2024-12-06 11:45:47,383 [WARN] PackLoader:240 - Cannot read IP mode file for STMicroelectronics.X-CUBE-NFC4.3.0.0
2024-12-06 11:45:47,388 [WARN] PackLoader:240 - Cannot read IP mode file for wolfSSL.I-CUBE-wolfMQTT.1.18.0
2024-12-06 11:45:47,397 [WARN] PackLoader:240 - Cannot read IP mode file for EmbeddedOffice.I-CUBE-FS-RTOS.1.0.1
2024-12-06 11:45:47,398 [ERROR] ConditionMgr:805 - Attr not supported : Dmpu
2024-12-06 11:45:47,398 [ERROR] ConditionMgr:805 - Attr not supported : Dmpu
2024-12-06 11:45:47,398 [ERROR] ConditionMgr:805 - Attr not supported : Dmpu
2024-12-06 11:45:47,398 [ERROR] ConditionMgr:805 - Attr not supported : Dmpu
2024-12-06 11:45:47,398 [ERROR] ConditionMgr:805 - Attr not supported : Dmpu
2024-12-06 11:45:47,398 [ERROR] ConditionMgr:805 - Attr not supported : Dmpu
2024-12-06 11:45:47,398 [ERROR] ConditionMgr:805 - Attr not supported : Dmpu
2024-12-06 11:45:47,398 [ERROR] ConditionMgr:805 - Attr not supported : Dmpu
2024-12-06 11:45:47,398 [ERROR] ConditionMgr:805 - Attr not supported : Dmpu
2024-12-06 11:45:47,398 [ERROR] ConditionMgr:805 - Attr not supported : Dmpu
2024-12-06 11:45:47,398 [ERROR] ConditionMgr:805 - Attr not supported : Dmpu
2024-12-06 11:45:47,399 [ERROR] ConditionMgr:805 - Attr not supported : Dmpu
2024-12-06 11:45:47,399 [ERROR] ConditionMgr:805 - Attr not supported : Dmpu
2024-12-06 11:45:47,399 [ERROR] ConditionMgr:805 - Attr not supported : Dmpu
2024-12-06 11:45:47,399 [ERROR] ConditionMgr:805 - Attr not supported : Dmpu
2024-12-06 11:45:47,400 [ERROR] ConditionMgr:805 - Attr not supported : Dmpu
2024-12-06 11:45:47,400 [ERROR] ConditionMgr:805 - Attr not supported : Dmpu
2024-12-06 11:45:47,400 [ERROR] ConditionMgr:805 - Attr not supported : Dmpu
2024-12-06 11:45:47,400 [ERROR] ConditionMgr:805 - Attr not supported : Dmpu
2024-12-06 11:45:47,400 [ERROR] ConditionMgr:805 - Attr not supported : Dmpu
2024-12-06 11:45:47,400 [ERROR] ConditionMgr:805 - Attr not supported : Dmpu
2024-12-06 11:45:47,400 [ERROR] ConditionMgr:805 - Attr not supported : Dmpu
2024-12-06 11:45:47,400 [ERROR] ConditionMgr:805 - Attr not supported : Dmpu
2024-12-06 11:45:47,400 [ERROR] ConditionMgr:805 - Attr not supported : Dmpu
2024-12-06 11:45:47,400 [ERROR] ConditionMgr:805 - Attr not supported : Dmpu
2024-12-06 11:45:47,400 [ERROR] ConditionMgr:805 - Attr not supported : Dmpu
2024-12-06 11:45:47,400 [ERROR] ConditionMgr:805 - Attr not supported : Dmpu
2024-12-06 11:45:47,400 [ERROR] ConditionMgr:805 - Attr not supported : Dmpu
2024-12-06 11:45:47,400 [ERROR] ConditionMgr:805 - Attr not supported : Dmpu
2024-12-06 11:45:47,400 [ERROR] ConditionMgr:805 - Attr not supported : Dmpu
2024-12-06 11:45:47,400 [ERROR] ConditionMgr:805 - Attr not supported : Dmpu
2024-12-06 11:45:47,401 [ERROR] ConditionMgr:805 - Attr not supported : Dmpu
2024-12-06 11:45:47,401 [ERROR] ConditionMgr:805 - Attr not supported : Dmpu
2024-12-06 11:45:47,401 [ERROR] ConditionMgr:805 - Attr not supported : Dmpu
2024-12-06 11:45:47,401 [ERROR] ConditionMgr:805 - Attr not supported : Dmpu
2024-12-06 11:45:47,401 [ERROR] ConditionMgr:805 - Attr not supported : Dmpu
2024-12-06 11:45:47,401 [ERROR] ConditionMgr:805 - Attr not supported : Dmpu
2024-12-06 11:45:47,401 [ERROR] ConditionMgr:805 - Attr not supported : Dmpu
2024-12-06 11:45:47,401 [ERROR] ConditionMgr:805 - Attr not supported : Dmpu
2024-12-06 11:45:47,401 [ERROR] ConditionMgr:805 - Attr not supported : Dmpu
2024-12-06 11:45:47,401 [ERROR] ConditionMgr:805 - Attr not supported : Dmpu
2024-12-06 11:45:47,401 [ERROR] ConditionMgr:805 - Attr not supported : Dmpu
2024-12-06 11:45:47,401 [ERROR] ConditionMgr:805 - Attr not supported : Dmpu
2024-12-06 11:45:47,401 [ERROR] ConditionMgr:805 - Attr not supported : Dmpu
2024-12-06 11:45:47,402 [ERROR] ConditionMgr:805 - Attr not supported : Dmpu
2024-12-06 11:45:47,402 [ERROR] ConditionMgr:805 - Attr not supported : Dmpu
2024-12-06 11:45:47,402 [ERROR] ConditionMgr:805 - Attr not supported : Dmpu
2024-12-06 11:45:47,402 [ERROR] ConditionMgr:805 - Attr not supported : Dmpu
2024-12-06 11:45:47,402 [ERROR] ConditionMgr:805 - Attr not supported : Dmpu
2024-12-06 11:45:47,402 [ERROR] ConditionMgr:805 - Attr not supported : Dmpu
2024-12-06 11:45:47,402 [ERROR] ConditionMgr:805 - Attr not supported : Dmpu
2024-12-06 11:45:47,402 [ERROR] ConditionMgr:805 - Attr not supported : Dmpu
2024-12-06 11:45:47,402 [ERROR] ConditionMgr:805 - Attr not supported : Dmpu
2024-12-06 11:45:47,402 [ERROR] ConditionMgr:805 - Attr not supported : Dmpu
2024-12-06 11:45:47,402 [ERROR] ConditionMgr:805 - Attr not supported : Dmpu
2024-12-06 11:45:47,402 [ERROR] ConditionMgr:805 - Attr not supported : Dmpu
2024-12-06 11:45:47,402 [ERROR] ConditionMgr:805 - Attr not supported : Dmpu
2024-12-06 11:45:47,403 [ERROR] ConditionMgr:805 - Attr not supported : Dmpu
2024-12-06 11:45:47,403 [ERROR] ConditionMgr:805 - Attr not supported : Dmpu
2024-12-06 11:45:47,403 [ERROR] ConditionMgr:805 - Attr not supported : Dmpu
2024-12-06 11:45:47,403 [ERROR] ConditionMgr:805 - Attr not supported : Dmpu
2024-12-06 11:45:47,403 [ERROR] ConditionMgr:805 - Attr not supported : Dmpu
2024-12-06 11:45:47,403 [ERROR] ConditionMgr:805 - Attr not supported : Dmpu
2024-12-06 11:45:47,403 [ERROR] ConditionMgr:805 - Attr not supported : Dmpu
2024-12-06 11:45:47,410 [WARN] PackLoader:240 - Cannot read IP mode file for RealThread.X-CUBE-RT-Thread_Nano.4.1.1
2024-12-06 11:45:47,419 [WARN] PackLoader:240 - Cannot read IP mode file for wolfSSL.I-CUBE-wolfSSL.5.7.0
2024-12-06 11:45:47,423 [WARN] PackLoader:240 - Cannot read IP mode file for STMicroelectronics.FP-ATR-SIGFOX1.3.2.0
2024-12-06 11:45:47,428 [WARN] ConditionMgr:438 - getConditionDescription Invalid condition id : Cortex-A Device cause : null
2024-12-06 11:45:47,439 [WARN] ConditionMgr:1039 - genDependencies : Invalid condition id : Cortex-A Device cause : null
2024-12-06 11:45:47,440 [WARN] ConditionMgr:1039 - genDependencies : Invalid condition id : Cortex-A Device cause : null
2024-12-06 11:45:47,440 [WARN] ConditionMgr:1039 - genDependencies : Invalid condition id : Cortex-A Device cause : null
2024-12-06 11:45:47,445 [WARN] PackLoader:240 - Cannot read IP mode file for STMicroelectronics.X-CUBE-EEPRMA1.5.1.0
2024-12-06 11:45:47,451 [WARN] PackLoader:240 - Cannot read IP mode file for ITTIA_DB.I-CUBE-ITTIADB.8.9.0
2024-12-06 11:45:47,475 [WARN] PackLoader:240 - Cannot read IP mode file for SEGGER.I-CUBE-embOS.1.3.1
2024-12-06 11:45:47,506 [WARN] PackLoader:240 - Cannot read IP mode file for STMicroelectronics.X-CUBE-ALGOBUILD.1.4.0
2024-12-06 11:45:47,510 [WARN] PackLoader:240 - Cannot read IP mode file for STMicroelectronics.X-CUBE-AI.9.1.0
2024-12-06 11:45:47,515 [WARN] PackLoader:240 - Cannot read IP mode file for STMicroelectronics.X-CUBE-GNSS1.6.0.0
2024-12-06 11:45:47,527 [WARN] PackLoader:240 - Cannot read IP mode file for STMicroelectronics.X-CUBE-AZRTOS-F4.1.1.0
2024-12-06 11:45:47,533 [WARN] PackLoader:240 - Cannot read IP mode file for STMicroelectronics.X-CUBE-ISPU.2.1.0
2024-12-06 11:45:47,537 [WARN] PackLoader:240 - Cannot read IP mode file for STMicroelectronics.X-CUBE-FREERTOS.1.2.0
2024-12-06 11:45:47,551 [WARN] PackLoader:240 - Cannot read IP mode file for STMicroelectronics.X-CUBE-AZRTOS-L5.2.0.0
2024-12-06 11:45:47,561 [WARN] PackLoader:240 - Cannot read IP mode file for STMicroelectronics.X-CUBE-NFC6.3.1.0
2024-12-06 11:45:47,567 [WARN] PackLoader:240 - Cannot read IP mode file for STMicroelectronics.X-CUBE-DPower.1.2.0
2024-12-06 11:45:47,570 [WARN] PackLoader:240 - Cannot read IP mode file for STMicroelectronics.X-CUBE-AI.9.0.0
2024-12-06 11:45:47,576 [WARN] PackLoader:240 - Cannot read IP mode file for STMicroelectronics.X-CUBE-NFC7.1.0.1
2024-12-06 11:45:47,580 [WARN] PackLoader:240 - Cannot read IP mode file for wolfSSL.I-CUBE-wolfTPM.3.2.0
2024-12-06 11:45:47,594 [WARN] ConditionMgr:438 - getConditionDescription Invalid condition id : LAN8742 Phy interface Condition cause : null
2024-12-06 11:45:47,594 [WARN] PackLoader:240 - Cannot read IP mode file for STMicroelectronics.X-CUBE-AZRTOS-L4.2.0.0
2024-12-06 11:45:47,595 [WARN] ConditionMgr:1039 - genDependencies : Invalid condition id : LAN8742 Phy interface Condition cause : null
2024-12-06 11:45:47,595 [WARN] ConditionMgr:1039 - genDependencies : Invalid condition id : LAN8742 Phy interface Condition cause : null
2024-12-06 11:45:47,596 [WARN] ConditionMgr:1039 - genDependencies : Invalid condition id : LAN8742 Phy interface Condition cause : null
2024-12-06 11:45:47,602 [WARN] PackLoader:240 - Cannot read IP mode file for STMicroelectronics.X-CUBE-SFXS2LP1.4.0.0
2024-12-06 11:45:47,625 [WARN] PackLoader:240 - Cannot read IP mode file for STMicroelectronics.X-CUBE-AZRTOS-H7.3.3.0
2024-12-06 11:45:47,637 [WARN] PackLoader:240 - Cannot read IP mode file for STMicroelectronics.X-CUBE-IPS.3.0.0
2024-12-06 11:45:47,649 [WARN] ConditionMgr:438 - getConditionDescription Invalid condition id : UX DEVICE CLASS RTOS Condition cause : null
2024-12-06 11:45:47,650 [WARN] ConditionMgr:438 - getConditionDescription Invalid condition id : UX DEVICE CLASS RTOS Condition cause : null
2024-12-06 11:45:47,651 [WARN] PackLoader:240 - Cannot read IP mode file for STMicroelectronics.X-CUBE-AZRTOS-WB.2.0.0
2024-12-06 11:45:47,651 [WARN] ConditionMgr:1039 - genDependencies : Invalid condition id : UX DEVICE CLASS RTOS Condition cause : null
2024-12-06 11:45:47,651 [WARN] ConditionMgr:1039 - genDependencies : Invalid condition id : UX DEVICE CLASS RTOS Condition cause : null
2024-12-06 11:45:47,652 [WARN] ConditionMgr:1039 - genDependencies : Invalid condition id : UX DEVICE CLASS RTOS Condition cause : null
2024-12-06 11:45:47,652 [WARN] ConditionMgr:1039 - genDependencies : Invalid condition id : UX DEVICE CLASS RTOS Condition cause : null
2024-12-06 11:45:47,652 [WARN] ConditionMgr:1039 - genDependencies : Invalid condition id : UX DEVICE CLASS RTOS Condition cause : null
2024-12-06 11:45:47,658 [WARN] PackLoader:240 - Cannot read IP mode file for STMicroelectronics.X-CUBE-GNSS1.7.0.0
2024-12-06 11:45:47,667 [WARN] PackLoader:240 - Cannot read IP mode file for STMicroelectronics.FP-SNS-STBOX1.2.0.0
2024-12-06 11:45:47,677 [WARN] PackLoader:240 - Cannot read IP mode file for STMicroelectronics.X-CUBE-SUBG2.5.0.0
2024-12-06 11:45:47,697 [WARN] PackLoader:240 - Cannot read IP mode file for STMicroelectronics.X-CUBE-AZRTOS-G4.2.0.0
2024-12-06 11:45:47,706 [WARN] PackLoader:240 - Cannot read IP mode file for STMicroelectronics.X-CUBE-ISPU.2.0.0
2024-12-06 11:45:47,715 [WARN] PackLoader:240 - Cannot read IP mode file for STMicroelectronics.X-CUBE-ALS.1.0.2
2024-12-06 11:45:47,761 [WARN] PackLoader:240 - Cannot read IP mode file for STMicroelectronics.X-CUBE-MEMS1.10.0.0
2024-12-06 11:45:47,853 [WARN] PackLoader:240 - Cannot read IP mode file for STMicroelectronics.X-CUBE-TOUCHGFX.4.24.0
2024-12-06 11:45:47,860 [WARN] PackLoader:240 - Cannot read IP mode file for STMicroelectronics.X-CUBE-TOUCHGFX.4.24.1
2024-12-06 11:45:47,867 [WARN] PackLoader:240 - Cannot read IP mode file for portGmbH.I-Cube-SoM-uGOAL.1.1.0
2024-12-06 11:45:47,872 [WARN] PackLoader:240 - Cannot read IP mode file for STMicroelectronics.X-CUBE-ALS.1.0.1
2024-12-06 11:45:47,889 [WARN] PackLoader:240 - Cannot read IP mode file for STMicroelectronics.X-CUBE-AZRTOS-H7RS.1.0.0
2024-12-06 11:45:47,895 [WARN] PackLoader:240 - Cannot read IP mode file for STMicroelectronics.FP-ATR-ASTRA1.2.0.0
2024-12-06 11:45:47,903 [WARN] PackLoader:240 - Cannot read IP mode file for STMicroelectronics.X-CUBE-TOF1.3.4.2
2024-12-06 11:45:47,917 [WARN] PackLoader:240 - Cannot read IP mode file for STMicroelectronics.X-CUBE-TOF1.3.4.1
2024-12-06 11:45:47,936 [WARN] PackLoader:240 - Cannot read IP mode file for STMicroelectronics.X-CUBE-AZRTOS-H7.3.2.0
2024-12-06 11:45:47,949 [WARN] PackLoader:240 - Cannot read IP mode file for Infineon.AIROC-Wi-Fi-Bluetooth-STM32.1.6.0
2024-12-06 11:45:47,955 [WARN] PackLoader:240 - Cannot read IP mode file for wolfSSL.I-CUBE-wolfSSH.1.4.17
2024-12-06 11:45:47,955 [INFO] ThirdParty:978 - Integrity check success = true
2024-12-06 11:45:47,955 [INFO] IntegrityCheckThread:100 - exiting critical section [integrity check]
2024-12-06 11:45:47,955 [INFO] IntegrityCheckThread:103 - End integrity checks thread
2024-12-06 14:00:43,770 [ERROR] LogOutputStream:75 - [STDERR_REDIRECT] 
