2024-11-24 13:17:06,121 [INFO] Activator:176 - 


2024-11-24 13:17:06,127 [INFO] Activator:177 - !SESSION log4j initialized
2024-11-24 13:17:18,070 [INFO] LogOutputStream:77 - [STDOUT_REDIRECT] 
2024-11-24 13:17:25,354 [INFO] ApplicationProperties:184 - Using Application install path: D:\ST\STM32CubeIDE_1.15.1\STM32CubeIDE\plugins\com.st.stm32cube.common.mx_6.11.1.202404110753
2024-11-24 13:17:25,386 [INFO] DbMcusXml:78 - Set database path to: D:\ST\STM32CubeIDE_1.15.1\STM32CubeIDE\plugins\com.st.stm32cube.common.mx_6.11.1.202404110753\\db\/mcu/
2024-11-24 13:17:25,387 [INFO] ApiDb:274 - Set plugin database path to: D:\ST\STM32CubeIDE_1.15.1\STM32CubeIDE\plugins\com.st.stm32cube.common.mx_6.11.1.202404110753\\db\/plugins/boardmanager/
2024-11-24 13:17:25,402 [WARN] ApiDb:259 - Overriding images path with different value:  => D:\ST\STM32CubeIDE_1.15.1\STM32CubeIDE\plugins\com.st.stm32cube.common.mx_6.11.1.202404110753\\db\/plugins/mcufinder/images/
2024-11-24 13:17:25,481 [INFO] ApiDb:250 - Set database path to: C:\Users\ckckc\.stmcufinder\plugins\mcufinder//mcu/
2024-11-24 13:17:25,482 [INFO] DbMcusAds:125 - Set database path to: C:\Users\ckckc\.stmcufinder\plugins\mcufinder//mcu/
2024-11-24 13:17:25,484 [INFO] CrossReferenceDbSqlite:203 - Set database path to: C:\Users\ckckc\.stmcufinder\plugins\mcufinder//mcu/cs/
2024-11-24 13:17:25,645 [INFO] RulesReader:64 - Compatibility file has been processed (297 Rules)
2024-11-24 13:17:25,845 [INFO] DbMcusXml:78 - Set database path to: D:\ST\STM32CubeIDE_1.15.1\STM32CubeIDE\plugins\com.st.stm32cube.common.mx_6.11.1.202404110753\\db\/mcu/
2024-11-24 13:17:25,845 [INFO] ApiDb:274 - Set plugin database path to: D:\ST\STM32CubeIDE_1.15.1\STM32CubeIDE\plugins\com.st.stm32cube.common.mx_6.11.1.202404110753\\db\/plugins/boardmanager/
2024-11-24 13:17:25,845 [INFO] ApiDb:261 - Set plugin images path to: D:\ST\STM32CubeIDE_1.15.1\STM32CubeIDE\plugins\com.st.stm32cube.common.mx_6.11.1.202404110753\\db\/plugins/mcufinder/images/
2024-11-24 13:17:25,846 [WARN] DbFile:41 - Overriding database path with different value: C:\Users\ckckc\.stmcufinder\plugins\mcufinder/ => C:\Users\ckckc\.stmcufinder\plugins\mcufinder
2024-11-24 13:17:25,846 [INFO] ApiDb:250 - Set database path to: C:\Users\ckckc\.stmcufinder\plugins\mcufinder//mcu/
2024-11-24 13:17:25,846 [WARN] DbFile:41 - Overriding database path with different value: C:\Users\ckckc\.stmcufinder\plugins\mcufinder/ => C:\Users\ckckc\.stmcufinder\plugins\mcufinder
2024-11-24 13:17:25,846 [INFO] DbMcusAds:125 - Set database path to: C:\Users\ckckc\.stmcufinder\plugins\mcufinder//mcu/
2024-11-24 13:17:25,846 [WARN] DbFile:41 - Overriding database path with different value: C:\Users\ckckc\.stmcufinder\plugins\mcufinder/ => C:\Users\ckckc\.stmcufinder\plugins\mcufinder
2024-11-24 13:17:25,846 [WARN] DbFile:41 - Overriding database path with different value: C:\Users\ckckc\.stmcufinder\plugins\mcufinder/ => C:\Users\ckckc\.stmcufinder\plugins\mcufinder
2024-11-24 13:17:25,846 [INFO] CrossReferenceDbSqlite:203 - Set database path to: C:\Users\ckckc\.stmcufinder\plugins\mcufinder//mcu/cs/
2024-11-24 13:17:26,012 [INFO] MainPanel:264 - HeapMemory: 268435456
2024-11-24 13:17:26,378 [INFO] DbMcusXml:78 - Set database path to: D:\ST\STM32CubeIDE_1.15.1\STM32CubeIDE\plugins\com.st.stm32cube.common.mx_6.11.1.202404110753\\db\/mcu/
2024-11-24 13:17:26,379 [INFO] ApiDb:274 - Set plugin database path to: D:\ST\STM32CubeIDE_1.15.1\STM32CubeIDE\plugins\com.st.stm32cube.common.mx_6.11.1.202404110753\\db\/plugins/boardmanager/
2024-11-24 13:17:26,379 [INFO] ApiDb:261 - Set plugin images path to: D:\ST\STM32CubeIDE_1.15.1\STM32CubeIDE\plugins\com.st.stm32cube.common.mx_6.11.1.202404110753\\db\/plugins/mcufinder/images/
2024-11-24 13:17:26,379 [WARN] DbFile:41 - Overriding database path with different value: C:\Users\ckckc\.stmcufinder\plugins\mcufinder/ => C:\Users\ckckc\.stmcufinder\plugins\mcufinder
2024-11-24 13:17:26,379 [INFO] ApiDb:250 - Set database path to: C:\Users\ckckc\.stmcufinder\plugins\mcufinder//mcu/
2024-11-24 13:17:26,379 [WARN] DbFile:41 - Overriding database path with different value: C:\Users\ckckc\.stmcufinder\plugins\mcufinder/ => C:\Users\ckckc\.stmcufinder\plugins\mcufinder
2024-11-24 13:17:26,379 [INFO] DbMcusAds:125 - Set database path to: C:\Users\ckckc\.stmcufinder\plugins\mcufinder//mcu/
2024-11-24 13:17:26,379 [WARN] DbFile:41 - Overriding database path with different value: C:\Users\ckckc\.stmcufinder\plugins\mcufinder/ => C:\Users\ckckc\.stmcufinder\plugins\mcufinder
2024-11-24 13:17:26,379 [WARN] DbFile:41 - Overriding database path with different value: C:\Users\ckckc\.stmcufinder\plugins\mcufinder/ => C:\Users\ckckc\.stmcufinder\plugins\mcufinder
2024-11-24 13:17:26,379 [INFO] CrossReferenceDbSqlite:203 - Set database path to: C:\Users\ckckc\.stmcufinder\plugins\mcufinder//mcu/cs/
2024-11-24 13:17:26,409 [INFO] ApplicationProperties:184 - Using Application install path: D:\ST\STM32CubeIDE_1.15.1\STM32CubeIDE\plugins\com.st.stm32cube.common.mx_6.11.1.202404110753
2024-11-24 13:17:26,419 [INFO] PluginManage:196 - Search for loadable plugins [exclusion list=, ]
2024-11-24 13:17:26,420 [INFO] PluginManage:310 - Check plugin analytics
2024-11-24 13:17:26,637 [INFO] AnalyticsPlugin:253 - Accepted Software Licenses: 
2024-11-24 13:17:26,637 [INFO] AnalyticsPlugin:255 - Accepted CMSIS Pack Licenses: 
2024-11-24 13:17:26,637 [INFO] AnalyticsPlugin:257 - Accepted Firmware Licenses: FW.F4.1.28.0
2024-11-24 13:17:26,639 [INFO] PluginManage:359 - Loaded plugin analytics (category:tool,tabindex:-1)
2024-11-24 13:17:26,639 [INFO] PluginManage:310 - Check plugin cadmodel
2024-11-24 13:17:26,721 [INFO] CADModel:105 - Init CAD model plugin
2024-11-24 13:17:26,721 [INFO] PluginManage:359 - Loaded plugin cadmodel (category:power,tabindex:5)
2024-11-24 13:17:26,721 [INFO] PluginManage:310 - Check plugin clock
2024-11-24 13:17:26,749 [INFO] PluginManage:359 - Loaded plugin clock (category:base,tabindex:2)
2024-11-24 13:17:26,749 [INFO] PluginManage:310 - Check plugin ddr
2024-11-24 13:17:26,764 [INFO] PluginManage:359 - Loaded plugin ddr (category:tool,tabindex:6)
2024-11-24 13:17:26,764 [INFO] PluginManage:310 - Check plugin filemanager
2024-11-24 13:17:26,956 [INFO] PluginManage:359 - Loaded plugin filemanager (category:base,tabindex:10)
2024-11-24 13:17:26,956 [INFO] PluginManage:310 - Check plugin ipmanager
2024-11-24 13:17:26,973 [INFO] PluginManage:359 - Loaded plugin ipmanager (category:base,tabindex:5)
2024-11-24 13:17:26,973 [INFO] PluginManage:310 - Check plugin lpbam
2024-11-24 13:17:26,996 [INFO] PluginManage:359 - Loaded plugin lpbam (category:base,tabindex:0)
2024-11-24 13:17:26,996 [INFO] PluginManage:310 - Check plugin memorymap
2024-11-24 13:17:27,033 [INFO] PluginManage:359 - Loaded plugin memorymap (category:base,tabindex:4)
2024-11-24 13:17:27,034 [INFO] PluginManage:310 - Check plugin pinoutandconfiguration
2024-11-24 13:17:27,052 [INFO] PluginManage:359 - Loaded plugin pinoutandconfiguration (category:base,tabindex:1)
2024-11-24 13:17:27,052 [INFO] PluginManage:310 - Check plugin pinoutconfig
2024-11-24 13:17:27,144 [WARN] SupportedApi:132 - Cannot load RTOS API schema: s4s-elt-must-match.1: The content of 'definitions' must match (annotation?, (simpleType | complexType)?, (unique | key | keyref)*)). A problem was found starting at: attribute.
2024-11-24 13:17:27,249 [INFO] PluginManage:359 - Loaded plugin pinoutconfig (category:base,tabindex:0)
2024-11-24 13:17:27,249 [INFO] PluginManage:310 - Check plugin power
2024-11-24 13:17:27,283 [INFO] PluginManage:359 - Loaded plugin power (category:power,tabindex:4)
2024-11-24 13:17:27,283 [INFO] PluginManage:310 - Check plugin projectmanager
2024-11-24 13:17:27,304 [INFO] PluginManage:359 - Loaded plugin projectmanager (category:projectmanager,tabindex:3)
2024-11-24 13:17:27,305 [INFO] PluginManage:310 - Check plugin thirdparty
2024-11-24 13:17:27,596 [INFO] PluginManage:359 - Loaded plugin thirdparty (category:base,tabindex:-1)
2024-11-24 13:17:27,596 [INFO] PluginManage:310 - Check plugin tools
2024-11-24 13:17:27,596 [WARN] IntegrityCheckThread:84 - waiting for thirdparty lock release [integrity check]
2024-11-24 13:17:27,596 [INFO] IntegrityCheckThread:86 - entering critical section [integrity check]
2024-11-24 13:17:27,596 [INFO] ThirdPartyUpdaterWithRetryManager:70 - Updater plugin not ready yet. [1/15]
2024-11-24 13:17:27,601 [INFO] PluginManage:359 - Loaded plugin tools (category:base,tabindex:7)
2024-11-24 13:17:27,601 [INFO] PluginManage:310 - Check plugin tutovideos
2024-11-24 13:17:27,825 [INFO] PluginManage:359 - Loaded plugin tutovideos (category:base,tabindex:-1)
2024-11-24 13:17:27,825 [INFO] PluginManage:310 - Check plugin updater
2024-11-24 13:17:27,862 [INFO] PluginManage:359 - Loaded plugin updater (category:base,tabindex:12)
2024-11-24 13:17:27,862 [INFO] PluginManage:310 - Check plugin userauth
2024-11-24 13:17:27,866 [INFO] UserAuth:114 - Init User Auth plugin
2024-11-24 13:17:27,866 [INFO] PluginManage:359 - Loaded plugin userauth (category:base,tabindex:14)
2024-11-24 13:17:27,866 [INFO] PluginManage:283 - PluginManage : Loaded plugins [17]
2024-11-24 13:17:28,329 [INFO] PinOutPanel:1561 - setPackage(No Configuration,No Configuration)
2024-11-24 13:17:28,541 [INFO] CADModel:165 - CPN selected for project level
2024-11-24 13:17:28,541 [INFO] CADModel:114 - Register for checkConnection events
2024-11-24 13:17:28,590 [INFO] IPUIPlugin:80 - create IPUIPlugin
2024-11-24 13:17:28,591 [INFO] PluginManager:220 - loadIPPluginJar : add adc
2024-11-24 13:17:28,592 [INFO] IPUIPlugin:80 - create IPUIPlugin
2024-11-24 13:17:28,593 [INFO] PluginManager:220 - loadIPPluginJar : add aes
2024-11-24 13:17:28,602 [INFO] IPUIPlugin:80 - create IPUIPlugin
2024-11-24 13:17:28,602 [INFO] PluginManager:220 - loadIPPluginJar : add can
2024-11-24 13:17:28,603 [INFO] IPUIPlugin:80 - create IPUIPlugin
2024-11-24 13:17:28,603 [INFO] PluginManager:220 - loadIPPluginJar : add comp
2024-11-24 13:17:28,605 [INFO] IPUIPlugin:80 - create IPUIPlugin
2024-11-24 13:17:28,605 [INFO] PluginManager:220 - loadIPPluginJar : add cryp
2024-11-24 13:17:28,607 [INFO] IPUIPlugin:80 - create IPUIPlugin
2024-11-24 13:17:28,607 [INFO] PluginManager:220 - loadIPPluginJar : add dfsdm
2024-11-24 13:17:28,617 [INFO] IPUIPlugin:80 - create IPUIPlugin
2024-11-24 13:17:28,618 [INFO] PluginManager:220 - loadIPPluginJar : add dma
2024-11-24 13:17:28,624 [INFO] IPUIPlugin:80 - create IPUIPlugin
2024-11-24 13:17:28,624 [INFO] PluginManager:220 - loadIPPluginJar : add dma3
2024-11-24 13:17:28,626 [INFO] IPUIPlugin:80 - create IPUIPlugin
2024-11-24 13:17:28,626 [INFO] PluginManager:220 - loadIPPluginJar : add extmemmanager
2024-11-24 13:17:28,643 [INFO] IPUIPlugin:80 - create IPUIPlugin
2024-11-24 13:17:28,643 [INFO] PluginManager:220 - loadIPPluginJar : add fatfs
2024-11-24 13:17:28,647 [INFO] IPUIPlugin:80 - create IPUIPlugin
2024-11-24 13:17:28,647 [INFO] PluginManager:220 - loadIPPluginJar : add fmc
2024-11-24 13:17:28,666 [INFO] IPUIPlugin:80 - create IPUIPlugin
2024-11-24 13:17:28,666 [INFO] PluginManager:220 - loadIPPluginJar : add freertos
2024-11-24 13:17:28,666 [INFO] IPUIPlugin:80 - create IPUIPlugin
2024-11-24 13:17:28,666 [INFO] PluginManager:220 - loadIPPluginJar : add genericplugin
2024-11-24 13:17:28,677 [INFO] IPUIPlugin:80 - create IPUIPlugin
2024-11-24 13:17:28,677 [INFO] PluginManager:220 - loadIPPluginJar : add gfxmmu
2024-11-24 13:17:28,694 [INFO] IPUIPlugin:80 - create IPUIPlugin
2024-11-24 13:17:28,694 [INFO] PluginManager:220 - loadIPPluginJar : add gic
2024-11-24 13:17:28,707 [INFO] IPUIPlugin:80 - create IPUIPlugin
2024-11-24 13:17:28,707 [INFO] PluginManager:220 - loadIPPluginJar : add gpio
2024-11-24 13:17:28,721 [INFO] IPUIPlugin:80 - create IPUIPlugin
2024-11-24 13:17:28,721 [INFO] PluginManager:220 - loadIPPluginJar : add gtzc
2024-11-24 13:17:28,725 [INFO] IPUIPlugin:80 - create IPUIPlugin
2024-11-24 13:17:28,725 [INFO] PluginManager:220 - loadIPPluginJar : add hash
2024-11-24 13:17:28,730 [INFO] IPUIPlugin:80 - create IPUIPlugin
2024-11-24 13:17:28,730 [INFO] PluginManager:220 - loadIPPluginJar : add i2c
2024-11-24 13:17:28,735 [INFO] IPUIPlugin:80 - create IPUIPlugin
2024-11-24 13:17:28,735 [INFO] PluginManager:220 - loadIPPluginJar : add i2s
2024-11-24 13:17:28,743 [INFO] IPUIPlugin:80 - create IPUIPlugin
2024-11-24 13:17:28,743 [INFO] PluginManager:220 - loadIPPluginJar : add i3c
2024-11-24 13:17:28,752 [INFO] IPUIPlugin:80 - create IPUIPlugin
2024-11-24 13:17:28,752 [INFO] PluginManager:220 - loadIPPluginJar : add ipddr
2024-11-24 13:17:28,783 [INFO] IPUIPlugin:80 - create IPUIPlugin
2024-11-24 13:17:28,783 [INFO] PluginManager:220 - loadIPPluginJar : add linkedlist
2024-11-24 13:17:28,785 [INFO] IPUIPlugin:80 - create IPUIPlugin
2024-11-24 13:17:28,785 [INFO] PluginManager:220 - loadIPPluginJar : add lorawan
2024-11-24 13:17:28,786 [INFO] IPUIPlugin:80 - create IPUIPlugin
2024-11-24 13:17:28,786 [INFO] PluginManager:220 - loadIPPluginJar : add ltdc
2024-11-24 13:17:28,790 [INFO] IPUIPlugin:80 - create IPUIPlugin
2024-11-24 13:17:28,790 [INFO] PluginManager:220 - loadIPPluginJar : add mdma
2024-11-24 13:17:28,792 [INFO] IPUIPlugin:80 - create IPUIPlugin
2024-11-24 13:17:28,793 [INFO] PluginManager:220 - loadIPPluginJar : add nvic
2024-11-24 13:17:28,795 [INFO] IPUIPlugin:80 - create IPUIPlugin
2024-11-24 13:17:28,795 [INFO] PluginManager:220 - loadIPPluginJar : add opamp
2024-11-24 13:17:28,809 [INFO] IPUIPlugin:80 - create IPUIPlugin
2024-11-24 13:17:28,809 [INFO] PluginManager:220 - loadIPPluginJar : add openamp
2024-11-24 13:17:28,812 [INFO] IPUIPlugin:80 - create IPUIPlugin
2024-11-24 13:17:28,812 [INFO] PluginManager:220 - loadIPPluginJar : add pdm2pcm
2024-11-24 13:17:28,824 [INFO] IPUIPlugin:80 - create IPUIPlugin
2024-11-24 13:17:28,826 [INFO] PluginManager:220 - loadIPPluginJar : add plateformsettings
2024-11-24 13:17:28,827 [INFO] IPUIPlugin:80 - create IPUIPlugin
2024-11-24 13:17:28,827 [INFO] PluginManager:220 - loadIPPluginJar : add quadspi
2024-11-24 13:17:28,837 [INFO] IPUIPlugin:80 - create IPUIPlugin
2024-11-24 13:17:28,837 [INFO] PluginManager:220 - loadIPPluginJar : add resmgrutility
2024-11-24 13:17:28,842 [INFO] IPUIPlugin:80 - create IPUIPlugin
2024-11-24 13:17:28,842 [INFO] PluginManager:220 - loadIPPluginJar : add sai
2024-11-24 13:17:28,843 [INFO] IPUIPlugin:80 - create IPUIPlugin
2024-11-24 13:17:28,843 [INFO] PluginManager:220 - loadIPPluginJar : add spi
2024-11-24 13:17:28,854 [INFO] IPUIPlugin:80 - create IPUIPlugin
2024-11-24 13:17:28,854 [INFO] PluginManager:220 - loadIPPluginJar : add stm32_wpan
2024-11-24 13:17:28,856 [INFO] IPUIPlugin:80 - create IPUIPlugin
2024-11-24 13:17:28,856 [INFO] PluginManager:220 - loadIPPluginJar : add tim
2024-11-24 13:17:28,858 [INFO] IPUIPlugin:80 - create IPUIPlugin
2024-11-24 13:17:28,858 [INFO] PluginManager:220 - loadIPPluginJar : add touchsensing
2024-11-24 13:17:28,859 [INFO] IPUIPlugin:80 - create IPUIPlugin
2024-11-24 13:17:28,860 [INFO] PluginManager:220 - loadIPPluginJar : add tracer_emb
2024-11-24 13:17:28,861 [INFO] IPUIPlugin:80 - create IPUIPlugin
2024-11-24 13:17:28,861 [INFO] PluginManager:220 - loadIPPluginJar : add ts
2024-11-24 13:17:28,862 [INFO] IPUIPlugin:80 - create IPUIPlugin
2024-11-24 13:17:28,862 [INFO] PluginManager:220 - loadIPPluginJar : add tsc
2024-11-24 13:17:28,864 [INFO] IPUIPlugin:80 - create IPUIPlugin
2024-11-24 13:17:28,864 [INFO] PluginManager:220 - loadIPPluginJar : add ucpd
2024-11-24 13:17:28,866 [INFO] IPUIPlugin:80 - create IPUIPlugin
2024-11-24 13:17:28,866 [INFO] PluginManager:220 - loadIPPluginJar : add usart
2024-11-24 13:17:28,868 [INFO] IPUIPlugin:80 - create IPUIPlugin
2024-11-24 13:17:28,868 [INFO] PluginManager:220 - loadIPPluginJar : add usbx
2024-11-24 13:17:29,023 [INFO] CADModel:165 - CPN selected for project level
2024-11-24 13:17:29,023 [INFO] CADModel:114 - Register for checkConnection events
2024-11-24 13:17:29,023 [FATAL] Updater:308 - Updater called before beeing initialized
2024-11-24 13:17:29,023 [ERROR] CADModel:125 - Updater not yet initialized, retry later 
2024-11-24 13:17:29,293 [INFO] CADModel:165 - CPN selected for project level
2024-11-24 13:17:29,293 [INFO] CADModel:114 - Register for checkConnection events
2024-11-24 13:17:29,293 [FATAL] Updater:308 - Updater called before beeing initialized
2024-11-24 13:17:29,293 [ERROR] CADModel:125 - Updater not yet initialized, retry later 
2024-11-24 13:17:29,296 [FATAL] Updater:308 - Updater called before beeing initialized
2024-11-24 13:17:29,404 [FATAL] Updater:308 - Updater called before beeing initialized
2024-11-24 13:17:29,416 [INFO] DbMcusAds:53 - JSON generation date=Fri Sep 20 22:04:23 KST 2024 (1726837463113)
2024-11-24 13:17:29,416 [FATAL] Updater:308 - Updater called before beeing initialized
2024-11-24 13:17:29,515 [WARN] DetailPanel:346 - Failed to get advertising image, set to default
2024-11-24 13:17:29,638 [FATAL] Updater:308 - Updater called before beeing initialized
2024-11-24 13:17:29,645 [FATAL] Updater:308 - Updater called before beeing initialized
2024-11-24 13:17:29,645 [FATAL] Updater:308 - Updater called before beeing initialized
2024-11-24 13:17:29,645 [WARN] DetailPanel:346 - Failed to get advertising image, set to default
2024-11-24 13:17:29,646 [FATAL] Updater:308 - Updater called before beeing initialized
2024-11-24 13:17:29,730 [ERROR] Updater:1120 - MainUpdater not yet initialized. External WinMGr cannot be set.
2024-11-24 13:17:29,740 [INFO] Updater:1056 - Updater Version found : 6.11.1
2024-11-24 13:17:29,777 [INFO] ApplicationProperties:184 - Using Application install path: D:\ST\STM32CubeIDE_1.15.1\STM32CubeIDE\plugins\com.st.stm32cube.common.mx_6.11.1.202404110753
2024-11-24 13:17:30,372 [INFO] MainUpdater:2873 - connection check result : 10
2024-11-24 13:17:30,373 [INFO] MainUpdater:290 - Updater Check For Update Now.
2024-11-24 13:17:30,373 [INFO] MicroXplorer:498 - Change Database Version : DB.6.0.111
2024-11-24 13:17:30,393 [INFO] McuFinderGlobals:63 - Set McuFinder mode to 2 (CubeIDE integrated)
2024-11-24 13:17:30,443 [INFO] UserAuth:415 - Internet connection configuration mode: 1
2024-11-24 13:17:30,521 [INFO] JxBrowserEngine:152 - Initiate JxBrowser Engine with user profile folder
2024-11-24 13:17:30,598 [WARN] MainUpdater:1194 - Updater busy. Cannot search thirdparties
2024-11-24 13:17:30,598 [INFO] ThirdPartyUpdaterWithRetryManager:96 - Updater plugin is busy. [1/15]
2024-11-24 13:17:30,618 [INFO] CheckServerUpdateThread:120 - End of CheckServer Thread
2024-11-24 13:17:34,239 [WARN] PackLoader:240 - Cannot read IP mode file for STMicroelectronics.FP-SNS-MOTENVWB1.1.4.0
2024-11-24 13:17:34,248 [WARN] PackLoader:240 - Cannot read IP mode file for STMicroelectronics.FP-ATR-ASTRA1.2.0.1
2024-11-24 13:17:34,256 [WARN] PackLoader:240 - Cannot read IP mode file for STMicroelectronics.X-CUBE-SMBUS.2.1.0
2024-11-24 13:17:34,267 [WARN] PackLoader:240 - Cannot read IP mode file for STMicroelectronics.X-CUBE-WB05N.1.1.0
2024-11-24 13:17:34,275 [WARN] PackLoader:240 - Cannot read IP mode file for STMicroelectronics.X-CUBE-TOUCHGFX.4.23.2
2024-11-24 13:17:34,301 [WARN] PackLoader:240 - Cannot read IP mode file for STMicroelectronics.X-CUBE-AZRTOS-F7.1.1.0
2024-11-24 13:17:34,404 [WARN] PackLoader:240 - Cannot read IP mode file for STMicroelectronics.X-CUBE-MEMS1.11.0.0
2024-11-24 13:17:34,594 [WARN] PackLoader:240 - Cannot read IP mode file for STMicroelectronics.FP-SNS-FLIGHT1.5.0.2
2024-11-24 13:17:34,629 [WARN] PackLoader:240 - Cannot read IP mode file for STMicroelectronics.X-CUBE-DISPLAY.3.0.0
2024-11-24 13:17:34,654 [WARN] PackLoader:240 - Cannot read IP mode file for STMicroelectronics.X-CUBE-BLE1.7.0.0
2024-11-24 13:17:34,670 [WARN] PackLoader:240 - Cannot read IP mode file for STMicroelectronics.X-CUBE-NFC10.1.0.0
2024-11-24 13:17:34,686 [WARN] PackLoader:240 - Cannot read IP mode file for emotas.I-CUBE-CANOPEN.1.3.0
2024-11-24 13:17:34,699 [WARN] PackLoader:240 - Cannot read IP mode file for STMicroelectronics.X-CUBE-BLEMGR.3.1.0
2024-11-24 13:17:34,733 [WARN] PackLoader:240 - Cannot read IP mode file for STMicroelectronics.FP-SNS-SMARTAG2.1.2.0
2024-11-24 13:17:34,762 [INFO] LogOutputStream:77 - [STDOUT_REDIRECT] 1 : Invalid condition id : UX_CORESTACK_Condition cause : null
2024-11-24 13:17:34,765 [INFO] LogOutputStream:77 - [STDOUT_REDIRECT] 1 : Invalid condition id : UX_CORESTACK_Condition cause : null
2024-11-24 13:17:34,766 [INFO] WebApp:161 - Instantiating new browser for Auth
2024-11-24 13:17:34,766 [INFO] LogOutputStream:77 - [STDOUT_REDIRECT] 1 : Invalid condition id : UX_CORESTACK_Condition cause : null
2024-11-24 13:17:34,768 [INFO] LogOutputStream:77 - [STDOUT_REDIRECT] 1 : Invalid condition id : UX_CORESTACK_Condition cause : null
2024-11-24 13:17:34,769 [INFO] LogOutputStream:77 - [STDOUT_REDIRECT] 1 : Invalid condition id : UX_CORESTACK_Condition cause : null
2024-11-24 13:17:34,772 [WARN] PackLoader:240 - Cannot read IP mode file for STMicroelectronics.X-CUBE-AZRTOS-WL.2.0.0
2024-11-24 13:17:34,783 [WARN] PackLoader:240 - Cannot read IP mode file for STMicroelectronics.FP-SNS-MOTENV1.5.0.0
2024-11-24 13:17:34,795 [WARN] PackLoader:240 - Cannot read IP mode file for wolfSSL.I-CUBE-wolfMQTT.1.19.0
2024-11-24 13:17:34,807 [WARN] PackLoader:240 - Cannot read IP mode file for WES.I-CUBE-Cesium.1.3.0
2024-11-24 13:17:34,835 [WARN] PackLoader:240 - Cannot read IP mode file for STMicroelectronics.X-CUBE-BLE2.3.3.0
2024-11-24 13:17:34,847 [WARN] PackLoader:240 - Cannot read IP mode file for STMicroelectronics.X-CUBE-NFC9.1.0.0
2024-11-24 13:17:34,872 [WARN] PackLoader:240 - Cannot read IP mode file for STMicroelectronics.X-CUBE-TCPP.4.1.0
2024-11-24 13:17:34,882 [WARN] PackLoader:240 - Cannot read IP mode file for STMicroelectronics.X-CUBE-ALGOBUILD.1.3.0
2024-11-24 13:17:34,905 [WARN] PackLoader:240 - Cannot read IP mode file for STMicroelectronics.X-CUBE-AZRTOS-G0.1.1.0
2024-11-24 13:17:34,917 [WARN] PackLoader:240 - Cannot read IP mode file for STMicroelectronics.X-CUBE-SAFEA1.1.2.2
2024-11-24 13:17:34,946 [WARN] PackLoader:240 - Cannot read IP mode file for STMicroelectronics.X-CUBE-NFC4.3.0.0
2024-11-24 13:17:34,960 [WARN] PackLoader:240 - Cannot read IP mode file for wolfSSL.I-CUBE-wolfMQTT.1.18.0
2024-11-24 13:17:34,998 [WARN] PackLoader:240 - Cannot read IP mode file for EmbeddedOffice.I-CUBE-FS-RTOS.1.0.1
2024-11-24 13:17:34,998 [ERROR] ConditionMgr:805 - Attr not supported : Dmpu
2024-11-24 13:17:34,998 [ERROR] ConditionMgr:805 - Attr not supported : Dmpu
2024-11-24 13:17:34,998 [ERROR] ConditionMgr:805 - Attr not supported : Dmpu
2024-11-24 13:17:34,998 [ERROR] ConditionMgr:805 - Attr not supported : Dmpu
2024-11-24 13:17:34,998 [ERROR] ConditionMgr:805 - Attr not supported : Dmpu
2024-11-24 13:17:34,999 [ERROR] ConditionMgr:805 - Attr not supported : Dmpu
2024-11-24 13:17:34,999 [ERROR] ConditionMgr:805 - Attr not supported : Dmpu
2024-11-24 13:17:34,999 [ERROR] ConditionMgr:805 - Attr not supported : Dmpu
2024-11-24 13:17:34,999 [ERROR] ConditionMgr:805 - Attr not supported : Dmpu
2024-11-24 13:17:34,999 [ERROR] ConditionMgr:805 - Attr not supported : Dmpu
2024-11-24 13:17:34,999 [ERROR] ConditionMgr:805 - Attr not supported : Dmpu
2024-11-24 13:17:34,999 [ERROR] ConditionMgr:805 - Attr not supported : Dmpu
2024-11-24 13:17:34,999 [ERROR] ConditionMgr:805 - Attr not supported : Dmpu
2024-11-24 13:17:34,999 [ERROR] ConditionMgr:805 - Attr not supported : Dmpu
2024-11-24 13:17:34,999 [ERROR] ConditionMgr:805 - Attr not supported : Dmpu
2024-11-24 13:17:34,999 [ERROR] ConditionMgr:805 - Attr not supported : Dmpu
2024-11-24 13:17:34,999 [ERROR] ConditionMgr:805 - Attr not supported : Dmpu
2024-11-24 13:17:34,999 [ERROR] ConditionMgr:805 - Attr not supported : Dmpu
2024-11-24 13:17:34,999 [ERROR] ConditionMgr:805 - Attr not supported : Dmpu
2024-11-24 13:17:34,999 [ERROR] ConditionMgr:805 - Attr not supported : Dmpu
2024-11-24 13:17:34,999 [ERROR] ConditionMgr:805 - Attr not supported : Dmpu
2024-11-24 13:17:35,000 [ERROR] ConditionMgr:805 - Attr not supported : Dmpu
2024-11-24 13:17:35,000 [ERROR] ConditionMgr:805 - Attr not supported : Dmpu
2024-11-24 13:17:35,000 [ERROR] ConditionMgr:805 - Attr not supported : Dmpu
2024-11-24 13:17:35,000 [ERROR] ConditionMgr:805 - Attr not supported : Dmpu
2024-11-24 13:17:35,000 [ERROR] ConditionMgr:805 - Attr not supported : Dmpu
2024-11-24 13:17:35,000 [ERROR] ConditionMgr:805 - Attr not supported : Dmpu
2024-11-24 13:17:35,000 [ERROR] ConditionMgr:805 - Attr not supported : Dmpu
2024-11-24 13:17:35,000 [ERROR] ConditionMgr:805 - Attr not supported : Dmpu
2024-11-24 13:17:35,000 [ERROR] ConditionMgr:805 - Attr not supported : Dmpu
2024-11-24 13:17:35,000 [ERROR] ConditionMgr:805 - Attr not supported : Dmpu
2024-11-24 13:17:35,000 [ERROR] ConditionMgr:805 - Attr not supported : Dmpu
2024-11-24 13:17:35,000 [ERROR] ConditionMgr:805 - Attr not supported : Dmpu
2024-11-24 13:17:35,001 [ERROR] ConditionMgr:805 - Attr not supported : Dmpu
2024-11-24 13:17:35,001 [ERROR] ConditionMgr:805 - Attr not supported : Dmpu
2024-11-24 13:17:35,001 [ERROR] ConditionMgr:805 - Attr not supported : Dmpu
2024-11-24 13:17:35,001 [ERROR] ConditionMgr:805 - Attr not supported : Dmpu
2024-11-24 13:17:35,001 [ERROR] ConditionMgr:805 - Attr not supported : Dmpu
2024-11-24 13:17:35,001 [ERROR] ConditionMgr:805 - Attr not supported : Dmpu
2024-11-24 13:17:35,001 [ERROR] ConditionMgr:805 - Attr not supported : Dmpu
2024-11-24 13:17:35,001 [ERROR] ConditionMgr:805 - Attr not supported : Dmpu
2024-11-24 13:17:35,001 [ERROR] ConditionMgr:805 - Attr not supported : Dmpu
2024-11-24 13:17:35,001 [ERROR] ConditionMgr:805 - Attr not supported : Dmpu
2024-11-24 13:17:35,001 [ERROR] ConditionMgr:805 - Attr not supported : Dmpu
2024-11-24 13:17:35,001 [ERROR] ConditionMgr:805 - Attr not supported : Dmpu
2024-11-24 13:17:35,002 [ERROR] ConditionMgr:805 - Attr not supported : Dmpu
2024-11-24 13:17:35,002 [ERROR] ConditionMgr:805 - Attr not supported : Dmpu
2024-11-24 13:17:35,002 [ERROR] ConditionMgr:805 - Attr not supported : Dmpu
2024-11-24 13:17:35,002 [ERROR] ConditionMgr:805 - Attr not supported : Dmpu
2024-11-24 13:17:35,002 [ERROR] ConditionMgr:805 - Attr not supported : Dmpu
2024-11-24 13:17:35,002 [ERROR] ConditionMgr:805 - Attr not supported : Dmpu
2024-11-24 13:17:35,002 [ERROR] ConditionMgr:805 - Attr not supported : Dmpu
2024-11-24 13:17:35,002 [ERROR] ConditionMgr:805 - Attr not supported : Dmpu
2024-11-24 13:17:35,002 [ERROR] ConditionMgr:805 - Attr not supported : Dmpu
2024-11-24 13:17:35,002 [ERROR] ConditionMgr:805 - Attr not supported : Dmpu
2024-11-24 13:17:35,002 [ERROR] ConditionMgr:805 - Attr not supported : Dmpu
2024-11-24 13:17:35,002 [ERROR] ConditionMgr:805 - Attr not supported : Dmpu
2024-11-24 13:17:35,002 [ERROR] ConditionMgr:805 - Attr not supported : Dmpu
2024-11-24 13:17:35,002 [ERROR] ConditionMgr:805 - Attr not supported : Dmpu
2024-11-24 13:17:35,003 [ERROR] ConditionMgr:805 - Attr not supported : Dmpu
2024-11-24 13:17:35,003 [ERROR] ConditionMgr:805 - Attr not supported : Dmpu
2024-11-24 13:17:35,003 [ERROR] ConditionMgr:805 - Attr not supported : Dmpu
2024-11-24 13:17:35,003 [ERROR] ConditionMgr:805 - Attr not supported : Dmpu
2024-11-24 13:17:35,003 [ERROR] ConditionMgr:805 - Attr not supported : Dmpu
2024-11-24 13:17:35,035 [WARN] PackLoader:240 - Cannot read IP mode file for RealThread.X-CUBE-RT-Thread_Nano.4.1.1
2024-11-24 13:17:35,045 [WARN] PackLoader:240 - Cannot read IP mode file for wolfSSL.I-CUBE-wolfSSL.5.7.0
2024-11-24 13:17:35,056 [WARN] PackLoader:240 - Cannot read IP mode file for STMicroelectronics.FP-ATR-SIGFOX1.3.2.0
2024-11-24 13:17:35,065 [WARN] ConditionMgr:438 - getConditionDescription Invalid condition id : Cortex-A Device cause : null
2024-11-24 13:17:35,107 [WARN] ConditionMgr:1039 - genDependencies : Invalid condition id : Cortex-A Device cause : null
2024-11-24 13:17:35,107 [WARN] ConditionMgr:1039 - genDependencies : Invalid condition id : Cortex-A Device cause : null
2024-11-24 13:17:35,107 [WARN] ConditionMgr:1039 - genDependencies : Invalid condition id : Cortex-A Device cause : null
2024-11-24 13:17:35,134 [WARN] PackLoader:240 - Cannot read IP mode file for STMicroelectronics.X-CUBE-EEPRMA1.5.1.0
2024-11-24 13:17:35,152 [WARN] PackLoader:240 - Cannot read IP mode file for ITTIA_DB.I-CUBE-ITTIADB.8.9.0
2024-11-24 13:17:35,193 [WARN] PackLoader:240 - Cannot read IP mode file for SEGGER.I-CUBE-embOS.1.3.1
2024-11-24 13:17:35,229 [WARN] PackLoader:240 - Cannot read IP mode file for STMicroelectronics.X-CUBE-ALGOBUILD.1.4.0
2024-11-24 13:17:35,243 [WARN] PackLoader:240 - Cannot read IP mode file for STMicroelectronics.X-CUBE-AI.9.1.0
2024-11-24 13:17:35,251 [WARN] PackLoader:240 - Cannot read IP mode file for STMicroelectronics.X-CUBE-GNSS1.6.0.0
2024-11-24 13:17:35,270 [WARN] PackLoader:240 - Cannot read IP mode file for STMicroelectronics.X-CUBE-AZRTOS-F4.1.1.0
2024-11-24 13:17:35,279 [WARN] PackLoader:240 - Cannot read IP mode file for STMicroelectronics.X-CUBE-ISPU.2.1.0
2024-11-24 13:17:35,287 [WARN] PackLoader:240 - Cannot read IP mode file for STMicroelectronics.X-CUBE-FREERTOS.1.2.0
2024-11-24 13:17:35,312 [WARN] PackLoader:240 - Cannot read IP mode file for STMicroelectronics.X-CUBE-AZRTOS-L5.2.0.0
2024-11-24 13:17:35,323 [WARN] PackLoader:240 - Cannot read IP mode file for STMicroelectronics.X-CUBE-NFC6.3.1.0
2024-11-24 13:17:35,330 [INFO] WebApp:779 - Register for checkConnection events
2024-11-24 13:17:35,330 [INFO] WebApp:414 - Apply proxy settings
2024-11-24 13:17:35,330 [INFO] WebApp:499 - Chromium requires no authentication
2024-11-24 13:17:35,332 [WARN] PackLoader:240 - Cannot read IP mode file for STMicroelectronics.X-CUBE-DPower.1.2.0
2024-11-24 13:17:35,338 [INFO] WebApp:442 - Direct internet connection detected
2024-11-24 13:17:35,341 [WARN] PackLoader:240 - Cannot read IP mode file for STMicroelectronics.X-CUBE-AI.9.0.0
2024-11-24 13:17:35,346 [WARN] PackLoader:240 - Cannot read IP mode file for STMicroelectronics.X-CUBE-NFC7.1.0.1
2024-11-24 13:17:35,351 [WARN] PackLoader:240 - Cannot read IP mode file for wolfSSL.I-CUBE-wolfTPM.3.2.0
2024-11-24 13:17:35,364 [WARN] ConditionMgr:438 - getConditionDescription Invalid condition id : LAN8742 Phy interface Condition cause : null
2024-11-24 13:17:35,364 [WARN] PackLoader:240 - Cannot read IP mode file for STMicroelectronics.X-CUBE-AZRTOS-L4.2.0.0
2024-11-24 13:17:35,365 [WARN] ConditionMgr:1039 - genDependencies : Invalid condition id : LAN8742 Phy interface Condition cause : null
2024-11-24 13:17:35,365 [WARN] ConditionMgr:1039 - genDependencies : Invalid condition id : LAN8742 Phy interface Condition cause : null
2024-11-24 13:17:35,366 [WARN] ConditionMgr:1039 - genDependencies : Invalid condition id : LAN8742 Phy interface Condition cause : null
2024-11-24 13:17:35,377 [WARN] PackLoader:240 - Cannot read IP mode file for STMicroelectronics.X-CUBE-SFXS2LP1.4.0.0
2024-11-24 13:17:35,392 [WARN] PackLoader:240 - Cannot read IP mode file for STMicroelectronics.X-CUBE-AZRTOS-H7.3.3.0
2024-11-24 13:17:35,406 [WARN] PackLoader:240 - Cannot read IP mode file for STMicroelectronics.X-CUBE-IPS.3.0.0
2024-11-24 13:17:35,418 [WARN] ConditionMgr:438 - getConditionDescription Invalid condition id : UX DEVICE CLASS RTOS Condition cause : null
2024-11-24 13:17:35,418 [WARN] ConditionMgr:438 - getConditionDescription Invalid condition id : UX DEVICE CLASS RTOS Condition cause : null
2024-11-24 13:17:35,419 [WARN] PackLoader:240 - Cannot read IP mode file for STMicroelectronics.X-CUBE-AZRTOS-WB.2.0.0
2024-11-24 13:17:35,420 [WARN] ConditionMgr:1039 - genDependencies : Invalid condition id : UX DEVICE CLASS RTOS Condition cause : null
2024-11-24 13:17:35,420 [WARN] ConditionMgr:1039 - genDependencies : Invalid condition id : UX DEVICE CLASS RTOS Condition cause : null
2024-11-24 13:17:35,420 [WARN] ConditionMgr:1039 - genDependencies : Invalid condition id : UX DEVICE CLASS RTOS Condition cause : null
2024-11-24 13:17:35,420 [WARN] ConditionMgr:1039 - genDependencies : Invalid condition id : UX DEVICE CLASS RTOS Condition cause : null
2024-11-24 13:17:35,421 [WARN] ConditionMgr:1039 - genDependencies : Invalid condition id : UX DEVICE CLASS RTOS Condition cause : null
2024-11-24 13:17:35,429 [WARN] PackLoader:240 - Cannot read IP mode file for STMicroelectronics.X-CUBE-GNSS1.7.0.0
2024-11-24 13:17:35,443 [WARN] PackLoader:240 - Cannot read IP mode file for STMicroelectronics.FP-SNS-STBOX1.2.0.0
2024-11-24 13:17:35,452 [WARN] PackLoader:240 - Cannot read IP mode file for STMicroelectronics.X-CUBE-SUBG2.5.0.0
2024-11-24 13:17:35,467 [WARN] PackLoader:240 - Cannot read IP mode file for STMicroelectronics.X-CUBE-AZRTOS-G4.2.0.0
2024-11-24 13:17:35,480 [WARN] PackLoader:240 - Cannot read IP mode file for STMicroelectronics.X-CUBE-ISPU.2.0.0
2024-11-24 13:17:35,485 [WARN] PackLoader:240 - Cannot read IP mode file for STMicroelectronics.X-CUBE-ALS.1.0.2
2024-11-24 13:17:35,514 [WARN] PackLoader:240 - Cannot read IP mode file for STMicroelectronics.X-CUBE-MEMS1.10.0.0
2024-11-24 13:17:35,529 [INFO] WebApp:192 - Starting web application
2024-11-24 13:17:35,529 [INFO] WebApp:544 - Web application path used D:\ST\STM32CubeIDE_1.15.1\STM32CubeIDE\plugins\com.st.stm32cube.common.mx_6.11.1.202404110753\db\plugins\mcufinder\reactClient1\index.html
2024-11-24 13:17:35,631 [WARN] PackLoader:240 - Cannot read IP mode file for STMicroelectronics.X-CUBE-TOUCHGFX.4.24.0
2024-11-24 13:17:35,640 [WARN] PackLoader:240 - Cannot read IP mode file for STMicroelectronics.X-CUBE-TOUCHGFX.4.24.1
2024-11-24 13:17:35,657 [WARN] PackLoader:240 - Cannot read IP mode file for portGmbH.I-Cube-SoM-uGOAL.1.1.0
2024-11-24 13:17:35,662 [WARN] PackLoader:240 - Cannot read IP mode file for STMicroelectronics.X-CUBE-ALS.1.0.1
2024-11-24 13:17:35,680 [WARN] PackLoader:240 - Cannot read IP mode file for STMicroelectronics.X-CUBE-AZRTOS-H7RS.1.0.0
2024-11-24 13:17:35,685 [WARN] PackLoader:240 - Cannot read IP mode file for STMicroelectronics.FP-ATR-ASTRA1.2.0.0
2024-11-24 13:17:35,694 [WARN] PackLoader:240 - Cannot read IP mode file for STMicroelectronics.X-CUBE-TOF1.3.4.2
2024-11-24 13:17:35,715 [WARN] PackLoader:240 - Cannot read IP mode file for STMicroelectronics.X-CUBE-TOF1.3.4.1
2024-11-24 13:17:35,737 [WARN] PackLoader:240 - Cannot read IP mode file for STMicroelectronics.X-CUBE-AZRTOS-H7.3.2.0
2024-11-24 13:17:35,750 [WARN] PackLoader:240 - Cannot read IP mode file for Infineon.AIROC-Wi-Fi-Bluetooth-STM32.1.6.0
2024-11-24 13:17:35,756 [WARN] PackLoader:240 - Cannot read IP mode file for wolfSSL.I-CUBE-wolfSSH.1.4.17
2024-11-24 13:17:35,756 [INFO] ThirdParty:978 - Integrity check success = true
2024-11-24 13:17:35,756 [INFO] IntegrityCheckThread:100 - exiting critical section [integrity check]
2024-11-24 13:17:35,756 [INFO] IntegrityCheckThread:103 - End integrity checks thread
2024-11-24 13:28:17,062 [ERROR] LogOutputStream:75 - [STDERR_REDIRECT] 
