2024-11-30 10:24:49,043 [INFO] Activator:176 - 


2024-11-30 10:24:49,048 [INFO] Activator:177 - !SESSION log4j initialized
2024-11-30 10:24:57,841 [INFO] LogOutputStream:77 - [STDOUT_REDIRECT] 
2024-11-30 10:25:03,503 [INFO] ApplicationProperties:184 - Using Application install path: D:\ST\STM32CubeIDE_1.15.1\STM32CubeIDE\plugins\com.st.stm32cube.common.mx_6.11.1.202404110753
2024-11-30 10:25:03,538 [INFO] DbMcusXml:78 - Set database path to: D:\ST\STM32CubeIDE_1.15.1\STM32CubeIDE\plugins\com.st.stm32cube.common.mx_6.11.1.202404110753\\db\/mcu/
2024-11-30 10:25:03,538 [INFO] ApiDb:274 - Set plugin database path to: D:\ST\STM32CubeIDE_1.15.1\STM32CubeIDE\plugins\com.st.stm32cube.common.mx_6.11.1.202404110753\\db\/plugins/boardmanager/
2024-11-30 10:25:03,538 [WARN] ApiDb:259 - Overriding images path with different value:  => D:\ST\STM32CubeIDE_1.15.1\STM32CubeIDE\plugins\com.st.stm32cube.common.mx_6.11.1.202404110753\\db\/plugins/mcufinder/images/
2024-11-30 10:25:03,620 [INFO] ApiDb:250 - Set database path to: C:\Users\ckckc\.stmcufinder\plugins\mcufinder//mcu/
2024-11-30 10:25:03,621 [INFO] DbMcusAds:125 - Set database path to: C:\Users\ckckc\.stmcufinder\plugins\mcufinder//mcu/
2024-11-30 10:25:03,622 [INFO] CrossReferenceDbSqlite:203 - Set database path to: C:\Users\ckckc\.stmcufinder\plugins\mcufinder//mcu/cs/
2024-11-30 10:25:03,813 [INFO] RulesReader:64 - Compatibility file has been processed (297 Rules)
2024-11-30 10:25:03,928 [INFO] DbMcusXml:78 - Set database path to: D:\ST\STM32CubeIDE_1.15.1\STM32CubeIDE\plugins\com.st.stm32cube.common.mx_6.11.1.202404110753\\db\/mcu/
2024-11-30 10:25:03,928 [INFO] ApiDb:274 - Set plugin database path to: D:\ST\STM32CubeIDE_1.15.1\STM32CubeIDE\plugins\com.st.stm32cube.common.mx_6.11.1.202404110753\\db\/plugins/boardmanager/
2024-11-30 10:25:03,929 [INFO] ApiDb:261 - Set plugin images path to: D:\ST\STM32CubeIDE_1.15.1\STM32CubeIDE\plugins\com.st.stm32cube.common.mx_6.11.1.202404110753\\db\/plugins/mcufinder/images/
2024-11-30 10:25:03,929 [WARN] DbFile:41 - Overriding database path with different value: C:\Users\ckckc\.stmcufinder\plugins\mcufinder/ => C:\Users\ckckc\.stmcufinder\plugins\mcufinder
2024-11-30 10:25:03,929 [INFO] ApiDb:250 - Set database path to: C:\Users\ckckc\.stmcufinder\plugins\mcufinder//mcu/
2024-11-30 10:25:03,929 [WARN] DbFile:41 - Overriding database path with different value: C:\Users\ckckc\.stmcufinder\plugins\mcufinder/ => C:\Users\ckckc\.stmcufinder\plugins\mcufinder
2024-11-30 10:25:03,929 [INFO] DbMcusAds:125 - Set database path to: C:\Users\ckckc\.stmcufinder\plugins\mcufinder//mcu/
2024-11-30 10:25:03,929 [WARN] DbFile:41 - Overriding database path with different value: C:\Users\ckckc\.stmcufinder\plugins\mcufinder/ => C:\Users\ckckc\.stmcufinder\plugins\mcufinder
2024-11-30 10:25:03,929 [WARN] DbFile:41 - Overriding database path with different value: C:\Users\ckckc\.stmcufinder\plugins\mcufinder/ => C:\Users\ckckc\.stmcufinder\plugins\mcufinder
2024-11-30 10:25:03,929 [INFO] CrossReferenceDbSqlite:203 - Set database path to: C:\Users\ckckc\.stmcufinder\plugins\mcufinder//mcu/cs/
2024-11-30 10:25:04,017 [INFO] MainPanel:264 - HeapMemory: 268435456
2024-11-30 10:25:04,118 [INFO] DbMcusXml:78 - Set database path to: D:\ST\STM32CubeIDE_1.15.1\STM32CubeIDE\plugins\com.st.stm32cube.common.mx_6.11.1.202404110753\\db\/mcu/
2024-11-30 10:25:04,118 [INFO] ApiDb:274 - Set plugin database path to: D:\ST\STM32CubeIDE_1.15.1\STM32CubeIDE\plugins\com.st.stm32cube.common.mx_6.11.1.202404110753\\db\/plugins/boardmanager/
2024-11-30 10:25:04,118 [INFO] ApiDb:261 - Set plugin images path to: D:\ST\STM32CubeIDE_1.15.1\STM32CubeIDE\plugins\com.st.stm32cube.common.mx_6.11.1.202404110753\\db\/plugins/mcufinder/images/
2024-11-30 10:25:04,119 [WARN] DbFile:41 - Overriding database path with different value: C:\Users\ckckc\.stmcufinder\plugins\mcufinder/ => C:\Users\ckckc\.stmcufinder\plugins\mcufinder
2024-11-30 10:25:04,119 [INFO] ApiDb:250 - Set database path to: C:\Users\ckckc\.stmcufinder\plugins\mcufinder//mcu/
2024-11-30 10:25:04,119 [WARN] DbFile:41 - Overriding database path with different value: C:\Users\ckckc\.stmcufinder\plugins\mcufinder/ => C:\Users\ckckc\.stmcufinder\plugins\mcufinder
2024-11-30 10:25:04,119 [INFO] DbMcusAds:125 - Set database path to: C:\Users\ckckc\.stmcufinder\plugins\mcufinder//mcu/
2024-11-30 10:25:04,119 [WARN] DbFile:41 - Overriding database path with different value: C:\Users\ckckc\.stmcufinder\plugins\mcufinder/ => C:\Users\ckckc\.stmcufinder\plugins\mcufinder
2024-11-30 10:25:04,119 [WARN] DbFile:41 - Overriding database path with different value: C:\Users\ckckc\.stmcufinder\plugins\mcufinder/ => C:\Users\ckckc\.stmcufinder\plugins\mcufinder
2024-11-30 10:25:04,119 [INFO] CrossReferenceDbSqlite:203 - Set database path to: C:\Users\ckckc\.stmcufinder\plugins\mcufinder//mcu/cs/
2024-11-30 10:25:04,133 [INFO] ApplicationProperties:184 - Using Application install path: D:\ST\STM32CubeIDE_1.15.1\STM32CubeIDE\plugins\com.st.stm32cube.common.mx_6.11.1.202404110753
2024-11-30 10:25:04,134 [INFO] PluginManage:196 - Search for loadable plugins [exclusion list=, ]
2024-11-30 10:25:04,135 [INFO] PluginManage:310 - Check plugin analytics
2024-11-30 10:25:04,339 [INFO] AnalyticsPlugin:253 - Accepted Software Licenses: 
2024-11-30 10:25:04,339 [INFO] AnalyticsPlugin:255 - Accepted CMSIS Pack Licenses: 
2024-11-30 10:25:04,339 [INFO] AnalyticsPlugin:257 - Accepted Firmware Licenses: FW.F4.1.28.0
2024-11-30 10:25:04,341 [INFO] PluginManage:359 - Loaded plugin analytics (category:tool,tabindex:-1)
2024-11-30 10:25:04,341 [INFO] PluginManage:310 - Check plugin cadmodel
2024-11-30 10:25:04,373 [INFO] CADModel:105 - Init CAD model plugin
2024-11-30 10:25:04,373 [INFO] PluginManage:359 - Loaded plugin cadmodel (category:power,tabindex:5)
2024-11-30 10:25:04,373 [INFO] PluginManage:310 - Check plugin clock
2024-11-30 10:25:04,401 [INFO] PluginManage:359 - Loaded plugin clock (category:base,tabindex:2)
2024-11-30 10:25:04,401 [INFO] PluginManage:310 - Check plugin ddr
2024-11-30 10:25:04,415 [INFO] PluginManage:359 - Loaded plugin ddr (category:tool,tabindex:6)
2024-11-30 10:25:04,416 [INFO] PluginManage:310 - Check plugin filemanager
2024-11-30 10:25:04,816 [INFO] PluginManage:359 - Loaded plugin filemanager (category:base,tabindex:10)
2024-11-30 10:25:04,816 [INFO] PluginManage:310 - Check plugin ipmanager
2024-11-30 10:25:04,832 [INFO] PluginManage:359 - Loaded plugin ipmanager (category:base,tabindex:5)
2024-11-30 10:25:04,832 [INFO] PluginManage:310 - Check plugin lpbam
2024-11-30 10:25:04,855 [INFO] PluginManage:359 - Loaded plugin lpbam (category:base,tabindex:0)
2024-11-30 10:25:04,855 [INFO] PluginManage:310 - Check plugin memorymap
2024-11-30 10:25:04,894 [INFO] PluginManage:359 - Loaded plugin memorymap (category:base,tabindex:4)
2024-11-30 10:25:04,894 [INFO] PluginManage:310 - Check plugin pinoutandconfiguration
2024-11-30 10:25:04,912 [INFO] PluginManage:359 - Loaded plugin pinoutandconfiguration (category:base,tabindex:1)
2024-11-30 10:25:04,912 [INFO] PluginManage:310 - Check plugin pinoutconfig
2024-11-30 10:25:05,019 [WARN] SupportedApi:132 - Cannot load RTOS API schema: s4s-elt-must-match.1: The content of 'definitions' must match (annotation?, (simpleType | complexType)?, (unique | key | keyref)*)). A problem was found starting at: attribute.
2024-11-30 10:25:05,124 [INFO] PluginManage:359 - Loaded plugin pinoutconfig (category:base,tabindex:0)
2024-11-30 10:25:05,124 [INFO] PluginManage:310 - Check plugin power
2024-11-30 10:25:05,159 [INFO] PluginManage:359 - Loaded plugin power (category:power,tabindex:4)
2024-11-30 10:25:05,159 [INFO] PluginManage:310 - Check plugin projectmanager
2024-11-30 10:25:05,181 [INFO] PluginManage:359 - Loaded plugin projectmanager (category:projectmanager,tabindex:3)
2024-11-30 10:25:05,181 [INFO] PluginManage:310 - Check plugin thirdparty
2024-11-30 10:25:05,464 [INFO] PluginManage:359 - Loaded plugin thirdparty (category:base,tabindex:-1)
2024-11-30 10:25:05,464 [INFO] PluginManage:310 - Check plugin tools
2024-11-30 10:25:05,464 [WARN] IntegrityCheckThread:84 - waiting for thirdparty lock release [integrity check]
2024-11-30 10:25:05,464 [INFO] IntegrityCheckThread:86 - entering critical section [integrity check]
2024-11-30 10:25:05,464 [INFO] ThirdPartyUpdaterWithRetryManager:70 - Updater plugin not ready yet. [1/15]
2024-11-30 10:25:05,469 [INFO] PluginManage:359 - Loaded plugin tools (category:base,tabindex:7)
2024-11-30 10:25:05,469 [INFO] PluginManage:310 - Check plugin tutovideos
2024-11-30 10:25:05,642 [INFO] PluginManage:359 - Loaded plugin tutovideos (category:base,tabindex:-1)
2024-11-30 10:25:05,642 [INFO] PluginManage:310 - Check plugin updater
2024-11-30 10:25:05,680 [INFO] PluginManage:359 - Loaded plugin updater (category:base,tabindex:12)
2024-11-30 10:25:05,680 [INFO] PluginManage:310 - Check plugin userauth
2024-11-30 10:25:05,692 [INFO] UserAuth:114 - Init User Auth plugin
2024-11-30 10:25:05,692 [INFO] PluginManage:359 - Loaded plugin userauth (category:base,tabindex:14)
2024-11-30 10:25:05,692 [INFO] PluginManage:283 - PluginManage : Loaded plugins [17]
2024-11-30 10:25:05,958 [INFO] PinOutPanel:1561 - setPackage(No Configuration,No Configuration)
2024-11-30 10:25:06,101 [INFO] CADModel:165 - CPN selected for project level
2024-11-30 10:25:06,102 [INFO] CADModel:114 - Register for checkConnection events
2024-11-30 10:25:06,163 [INFO] IPUIPlugin:80 - create IPUIPlugin
2024-11-30 10:25:06,163 [INFO] PluginManager:220 - loadIPPluginJar : add adc
2024-11-30 10:25:06,170 [INFO] IPUIPlugin:80 - create IPUIPlugin
2024-11-30 10:25:06,170 [INFO] PluginManager:220 - loadIPPluginJar : add aes
2024-11-30 10:25:06,179 [INFO] IPUIPlugin:80 - create IPUIPlugin
2024-11-30 10:25:06,179 [INFO] PluginManager:220 - loadIPPluginJar : add can
2024-11-30 10:25:06,185 [INFO] IPUIPlugin:80 - create IPUIPlugin
2024-11-30 10:25:06,186 [INFO] PluginManager:220 - loadIPPluginJar : add comp
2024-11-30 10:25:06,187 [INFO] IPUIPlugin:80 - create IPUIPlugin
2024-11-30 10:25:06,187 [INFO] PluginManager:220 - loadIPPluginJar : add cryp
2024-11-30 10:25:06,189 [INFO] IPUIPlugin:80 - create IPUIPlugin
2024-11-30 10:25:06,189 [INFO] PluginManager:220 - loadIPPluginJar : add dfsdm
2024-11-30 10:25:06,203 [INFO] IPUIPlugin:80 - create IPUIPlugin
2024-11-30 10:25:06,203 [INFO] PluginManager:220 - loadIPPluginJar : add dma
2024-11-30 10:25:06,210 [INFO] IPUIPlugin:80 - create IPUIPlugin
2024-11-30 10:25:06,210 [INFO] PluginManager:220 - loadIPPluginJar : add dma3
2024-11-30 10:25:06,212 [INFO] IPUIPlugin:80 - create IPUIPlugin
2024-11-30 10:25:06,212 [INFO] PluginManager:220 - loadIPPluginJar : add extmemmanager
2024-11-30 10:25:06,228 [INFO] IPUIPlugin:80 - create IPUIPlugin
2024-11-30 10:25:06,228 [INFO] PluginManager:220 - loadIPPluginJar : add fatfs
2024-11-30 10:25:06,231 [INFO] IPUIPlugin:80 - create IPUIPlugin
2024-11-30 10:25:06,231 [INFO] PluginManager:220 - loadIPPluginJar : add fmc
2024-11-30 10:25:06,249 [INFO] IPUIPlugin:80 - create IPUIPlugin
2024-11-30 10:25:06,249 [INFO] PluginManager:220 - loadIPPluginJar : add freertos
2024-11-30 10:25:06,250 [INFO] IPUIPlugin:80 - create IPUIPlugin
2024-11-30 10:25:06,251 [INFO] PluginManager:220 - loadIPPluginJar : add genericplugin
2024-11-30 10:25:06,263 [INFO] IPUIPlugin:80 - create IPUIPlugin
2024-11-30 10:25:06,263 [INFO] PluginManager:220 - loadIPPluginJar : add gfxmmu
2024-11-30 10:25:06,280 [INFO] IPUIPlugin:80 - create IPUIPlugin
2024-11-30 10:25:06,280 [INFO] PluginManager:220 - loadIPPluginJar : add gic
2024-11-30 10:25:06,292 [INFO] IPUIPlugin:80 - create IPUIPlugin
2024-11-30 10:25:06,292 [INFO] PluginManager:220 - loadIPPluginJar : add gpio
2024-11-30 10:25:06,307 [INFO] IPUIPlugin:80 - create IPUIPlugin
2024-11-30 10:25:06,307 [INFO] PluginManager:220 - loadIPPluginJar : add gtzc
2024-11-30 10:25:06,310 [INFO] IPUIPlugin:80 - create IPUIPlugin
2024-11-30 10:25:06,310 [INFO] PluginManager:220 - loadIPPluginJar : add hash
2024-11-30 10:25:06,315 [INFO] IPUIPlugin:80 - create IPUIPlugin
2024-11-30 10:25:06,315 [INFO] PluginManager:220 - loadIPPluginJar : add i2c
2024-11-30 10:25:06,319 [INFO] IPUIPlugin:80 - create IPUIPlugin
2024-11-30 10:25:06,319 [INFO] PluginManager:220 - loadIPPluginJar : add i2s
2024-11-30 10:25:06,328 [INFO] IPUIPlugin:80 - create IPUIPlugin
2024-11-30 10:25:06,328 [INFO] PluginManager:220 - loadIPPluginJar : add i3c
2024-11-30 10:25:06,337 [INFO] IPUIPlugin:80 - create IPUIPlugin
2024-11-30 10:25:06,337 [INFO] PluginManager:220 - loadIPPluginJar : add ipddr
2024-11-30 10:25:06,368 [INFO] IPUIPlugin:80 - create IPUIPlugin
2024-11-30 10:25:06,368 [INFO] PluginManager:220 - loadIPPluginJar : add linkedlist
2024-11-30 10:25:06,370 [INFO] IPUIPlugin:80 - create IPUIPlugin
2024-11-30 10:25:06,370 [INFO] PluginManager:220 - loadIPPluginJar : add lorawan
2024-11-30 10:25:06,371 [INFO] IPUIPlugin:80 - create IPUIPlugin
2024-11-30 10:25:06,371 [INFO] PluginManager:220 - loadIPPluginJar : add ltdc
2024-11-30 10:25:06,375 [INFO] IPUIPlugin:80 - create IPUIPlugin
2024-11-30 10:25:06,375 [INFO] PluginManager:220 - loadIPPluginJar : add mdma
2024-11-30 10:25:06,378 [INFO] IPUIPlugin:80 - create IPUIPlugin
2024-11-30 10:25:06,378 [INFO] PluginManager:220 - loadIPPluginJar : add nvic
2024-11-30 10:25:06,380 [INFO] IPUIPlugin:80 - create IPUIPlugin
2024-11-30 10:25:06,380 [INFO] PluginManager:220 - loadIPPluginJar : add opamp
2024-11-30 10:25:06,394 [INFO] IPUIPlugin:80 - create IPUIPlugin
2024-11-30 10:25:06,394 [INFO] PluginManager:220 - loadIPPluginJar : add openamp
2024-11-30 10:25:06,396 [INFO] IPUIPlugin:80 - create IPUIPlugin
2024-11-30 10:25:06,396 [INFO] PluginManager:220 - loadIPPluginJar : add pdm2pcm
2024-11-30 10:25:06,409 [INFO] IPUIPlugin:80 - create IPUIPlugin
2024-11-30 10:25:06,410 [INFO] PluginManager:220 - loadIPPluginJar : add plateformsettings
2024-11-30 10:25:06,412 [INFO] IPUIPlugin:80 - create IPUIPlugin
2024-11-30 10:25:06,412 [INFO] PluginManager:220 - loadIPPluginJar : add quadspi
2024-11-30 10:25:06,422 [INFO] IPUIPlugin:80 - create IPUIPlugin
2024-11-30 10:25:06,422 [INFO] PluginManager:220 - loadIPPluginJar : add resmgrutility
2024-11-30 10:25:06,427 [INFO] IPUIPlugin:80 - create IPUIPlugin
2024-11-30 10:25:06,428 [INFO] PluginManager:220 - loadIPPluginJar : add sai
2024-11-30 10:25:06,429 [INFO] IPUIPlugin:80 - create IPUIPlugin
2024-11-30 10:25:06,429 [INFO] PluginManager:220 - loadIPPluginJar : add spi
2024-11-30 10:25:06,439 [INFO] IPUIPlugin:80 - create IPUIPlugin
2024-11-30 10:25:06,439 [INFO] PluginManager:220 - loadIPPluginJar : add stm32_wpan
2024-11-30 10:25:06,440 [INFO] IPUIPlugin:80 - create IPUIPlugin
2024-11-30 10:25:06,440 [INFO] PluginManager:220 - loadIPPluginJar : add tim
2024-11-30 10:25:06,442 [INFO] IPUIPlugin:80 - create IPUIPlugin
2024-11-30 10:25:06,443 [INFO] PluginManager:220 - loadIPPluginJar : add touchsensing
2024-11-30 10:25:06,444 [INFO] IPUIPlugin:80 - create IPUIPlugin
2024-11-30 10:25:06,444 [INFO] PluginManager:220 - loadIPPluginJar : add tracer_emb
2024-11-30 10:25:06,445 [INFO] IPUIPlugin:80 - create IPUIPlugin
2024-11-30 10:25:06,445 [INFO] PluginManager:220 - loadIPPluginJar : add ts
2024-11-30 10:25:06,446 [INFO] IPUIPlugin:80 - create IPUIPlugin
2024-11-30 10:25:06,446 [INFO] PluginManager:220 - loadIPPluginJar : add tsc
2024-11-30 10:25:06,448 [INFO] IPUIPlugin:80 - create IPUIPlugin
2024-11-30 10:25:06,448 [INFO] PluginManager:220 - loadIPPluginJar : add ucpd
2024-11-30 10:25:06,451 [INFO] IPUIPlugin:80 - create IPUIPlugin
2024-11-30 10:25:06,452 [INFO] PluginManager:220 - loadIPPluginJar : add usart
2024-11-30 10:25:06,460 [INFO] IPUIPlugin:80 - create IPUIPlugin
2024-11-30 10:25:06,460 [INFO] PluginManager:220 - loadIPPluginJar : add usbx
2024-11-30 10:25:06,584 [INFO] CADModel:165 - CPN selected for project level
2024-11-30 10:25:06,584 [INFO] CADModel:114 - Register for checkConnection events
2024-11-30 10:25:06,584 [FATAL] Updater:308 - Updater called before beeing initialized
2024-11-30 10:25:06,584 [ERROR] CADModel:125 - Updater not yet initialized, retry later 
2024-11-30 10:25:06,823 [INFO] CADModel:165 - CPN selected for project level
2024-11-30 10:25:06,823 [INFO] CADModel:114 - Register for checkConnection events
2024-11-30 10:25:06,823 [FATAL] Updater:308 - Updater called before beeing initialized
2024-11-30 10:25:06,823 [ERROR] CADModel:125 - Updater not yet initialized, retry later 
2024-11-30 10:25:06,826 [FATAL] Updater:308 - Updater called before beeing initialized
2024-11-30 10:25:06,900 [FATAL] Updater:308 - Updater called before beeing initialized
2024-11-30 10:25:06,916 [INFO] DbMcusAds:53 - JSON generation date=Fri Sep 20 22:04:23 KST 2024 (1726837463113)
2024-11-30 10:25:06,916 [FATAL] Updater:308 - Updater called before beeing initialized
2024-11-30 10:25:07,000 [WARN] DetailPanel:346 - Failed to get advertising image, set to default
2024-11-30 10:25:07,074 [FATAL] Updater:308 - Updater called before beeing initialized
2024-11-30 10:25:07,081 [FATAL] Updater:308 - Updater called before beeing initialized
2024-11-30 10:25:07,081 [FATAL] Updater:308 - Updater called before beeing initialized
2024-11-30 10:25:07,081 [WARN] DetailPanel:346 - Failed to get advertising image, set to default
2024-11-30 10:25:07,081 [FATAL] Updater:308 - Updater called before beeing initialized
2024-11-30 10:25:07,156 [ERROR] Updater:1120 - MainUpdater not yet initialized. External WinMGr cannot be set.
2024-11-30 10:25:07,166 [INFO] Updater:1056 - Updater Version found : 6.11.1
2024-11-30 10:25:07,204 [INFO] ApplicationProperties:184 - Using Application install path: D:\ST\STM32CubeIDE_1.15.1\STM32CubeIDE\plugins\com.st.stm32cube.common.mx_6.11.1.202404110753
2024-11-30 10:25:07,555 [INFO] MainUpdater:2873 - connection check result : 10
2024-11-30 10:25:07,555 [INFO] MainUpdater:290 - Updater Check For Update Now.
2024-11-30 10:25:07,555 [INFO] MicroXplorer:498 - Change Database Version : DB.6.0.111
2024-11-30 10:25:07,577 [INFO] McuFinderGlobals:63 - Set McuFinder mode to 2 (CubeIDE integrated)
2024-11-30 10:25:07,611 [INFO] UserAuth:415 - Internet connection configuration mode: 1
2024-11-30 10:25:07,658 [INFO] JxBrowserEngine:152 - Initiate JxBrowser Engine with user profile folder
2024-11-30 10:25:07,748 [INFO] CheckServerUpdateThread:120 - End of CheckServer Thread
2024-11-30 10:25:08,801 [WARN] PackLoader:240 - Cannot read IP mode file for STMicroelectronics.FP-SNS-MOTENVWB1.1.4.0
2024-11-30 10:25:08,809 [WARN] PackLoader:240 - Cannot read IP mode file for STMicroelectronics.FP-ATR-ASTRA1.2.0.1
2024-11-30 10:25:08,825 [WARN] PackLoader:240 - Cannot read IP mode file for STMicroelectronics.X-CUBE-SMBUS.2.1.0
2024-11-30 10:25:08,839 [WARN] PackLoader:240 - Cannot read IP mode file for STMicroelectronics.X-CUBE-WB05N.1.1.0
2024-11-30 10:25:08,850 [WARN] PackLoader:240 - Cannot read IP mode file for STMicroelectronics.X-CUBE-TOUCHGFX.4.23.2
2024-11-30 10:25:08,884 [WARN] PackLoader:240 - Cannot read IP mode file for STMicroelectronics.X-CUBE-AZRTOS-F7.1.1.0
2024-11-30 10:25:08,943 [WARN] PackLoader:240 - Cannot read IP mode file for STMicroelectronics.X-CUBE-MEMS1.11.0.0
2024-11-30 10:25:09,059 [WARN] PackLoader:240 - Cannot read IP mode file for STMicroelectronics.FP-SNS-FLIGHT1.5.0.2
2024-11-30 10:25:09,065 [WARN] PackLoader:240 - Cannot read IP mode file for STMicroelectronics.X-CUBE-DISPLAY.3.0.0
2024-11-30 10:25:09,072 [WARN] PackLoader:240 - Cannot read IP mode file for STMicroelectronics.X-CUBE-BLE1.7.0.0
2024-11-30 10:25:09,078 [WARN] PackLoader:240 - Cannot read IP mode file for STMicroelectronics.X-CUBE-NFC10.1.0.0
2024-11-30 10:25:09,084 [WARN] PackLoader:240 - Cannot read IP mode file for emotas.I-CUBE-CANOPEN.1.3.0
2024-11-30 10:25:09,092 [WARN] PackLoader:240 - Cannot read IP mode file for STMicroelectronics.X-CUBE-BLEMGR.3.1.0
2024-11-30 10:25:09,098 [WARN] PackLoader:240 - Cannot read IP mode file for STMicroelectronics.FP-SNS-SMARTAG2.1.2.0
2024-11-30 10:25:09,106 [INFO] LogOutputStream:77 - [STDOUT_REDIRECT] 1 : Invalid condition id : UX_CORESTACK_Condition cause : null
2024-11-30 10:25:09,106 [INFO] LogOutputStream:77 - [STDOUT_REDIRECT] 1 : Invalid condition id : UX_CORESTACK_Condition cause : null
2024-11-30 10:25:09,107 [INFO] LogOutputStream:77 - [STDOUT_REDIRECT] 1 : Invalid condition id : UX_CORESTACK_Condition cause : null
2024-11-30 10:25:09,108 [INFO] LogOutputStream:77 - [STDOUT_REDIRECT] 1 : Invalid condition id : UX_CORESTACK_Condition cause : null
2024-11-30 10:25:09,109 [INFO] LogOutputStream:77 - [STDOUT_REDIRECT] 1 : Invalid condition id : UX_CORESTACK_Condition cause : null
2024-11-30 10:25:09,112 [WARN] PackLoader:240 - Cannot read IP mode file for STMicroelectronics.X-CUBE-AZRTOS-WL.2.0.0
2024-11-30 10:25:09,117 [WARN] PackLoader:240 - Cannot read IP mode file for STMicroelectronics.FP-SNS-MOTENV1.5.0.0
2024-11-30 10:25:09,122 [WARN] PackLoader:240 - Cannot read IP mode file for wolfSSL.I-CUBE-wolfMQTT.1.19.0
2024-11-30 10:25:09,128 [WARN] PackLoader:240 - Cannot read IP mode file for WES.I-CUBE-Cesium.1.3.0
2024-11-30 10:25:09,132 [WARN] PackLoader:240 - Cannot read IP mode file for STMicroelectronics.X-CUBE-BLE2.3.3.0
2024-11-30 10:25:09,138 [WARN] PackLoader:240 - Cannot read IP mode file for STMicroelectronics.X-CUBE-NFC9.1.0.0
2024-11-30 10:25:09,144 [WARN] PackLoader:240 - Cannot read IP mode file for STMicroelectronics.X-CUBE-TCPP.4.1.0
2024-11-30 10:25:09,150 [WARN] PackLoader:240 - Cannot read IP mode file for STMicroelectronics.X-CUBE-ALGOBUILD.1.3.0
2024-11-30 10:25:09,161 [WARN] PackLoader:240 - Cannot read IP mode file for STMicroelectronics.X-CUBE-AZRTOS-G0.1.1.0
2024-11-30 10:25:09,168 [WARN] PackLoader:240 - Cannot read IP mode file for STMicroelectronics.X-CUBE-SAFEA1.1.2.2
2024-11-30 10:25:09,173 [WARN] PackLoader:240 - Cannot read IP mode file for STMicroelectronics.X-CUBE-NFC4.3.0.0
2024-11-30 10:25:09,176 [WARN] PackLoader:240 - Cannot read IP mode file for wolfSSL.I-CUBE-wolfMQTT.1.18.0
2024-11-30 10:25:09,183 [WARN] PackLoader:240 - Cannot read IP mode file for EmbeddedOffice.I-CUBE-FS-RTOS.1.0.1
2024-11-30 10:25:09,183 [ERROR] ConditionMgr:805 - Attr not supported : Dmpu
2024-11-30 10:25:09,184 [ERROR] ConditionMgr:805 - Attr not supported : Dmpu
2024-11-30 10:25:09,184 [ERROR] ConditionMgr:805 - Attr not supported : Dmpu
2024-11-30 10:25:09,184 [ERROR] ConditionMgr:805 - Attr not supported : Dmpu
2024-11-30 10:25:09,184 [ERROR] ConditionMgr:805 - Attr not supported : Dmpu
2024-11-30 10:25:09,184 [ERROR] ConditionMgr:805 - Attr not supported : Dmpu
2024-11-30 10:25:09,184 [ERROR] ConditionMgr:805 - Attr not supported : Dmpu
2024-11-30 10:25:09,184 [ERROR] ConditionMgr:805 - Attr not supported : Dmpu
2024-11-30 10:25:09,184 [ERROR] ConditionMgr:805 - Attr not supported : Dmpu
2024-11-30 10:25:09,184 [ERROR] ConditionMgr:805 - Attr not supported : Dmpu
2024-11-30 10:25:09,184 [ERROR] ConditionMgr:805 - Attr not supported : Dmpu
2024-11-30 10:25:09,184 [ERROR] ConditionMgr:805 - Attr not supported : Dmpu
2024-11-30 10:25:09,184 [ERROR] ConditionMgr:805 - Attr not supported : Dmpu
2024-11-30 10:25:09,184 [ERROR] ConditionMgr:805 - Attr not supported : Dmpu
2024-11-30 10:25:09,184 [ERROR] ConditionMgr:805 - Attr not supported : Dmpu
2024-11-30 10:25:09,184 [ERROR] ConditionMgr:805 - Attr not supported : Dmpu
2024-11-30 10:25:09,184 [ERROR] ConditionMgr:805 - Attr not supported : Dmpu
2024-11-30 10:25:09,184 [ERROR] ConditionMgr:805 - Attr not supported : Dmpu
2024-11-30 10:25:09,184 [ERROR] ConditionMgr:805 - Attr not supported : Dmpu
2024-11-30 10:25:09,185 [ERROR] ConditionMgr:805 - Attr not supported : Dmpu
2024-11-30 10:25:09,185 [ERROR] ConditionMgr:805 - Attr not supported : Dmpu
2024-11-30 10:25:09,185 [ERROR] ConditionMgr:805 - Attr not supported : Dmpu
2024-11-30 10:25:09,185 [ERROR] ConditionMgr:805 - Attr not supported : Dmpu
2024-11-30 10:25:09,185 [ERROR] ConditionMgr:805 - Attr not supported : Dmpu
2024-11-30 10:25:09,185 [ERROR] ConditionMgr:805 - Attr not supported : Dmpu
2024-11-30 10:25:09,185 [ERROR] ConditionMgr:805 - Attr not supported : Dmpu
2024-11-30 10:25:09,185 [ERROR] ConditionMgr:805 - Attr not supported : Dmpu
2024-11-30 10:25:09,185 [ERROR] ConditionMgr:805 - Attr not supported : Dmpu
2024-11-30 10:25:09,185 [ERROR] ConditionMgr:805 - Attr not supported : Dmpu
2024-11-30 10:25:09,185 [ERROR] ConditionMgr:805 - Attr not supported : Dmpu
2024-11-30 10:25:09,185 [ERROR] ConditionMgr:805 - Attr not supported : Dmpu
2024-11-30 10:25:09,185 [ERROR] ConditionMgr:805 - Attr not supported : Dmpu
2024-11-30 10:25:09,185 [ERROR] ConditionMgr:805 - Attr not supported : Dmpu
2024-11-30 10:25:09,186 [ERROR] ConditionMgr:805 - Attr not supported : Dmpu
2024-11-30 10:25:09,186 [ERROR] ConditionMgr:805 - Attr not supported : Dmpu
2024-11-30 10:25:09,186 [ERROR] ConditionMgr:805 - Attr not supported : Dmpu
2024-11-30 10:25:09,186 [ERROR] ConditionMgr:805 - Attr not supported : Dmpu
2024-11-30 10:25:09,186 [ERROR] ConditionMgr:805 - Attr not supported : Dmpu
2024-11-30 10:25:09,186 [ERROR] ConditionMgr:805 - Attr not supported : Dmpu
2024-11-30 10:25:09,186 [ERROR] ConditionMgr:805 - Attr not supported : Dmpu
2024-11-30 10:25:09,186 [ERROR] ConditionMgr:805 - Attr not supported : Dmpu
2024-11-30 10:25:09,186 [ERROR] ConditionMgr:805 - Attr not supported : Dmpu
2024-11-30 10:25:09,186 [ERROR] ConditionMgr:805 - Attr not supported : Dmpu
2024-11-30 10:25:09,186 [ERROR] ConditionMgr:805 - Attr not supported : Dmpu
2024-11-30 10:25:09,187 [ERROR] ConditionMgr:805 - Attr not supported : Dmpu
2024-11-30 10:25:09,187 [ERROR] ConditionMgr:805 - Attr not supported : Dmpu
2024-11-30 10:25:09,187 [ERROR] ConditionMgr:805 - Attr not supported : Dmpu
2024-11-30 10:25:09,187 [ERROR] ConditionMgr:805 - Attr not supported : Dmpu
2024-11-30 10:25:09,187 [ERROR] ConditionMgr:805 - Attr not supported : Dmpu
2024-11-30 10:25:09,187 [ERROR] ConditionMgr:805 - Attr not supported : Dmpu
2024-11-30 10:25:09,187 [ERROR] ConditionMgr:805 - Attr not supported : Dmpu
2024-11-30 10:25:09,187 [ERROR] ConditionMgr:805 - Attr not supported : Dmpu
2024-11-30 10:25:09,187 [ERROR] ConditionMgr:805 - Attr not supported : Dmpu
2024-11-30 10:25:09,187 [ERROR] ConditionMgr:805 - Attr not supported : Dmpu
2024-11-30 10:25:09,187 [ERROR] ConditionMgr:805 - Attr not supported : Dmpu
2024-11-30 10:25:09,187 [ERROR] ConditionMgr:805 - Attr not supported : Dmpu
2024-11-30 10:25:09,187 [ERROR] ConditionMgr:805 - Attr not supported : Dmpu
2024-11-30 10:25:09,187 [ERROR] ConditionMgr:805 - Attr not supported : Dmpu
2024-11-30 10:25:09,187 [ERROR] ConditionMgr:805 - Attr not supported : Dmpu
2024-11-30 10:25:09,187 [ERROR] ConditionMgr:805 - Attr not supported : Dmpu
2024-11-30 10:25:09,187 [ERROR] ConditionMgr:805 - Attr not supported : Dmpu
2024-11-30 10:25:09,187 [ERROR] ConditionMgr:805 - Attr not supported : Dmpu
2024-11-30 10:25:09,187 [ERROR] ConditionMgr:805 - Attr not supported : Dmpu
2024-11-30 10:25:09,188 [ERROR] ConditionMgr:805 - Attr not supported : Dmpu
2024-11-30 10:25:09,192 [WARN] PackLoader:240 - Cannot read IP mode file for RealThread.X-CUBE-RT-Thread_Nano.4.1.1
2024-11-30 10:25:09,196 [WARN] PackLoader:240 - Cannot read IP mode file for wolfSSL.I-CUBE-wolfSSL.5.7.0
2024-11-30 10:25:09,199 [WARN] PackLoader:240 - Cannot read IP mode file for STMicroelectronics.FP-ATR-SIGFOX1.3.2.0
2024-11-30 10:25:09,203 [WARN] ConditionMgr:438 - getConditionDescription Invalid condition id : Cortex-A Device cause : null
2024-11-30 10:25:09,224 [WARN] ConditionMgr:1039 - genDependencies : Invalid condition id : Cortex-A Device cause : null
2024-11-30 10:25:09,224 [WARN] ConditionMgr:1039 - genDependencies : Invalid condition id : Cortex-A Device cause : null
2024-11-30 10:25:09,224 [WARN] ConditionMgr:1039 - genDependencies : Invalid condition id : Cortex-A Device cause : null
2024-11-30 10:25:09,249 [WARN] PackLoader:240 - Cannot read IP mode file for STMicroelectronics.X-CUBE-EEPRMA1.5.1.0
2024-11-30 10:25:09,255 [WARN] PackLoader:240 - Cannot read IP mode file for ITTIA_DB.I-CUBE-ITTIADB.8.9.0
2024-11-30 10:25:09,294 [WARN] PackLoader:240 - Cannot read IP mode file for SEGGER.I-CUBE-embOS.1.3.1
2024-11-30 10:25:09,345 [WARN] PackLoader:240 - Cannot read IP mode file for STMicroelectronics.X-CUBE-ALGOBUILD.1.4.0
2024-11-30 10:25:09,350 [WARN] PackLoader:240 - Cannot read IP mode file for STMicroelectronics.X-CUBE-AI.9.1.0
2024-11-30 10:25:09,363 [WARN] PackLoader:240 - Cannot read IP mode file for STMicroelectronics.X-CUBE-GNSS1.6.0.0
2024-11-30 10:25:09,381 [WARN] PackLoader:240 - Cannot read IP mode file for STMicroelectronics.X-CUBE-AZRTOS-F4.1.1.0
2024-11-30 10:25:09,388 [WARN] PackLoader:240 - Cannot read IP mode file for STMicroelectronics.X-CUBE-ISPU.2.1.0
2024-11-30 10:25:09,401 [WARN] PackLoader:240 - Cannot read IP mode file for STMicroelectronics.X-CUBE-FREERTOS.1.2.0
2024-11-30 10:25:09,415 [WARN] PackLoader:240 - Cannot read IP mode file for STMicroelectronics.X-CUBE-AZRTOS-L5.2.0.0
2024-11-30 10:25:09,423 [WARN] PackLoader:240 - Cannot read IP mode file for STMicroelectronics.X-CUBE-NFC6.3.1.0
2024-11-30 10:25:09,428 [WARN] PackLoader:240 - Cannot read IP mode file for STMicroelectronics.X-CUBE-DPower.1.2.0
2024-11-30 10:25:09,432 [WARN] PackLoader:240 - Cannot read IP mode file for STMicroelectronics.X-CUBE-AI.9.0.0
2024-11-30 10:25:09,437 [WARN] PackLoader:240 - Cannot read IP mode file for STMicroelectronics.X-CUBE-NFC7.1.0.1
2024-11-30 10:25:09,441 [WARN] PackLoader:240 - Cannot read IP mode file for wolfSSL.I-CUBE-wolfTPM.3.2.0
2024-11-30 10:25:09,454 [WARN] ConditionMgr:438 - getConditionDescription Invalid condition id : LAN8742 Phy interface Condition cause : null
2024-11-30 10:25:09,454 [WARN] PackLoader:240 - Cannot read IP mode file for STMicroelectronics.X-CUBE-AZRTOS-L4.2.0.0
2024-11-30 10:25:09,455 [WARN] ConditionMgr:1039 - genDependencies : Invalid condition id : LAN8742 Phy interface Condition cause : null
2024-11-30 10:25:09,455 [WARN] ConditionMgr:1039 - genDependencies : Invalid condition id : LAN8742 Phy interface Condition cause : null
2024-11-30 10:25:09,456 [WARN] ConditionMgr:1039 - genDependencies : Invalid condition id : LAN8742 Phy interface Condition cause : null
2024-11-30 10:25:09,462 [WARN] PackLoader:240 - Cannot read IP mode file for STMicroelectronics.X-CUBE-SFXS2LP1.4.0.0
2024-11-30 10:25:09,478 [WARN] PackLoader:240 - Cannot read IP mode file for STMicroelectronics.X-CUBE-AZRTOS-H7.3.3.0
2024-11-30 10:25:09,496 [WARN] PackLoader:240 - Cannot read IP mode file for STMicroelectronics.X-CUBE-IPS.3.0.0
2024-11-30 10:25:09,586 [WARN] ConditionMgr:438 - getConditionDescription Invalid condition id : UX DEVICE CLASS RTOS Condition cause : null
2024-11-30 10:25:09,586 [WARN] ConditionMgr:438 - getConditionDescription Invalid condition id : UX DEVICE CLASS RTOS Condition cause : null
2024-11-30 10:25:09,587 [WARN] PackLoader:240 - Cannot read IP mode file for STMicroelectronics.X-CUBE-AZRTOS-WB.2.0.0
2024-11-30 10:25:09,588 [WARN] ConditionMgr:1039 - genDependencies : Invalid condition id : UX DEVICE CLASS RTOS Condition cause : null
2024-11-30 10:25:09,588 [WARN] ConditionMgr:1039 - genDependencies : Invalid condition id : UX DEVICE CLASS RTOS Condition cause : null
2024-11-30 10:25:09,588 [WARN] ConditionMgr:1039 - genDependencies : Invalid condition id : UX DEVICE CLASS RTOS Condition cause : null
2024-11-30 10:25:09,588 [WARN] ConditionMgr:1039 - genDependencies : Invalid condition id : UX DEVICE CLASS RTOS Condition cause : null
2024-11-30 10:25:09,588 [WARN] ConditionMgr:1039 - genDependencies : Invalid condition id : UX DEVICE CLASS RTOS Condition cause : null
2024-11-30 10:25:09,630 [WARN] PackLoader:240 - Cannot read IP mode file for STMicroelectronics.X-CUBE-GNSS1.7.0.0
2024-11-30 10:25:09,637 [WARN] PackLoader:240 - Cannot read IP mode file for STMicroelectronics.FP-SNS-STBOX1.2.0.0
2024-11-30 10:25:09,652 [WARN] PackLoader:240 - Cannot read IP mode file for STMicroelectronics.X-CUBE-SUBG2.5.0.0
2024-11-30 10:25:09,669 [WARN] PackLoader:240 - Cannot read IP mode file for STMicroelectronics.X-CUBE-AZRTOS-G4.2.0.0
2024-11-30 10:25:09,675 [WARN] PackLoader:240 - Cannot read IP mode file for STMicroelectronics.X-CUBE-ISPU.2.0.0
2024-11-30 10:25:09,681 [WARN] PackLoader:240 - Cannot read IP mode file for STMicroelectronics.X-CUBE-ALS.1.0.2
2024-11-30 10:25:09,720 [WARN] PackLoader:240 - Cannot read IP mode file for STMicroelectronics.X-CUBE-MEMS1.10.0.0
2024-11-30 10:25:09,793 [WARN] PackLoader:240 - Cannot read IP mode file for STMicroelectronics.X-CUBE-TOUCHGFX.4.24.0
2024-11-30 10:25:09,796 [WARN] PackLoader:240 - Cannot read IP mode file for STMicroelectronics.X-CUBE-TOUCHGFX.4.24.1
2024-11-30 10:25:09,801 [WARN] PackLoader:240 - Cannot read IP mode file for portGmbH.I-Cube-SoM-uGOAL.1.1.0
2024-11-30 10:25:09,804 [WARN] PackLoader:240 - Cannot read IP mode file for STMicroelectronics.X-CUBE-ALS.1.0.1
2024-11-30 10:25:09,817 [WARN] PackLoader:240 - Cannot read IP mode file for STMicroelectronics.X-CUBE-AZRTOS-H7RS.1.0.0
2024-11-30 10:25:09,821 [WARN] PackLoader:240 - Cannot read IP mode file for STMicroelectronics.FP-ATR-ASTRA1.2.0.0
2024-11-30 10:25:09,831 [WARN] PackLoader:240 - Cannot read IP mode file for STMicroelectronics.X-CUBE-TOF1.3.4.2
2024-11-30 10:25:09,844 [WARN] PackLoader:240 - Cannot read IP mode file for STMicroelectronics.X-CUBE-TOF1.3.4.1
2024-11-30 10:25:09,862 [WARN] PackLoader:240 - Cannot read IP mode file for STMicroelectronics.X-CUBE-AZRTOS-H7.3.2.0
2024-11-30 10:25:09,873 [WARN] PackLoader:240 - Cannot read IP mode file for Infineon.AIROC-Wi-Fi-Bluetooth-STM32.1.6.0
2024-11-30 10:25:09,878 [WARN] PackLoader:240 - Cannot read IP mode file for wolfSSL.I-CUBE-wolfSSH.1.4.17
2024-11-30 10:25:09,878 [INFO] ThirdParty:978 - Integrity check success = true
2024-11-30 10:25:09,878 [INFO] IntegrityCheckThread:100 - exiting critical section [integrity check]
2024-11-30 10:25:09,878 [INFO] IntegrityCheckThread:103 - End integrity checks thread
2024-11-30 10:25:11,570 [INFO] WebApp:161 - Instantiating new browser for Auth
2024-11-30 10:25:12,027 [INFO] WebApp:779 - Register for checkConnection events
2024-11-30 10:25:12,027 [INFO] WebApp:414 - Apply proxy settings
2024-11-30 10:25:12,027 [INFO] WebApp:499 - Chromium requires no authentication
2024-11-30 10:25:12,031 [INFO] WebApp:442 - Direct internet connection detected
2024-11-30 10:25:12,187 [INFO] WebApp:192 - Starting web application
2024-11-30 10:25:12,187 [INFO] WebApp:544 - Web application path used D:\ST\STM32CubeIDE_1.15.1\STM32CubeIDE\plugins\com.st.stm32cube.common.mx_6.11.1.202404110753\db\plugins\mcufinder\reactClient1\index.html
2024-11-30 11:09:17,318 [ERROR] LogOutputStream:75 - [STDERR_REDIRECT] 
