2024-10-25 18:41:15,936 [INFO] Activator:176 - 


2024-10-25 18:41:15,965 [INFO] Activator:177 - !SESSION log4j initialized
2024-10-25 18:41:53,931 [INFO] LogOutputStream:77 - [STDOUT_REDIRECT] 
2024-10-25 18:41:59,904 [INFO] ApplicationProperties:184 - Using Application install path: D:\ST\STM32CubeIDE_1.15.1\STM32CubeIDE\plugins\com.st.stm32cube.common.mx_6.11.1.202404110753
2024-10-25 18:41:59,942 [INFO] DbMcusXml:78 - Set database path to: D:\ST\STM32CubeIDE_1.15.1\STM32CubeIDE\plugins\com.st.stm32cube.common.mx_6.11.1.202404110753\\db\/mcu/
2024-10-25 18:41:59,942 [INFO] ApiDb:274 - Set plugin database path to: D:\ST\STM32CubeIDE_1.15.1\STM32CubeIDE\plugins\com.st.stm32cube.common.mx_6.11.1.202404110753\\db\/plugins/boardmanager/
2024-10-25 18:41:59,943 [WARN] ApiDb:259 - Overriding images path with different value:  => D:\ST\STM32CubeIDE_1.15.1\STM32CubeIDE\plugins\com.st.stm32cube.common.mx_6.11.1.202404110753\\db\/plugins/mcufinder/images/
2024-10-25 18:42:00,013 [INFO] ApiDb:250 - Set database path to: C:\Users\ckckc\.stmcufinder\plugins\mcufinder//mcu/
2024-10-25 18:42:00,014 [INFO] DbMcusAds:125 - Set database path to: C:\Users\ckckc\.stmcufinder\plugins\mcufinder//mcu/
2024-10-25 18:42:00,016 [INFO] CrossReferenceDbSqlite:203 - Set database path to: C:\Users\ckckc\.stmcufinder\plugins\mcufinder//mcu/cs/
2024-10-25 18:42:00,147 [INFO] RulesReader:64 - Compatibility file has been processed (297 Rules)
2024-10-25 18:42:00,327 [INFO] DbMcusXml:78 - Set database path to: D:\ST\STM32CubeIDE_1.15.1\STM32CubeIDE\plugins\com.st.stm32cube.common.mx_6.11.1.202404110753\\db\/mcu/
2024-10-25 18:42:00,327 [INFO] ApiDb:274 - Set plugin database path to: D:\ST\STM32CubeIDE_1.15.1\STM32CubeIDE\plugins\com.st.stm32cube.common.mx_6.11.1.202404110753\\db\/plugins/boardmanager/
2024-10-25 18:42:00,327 [INFO] ApiDb:261 - Set plugin images path to: D:\ST\STM32CubeIDE_1.15.1\STM32CubeIDE\plugins\com.st.stm32cube.common.mx_6.11.1.202404110753\\db\/plugins/mcufinder/images/
2024-10-25 18:42:00,327 [WARN] DbFile:41 - Overriding database path with different value: C:\Users\ckckc\.stmcufinder\plugins\mcufinder/ => C:\Users\ckckc\.stmcufinder\plugins\mcufinder
2024-10-25 18:42:00,328 [INFO] ApiDb:250 - Set database path to: C:\Users\ckckc\.stmcufinder\plugins\mcufinder//mcu/
2024-10-25 18:42:00,328 [WARN] DbFile:41 - Overriding database path with different value: C:\Users\ckckc\.stmcufinder\plugins\mcufinder/ => C:\Users\ckckc\.stmcufinder\plugins\mcufinder
2024-10-25 18:42:00,328 [INFO] DbMcusAds:125 - Set database path to: C:\Users\ckckc\.stmcufinder\plugins\mcufinder//mcu/
2024-10-25 18:42:00,328 [WARN] DbFile:41 - Overriding database path with different value: C:\Users\ckckc\.stmcufinder\plugins\mcufinder/ => C:\Users\ckckc\.stmcufinder\plugins\mcufinder
2024-10-25 18:42:00,328 [WARN] DbFile:41 - Overriding database path with different value: C:\Users\ckckc\.stmcufinder\plugins\mcufinder/ => C:\Users\ckckc\.stmcufinder\plugins\mcufinder
2024-10-25 18:42:00,328 [INFO] CrossReferenceDbSqlite:203 - Set database path to: C:\Users\ckckc\.stmcufinder\plugins\mcufinder//mcu/cs/
2024-10-25 18:42:00,444 [INFO] MainPanel:264 - HeapMemory: 268435456
2024-10-25 18:42:00,796 [INFO] DbMcusXml:78 - Set database path to: D:\ST\STM32CubeIDE_1.15.1\STM32CubeIDE\plugins\com.st.stm32cube.common.mx_6.11.1.202404110753\\db\/mcu/
2024-10-25 18:42:00,796 [INFO] ApiDb:274 - Set plugin database path to: D:\ST\STM32CubeIDE_1.15.1\STM32CubeIDE\plugins\com.st.stm32cube.common.mx_6.11.1.202404110753\\db\/plugins/boardmanager/
2024-10-25 18:42:00,796 [INFO] ApiDb:261 - Set plugin images path to: D:\ST\STM32CubeIDE_1.15.1\STM32CubeIDE\plugins\com.st.stm32cube.common.mx_6.11.1.202404110753\\db\/plugins/mcufinder/images/
2024-10-25 18:42:00,797 [WARN] DbFile:41 - Overriding database path with different value: C:\Users\ckckc\.stmcufinder\plugins\mcufinder/ => C:\Users\ckckc\.stmcufinder\plugins\mcufinder
2024-10-25 18:42:00,797 [INFO] ApiDb:250 - Set database path to: C:\Users\ckckc\.stmcufinder\plugins\mcufinder//mcu/
2024-10-25 18:42:00,797 [WARN] DbFile:41 - Overriding database path with different value: C:\Users\ckckc\.stmcufinder\plugins\mcufinder/ => C:\Users\ckckc\.stmcufinder\plugins\mcufinder
2024-10-25 18:42:00,797 [INFO] DbMcusAds:125 - Set database path to: C:\Users\ckckc\.stmcufinder\plugins\mcufinder//mcu/
2024-10-25 18:42:00,797 [WARN] DbFile:41 - Overriding database path with different value: C:\Users\ckckc\.stmcufinder\plugins\mcufinder/ => C:\Users\ckckc\.stmcufinder\plugins\mcufinder
2024-10-25 18:42:00,797 [WARN] DbFile:41 - Overriding database path with different value: C:\Users\ckckc\.stmcufinder\plugins\mcufinder/ => C:\Users\ckckc\.stmcufinder\plugins\mcufinder
2024-10-25 18:42:00,797 [INFO] CrossReferenceDbSqlite:203 - Set database path to: C:\Users\ckckc\.stmcufinder\plugins\mcufinder//mcu/cs/
2024-10-25 18:42:00,813 [INFO] ApplicationProperties:184 - Using Application install path: D:\ST\STM32CubeIDE_1.15.1\STM32CubeIDE\plugins\com.st.stm32cube.common.mx_6.11.1.202404110753
2024-10-25 18:42:00,822 [INFO] PluginManage:196 - Search for loadable plugins [exclusion list=, ]
2024-10-25 18:42:00,823 [INFO] PluginManage:310 - Check plugin analytics
2024-10-25 18:42:01,025 [INFO] AnalyticsPlugin:253 - Accepted Software Licenses: 
2024-10-25 18:42:01,025 [INFO] AnalyticsPlugin:255 - Accepted CMSIS Pack Licenses: 
2024-10-25 18:42:01,025 [INFO] AnalyticsPlugin:257 - Accepted Firmware Licenses: FW.F4.1.28.0
2024-10-25 18:42:01,027 [INFO] PluginManage:359 - Loaded plugin analytics (category:tool,tabindex:-1)
2024-10-25 18:42:01,027 [INFO] PluginManage:310 - Check plugin cadmodel
2024-10-25 18:42:01,067 [INFO] CADModel:105 - Init CAD model plugin
2024-10-25 18:42:01,068 [INFO] PluginManage:359 - Loaded plugin cadmodel (category:power,tabindex:5)
2024-10-25 18:42:01,068 [INFO] PluginManage:310 - Check plugin clock
2024-10-25 18:42:01,092 [INFO] PluginManage:359 - Loaded plugin clock (category:base,tabindex:2)
2024-10-25 18:42:01,093 [INFO] PluginManage:310 - Check plugin ddr
2024-10-25 18:42:01,100 [INFO] PluginManage:359 - Loaded plugin ddr (category:tool,tabindex:6)
2024-10-25 18:42:01,100 [INFO] PluginManage:310 - Check plugin filemanager
2024-10-25 18:42:01,269 [INFO] PluginManage:359 - Loaded plugin filemanager (category:base,tabindex:10)
2024-10-25 18:42:01,269 [INFO] PluginManage:310 - Check plugin ipmanager
2024-10-25 18:42:01,293 [INFO] PluginManage:359 - Loaded plugin ipmanager (category:base,tabindex:5)
2024-10-25 18:42:01,293 [INFO] PluginManage:310 - Check plugin lpbam
2024-10-25 18:42:01,323 [INFO] PluginManage:359 - Loaded plugin lpbam (category:base,tabindex:0)
2024-10-25 18:42:01,323 [INFO] PluginManage:310 - Check plugin memorymap
2024-10-25 18:42:01,590 [INFO] PluginManage:359 - Loaded plugin memorymap (category:base,tabindex:4)
2024-10-25 18:42:01,590 [INFO] PluginManage:310 - Check plugin pinoutandconfiguration
2024-10-25 18:42:01,633 [INFO] PluginManage:359 - Loaded plugin pinoutandconfiguration (category:base,tabindex:1)
2024-10-25 18:42:01,633 [INFO] PluginManage:310 - Check plugin pinoutconfig
2024-10-25 18:42:01,906 [WARN] SupportedApi:132 - Cannot load RTOS API schema: s4s-elt-must-match.1: The content of 'definitions' must match (annotation?, (simpleType | complexType)?, (unique | key | keyref)*)). A problem was found starting at: attribute.
2024-10-25 18:42:03,148 [INFO] PluginManage:359 - Loaded plugin pinoutconfig (category:base,tabindex:0)
2024-10-25 18:42:03,148 [INFO] PluginManage:310 - Check plugin power
2024-10-25 18:42:03,330 [INFO] PluginManage:359 - Loaded plugin power (category:power,tabindex:4)
2024-10-25 18:42:03,330 [INFO] PluginManage:310 - Check plugin projectmanager
2024-10-25 18:42:03,485 [INFO] PluginManage:359 - Loaded plugin projectmanager (category:projectmanager,tabindex:3)
2024-10-25 18:42:03,485 [INFO] PluginManage:310 - Check plugin thirdparty
2024-10-25 18:42:05,144 [INFO] PluginManage:359 - Loaded plugin thirdparty (category:base,tabindex:-1)
2024-10-25 18:42:05,144 [WARN] IntegrityCheckThread:84 - waiting for thirdparty lock release [integrity check]
2024-10-25 18:42:05,144 [INFO] PluginManage:310 - Check plugin tools
2024-10-25 18:42:05,144 [INFO] IntegrityCheckThread:86 - entering critical section [integrity check]
2024-10-25 18:42:05,145 [INFO] ThirdPartyUpdaterWithRetryManager:70 - Updater plugin not ready yet. [1/15]
2024-10-25 18:42:05,155 [INFO] PluginManage:359 - Loaded plugin tools (category:base,tabindex:7)
2024-10-25 18:42:05,155 [INFO] PluginManage:310 - Check plugin tutovideos
2024-10-25 18:42:06,444 [INFO] PluginManage:359 - Loaded plugin tutovideos (category:base,tabindex:-1)
2024-10-25 18:42:06,444 [INFO] PluginManage:310 - Check plugin updater
2024-10-25 18:42:06,594 [INFO] PluginManage:359 - Loaded plugin updater (category:base,tabindex:12)
2024-10-25 18:42:06,594 [INFO] PluginManage:310 - Check plugin userauth
2024-10-25 18:42:06,732 [INFO] UserAuth:114 - Init User Auth plugin
2024-10-25 18:42:06,732 [INFO] PluginManage:359 - Loaded plugin userauth (category:base,tabindex:14)
2024-10-25 18:42:06,732 [INFO] PluginManage:283 - PluginManage : Loaded plugins [17]
2024-10-25 18:42:08,146 [INFO] ThirdPartyUpdaterWithRetryManager:70 - Updater plugin not ready yet. [2/15]
2024-10-25 18:42:08,967 [INFO] PinOutPanel:1561 - setPackage(No Configuration,No Configuration)
2024-10-25 18:42:09,602 [INFO] CADModel:165 - CPN selected for project level
2024-10-25 18:42:09,602 [INFO] CADModel:114 - Register for checkConnection events
2024-10-25 18:42:09,961 [INFO] IPUIPlugin:80 - create IPUIPlugin
2024-10-25 18:42:09,961 [INFO] PluginManager:220 - loadIPPluginJar : add adc
2024-10-25 18:42:09,980 [INFO] IPUIPlugin:80 - create IPUIPlugin
2024-10-25 18:42:09,981 [INFO] PluginManager:220 - loadIPPluginJar : add aes
2024-10-25 18:42:09,997 [INFO] IPUIPlugin:80 - create IPUIPlugin
2024-10-25 18:42:09,997 [INFO] PluginManager:220 - loadIPPluginJar : add can
2024-10-25 18:42:10,020 [INFO] IPUIPlugin:80 - create IPUIPlugin
2024-10-25 18:42:10,020 [INFO] PluginManager:220 - loadIPPluginJar : add comp
2024-10-25 18:42:10,058 [INFO] IPUIPlugin:80 - create IPUIPlugin
2024-10-25 18:42:10,058 [INFO] PluginManager:220 - loadIPPluginJar : add cryp
2024-10-25 18:42:10,092 [INFO] IPUIPlugin:80 - create IPUIPlugin
2024-10-25 18:42:10,092 [INFO] PluginManager:220 - loadIPPluginJar : add dfsdm
2024-10-25 18:42:10,130 [INFO] IPUIPlugin:80 - create IPUIPlugin
2024-10-25 18:42:10,131 [INFO] PluginManager:220 - loadIPPluginJar : add dma
2024-10-25 18:42:10,170 [INFO] IPUIPlugin:80 - create IPUIPlugin
2024-10-25 18:42:10,170 [INFO] PluginManager:220 - loadIPPluginJar : add dma3
2024-10-25 18:42:10,208 [INFO] IPUIPlugin:80 - create IPUIPlugin
2024-10-25 18:42:10,208 [INFO] PluginManager:220 - loadIPPluginJar : add extmemmanager
2024-10-25 18:42:10,222 [INFO] IPUIPlugin:80 - create IPUIPlugin
2024-10-25 18:42:10,222 [INFO] PluginManager:220 - loadIPPluginJar : add fatfs
2024-10-25 18:42:10,232 [INFO] IPUIPlugin:80 - create IPUIPlugin
2024-10-25 18:42:10,232 [INFO] PluginManager:220 - loadIPPluginJar : add fmc
2024-10-25 18:42:10,264 [INFO] IPUIPlugin:80 - create IPUIPlugin
2024-10-25 18:42:10,264 [INFO] PluginManager:220 - loadIPPluginJar : add freertos
2024-10-25 18:42:10,280 [INFO] IPUIPlugin:80 - create IPUIPlugin
2024-10-25 18:42:10,280 [INFO] PluginManager:220 - loadIPPluginJar : add genericplugin
2024-10-25 18:42:10,315 [INFO] IPUIPlugin:80 - create IPUIPlugin
2024-10-25 18:42:10,315 [INFO] PluginManager:220 - loadIPPluginJar : add gfxmmu
2024-10-25 18:42:10,376 [INFO] IPUIPlugin:80 - create IPUIPlugin
2024-10-25 18:42:10,376 [INFO] PluginManager:220 - loadIPPluginJar : add gic
2024-10-25 18:42:10,411 [INFO] IPUIPlugin:80 - create IPUIPlugin
2024-10-25 18:42:10,411 [INFO] PluginManager:220 - loadIPPluginJar : add gpio
2024-10-25 18:42:10,467 [INFO] IPUIPlugin:80 - create IPUIPlugin
2024-10-25 18:42:10,467 [INFO] PluginManager:220 - loadIPPluginJar : add gtzc
2024-10-25 18:42:10,521 [INFO] IPUIPlugin:80 - create IPUIPlugin
2024-10-25 18:42:10,521 [INFO] PluginManager:220 - loadIPPluginJar : add hash
2024-10-25 18:42:10,584 [INFO] IPUIPlugin:80 - create IPUIPlugin
2024-10-25 18:42:10,585 [INFO] PluginManager:220 - loadIPPluginJar : add i2c
2024-10-25 18:42:10,614 [INFO] IPUIPlugin:80 - create IPUIPlugin
2024-10-25 18:42:10,614 [INFO] PluginManager:220 - loadIPPluginJar : add i2s
2024-10-25 18:42:10,664 [INFO] IPUIPlugin:80 - create IPUIPlugin
2024-10-25 18:42:10,664 [INFO] PluginManager:220 - loadIPPluginJar : add i3c
2024-10-25 18:42:10,731 [INFO] IPUIPlugin:80 - create IPUIPlugin
2024-10-25 18:42:10,731 [INFO] PluginManager:220 - loadIPPluginJar : add ipddr
2024-10-25 18:42:10,828 [INFO] IPUIPlugin:80 - create IPUIPlugin
2024-10-25 18:42:10,828 [INFO] PluginManager:220 - loadIPPluginJar : add linkedlist
2024-10-25 18:42:10,856 [INFO] IPUIPlugin:80 - create IPUIPlugin
2024-10-25 18:42:10,856 [INFO] PluginManager:220 - loadIPPluginJar : add lorawan
2024-10-25 18:42:10,901 [INFO] IPUIPlugin:80 - create IPUIPlugin
2024-10-25 18:42:10,901 [INFO] PluginManager:220 - loadIPPluginJar : add ltdc
2024-10-25 18:42:10,962 [INFO] IPUIPlugin:80 - create IPUIPlugin
2024-10-25 18:42:10,962 [INFO] PluginManager:220 - loadIPPluginJar : add mdma
2024-10-25 18:42:11,019 [INFO] IPUIPlugin:80 - create IPUIPlugin
2024-10-25 18:42:11,019 [INFO] PluginManager:220 - loadIPPluginJar : add nvic
2024-10-25 18:42:11,051 [INFO] IPUIPlugin:80 - create IPUIPlugin
2024-10-25 18:42:11,051 [INFO] PluginManager:220 - loadIPPluginJar : add opamp
2024-10-25 18:42:11,072 [INFO] IPUIPlugin:80 - create IPUIPlugin
2024-10-25 18:42:11,072 [INFO] PluginManager:220 - loadIPPluginJar : add openamp
2024-10-25 18:42:11,102 [INFO] IPUIPlugin:80 - create IPUIPlugin
2024-10-25 18:42:11,103 [INFO] PluginManager:220 - loadIPPluginJar : add pdm2pcm
2024-10-25 18:42:11,146 [INFO] ThirdPartyUpdaterWithRetryManager:70 - Updater plugin not ready yet. [3/15]
2024-10-25 18:42:11,178 [INFO] IPUIPlugin:80 - create IPUIPlugin
2024-10-25 18:42:11,181 [INFO] PluginManager:220 - loadIPPluginJar : add plateformsettings
2024-10-25 18:42:11,183 [INFO] IPUIPlugin:80 - create IPUIPlugin
2024-10-25 18:42:11,183 [INFO] PluginManager:220 - loadIPPluginJar : add quadspi
2024-10-25 18:42:11,327 [INFO] IPUIPlugin:80 - create IPUIPlugin
2024-10-25 18:42:11,327 [INFO] PluginManager:220 - loadIPPluginJar : add resmgrutility
2024-10-25 18:42:11,421 [INFO] IPUIPlugin:80 - create IPUIPlugin
2024-10-25 18:42:11,421 [INFO] PluginManager:220 - loadIPPluginJar : add sai
2024-10-25 18:42:11,443 [INFO] IPUIPlugin:80 - create IPUIPlugin
2024-10-25 18:42:11,444 [INFO] PluginManager:220 - loadIPPluginJar : add spi
2024-10-25 18:42:11,450 [INFO] IPUIPlugin:80 - create IPUIPlugin
2024-10-25 18:42:11,450 [INFO] PluginManager:220 - loadIPPluginJar : add stm32_wpan
2024-10-25 18:42:11,458 [INFO] IPUIPlugin:80 - create IPUIPlugin
2024-10-25 18:42:11,458 [INFO] PluginManager:220 - loadIPPluginJar : add tim
2024-10-25 18:42:11,468 [INFO] IPUIPlugin:80 - create IPUIPlugin
2024-10-25 18:42:11,468 [INFO] PluginManager:220 - loadIPPluginJar : add touchsensing
2024-10-25 18:42:11,480 [INFO] IPUIPlugin:80 - create IPUIPlugin
2024-10-25 18:42:11,480 [INFO] PluginManager:220 - loadIPPluginJar : add tracer_emb
2024-10-25 18:42:11,519 [INFO] IPUIPlugin:80 - create IPUIPlugin
2024-10-25 18:42:11,519 [INFO] PluginManager:220 - loadIPPluginJar : add ts
2024-10-25 18:42:11,538 [INFO] IPUIPlugin:80 - create IPUIPlugin
2024-10-25 18:42:11,538 [INFO] PluginManager:220 - loadIPPluginJar : add tsc
2024-10-25 18:42:11,547 [INFO] IPUIPlugin:80 - create IPUIPlugin
2024-10-25 18:42:11,547 [INFO] PluginManager:220 - loadIPPluginJar : add ucpd
2024-10-25 18:42:11,551 [INFO] IPUIPlugin:80 - create IPUIPlugin
2024-10-25 18:42:11,551 [INFO] PluginManager:220 - loadIPPluginJar : add usart
2024-10-25 18:42:11,575 [INFO] IPUIPlugin:80 - create IPUIPlugin
2024-10-25 18:42:11,575 [INFO] PluginManager:220 - loadIPPluginJar : add usbx
