2024-11-07 18:51:33,247 [INFO] Activator:176 - 


2024-11-07 18:51:33,258 [INFO] Activator:177 - !SESSION log4j initialized
2024-11-07 18:51:40,763 [INFO] LogOutputStream:77 - [STDOUT_REDIRECT] 
2024-11-07 18:51:46,045 [INFO] ApplicationProperties:184 - Using Application install path: D:\ST\STM32CubeIDE_1.15.1\STM32CubeIDE\plugins\com.st.stm32cube.common.mx_6.11.1.202404110753
2024-11-07 18:51:46,081 [INFO] DbMcusXml:78 - Set database path to: D:\ST\STM32CubeIDE_1.15.1\STM32CubeIDE\plugins\com.st.stm32cube.common.mx_6.11.1.202404110753\\db\/mcu/
2024-11-07 18:51:46,081 [INFO] ApiDb:274 - Set plugin database path to: D:\ST\STM32CubeIDE_1.15.1\STM32CubeIDE\plugins\com.st.stm32cube.common.mx_6.11.1.202404110753\\db\/plugins/boardmanager/
2024-11-07 18:51:46,082 [WARN] ApiDb:259 - Overriding images path with different value:  => D:\ST\STM32CubeIDE_1.15.1\STM32CubeIDE\plugins\com.st.stm32cube.common.mx_6.11.1.202404110753\\db\/plugins/mcufinder/images/
2024-11-07 18:51:46,114 [INFO] ApiDb:250 - Set database path to: C:\Users\ckckc\.stmcufinder\plugins\mcufinder//mcu/
2024-11-07 18:51:46,115 [INFO] DbMcusAds:125 - Set database path to: C:\Users\ckckc\.stmcufinder\plugins\mcufinder//mcu/
2024-11-07 18:51:46,117 [INFO] CrossReferenceDbSqlite:203 - Set database path to: C:\Users\ckckc\.stmcufinder\plugins\mcufinder//mcu/cs/
2024-11-07 18:51:46,231 [INFO] RulesReader:64 - Compatibility file has been processed (297 Rules)
2024-11-07 18:51:46,401 [INFO] DbMcusXml:78 - Set database path to: D:\ST\STM32CubeIDE_1.15.1\STM32CubeIDE\plugins\com.st.stm32cube.common.mx_6.11.1.202404110753\\db\/mcu/
2024-11-07 18:51:46,401 [INFO] ApiDb:274 - Set plugin database path to: D:\ST\STM32CubeIDE_1.15.1\STM32CubeIDE\plugins\com.st.stm32cube.common.mx_6.11.1.202404110753\\db\/plugins/boardmanager/
2024-11-07 18:51:46,401 [INFO] ApiDb:261 - Set plugin images path to: D:\ST\STM32CubeIDE_1.15.1\STM32CubeIDE\plugins\com.st.stm32cube.common.mx_6.11.1.202404110753\\db\/plugins/mcufinder/images/
2024-11-07 18:51:46,401 [WARN] DbFile:41 - Overriding database path with different value: C:\Users\ckckc\.stmcufinder\plugins\mcufinder/ => C:\Users\ckckc\.stmcufinder\plugins\mcufinder
2024-11-07 18:51:46,401 [INFO] ApiDb:250 - Set database path to: C:\Users\ckckc\.stmcufinder\plugins\mcufinder//mcu/
2024-11-07 18:51:46,401 [WARN] DbFile:41 - Overriding database path with different value: C:\Users\ckckc\.stmcufinder\plugins\mcufinder/ => C:\Users\ckckc\.stmcufinder\plugins\mcufinder
2024-11-07 18:51:46,401 [INFO] DbMcusAds:125 - Set database path to: C:\Users\ckckc\.stmcufinder\plugins\mcufinder//mcu/
2024-11-07 18:51:46,402 [WARN] DbFile:41 - Overriding database path with different value: C:\Users\ckckc\.stmcufinder\plugins\mcufinder/ => C:\Users\ckckc\.stmcufinder\plugins\mcufinder
2024-11-07 18:51:46,402 [WARN] DbFile:41 - Overriding database path with different value: C:\Users\ckckc\.stmcufinder\plugins\mcufinder/ => C:\Users\ckckc\.stmcufinder\plugins\mcufinder
2024-11-07 18:51:46,402 [INFO] CrossReferenceDbSqlite:203 - Set database path to: C:\Users\ckckc\.stmcufinder\plugins\mcufinder//mcu/cs/
2024-11-07 18:51:46,490 [INFO] MainPanel:264 - HeapMemory: 268435456
2024-11-07 18:51:46,649 [INFO] DbMcusXml:78 - Set database path to: D:\ST\STM32CubeIDE_1.15.1\STM32CubeIDE\plugins\com.st.stm32cube.common.mx_6.11.1.202404110753\\db\/mcu/
2024-11-07 18:51:46,649 [INFO] ApiDb:274 - Set plugin database path to: D:\ST\STM32CubeIDE_1.15.1\STM32CubeIDE\plugins\com.st.stm32cube.common.mx_6.11.1.202404110753\\db\/plugins/boardmanager/
2024-11-07 18:51:46,649 [INFO] ApiDb:261 - Set plugin images path to: D:\ST\STM32CubeIDE_1.15.1\STM32CubeIDE\plugins\com.st.stm32cube.common.mx_6.11.1.202404110753\\db\/plugins/mcufinder/images/
2024-11-07 18:51:46,649 [WARN] DbFile:41 - Overriding database path with different value: C:\Users\ckckc\.stmcufinder\plugins\mcufinder/ => C:\Users\ckckc\.stmcufinder\plugins\mcufinder
2024-11-07 18:51:46,649 [INFO] ApiDb:250 - Set database path to: C:\Users\ckckc\.stmcufinder\plugins\mcufinder//mcu/
2024-11-07 18:51:46,649 [WARN] DbFile:41 - Overriding database path with different value: C:\Users\ckckc\.stmcufinder\plugins\mcufinder/ => C:\Users\ckckc\.stmcufinder\plugins\mcufinder
2024-11-07 18:51:46,649 [INFO] DbMcusAds:125 - Set database path to: C:\Users\ckckc\.stmcufinder\plugins\mcufinder//mcu/
2024-11-07 18:51:46,649 [WARN] DbFile:41 - Overriding database path with different value: C:\Users\ckckc\.stmcufinder\plugins\mcufinder/ => C:\Users\ckckc\.stmcufinder\plugins\mcufinder
2024-11-07 18:51:46,650 [WARN] DbFile:41 - Overriding database path with different value: C:\Users\ckckc\.stmcufinder\plugins\mcufinder/ => C:\Users\ckckc\.stmcufinder\plugins\mcufinder
2024-11-07 18:51:46,650 [INFO] CrossReferenceDbSqlite:203 - Set database path to: C:\Users\ckckc\.stmcufinder\plugins\mcufinder//mcu/cs/
2024-11-07 18:51:46,690 [INFO] ApplicationProperties:184 - Using Application install path: D:\ST\STM32CubeIDE_1.15.1\STM32CubeIDE\plugins\com.st.stm32cube.common.mx_6.11.1.202404110753
2024-11-07 18:51:46,692 [INFO] PluginManage:196 - Search for loadable plugins [exclusion list=, ]
2024-11-07 18:51:46,693 [INFO] PluginManage:310 - Check plugin analytics
2024-11-07 18:51:46,924 [INFO] AnalyticsPlugin:253 - Accepted Software Licenses: 
2024-11-07 18:51:46,924 [INFO] AnalyticsPlugin:255 - Accepted CMSIS Pack Licenses: 
2024-11-07 18:51:46,924 [INFO] AnalyticsPlugin:257 - Accepted Firmware Licenses: FW.F4.1.28.0
2024-11-07 18:51:46,926 [INFO] PluginManage:359 - Loaded plugin analytics (category:tool,tabindex:-1)
2024-11-07 18:51:46,926 [INFO] PluginManage:310 - Check plugin cadmodel
2024-11-07 18:51:46,966 [INFO] CADModel:105 - Init CAD model plugin
2024-11-07 18:51:46,967 [INFO] PluginManage:359 - Loaded plugin cadmodel (category:power,tabindex:5)
2024-11-07 18:51:46,967 [INFO] PluginManage:310 - Check plugin clock
2024-11-07 18:51:46,993 [INFO] PluginManage:359 - Loaded plugin clock (category:base,tabindex:2)
2024-11-07 18:51:46,993 [INFO] PluginManage:310 - Check plugin ddr
2024-11-07 18:51:47,012 [INFO] PluginManage:359 - Loaded plugin ddr (category:tool,tabindex:6)
2024-11-07 18:51:47,012 [INFO] PluginManage:310 - Check plugin filemanager
2024-11-07 18:51:47,243 [INFO] PluginManage:359 - Loaded plugin filemanager (category:base,tabindex:10)
2024-11-07 18:51:47,243 [INFO] PluginManage:310 - Check plugin ipmanager
2024-11-07 18:51:47,259 [INFO] PluginManage:359 - Loaded plugin ipmanager (category:base,tabindex:5)
2024-11-07 18:51:47,259 [INFO] PluginManage:310 - Check plugin lpbam
2024-11-07 18:51:47,273 [INFO] PluginManage:359 - Loaded plugin lpbam (category:base,tabindex:0)
2024-11-07 18:51:47,273 [INFO] PluginManage:310 - Check plugin memorymap
2024-11-07 18:51:47,304 [INFO] PluginManage:359 - Loaded plugin memorymap (category:base,tabindex:4)
2024-11-07 18:51:47,305 [INFO] PluginManage:310 - Check plugin pinoutandconfiguration
2024-11-07 18:51:47,322 [INFO] PluginManage:359 - Loaded plugin pinoutandconfiguration (category:base,tabindex:1)
2024-11-07 18:51:47,322 [INFO] PluginManage:310 - Check plugin pinoutconfig
2024-11-07 18:51:47,434 [WARN] SupportedApi:132 - Cannot load RTOS API schema: s4s-elt-must-match.1: The content of 'definitions' must match (annotation?, (simpleType | complexType)?, (unique | key | keyref)*)). A problem was found starting at: attribute.
2024-11-07 18:51:47,557 [INFO] PluginManage:359 - Loaded plugin pinoutconfig (category:base,tabindex:0)
2024-11-07 18:51:47,558 [INFO] PluginManage:310 - Check plugin power
2024-11-07 18:51:47,587 [INFO] PluginManage:359 - Loaded plugin power (category:power,tabindex:4)
2024-11-07 18:51:47,587 [INFO] PluginManage:310 - Check plugin projectmanager
2024-11-07 18:51:47,609 [INFO] PluginManage:359 - Loaded plugin projectmanager (category:projectmanager,tabindex:3)
2024-11-07 18:51:47,609 [INFO] PluginManage:310 - Check plugin thirdparty
2024-11-07 18:51:47,917 [INFO] PluginManage:359 - Loaded plugin thirdparty (category:base,tabindex:-1)
2024-11-07 18:51:47,917 [INFO] PluginManage:310 - Check plugin tools
2024-11-07 18:51:47,917 [WARN] IntegrityCheckThread:84 - waiting for thirdparty lock release [integrity check]
2024-11-07 18:51:47,917 [INFO] IntegrityCheckThread:86 - entering critical section [integrity check]
2024-11-07 18:51:47,918 [INFO] ThirdPartyUpdaterWithRetryManager:70 - Updater plugin not ready yet. [1/15]
2024-11-07 18:51:47,922 [INFO] PluginManage:359 - Loaded plugin tools (category:base,tabindex:7)
2024-11-07 18:51:47,922 [INFO] PluginManage:310 - Check plugin tutovideos
2024-11-07 18:51:48,104 [INFO] PluginManage:359 - Loaded plugin tutovideos (category:base,tabindex:-1)
2024-11-07 18:51:48,104 [INFO] PluginManage:310 - Check plugin updater
2024-11-07 18:51:48,245 [INFO] PluginManage:359 - Loaded plugin updater (category:base,tabindex:12)
2024-11-07 18:51:48,245 [INFO] PluginManage:310 - Check plugin userauth
2024-11-07 18:51:48,250 [INFO] UserAuth:114 - Init User Auth plugin
2024-11-07 18:51:48,250 [INFO] PluginManage:359 - Loaded plugin userauth (category:base,tabindex:14)
2024-11-07 18:51:48,251 [INFO] PluginManage:283 - PluginManage : Loaded plugins [17]
2024-11-07 18:51:48,769 [INFO] PinOutPanel:1561 - setPackage(No Configuration,No Configuration)
2024-11-07 18:51:48,928 [INFO] CADModel:165 - CPN selected for project level
2024-11-07 18:51:48,928 [INFO] CADModel:114 - Register for checkConnection events
2024-11-07 18:51:49,025 [INFO] IPUIPlugin:80 - create IPUIPlugin
2024-11-07 18:51:49,025 [INFO] PluginManager:220 - loadIPPluginJar : add adc
2024-11-07 18:51:49,027 [INFO] IPUIPlugin:80 - create IPUIPlugin
2024-11-07 18:51:49,027 [INFO] PluginManager:220 - loadIPPluginJar : add aes
2024-11-07 18:51:49,038 [INFO] IPUIPlugin:80 - create IPUIPlugin
2024-11-07 18:51:49,038 [INFO] PluginManager:220 - loadIPPluginJar : add can
2024-11-07 18:51:49,040 [INFO] IPUIPlugin:80 - create IPUIPlugin
2024-11-07 18:51:49,040 [INFO] PluginManager:220 - loadIPPluginJar : add comp
2024-11-07 18:51:49,042 [INFO] IPUIPlugin:80 - create IPUIPlugin
2024-11-07 18:51:49,042 [INFO] PluginManager:220 - loadIPPluginJar : add cryp
2024-11-07 18:51:49,044 [INFO] IPUIPlugin:80 - create IPUIPlugin
2024-11-07 18:51:49,044 [INFO] PluginManager:220 - loadIPPluginJar : add dfsdm
2024-11-07 18:51:49,055 [INFO] IPUIPlugin:80 - create IPUIPlugin
2024-11-07 18:51:49,055 [INFO] PluginManager:220 - loadIPPluginJar : add dma
2024-11-07 18:51:49,062 [INFO] IPUIPlugin:80 - create IPUIPlugin
2024-11-07 18:51:49,062 [INFO] PluginManager:220 - loadIPPluginJar : add dma3
2024-11-07 18:51:49,064 [INFO] IPUIPlugin:80 - create IPUIPlugin
2024-11-07 18:51:49,064 [INFO] PluginManager:220 - loadIPPluginJar : add extmemmanager
2024-11-07 18:51:49,080 [INFO] IPUIPlugin:80 - create IPUIPlugin
2024-11-07 18:51:49,080 [INFO] PluginManager:220 - loadIPPluginJar : add fatfs
2024-11-07 18:51:49,083 [INFO] IPUIPlugin:80 - create IPUIPlugin
2024-11-07 18:51:49,083 [INFO] PluginManager:220 - loadIPPluginJar : add fmc
2024-11-07 18:51:49,102 [INFO] IPUIPlugin:80 - create IPUIPlugin
2024-11-07 18:51:49,102 [INFO] PluginManager:220 - loadIPPluginJar : add freertos
2024-11-07 18:51:49,103 [INFO] IPUIPlugin:80 - create IPUIPlugin
2024-11-07 18:51:49,103 [INFO] PluginManager:220 - loadIPPluginJar : add genericplugin
2024-11-07 18:51:49,114 [INFO] IPUIPlugin:80 - create IPUIPlugin
2024-11-07 18:51:49,115 [INFO] PluginManager:220 - loadIPPluginJar : add gfxmmu
2024-11-07 18:51:49,132 [INFO] IPUIPlugin:80 - create IPUIPlugin
2024-11-07 18:51:49,132 [INFO] PluginManager:220 - loadIPPluginJar : add gic
2024-11-07 18:51:49,145 [INFO] IPUIPlugin:80 - create IPUIPlugin
2024-11-07 18:51:49,145 [INFO] PluginManager:220 - loadIPPluginJar : add gpio
2024-11-07 18:51:49,159 [INFO] IPUIPlugin:80 - create IPUIPlugin
2024-11-07 18:51:49,159 [INFO] PluginManager:220 - loadIPPluginJar : add gtzc
2024-11-07 18:51:49,162 [INFO] IPUIPlugin:80 - create IPUIPlugin
2024-11-07 18:51:49,163 [INFO] PluginManager:220 - loadIPPluginJar : add hash
2024-11-07 18:51:49,167 [INFO] IPUIPlugin:80 - create IPUIPlugin
2024-11-07 18:51:49,168 [INFO] PluginManager:220 - loadIPPluginJar : add i2c
2024-11-07 18:51:49,172 [INFO] IPUIPlugin:80 - create IPUIPlugin
2024-11-07 18:51:49,172 [INFO] PluginManager:220 - loadIPPluginJar : add i2s
2024-11-07 18:51:49,181 [INFO] IPUIPlugin:80 - create IPUIPlugin
2024-11-07 18:51:49,181 [INFO] PluginManager:220 - loadIPPluginJar : add i3c
2024-11-07 18:51:49,190 [INFO] IPUIPlugin:80 - create IPUIPlugin
2024-11-07 18:51:49,190 [INFO] PluginManager:220 - loadIPPluginJar : add ipddr
2024-11-07 18:51:49,211 [INFO] IPUIPlugin:80 - create IPUIPlugin
2024-11-07 18:51:49,211 [INFO] PluginManager:220 - loadIPPluginJar : add linkedlist
2024-11-07 18:51:49,213 [INFO] IPUIPlugin:80 - create IPUIPlugin
2024-11-07 18:51:49,213 [INFO] PluginManager:220 - loadIPPluginJar : add lorawan
2024-11-07 18:51:49,214 [INFO] IPUIPlugin:80 - create IPUIPlugin
2024-11-07 18:51:49,215 [INFO] PluginManager:220 - loadIPPluginJar : add ltdc
2024-11-07 18:51:49,219 [INFO] IPUIPlugin:80 - create IPUIPlugin
2024-11-07 18:51:49,219 [INFO] PluginManager:220 - loadIPPluginJar : add mdma
2024-11-07 18:51:49,221 [INFO] IPUIPlugin:80 - create IPUIPlugin
2024-11-07 18:51:49,221 [INFO] PluginManager:220 - loadIPPluginJar : add nvic
2024-11-07 18:51:49,223 [INFO] IPUIPlugin:80 - create IPUIPlugin
2024-11-07 18:51:49,224 [INFO] PluginManager:220 - loadIPPluginJar : add opamp
2024-11-07 18:51:49,229 [INFO] IPUIPlugin:80 - create IPUIPlugin
2024-11-07 18:51:49,230 [INFO] PluginManager:220 - loadIPPluginJar : add openamp
2024-11-07 18:51:49,232 [INFO] IPUIPlugin:80 - create IPUIPlugin
2024-11-07 18:51:49,232 [INFO] PluginManager:220 - loadIPPluginJar : add pdm2pcm
2024-11-07 18:51:49,244 [INFO] IPUIPlugin:80 - create IPUIPlugin
2024-11-07 18:51:49,246 [INFO] PluginManager:220 - loadIPPluginJar : add plateformsettings
2024-11-07 18:51:49,247 [INFO] IPUIPlugin:80 - create IPUIPlugin
2024-11-07 18:51:49,247 [INFO] PluginManager:220 - loadIPPluginJar : add quadspi
2024-11-07 18:51:49,257 [INFO] IPUIPlugin:80 - create IPUIPlugin
2024-11-07 18:51:49,257 [INFO] PluginManager:220 - loadIPPluginJar : add resmgrutility
2024-11-07 18:51:49,260 [INFO] IPUIPlugin:80 - create IPUIPlugin
2024-11-07 18:51:49,260 [INFO] PluginManager:220 - loadIPPluginJar : add sai
2024-11-07 18:51:49,262 [INFO] IPUIPlugin:80 - create IPUIPlugin
2024-11-07 18:51:49,262 [INFO] PluginManager:220 - loadIPPluginJar : add spi
2024-11-07 18:51:49,275 [INFO] IPUIPlugin:80 - create IPUIPlugin
2024-11-07 18:51:49,275 [INFO] PluginManager:220 - loadIPPluginJar : add stm32_wpan
2024-11-07 18:51:49,276 [INFO] IPUIPlugin:80 - create IPUIPlugin
2024-11-07 18:51:49,276 [INFO] PluginManager:220 - loadIPPluginJar : add tim
2024-11-07 18:51:49,279 [INFO] IPUIPlugin:80 - create IPUIPlugin
2024-11-07 18:51:49,279 [INFO] PluginManager:220 - loadIPPluginJar : add touchsensing
2024-11-07 18:51:49,281 [INFO] IPUIPlugin:80 - create IPUIPlugin
2024-11-07 18:51:49,281 [INFO] PluginManager:220 - loadIPPluginJar : add tracer_emb
2024-11-07 18:51:49,282 [INFO] IPUIPlugin:80 - create IPUIPlugin
2024-11-07 18:51:49,282 [INFO] PluginManager:220 - loadIPPluginJar : add ts
2024-11-07 18:51:49,284 [INFO] IPUIPlugin:80 - create IPUIPlugin
2024-11-07 18:51:49,284 [INFO] PluginManager:220 - loadIPPluginJar : add tsc
2024-11-07 18:51:49,285 [INFO] IPUIPlugin:80 - create IPUIPlugin
2024-11-07 18:51:49,285 [INFO] PluginManager:220 - loadIPPluginJar : add ucpd
2024-11-07 18:51:49,288 [INFO] IPUIPlugin:80 - create IPUIPlugin
2024-11-07 18:51:49,288 [INFO] PluginManager:220 - loadIPPluginJar : add usart
2024-11-07 18:51:49,290 [INFO] IPUIPlugin:80 - create IPUIPlugin
2024-11-07 18:51:49,290 [INFO] PluginManager:220 - loadIPPluginJar : add usbx
2024-11-07 18:51:49,420 [INFO] CADModel:165 - CPN selected for project level
2024-11-07 18:51:49,420 [INFO] CADModel:114 - Register for checkConnection events
2024-11-07 18:51:49,420 [FATAL] Updater:308 - Updater called before beeing initialized
2024-11-07 18:51:49,420 [ERROR] CADModel:125 - Updater not yet initialized, retry later 
2024-11-07 18:51:49,655 [INFO] CADModel:165 - CPN selected for project level
2024-11-07 18:51:49,655 [INFO] CADModel:114 - Register for checkConnection events
2024-11-07 18:51:49,655 [FATAL] Updater:308 - Updater called before beeing initialized
2024-11-07 18:51:49,655 [ERROR] CADModel:125 - Updater not yet initialized, retry later 
2024-11-07 18:51:49,658 [FATAL] Updater:308 - Updater called before beeing initialized
2024-11-07 18:51:49,750 [FATAL] Updater:308 - Updater called before beeing initialized
2024-11-07 18:51:49,754 [INFO] DbMcusAds:53 - JSON generation date=Fri Sep 20 22:04:23 KST 2024 (1726837463113)
2024-11-07 18:51:49,754 [FATAL] Updater:308 - Updater called before beeing initialized
2024-11-07 18:51:49,855 [WARN] DetailPanel:346 - Failed to get advertising image, set to default
2024-11-07 18:51:49,938 [FATAL] Updater:308 - Updater called before beeing initialized
2024-11-07 18:51:49,949 [FATAL] Updater:308 - Updater called before beeing initialized
2024-11-07 18:51:49,949 [FATAL] Updater:308 - Updater called before beeing initialized
2024-11-07 18:51:49,949 [WARN] DetailPanel:346 - Failed to get advertising image, set to default
2024-11-07 18:51:49,949 [FATAL] Updater:308 - Updater called before beeing initialized
2024-11-07 18:51:50,014 [ERROR] Updater:1120 - MainUpdater not yet initialized. External WinMGr cannot be set.
2024-11-07 18:51:50,027 [INFO] Updater:1056 - Updater Version found : 6.11.1
2024-11-07 18:51:50,067 [INFO] ApplicationProperties:184 - Using Application install path: D:\ST\STM32CubeIDE_1.15.1\STM32CubeIDE\plugins\com.st.stm32cube.common.mx_6.11.1.202404110753
2024-11-07 18:51:50,426 [INFO] MainUpdater:2873 - connection check result : 10
2024-11-07 18:51:50,426 [INFO] MainUpdater:290 - Updater Check For Update Now.
2024-11-07 18:51:50,426 [INFO] MicroXplorer:498 - Change Database Version : DB.6.0.111
2024-11-07 18:51:50,432 [INFO] McuFinderGlobals:63 - Set McuFinder mode to 2 (CubeIDE integrated)
2024-11-07 18:51:50,462 [INFO] UserAuth:415 - Internet connection configuration mode: 1
2024-11-07 18:51:50,507 [INFO] JxBrowserEngine:152 - Initiate JxBrowser Engine with user profile folder
2024-11-07 18:51:50,617 [INFO] CheckServerUpdateThread:120 - End of CheckServer Thread
2024-11-07 18:51:51,204 [WARN] PackLoader:240 - Cannot read IP mode file for STMicroelectronics.FP-SNS-MOTENVWB1.1.4.0
2024-11-07 18:51:51,219 [WARN] PackLoader:240 - Cannot read IP mode file for STMicroelectronics.X-CUBE-SMBUS.2.1.0
2024-11-07 18:51:51,229 [WARN] PackLoader:240 - Cannot read IP mode file for STMicroelectronics.X-CUBE-WB05N.1.1.0
2024-11-07 18:51:51,240 [WARN] PackLoader:240 - Cannot read IP mode file for STMicroelectronics.X-CUBE-TOUCHGFX.4.23.2
2024-11-07 18:51:51,266 [WARN] PackLoader:240 - Cannot read IP mode file for STMicroelectronics.X-CUBE-AZRTOS-F7.1.1.0
2024-11-07 18:51:51,318 [WARN] PackLoader:240 - Cannot read IP mode file for STMicroelectronics.X-CUBE-MEMS1.11.0.0
2024-11-07 18:51:51,445 [WARN] PackLoader:240 - Cannot read IP mode file for STMicroelectronics.FP-SNS-FLIGHT1.5.0.2
2024-11-07 18:51:51,451 [WARN] PackLoader:240 - Cannot read IP mode file for STMicroelectronics.X-CUBE-DISPLAY.3.0.0
2024-11-07 18:51:51,461 [WARN] PackLoader:240 - Cannot read IP mode file for STMicroelectronics.X-CUBE-BLE1.7.0.0
2024-11-07 18:51:51,467 [WARN] PackLoader:240 - Cannot read IP mode file for STMicroelectronics.X-CUBE-NFC10.1.0.0
2024-11-07 18:51:51,473 [WARN] PackLoader:240 - Cannot read IP mode file for emotas.I-CUBE-CANOPEN.1.3.0
2024-11-07 18:51:51,480 [WARN] PackLoader:240 - Cannot read IP mode file for STMicroelectronics.X-CUBE-BLEMGR.3.1.0
2024-11-07 18:51:51,486 [WARN] PackLoader:240 - Cannot read IP mode file for STMicroelectronics.FP-SNS-SMARTAG2.1.2.0
2024-11-07 18:51:51,494 [INFO] LogOutputStream:77 - [STDOUT_REDIRECT] 1 : Invalid condition id : UX_CORESTACK_Condition cause : null
2024-11-07 18:51:51,495 [INFO] LogOutputStream:77 - [STDOUT_REDIRECT] 1 : Invalid condition id : UX_CORESTACK_Condition cause : null
2024-11-07 18:51:51,496 [INFO] LogOutputStream:77 - [STDOUT_REDIRECT] 1 : Invalid condition id : UX_CORESTACK_Condition cause : null
2024-11-07 18:51:51,497 [INFO] LogOutputStream:77 - [STDOUT_REDIRECT] 1 : Invalid condition id : UX_CORESTACK_Condition cause : null
2024-11-07 18:51:51,498 [INFO] LogOutputStream:77 - [STDOUT_REDIRECT] 1 : Invalid condition id : UX_CORESTACK_Condition cause : null
2024-11-07 18:51:51,500 [WARN] PackLoader:240 - Cannot read IP mode file for STMicroelectronics.X-CUBE-AZRTOS-WL.2.0.0
2024-11-07 18:51:51,507 [WARN] PackLoader:240 - Cannot read IP mode file for STMicroelectronics.FP-SNS-MOTENV1.5.0.0
2024-11-07 18:51:51,512 [WARN] PackLoader:240 - Cannot read IP mode file for wolfSSL.I-CUBE-wolfMQTT.1.19.0
2024-11-07 18:51:51,520 [WARN] PackLoader:240 - Cannot read IP mode file for WES.I-CUBE-Cesium.1.3.0
2024-11-07 18:51:51,525 [WARN] PackLoader:240 - Cannot read IP mode file for STMicroelectronics.X-CUBE-BLE2.3.3.0
2024-11-07 18:51:51,530 [WARN] PackLoader:240 - Cannot read IP mode file for STMicroelectronics.X-CUBE-NFC9.1.0.0
2024-11-07 18:51:51,536 [WARN] PackLoader:240 - Cannot read IP mode file for STMicroelectronics.X-CUBE-TCPP.4.1.0
2024-11-07 18:51:51,542 [WARN] PackLoader:240 - Cannot read IP mode file for STMicroelectronics.X-CUBE-ALGOBUILD.1.3.0
2024-11-07 18:51:51,558 [WARN] PackLoader:240 - Cannot read IP mode file for STMicroelectronics.X-CUBE-AZRTOS-G0.1.1.0
2024-11-07 18:51:51,564 [WARN] PackLoader:240 - Cannot read IP mode file for STMicroelectronics.X-CUBE-SAFEA1.1.2.2
2024-11-07 18:51:51,572 [WARN] PackLoader:240 - Cannot read IP mode file for STMicroelectronics.X-CUBE-NFC4.3.0.0
2024-11-07 18:51:51,578 [WARN] PackLoader:240 - Cannot read IP mode file for wolfSSL.I-CUBE-wolfMQTT.1.18.0
2024-11-07 18:51:51,588 [WARN] PackLoader:240 - Cannot read IP mode file for EmbeddedOffice.I-CUBE-FS-RTOS.1.0.1
2024-11-07 18:51:51,588 [ERROR] ConditionMgr:805 - Attr not supported : Dmpu
2024-11-07 18:51:51,589 [ERROR] ConditionMgr:805 - Attr not supported : Dmpu
2024-11-07 18:51:51,589 [ERROR] ConditionMgr:805 - Attr not supported : Dmpu
2024-11-07 18:51:51,589 [ERROR] ConditionMgr:805 - Attr not supported : Dmpu
2024-11-07 18:51:51,589 [ERROR] ConditionMgr:805 - Attr not supported : Dmpu
2024-11-07 18:51:51,589 [ERROR] ConditionMgr:805 - Attr not supported : Dmpu
2024-11-07 18:51:51,589 [ERROR] ConditionMgr:805 - Attr not supported : Dmpu
2024-11-07 18:51:51,589 [ERROR] ConditionMgr:805 - Attr not supported : Dmpu
2024-11-07 18:51:51,589 [ERROR] ConditionMgr:805 - Attr not supported : Dmpu
2024-11-07 18:51:51,589 [ERROR] ConditionMgr:805 - Attr not supported : Dmpu
2024-11-07 18:51:51,589 [ERROR] ConditionMgr:805 - Attr not supported : Dmpu
2024-11-07 18:51:51,589 [ERROR] ConditionMgr:805 - Attr not supported : Dmpu
2024-11-07 18:51:51,589 [ERROR] ConditionMgr:805 - Attr not supported : Dmpu
2024-11-07 18:51:51,589 [ERROR] ConditionMgr:805 - Attr not supported : Dmpu
2024-11-07 18:51:51,589 [ERROR] ConditionMgr:805 - Attr not supported : Dmpu
2024-11-07 18:51:51,590 [ERROR] ConditionMgr:805 - Attr not supported : Dmpu
2024-11-07 18:51:51,590 [ERROR] ConditionMgr:805 - Attr not supported : Dmpu
2024-11-07 18:51:51,590 [ERROR] ConditionMgr:805 - Attr not supported : Dmpu
2024-11-07 18:51:51,590 [ERROR] ConditionMgr:805 - Attr not supported : Dmpu
2024-11-07 18:51:51,590 [ERROR] ConditionMgr:805 - Attr not supported : Dmpu
2024-11-07 18:51:51,590 [ERROR] ConditionMgr:805 - Attr not supported : Dmpu
2024-11-07 18:51:51,590 [ERROR] ConditionMgr:805 - Attr not supported : Dmpu
2024-11-07 18:51:51,590 [ERROR] ConditionMgr:805 - Attr not supported : Dmpu
2024-11-07 18:51:51,590 [ERROR] ConditionMgr:805 - Attr not supported : Dmpu
2024-11-07 18:51:51,590 [ERROR] ConditionMgr:805 - Attr not supported : Dmpu
2024-11-07 18:51:51,590 [ERROR] ConditionMgr:805 - Attr not supported : Dmpu
2024-11-07 18:51:51,590 [ERROR] ConditionMgr:805 - Attr not supported : Dmpu
2024-11-07 18:51:51,590 [ERROR] ConditionMgr:805 - Attr not supported : Dmpu
2024-11-07 18:51:51,591 [ERROR] ConditionMgr:805 - Attr not supported : Dmpu
2024-11-07 18:51:51,591 [ERROR] ConditionMgr:805 - Attr not supported : Dmpu
2024-11-07 18:51:51,591 [ERROR] ConditionMgr:805 - Attr not supported : Dmpu
2024-11-07 18:51:51,591 [ERROR] ConditionMgr:805 - Attr not supported : Dmpu
2024-11-07 18:51:51,591 [ERROR] ConditionMgr:805 - Attr not supported : Dmpu
2024-11-07 18:51:51,591 [ERROR] ConditionMgr:805 - Attr not supported : Dmpu
2024-11-07 18:51:51,591 [ERROR] ConditionMgr:805 - Attr not supported : Dmpu
2024-11-07 18:51:51,591 [ERROR] ConditionMgr:805 - Attr not supported : Dmpu
2024-11-07 18:51:51,591 [ERROR] ConditionMgr:805 - Attr not supported : Dmpu
2024-11-07 18:51:51,591 [ERROR] ConditionMgr:805 - Attr not supported : Dmpu
2024-11-07 18:51:51,591 [ERROR] ConditionMgr:805 - Attr not supported : Dmpu
2024-11-07 18:51:51,591 [ERROR] ConditionMgr:805 - Attr not supported : Dmpu
2024-11-07 18:51:51,592 [ERROR] ConditionMgr:805 - Attr not supported : Dmpu
2024-11-07 18:51:51,592 [ERROR] ConditionMgr:805 - Attr not supported : Dmpu
2024-11-07 18:51:51,592 [ERROR] ConditionMgr:805 - Attr not supported : Dmpu
2024-11-07 18:51:51,592 [ERROR] ConditionMgr:805 - Attr not supported : Dmpu
2024-11-07 18:51:51,592 [ERROR] ConditionMgr:805 - Attr not supported : Dmpu
2024-11-07 18:51:51,592 [ERROR] ConditionMgr:805 - Attr not supported : Dmpu
2024-11-07 18:51:51,592 [ERROR] ConditionMgr:805 - Attr not supported : Dmpu
2024-11-07 18:51:51,592 [ERROR] ConditionMgr:805 - Attr not supported : Dmpu
2024-11-07 18:51:51,592 [ERROR] ConditionMgr:805 - Attr not supported : Dmpu
2024-11-07 18:51:51,592 [ERROR] ConditionMgr:805 - Attr not supported : Dmpu
2024-11-07 18:51:51,592 [ERROR] ConditionMgr:805 - Attr not supported : Dmpu
2024-11-07 18:51:51,592 [ERROR] ConditionMgr:805 - Attr not supported : Dmpu
2024-11-07 18:51:51,592 [ERROR] ConditionMgr:805 - Attr not supported : Dmpu
2024-11-07 18:51:51,592 [ERROR] ConditionMgr:805 - Attr not supported : Dmpu
2024-11-07 18:51:51,592 [ERROR] ConditionMgr:805 - Attr not supported : Dmpu
2024-11-07 18:51:51,593 [ERROR] ConditionMgr:805 - Attr not supported : Dmpu
2024-11-07 18:51:51,593 [ERROR] ConditionMgr:805 - Attr not supported : Dmpu
2024-11-07 18:51:51,593 [ERROR] ConditionMgr:805 - Attr not supported : Dmpu
2024-11-07 18:51:51,593 [ERROR] ConditionMgr:805 - Attr not supported : Dmpu
2024-11-07 18:51:51,593 [ERROR] ConditionMgr:805 - Attr not supported : Dmpu
2024-11-07 18:51:51,593 [ERROR] ConditionMgr:805 - Attr not supported : Dmpu
2024-11-07 18:51:51,593 [ERROR] ConditionMgr:805 - Attr not supported : Dmpu
2024-11-07 18:51:51,593 [ERROR] ConditionMgr:805 - Attr not supported : Dmpu
2024-11-07 18:51:51,593 [ERROR] ConditionMgr:805 - Attr not supported : Dmpu
2024-11-07 18:51:51,598 [WARN] PackLoader:240 - Cannot read IP mode file for RealThread.X-CUBE-RT-Thread_Nano.4.1.1
2024-11-07 18:51:51,602 [WARN] PackLoader:240 - Cannot read IP mode file for wolfSSL.I-CUBE-wolfSSL.5.7.0
2024-11-07 18:51:51,607 [WARN] PackLoader:240 - Cannot read IP mode file for STMicroelectronics.FP-ATR-SIGFOX1.3.2.0
2024-11-07 18:51:51,616 [WARN] PackLoader:240 - Cannot read IP mode file for STMicroelectronics.X-CUBE-EEPRMA1.5.1.0
2024-11-07 18:51:51,625 [WARN] PackLoader:240 - Cannot read IP mode file for ITTIA_DB.I-CUBE-ITTIADB.8.9.0
2024-11-07 18:51:51,662 [WARN] PackLoader:240 - Cannot read IP mode file for SEGGER.I-CUBE-embOS.1.3.1
2024-11-07 18:51:51,698 [WARN] PackLoader:240 - Cannot read IP mode file for STMicroelectronics.X-CUBE-ALGOBUILD.1.4.0
2024-11-07 18:51:51,702 [WARN] PackLoader:240 - Cannot read IP mode file for STMicroelectronics.X-CUBE-AI.9.1.0
2024-11-07 18:51:51,707 [WARN] PackLoader:240 - Cannot read IP mode file for STMicroelectronics.X-CUBE-GNSS1.6.0.0
2024-11-07 18:51:51,720 [WARN] PackLoader:240 - Cannot read IP mode file for STMicroelectronics.X-CUBE-AZRTOS-F4.1.1.0
2024-11-07 18:51:51,728 [WARN] PackLoader:240 - Cannot read IP mode file for STMicroelectronics.X-CUBE-ISPU.2.1.0
2024-11-07 18:51:51,734 [WARN] PackLoader:240 - Cannot read IP mode file for STMicroelectronics.X-CUBE-FREERTOS.1.2.0
2024-11-07 18:51:51,748 [WARN] PackLoader:240 - Cannot read IP mode file for STMicroelectronics.X-CUBE-AZRTOS-L5.2.0.0
2024-11-07 18:51:51,757 [WARN] PackLoader:240 - Cannot read IP mode file for STMicroelectronics.X-CUBE-NFC6.3.1.0
2024-11-07 18:51:51,768 [WARN] PackLoader:240 - Cannot read IP mode file for STMicroelectronics.X-CUBE-DPower.1.2.0
2024-11-07 18:51:51,772 [WARN] PackLoader:240 - Cannot read IP mode file for STMicroelectronics.X-CUBE-AI.9.0.0
2024-11-07 18:51:51,778 [WARN] PackLoader:240 - Cannot read IP mode file for STMicroelectronics.X-CUBE-NFC7.1.0.1
2024-11-07 18:51:51,783 [WARN] PackLoader:240 - Cannot read IP mode file for wolfSSL.I-CUBE-wolfTPM.3.2.0
2024-11-07 18:51:51,799 [WARN] ConditionMgr:438 - getConditionDescription Invalid condition id : LAN8742 Phy interface Condition cause : null
2024-11-07 18:51:51,799 [WARN] PackLoader:240 - Cannot read IP mode file for STMicroelectronics.X-CUBE-AZRTOS-L4.2.0.0
2024-11-07 18:51:51,800 [WARN] ConditionMgr:1039 - genDependencies : Invalid condition id : LAN8742 Phy interface Condition cause : null
2024-11-07 18:51:51,800 [WARN] ConditionMgr:1039 - genDependencies : Invalid condition id : LAN8742 Phy interface Condition cause : null
2024-11-07 18:51:51,800 [WARN] ConditionMgr:1039 - genDependencies : Invalid condition id : LAN8742 Phy interface Condition cause : null
2024-11-07 18:51:51,806 [WARN] PackLoader:240 - Cannot read IP mode file for STMicroelectronics.X-CUBE-SFXS2LP1.4.0.0
2024-11-07 18:51:51,822 [WARN] PackLoader:240 - Cannot read IP mode file for STMicroelectronics.X-CUBE-AZRTOS-H7.3.3.0
2024-11-07 18:51:51,832 [WARN] PackLoader:240 - Cannot read IP mode file for STMicroelectronics.X-CUBE-IPS.3.0.0
2024-11-07 18:51:51,845 [WARN] ConditionMgr:438 - getConditionDescription Invalid condition id : UX DEVICE CLASS RTOS Condition cause : null
2024-11-07 18:51:51,845 [WARN] ConditionMgr:438 - getConditionDescription Invalid condition id : UX DEVICE CLASS RTOS Condition cause : null
2024-11-07 18:51:51,847 [WARN] PackLoader:240 - Cannot read IP mode file for STMicroelectronics.X-CUBE-AZRTOS-WB.2.0.0
2024-11-07 18:51:51,847 [WARN] ConditionMgr:1039 - genDependencies : Invalid condition id : UX DEVICE CLASS RTOS Condition cause : null
2024-11-07 18:51:51,847 [WARN] ConditionMgr:1039 - genDependencies : Invalid condition id : UX DEVICE CLASS RTOS Condition cause : null
2024-11-07 18:51:51,847 [WARN] ConditionMgr:1039 - genDependencies : Invalid condition id : UX DEVICE CLASS RTOS Condition cause : null
2024-11-07 18:51:51,848 [WARN] ConditionMgr:1039 - genDependencies : Invalid condition id : UX DEVICE CLASS RTOS Condition cause : null
2024-11-07 18:51:51,848 [WARN] ConditionMgr:1039 - genDependencies : Invalid condition id : UX DEVICE CLASS RTOS Condition cause : null
2024-11-07 18:51:51,852 [WARN] PackLoader:240 - Cannot read IP mode file for STMicroelectronics.X-CUBE-GNSS1.7.0.0
2024-11-07 18:51:51,858 [WARN] PackLoader:240 - Cannot read IP mode file for STMicroelectronics.FP-SNS-STBOX1.2.0.0
2024-11-07 18:51:51,870 [WARN] PackLoader:240 - Cannot read IP mode file for STMicroelectronics.X-CUBE-SUBG2.5.0.0
2024-11-07 18:51:51,887 [WARN] PackLoader:240 - Cannot read IP mode file for STMicroelectronics.X-CUBE-AZRTOS-G4.2.0.0
2024-11-07 18:51:51,891 [WARN] PackLoader:240 - Cannot read IP mode file for STMicroelectronics.X-CUBE-ISPU.2.0.0
2024-11-07 18:51:51,896 [WARN] PackLoader:240 - Cannot read IP mode file for STMicroelectronics.X-CUBE-ALS.1.0.2
2024-11-07 18:51:51,922 [WARN] PackLoader:240 - Cannot read IP mode file for STMicroelectronics.X-CUBE-MEMS1.10.0.0
2024-11-07 18:51:52,042 [WARN] PackLoader:240 - Cannot read IP mode file for STMicroelectronics.X-CUBE-TOUCHGFX.4.24.0
2024-11-07 18:51:52,046 [WARN] PackLoader:240 - Cannot read IP mode file for STMicroelectronics.X-CUBE-TOUCHGFX.4.24.1
2024-11-07 18:51:52,050 [WARN] PackLoader:240 - Cannot read IP mode file for portGmbH.I-Cube-SoM-uGOAL.1.1.0
2024-11-07 18:51:52,054 [WARN] PackLoader:240 - Cannot read IP mode file for STMicroelectronics.X-CUBE-ALS.1.0.1
2024-11-07 18:51:52,070 [WARN] PackLoader:240 - Cannot read IP mode file for STMicroelectronics.X-CUBE-AZRTOS-H7RS.1.0.0
2024-11-07 18:51:52,077 [WARN] PackLoader:240 - Cannot read IP mode file for STMicroelectronics.FP-ATR-ASTRA1.2.0.0
2024-11-07 18:51:52,086 [WARN] PackLoader:240 - Cannot read IP mode file for STMicroelectronics.X-CUBE-TOF1.3.4.2
2024-11-07 18:51:52,105 [WARN] PackLoader:240 - Cannot read IP mode file for STMicroelectronics.X-CUBE-TOF1.3.4.1
2024-11-07 18:51:52,129 [WARN] PackLoader:240 - Cannot read IP mode file for STMicroelectronics.X-CUBE-AZRTOS-H7.3.2.0
2024-11-07 18:51:52,147 [WARN] PackLoader:240 - Cannot read IP mode file for Infineon.AIROC-Wi-Fi-Bluetooth-STM32.1.6.0
2024-11-07 18:51:52,155 [WARN] PackLoader:240 - Cannot read IP mode file for wolfSSL.I-CUBE-wolfSSH.1.4.17
2024-11-07 18:51:52,156 [INFO] ThirdParty:978 - Integrity check success = true
2024-11-07 18:51:52,156 [INFO] IntegrityCheckThread:100 - exiting critical section [integrity check]
2024-11-07 18:51:52,156 [INFO] IntegrityCheckThread:103 - End integrity checks thread
2024-11-07 18:51:52,815 [INFO] WebApp:161 - Instantiating new browser for Auth
2024-11-07 18:51:53,364 [INFO] WebApp:779 - Register for checkConnection events
2024-11-07 18:51:53,364 [INFO] WebApp:414 - Apply proxy settings
2024-11-07 18:51:53,364 [INFO] WebApp:499 - Chromium requires no authentication
2024-11-07 18:51:53,369 [INFO] WebApp:442 - Direct internet connection detected
2024-11-07 18:51:53,525 [INFO] WebApp:192 - Starting web application
2024-11-07 18:51:53,525 [INFO] WebApp:544 - Web application path used D:\ST\STM32CubeIDE_1.15.1\STM32CubeIDE\plugins\com.st.stm32cube.common.mx_6.11.1.202404110753\db\plugins\mcufinder\reactClient1\index.html
2024-11-07 20:36:49,674 [ERROR] LogOutputStream:75 - [STDERR_REDIRECT] 
