2024-11-17 11:42:59,197 [INFO] Activator:176 - 


2024-11-17 11:42:59,211 [INFO] Activator:177 - !SESSION log4j initialized
2024-11-17 11:43:07,719 [INFO] LogOutputStream:77 - [STDOUT_REDIRECT] 
2024-11-17 11:43:13,242 [INFO] ApplicationProperties:184 - Using Application install path: D:\ST\STM32CubeIDE_1.15.1\STM32CubeIDE\plugins\com.st.stm32cube.common.mx_6.11.1.202404110753
2024-11-17 11:43:13,275 [INFO] DbMcusXml:78 - Set database path to: D:\ST\STM32CubeIDE_1.15.1\STM32CubeIDE\plugins\com.st.stm32cube.common.mx_6.11.1.202404110753\\db\/mcu/
2024-11-17 11:43:13,275 [INFO] ApiDb:274 - Set plugin database path to: D:\ST\STM32CubeIDE_1.15.1\STM32CubeIDE\plugins\com.st.stm32cube.common.mx_6.11.1.202404110753\\db\/plugins/boardmanager/
2024-11-17 11:43:13,276 [WARN] ApiDb:259 - Overriding images path with different value:  => D:\ST\STM32CubeIDE_1.15.1\STM32CubeIDE\plugins\com.st.stm32cube.common.mx_6.11.1.202404110753\\db\/plugins/mcufinder/images/
2024-11-17 11:43:13,282 [INFO] ApiDb:250 - Set database path to: C:\Users\ckckc\.stmcufinder\plugins\mcufinder//mcu/
2024-11-17 11:43:13,282 [INFO] DbMcusAds:125 - Set database path to: C:\Users\ckckc\.stmcufinder\plugins\mcufinder//mcu/
2024-11-17 11:43:13,284 [INFO] CrossReferenceDbSqlite:203 - Set database path to: C:\Users\ckckc\.stmcufinder\plugins\mcufinder//mcu/cs/
2024-11-17 11:43:13,398 [INFO] RulesReader:64 - Compatibility file has been processed (297 Rules)
2024-11-17 11:43:13,518 [INFO] DbMcusXml:78 - Set database path to: D:\ST\STM32CubeIDE_1.15.1\STM32CubeIDE\plugins\com.st.stm32cube.common.mx_6.11.1.202404110753\\db\/mcu/
2024-11-17 11:43:13,518 [INFO] ApiDb:274 - Set plugin database path to: D:\ST\STM32CubeIDE_1.15.1\STM32CubeIDE\plugins\com.st.stm32cube.common.mx_6.11.1.202404110753\\db\/plugins/boardmanager/
2024-11-17 11:43:13,518 [INFO] ApiDb:261 - Set plugin images path to: D:\ST\STM32CubeIDE_1.15.1\STM32CubeIDE\plugins\com.st.stm32cube.common.mx_6.11.1.202404110753\\db\/plugins/mcufinder/images/
2024-11-17 11:43:13,518 [WARN] DbFile:41 - Overriding database path with different value: C:\Users\ckckc\.stmcufinder\plugins\mcufinder/ => C:\Users\ckckc\.stmcufinder\plugins\mcufinder
2024-11-17 11:43:13,519 [INFO] ApiDb:250 - Set database path to: C:\Users\ckckc\.stmcufinder\plugins\mcufinder//mcu/
2024-11-17 11:43:13,519 [WARN] DbFile:41 - Overriding database path with different value: C:\Users\ckckc\.stmcufinder\plugins\mcufinder/ => C:\Users\ckckc\.stmcufinder\plugins\mcufinder
2024-11-17 11:43:13,519 [INFO] DbMcusAds:125 - Set database path to: C:\Users\ckckc\.stmcufinder\plugins\mcufinder//mcu/
2024-11-17 11:43:13,519 [WARN] DbFile:41 - Overriding database path with different value: C:\Users\ckckc\.stmcufinder\plugins\mcufinder/ => C:\Users\ckckc\.stmcufinder\plugins\mcufinder
2024-11-17 11:43:13,519 [WARN] DbFile:41 - Overriding database path with different value: C:\Users\ckckc\.stmcufinder\plugins\mcufinder/ => C:\Users\ckckc\.stmcufinder\plugins\mcufinder
2024-11-17 11:43:13,519 [INFO] CrossReferenceDbSqlite:203 - Set database path to: C:\Users\ckckc\.stmcufinder\plugins\mcufinder//mcu/cs/
2024-11-17 11:43:13,599 [INFO] MainPanel:264 - HeapMemory: 268435456
2024-11-17 11:43:13,714 [INFO] DbMcusXml:78 - Set database path to: D:\ST\STM32CubeIDE_1.15.1\STM32CubeIDE\plugins\com.st.stm32cube.common.mx_6.11.1.202404110753\\db\/mcu/
2024-11-17 11:43:13,714 [INFO] ApiDb:274 - Set plugin database path to: D:\ST\STM32CubeIDE_1.15.1\STM32CubeIDE\plugins\com.st.stm32cube.common.mx_6.11.1.202404110753\\db\/plugins/boardmanager/
2024-11-17 11:43:13,714 [INFO] ApiDb:261 - Set plugin images path to: D:\ST\STM32CubeIDE_1.15.1\STM32CubeIDE\plugins\com.st.stm32cube.common.mx_6.11.1.202404110753\\db\/plugins/mcufinder/images/
2024-11-17 11:43:13,714 [WARN] DbFile:41 - Overriding database path with different value: C:\Users\ckckc\.stmcufinder\plugins\mcufinder/ => C:\Users\ckckc\.stmcufinder\plugins\mcufinder
2024-11-17 11:43:13,714 [INFO] ApiDb:250 - Set database path to: C:\Users\ckckc\.stmcufinder\plugins\mcufinder//mcu/
2024-11-17 11:43:13,714 [WARN] DbFile:41 - Overriding database path with different value: C:\Users\ckckc\.stmcufinder\plugins\mcufinder/ => C:\Users\ckckc\.stmcufinder\plugins\mcufinder
2024-11-17 11:43:13,714 [INFO] DbMcusAds:125 - Set database path to: C:\Users\ckckc\.stmcufinder\plugins\mcufinder//mcu/
2024-11-17 11:43:13,714 [WARN] DbFile:41 - Overriding database path with different value: C:\Users\ckckc\.stmcufinder\plugins\mcufinder/ => C:\Users\ckckc\.stmcufinder\plugins\mcufinder
2024-11-17 11:43:13,714 [WARN] DbFile:41 - Overriding database path with different value: C:\Users\ckckc\.stmcufinder\plugins\mcufinder/ => C:\Users\ckckc\.stmcufinder\plugins\mcufinder
2024-11-17 11:43:13,714 [INFO] CrossReferenceDbSqlite:203 - Set database path to: C:\Users\ckckc\.stmcufinder\plugins\mcufinder//mcu/cs/
2024-11-17 11:43:13,728 [INFO] ApplicationProperties:184 - Using Application install path: D:\ST\STM32CubeIDE_1.15.1\STM32CubeIDE\plugins\com.st.stm32cube.common.mx_6.11.1.202404110753
2024-11-17 11:43:13,729 [INFO] PluginManage:196 - Search for loadable plugins [exclusion list=, ]
2024-11-17 11:43:13,730 [INFO] PluginManage:310 - Check plugin analytics
2024-11-17 11:43:13,936 [INFO] AnalyticsPlugin:253 - Accepted Software Licenses: 
2024-11-17 11:43:13,936 [INFO] AnalyticsPlugin:255 - Accepted CMSIS Pack Licenses: 
2024-11-17 11:43:13,936 [INFO] AnalyticsPlugin:257 - Accepted Firmware Licenses: FW.F4.1.28.0
2024-11-17 11:43:13,938 [INFO] PluginManage:359 - Loaded plugin analytics (category:tool,tabindex:-1)
2024-11-17 11:43:13,938 [INFO] PluginManage:310 - Check plugin cadmodel
2024-11-17 11:43:13,986 [INFO] CADModel:105 - Init CAD model plugin
2024-11-17 11:43:13,986 [INFO] PluginManage:359 - Loaded plugin cadmodel (category:power,tabindex:5)
2024-11-17 11:43:13,986 [INFO] PluginManage:310 - Check plugin clock
2024-11-17 11:43:14,012 [INFO] PluginManage:359 - Loaded plugin clock (category:base,tabindex:2)
2024-11-17 11:43:14,012 [INFO] PluginManage:310 - Check plugin ddr
2024-11-17 11:43:14,019 [INFO] PluginManage:359 - Loaded plugin ddr (category:tool,tabindex:6)
2024-11-17 11:43:14,019 [INFO] PluginManage:310 - Check plugin filemanager
2024-11-17 11:43:14,188 [INFO] PluginManage:359 - Loaded plugin filemanager (category:base,tabindex:10)
2024-11-17 11:43:14,188 [INFO] PluginManage:310 - Check plugin ipmanager
2024-11-17 11:43:14,202 [INFO] PluginManage:359 - Loaded plugin ipmanager (category:base,tabindex:5)
2024-11-17 11:43:14,203 [INFO] PluginManage:310 - Check plugin lpbam
2024-11-17 11:43:14,227 [INFO] PluginManage:359 - Loaded plugin lpbam (category:base,tabindex:0)
2024-11-17 11:43:14,227 [INFO] PluginManage:310 - Check plugin memorymap
2024-11-17 11:43:14,266 [INFO] PluginManage:359 - Loaded plugin memorymap (category:base,tabindex:4)
2024-11-17 11:43:14,266 [INFO] PluginManage:310 - Check plugin pinoutandconfiguration
2024-11-17 11:43:14,283 [INFO] PluginManage:359 - Loaded plugin pinoutandconfiguration (category:base,tabindex:1)
2024-11-17 11:43:14,283 [INFO] PluginManage:310 - Check plugin pinoutconfig
2024-11-17 11:43:14,361 [WARN] SupportedApi:132 - Cannot load RTOS API schema: s4s-elt-must-match.1: The content of 'definitions' must match (annotation?, (simpleType | complexType)?, (unique | key | keyref)*)). A problem was found starting at: attribute.
2024-11-17 11:43:14,476 [INFO] PluginManage:359 - Loaded plugin pinoutconfig (category:base,tabindex:0)
2024-11-17 11:43:14,477 [INFO] PluginManage:310 - Check plugin power
2024-11-17 11:43:14,505 [INFO] PluginManage:359 - Loaded plugin power (category:power,tabindex:4)
2024-11-17 11:43:14,505 [INFO] PluginManage:310 - Check plugin projectmanager
2024-11-17 11:43:14,526 [INFO] PluginManage:359 - Loaded plugin projectmanager (category:projectmanager,tabindex:3)
2024-11-17 11:43:14,526 [INFO] PluginManage:310 - Check plugin thirdparty
2024-11-17 11:43:14,776 [INFO] PluginManage:359 - Loaded plugin thirdparty (category:base,tabindex:-1)
2024-11-17 11:43:14,776 [INFO] PluginManage:310 - Check plugin tools
2024-11-17 11:43:14,776 [WARN] IntegrityCheckThread:84 - waiting for thirdparty lock release [integrity check]
2024-11-17 11:43:14,777 [INFO] IntegrityCheckThread:86 - entering critical section [integrity check]
2024-11-17 11:43:14,777 [INFO] ThirdPartyUpdaterWithRetryManager:70 - Updater plugin not ready yet. [1/15]
2024-11-17 11:43:14,782 [INFO] PluginManage:359 - Loaded plugin tools (category:base,tabindex:7)
2024-11-17 11:43:14,782 [INFO] PluginManage:310 - Check plugin tutovideos
2024-11-17 11:43:14,955 [INFO] PluginManage:359 - Loaded plugin tutovideos (category:base,tabindex:-1)
2024-11-17 11:43:14,955 [INFO] PluginManage:310 - Check plugin updater
2024-11-17 11:43:14,992 [INFO] PluginManage:359 - Loaded plugin updater (category:base,tabindex:12)
2024-11-17 11:43:14,992 [INFO] PluginManage:310 - Check plugin userauth
2024-11-17 11:43:14,997 [INFO] UserAuth:114 - Init User Auth plugin
2024-11-17 11:43:14,997 [INFO] PluginManage:359 - Loaded plugin userauth (category:base,tabindex:14)
2024-11-17 11:43:14,997 [INFO] PluginManage:283 - PluginManage : Loaded plugins [17]
2024-11-17 11:43:15,270 [INFO] PinOutPanel:1561 - setPackage(No Configuration,No Configuration)
2024-11-17 11:43:15,397 [INFO] CADModel:165 - CPN selected for project level
2024-11-17 11:43:15,397 [INFO] CADModel:114 - Register for checkConnection events
2024-11-17 11:43:15,447 [INFO] IPUIPlugin:80 - create IPUIPlugin
2024-11-17 11:43:15,447 [INFO] PluginManager:220 - loadIPPluginJar : add adc
2024-11-17 11:43:15,448 [INFO] IPUIPlugin:80 - create IPUIPlugin
2024-11-17 11:43:15,448 [INFO] PluginManager:220 - loadIPPluginJar : add aes
2024-11-17 11:43:15,457 [INFO] IPUIPlugin:80 - create IPUIPlugin
2024-11-17 11:43:15,457 [INFO] PluginManager:220 - loadIPPluginJar : add can
2024-11-17 11:43:15,458 [INFO] IPUIPlugin:80 - create IPUIPlugin
2024-11-17 11:43:15,458 [INFO] PluginManager:220 - loadIPPluginJar : add comp
2024-11-17 11:43:15,461 [INFO] IPUIPlugin:80 - create IPUIPlugin
2024-11-17 11:43:15,461 [INFO] PluginManager:220 - loadIPPluginJar : add cryp
2024-11-17 11:43:15,462 [INFO] IPUIPlugin:80 - create IPUIPlugin
2024-11-17 11:43:15,462 [INFO] PluginManager:220 - loadIPPluginJar : add dfsdm
2024-11-17 11:43:15,473 [INFO] IPUIPlugin:80 - create IPUIPlugin
2024-11-17 11:43:15,473 [INFO] PluginManager:220 - loadIPPluginJar : add dma
2024-11-17 11:43:15,480 [INFO] IPUIPlugin:80 - create IPUIPlugin
2024-11-17 11:43:15,480 [INFO] PluginManager:220 - loadIPPluginJar : add dma3
2024-11-17 11:43:15,482 [INFO] IPUIPlugin:80 - create IPUIPlugin
2024-11-17 11:43:15,482 [INFO] PluginManager:220 - loadIPPluginJar : add extmemmanager
2024-11-17 11:43:15,498 [INFO] IPUIPlugin:80 - create IPUIPlugin
2024-11-17 11:43:15,498 [INFO] PluginManager:220 - loadIPPluginJar : add fatfs
2024-11-17 11:43:15,501 [INFO] IPUIPlugin:80 - create IPUIPlugin
2024-11-17 11:43:15,501 [INFO] PluginManager:220 - loadIPPluginJar : add fmc
2024-11-17 11:43:15,521 [INFO] IPUIPlugin:80 - create IPUIPlugin
2024-11-17 11:43:15,521 [INFO] PluginManager:220 - loadIPPluginJar : add freertos
2024-11-17 11:43:15,522 [INFO] IPUIPlugin:80 - create IPUIPlugin
2024-11-17 11:43:15,522 [INFO] PluginManager:220 - loadIPPluginJar : add genericplugin
2024-11-17 11:43:15,533 [INFO] IPUIPlugin:80 - create IPUIPlugin
2024-11-17 11:43:15,533 [INFO] PluginManager:220 - loadIPPluginJar : add gfxmmu
2024-11-17 11:43:15,550 [INFO] IPUIPlugin:80 - create IPUIPlugin
2024-11-17 11:43:15,551 [INFO] PluginManager:220 - loadIPPluginJar : add gic
2024-11-17 11:43:15,564 [INFO] IPUIPlugin:80 - create IPUIPlugin
2024-11-17 11:43:15,564 [INFO] PluginManager:220 - loadIPPluginJar : add gpio
2024-11-17 11:43:15,577 [INFO] IPUIPlugin:80 - create IPUIPlugin
2024-11-17 11:43:15,578 [INFO] PluginManager:220 - loadIPPluginJar : add gtzc
2024-11-17 11:43:15,581 [INFO] IPUIPlugin:80 - create IPUIPlugin
2024-11-17 11:43:15,581 [INFO] PluginManager:220 - loadIPPluginJar : add hash
2024-11-17 11:43:15,595 [INFO] IPUIPlugin:80 - create IPUIPlugin
2024-11-17 11:43:15,595 [INFO] PluginManager:220 - loadIPPluginJar : add i2c
2024-11-17 11:43:15,599 [INFO] IPUIPlugin:80 - create IPUIPlugin
2024-11-17 11:43:15,599 [INFO] PluginManager:220 - loadIPPluginJar : add i2s
2024-11-17 11:43:15,608 [INFO] IPUIPlugin:80 - create IPUIPlugin
2024-11-17 11:43:15,609 [INFO] PluginManager:220 - loadIPPluginJar : add i3c
2024-11-17 11:43:15,616 [INFO] IPUIPlugin:80 - create IPUIPlugin
2024-11-17 11:43:15,617 [INFO] PluginManager:220 - loadIPPluginJar : add ipddr
2024-11-17 11:43:15,646 [INFO] IPUIPlugin:80 - create IPUIPlugin
2024-11-17 11:43:15,647 [INFO] PluginManager:220 - loadIPPluginJar : add linkedlist
2024-11-17 11:43:15,649 [INFO] IPUIPlugin:80 - create IPUIPlugin
2024-11-17 11:43:15,649 [INFO] PluginManager:220 - loadIPPluginJar : add lorawan
2024-11-17 11:43:15,651 [INFO] IPUIPlugin:80 - create IPUIPlugin
2024-11-17 11:43:15,651 [INFO] PluginManager:220 - loadIPPluginJar : add ltdc
2024-11-17 11:43:15,655 [INFO] IPUIPlugin:80 - create IPUIPlugin
2024-11-17 11:43:15,655 [INFO] PluginManager:220 - loadIPPluginJar : add mdma
2024-11-17 11:43:15,658 [INFO] IPUIPlugin:80 - create IPUIPlugin
2024-11-17 11:43:15,658 [INFO] PluginManager:220 - loadIPPluginJar : add nvic
2024-11-17 11:43:15,660 [INFO] IPUIPlugin:80 - create IPUIPlugin
2024-11-17 11:43:15,660 [INFO] PluginManager:220 - loadIPPluginJar : add opamp
2024-11-17 11:43:15,673 [INFO] IPUIPlugin:80 - create IPUIPlugin
2024-11-17 11:43:15,673 [INFO] PluginManager:220 - loadIPPluginJar : add openamp
2024-11-17 11:43:15,675 [INFO] IPUIPlugin:80 - create IPUIPlugin
2024-11-17 11:43:15,675 [INFO] PluginManager:220 - loadIPPluginJar : add pdm2pcm
2024-11-17 11:43:15,687 [INFO] IPUIPlugin:80 - create IPUIPlugin
2024-11-17 11:43:15,689 [INFO] PluginManager:220 - loadIPPluginJar : add plateformsettings
2024-11-17 11:43:15,690 [INFO] IPUIPlugin:80 - create IPUIPlugin
2024-11-17 11:43:15,690 [INFO] PluginManager:220 - loadIPPluginJar : add quadspi
2024-11-17 11:43:15,700 [INFO] IPUIPlugin:80 - create IPUIPlugin
2024-11-17 11:43:15,700 [INFO] PluginManager:220 - loadIPPluginJar : add resmgrutility
2024-11-17 11:43:15,706 [INFO] IPUIPlugin:80 - create IPUIPlugin
2024-11-17 11:43:15,706 [INFO] PluginManager:220 - loadIPPluginJar : add sai
2024-11-17 11:43:15,708 [INFO] IPUIPlugin:80 - create IPUIPlugin
2024-11-17 11:43:15,708 [INFO] PluginManager:220 - loadIPPluginJar : add spi
2024-11-17 11:43:15,718 [INFO] IPUIPlugin:80 - create IPUIPlugin
2024-11-17 11:43:15,718 [INFO] PluginManager:220 - loadIPPluginJar : add stm32_wpan
2024-11-17 11:43:15,720 [INFO] IPUIPlugin:80 - create IPUIPlugin
2024-11-17 11:43:15,720 [INFO] PluginManager:220 - loadIPPluginJar : add tim
2024-11-17 11:43:15,722 [INFO] IPUIPlugin:80 - create IPUIPlugin
2024-11-17 11:43:15,722 [INFO] PluginManager:220 - loadIPPluginJar : add touchsensing
2024-11-17 11:43:15,723 [INFO] IPUIPlugin:80 - create IPUIPlugin
2024-11-17 11:43:15,724 [INFO] PluginManager:220 - loadIPPluginJar : add tracer_emb
2024-11-17 11:43:15,724 [INFO] IPUIPlugin:80 - create IPUIPlugin
2024-11-17 11:43:15,724 [INFO] PluginManager:220 - loadIPPluginJar : add ts
2024-11-17 11:43:15,726 [INFO] IPUIPlugin:80 - create IPUIPlugin
2024-11-17 11:43:15,726 [INFO] PluginManager:220 - loadIPPluginJar : add tsc
2024-11-17 11:43:15,727 [INFO] IPUIPlugin:80 - create IPUIPlugin
2024-11-17 11:43:15,727 [INFO] PluginManager:220 - loadIPPluginJar : add ucpd
2024-11-17 11:43:15,729 [INFO] IPUIPlugin:80 - create IPUIPlugin
2024-11-17 11:43:15,729 [INFO] PluginManager:220 - loadIPPluginJar : add usart
2024-11-17 11:43:15,731 [INFO] IPUIPlugin:80 - create IPUIPlugin
2024-11-17 11:43:15,731 [INFO] PluginManager:220 - loadIPPluginJar : add usbx
2024-11-17 11:43:15,853 [INFO] CADModel:165 - CPN selected for project level
2024-11-17 11:43:15,853 [INFO] CADModel:114 - Register for checkConnection events
2024-11-17 11:43:15,853 [FATAL] Updater:308 - Updater called before beeing initialized
2024-11-17 11:43:15,853 [ERROR] CADModel:125 - Updater not yet initialized, retry later 
2024-11-17 11:43:16,085 [INFO] CADModel:165 - CPN selected for project level
2024-11-17 11:43:16,086 [INFO] CADModel:114 - Register for checkConnection events
2024-11-17 11:43:16,086 [FATAL] Updater:308 - Updater called before beeing initialized
2024-11-17 11:43:16,086 [ERROR] CADModel:125 - Updater not yet initialized, retry later 
2024-11-17 11:43:16,088 [FATAL] Updater:308 - Updater called before beeing initialized
2024-11-17 11:43:16,184 [FATAL] Updater:308 - Updater called before beeing initialized
2024-11-17 11:43:16,196 [INFO] DbMcusAds:53 - JSON generation date=Fri Sep 20 22:04:23 KST 2024 (1726837463113)
2024-11-17 11:43:16,196 [FATAL] Updater:308 - Updater called before beeing initialized
2024-11-17 11:43:16,280 [WARN] DetailPanel:346 - Failed to get advertising image, set to default
2024-11-17 11:43:16,373 [FATAL] Updater:308 - Updater called before beeing initialized
2024-11-17 11:43:16,385 [FATAL] Updater:308 - Updater called before beeing initialized
2024-11-17 11:43:16,385 [FATAL] Updater:308 - Updater called before beeing initialized
2024-11-17 11:43:16,385 [WARN] DetailPanel:346 - Failed to get advertising image, set to default
2024-11-17 11:43:16,386 [FATAL] Updater:308 - Updater called before beeing initialized
2024-11-17 11:43:16,461 [ERROR] Updater:1120 - MainUpdater not yet initialized. External WinMGr cannot be set.
2024-11-17 11:43:16,470 [INFO] Updater:1056 - Updater Version found : 6.11.1
2024-11-17 11:43:16,503 [INFO] ApplicationProperties:184 - Using Application install path: D:\ST\STM32CubeIDE_1.15.1\STM32CubeIDE\plugins\com.st.stm32cube.common.mx_6.11.1.202404110753
2024-11-17 11:43:16,873 [INFO] MainUpdater:2873 - connection check result : 10
2024-11-17 11:43:16,873 [INFO] MainUpdater:290 - Updater Check For Update Now.
2024-11-17 11:43:16,873 [INFO] MicroXplorer:498 - Change Database Version : DB.6.0.111
2024-11-17 11:43:16,889 [INFO] McuFinderGlobals:63 - Set McuFinder mode to 2 (CubeIDE integrated)
2024-11-17 11:43:16,922 [INFO] UserAuth:415 - Internet connection configuration mode: 1
2024-11-17 11:43:16,975 [INFO] JxBrowserEngine:152 - Initiate JxBrowser Engine with user profile folder
2024-11-17 11:43:17,073 [INFO] CheckServerUpdateThread:120 - End of CheckServer Thread
2024-11-17 11:43:18,005 [WARN] PackLoader:240 - Cannot read IP mode file for STMicroelectronics.FP-SNS-MOTENVWB1.1.4.0
2024-11-17 11:43:18,012 [WARN] PackLoader:240 - Cannot read IP mode file for STMicroelectronics.FP-ATR-ASTRA1.2.0.1
2024-11-17 11:43:18,023 [WARN] PackLoader:240 - Cannot read IP mode file for STMicroelectronics.X-CUBE-SMBUS.2.1.0
2024-11-17 11:43:18,032 [WARN] PackLoader:240 - Cannot read IP mode file for STMicroelectronics.X-CUBE-WB05N.1.1.0
2024-11-17 11:43:18,039 [WARN] PackLoader:240 - Cannot read IP mode file for STMicroelectronics.X-CUBE-TOUCHGFX.4.23.2
2024-11-17 11:43:18,063 [WARN] PackLoader:240 - Cannot read IP mode file for STMicroelectronics.X-CUBE-AZRTOS-F7.1.1.0
2024-11-17 11:43:18,114 [WARN] PackLoader:240 - Cannot read IP mode file for STMicroelectronics.X-CUBE-MEMS1.11.0.0
2024-11-17 11:43:18,223 [WARN] PackLoader:240 - Cannot read IP mode file for STMicroelectronics.FP-SNS-FLIGHT1.5.0.2
2024-11-17 11:43:18,230 [WARN] PackLoader:240 - Cannot read IP mode file for STMicroelectronics.X-CUBE-DISPLAY.3.0.0
2024-11-17 11:43:18,238 [WARN] PackLoader:240 - Cannot read IP mode file for STMicroelectronics.X-CUBE-BLE1.7.0.0
2024-11-17 11:43:18,244 [WARN] PackLoader:240 - Cannot read IP mode file for STMicroelectronics.X-CUBE-NFC10.1.0.0
2024-11-17 11:43:18,251 [WARN] PackLoader:240 - Cannot read IP mode file for emotas.I-CUBE-CANOPEN.1.3.0
2024-11-17 11:43:18,260 [WARN] PackLoader:240 - Cannot read IP mode file for STMicroelectronics.X-CUBE-BLEMGR.3.1.0
2024-11-17 11:43:18,272 [WARN] PackLoader:240 - Cannot read IP mode file for STMicroelectronics.FP-SNS-SMARTAG2.1.2.0
2024-11-17 11:43:18,283 [INFO] LogOutputStream:77 - [STDOUT_REDIRECT] 1 : Invalid condition id : UX_CORESTACK_Condition cause : null
2024-11-17 11:43:18,284 [INFO] LogOutputStream:77 - [STDOUT_REDIRECT] 1 : Invalid condition id : UX_CORESTACK_Condition cause : null
2024-11-17 11:43:18,286 [INFO] LogOutputStream:77 - [STDOUT_REDIRECT] 1 : Invalid condition id : UX_CORESTACK_Condition cause : null
2024-11-17 11:43:18,287 [INFO] LogOutputStream:77 - [STDOUT_REDIRECT] 1 : Invalid condition id : UX_CORESTACK_Condition cause : null
2024-11-17 11:43:18,289 [INFO] LogOutputStream:77 - [STDOUT_REDIRECT] 1 : Invalid condition id : UX_CORESTACK_Condition cause : null
2024-11-17 11:43:18,293 [WARN] PackLoader:240 - Cannot read IP mode file for STMicroelectronics.X-CUBE-AZRTOS-WL.2.0.0
2024-11-17 11:43:18,300 [WARN] PackLoader:240 - Cannot read IP mode file for STMicroelectronics.FP-SNS-MOTENV1.5.0.0
2024-11-17 11:43:18,307 [WARN] PackLoader:240 - Cannot read IP mode file for wolfSSL.I-CUBE-wolfMQTT.1.19.0
2024-11-17 11:43:18,316 [WARN] PackLoader:240 - Cannot read IP mode file for WES.I-CUBE-Cesium.1.3.0
2024-11-17 11:43:18,321 [WARN] PackLoader:240 - Cannot read IP mode file for STMicroelectronics.X-CUBE-BLE2.3.3.0
2024-11-17 11:43:18,327 [WARN] PackLoader:240 - Cannot read IP mode file for STMicroelectronics.X-CUBE-NFC9.1.0.0
2024-11-17 11:43:18,344 [WARN] PackLoader:240 - Cannot read IP mode file for STMicroelectronics.X-CUBE-TCPP.4.1.0
2024-11-17 11:43:18,353 [WARN] PackLoader:240 - Cannot read IP mode file for STMicroelectronics.X-CUBE-ALGOBUILD.1.3.0
2024-11-17 11:43:18,369 [WARN] PackLoader:240 - Cannot read IP mode file for STMicroelectronics.X-CUBE-AZRTOS-G0.1.1.0
2024-11-17 11:43:18,376 [WARN] PackLoader:240 - Cannot read IP mode file for STMicroelectronics.X-CUBE-SAFEA1.1.2.2
2024-11-17 11:43:18,382 [WARN] PackLoader:240 - Cannot read IP mode file for STMicroelectronics.X-CUBE-NFC4.3.0.0
2024-11-17 11:43:18,386 [WARN] PackLoader:240 - Cannot read IP mode file for wolfSSL.I-CUBE-wolfMQTT.1.18.0
2024-11-17 11:43:18,393 [WARN] PackLoader:240 - Cannot read IP mode file for EmbeddedOffice.I-CUBE-FS-RTOS.1.0.1
2024-11-17 11:43:18,394 [ERROR] ConditionMgr:805 - Attr not supported : Dmpu
2024-11-17 11:43:18,394 [ERROR] ConditionMgr:805 - Attr not supported : Dmpu
2024-11-17 11:43:18,394 [ERROR] ConditionMgr:805 - Attr not supported : Dmpu
2024-11-17 11:43:18,394 [ERROR] ConditionMgr:805 - Attr not supported : Dmpu
2024-11-17 11:43:18,394 [ERROR] ConditionMgr:805 - Attr not supported : Dmpu
2024-11-17 11:43:18,394 [ERROR] ConditionMgr:805 - Attr not supported : Dmpu
2024-11-17 11:43:18,394 [ERROR] ConditionMgr:805 - Attr not supported : Dmpu
2024-11-17 11:43:18,394 [ERROR] ConditionMgr:805 - Attr not supported : Dmpu
2024-11-17 11:43:18,394 [ERROR] ConditionMgr:805 - Attr not supported : Dmpu
2024-11-17 11:43:18,394 [ERROR] ConditionMgr:805 - Attr not supported : Dmpu
2024-11-17 11:43:18,394 [ERROR] ConditionMgr:805 - Attr not supported : Dmpu
2024-11-17 11:43:18,394 [ERROR] ConditionMgr:805 - Attr not supported : Dmpu
2024-11-17 11:43:18,394 [ERROR] ConditionMgr:805 - Attr not supported : Dmpu
2024-11-17 11:43:18,394 [ERROR] ConditionMgr:805 - Attr not supported : Dmpu
2024-11-17 11:43:18,394 [ERROR] ConditionMgr:805 - Attr not supported : Dmpu
2024-11-17 11:43:18,395 [ERROR] ConditionMgr:805 - Attr not supported : Dmpu
2024-11-17 11:43:18,395 [ERROR] ConditionMgr:805 - Attr not supported : Dmpu
2024-11-17 11:43:18,395 [ERROR] ConditionMgr:805 - Attr not supported : Dmpu
2024-11-17 11:43:18,395 [ERROR] ConditionMgr:805 - Attr not supported : Dmpu
2024-11-17 11:43:18,395 [ERROR] ConditionMgr:805 - Attr not supported : Dmpu
2024-11-17 11:43:18,395 [ERROR] ConditionMgr:805 - Attr not supported : Dmpu
2024-11-17 11:43:18,395 [ERROR] ConditionMgr:805 - Attr not supported : Dmpu
2024-11-17 11:43:18,395 [ERROR] ConditionMgr:805 - Attr not supported : Dmpu
2024-11-17 11:43:18,395 [ERROR] ConditionMgr:805 - Attr not supported : Dmpu
2024-11-17 11:43:18,395 [ERROR] ConditionMgr:805 - Attr not supported : Dmpu
2024-11-17 11:43:18,395 [ERROR] ConditionMgr:805 - Attr not supported : Dmpu
2024-11-17 11:43:18,395 [ERROR] ConditionMgr:805 - Attr not supported : Dmpu
2024-11-17 11:43:18,395 [ERROR] ConditionMgr:805 - Attr not supported : Dmpu
2024-11-17 11:43:18,395 [ERROR] ConditionMgr:805 - Attr not supported : Dmpu
2024-11-17 11:43:18,395 [ERROR] ConditionMgr:805 - Attr not supported : Dmpu
2024-11-17 11:43:18,395 [ERROR] ConditionMgr:805 - Attr not supported : Dmpu
2024-11-17 11:43:18,395 [ERROR] ConditionMgr:805 - Attr not supported : Dmpu
2024-11-17 11:43:18,395 [ERROR] ConditionMgr:805 - Attr not supported : Dmpu
2024-11-17 11:43:18,395 [ERROR] ConditionMgr:805 - Attr not supported : Dmpu
2024-11-17 11:43:18,396 [ERROR] ConditionMgr:805 - Attr not supported : Dmpu
2024-11-17 11:43:18,396 [ERROR] ConditionMgr:805 - Attr not supported : Dmpu
2024-11-17 11:43:18,396 [ERROR] ConditionMgr:805 - Attr not supported : Dmpu
2024-11-17 11:43:18,396 [ERROR] ConditionMgr:805 - Attr not supported : Dmpu
2024-11-17 11:43:18,396 [ERROR] ConditionMgr:805 - Attr not supported : Dmpu
2024-11-17 11:43:18,396 [ERROR] ConditionMgr:805 - Attr not supported : Dmpu
2024-11-17 11:43:18,396 [ERROR] ConditionMgr:805 - Attr not supported : Dmpu
2024-11-17 11:43:18,396 [ERROR] ConditionMgr:805 - Attr not supported : Dmpu
2024-11-17 11:43:18,396 [ERROR] ConditionMgr:805 - Attr not supported : Dmpu
2024-11-17 11:43:18,396 [ERROR] ConditionMgr:805 - Attr not supported : Dmpu
2024-11-17 11:43:18,396 [ERROR] ConditionMgr:805 - Attr not supported : Dmpu
2024-11-17 11:43:18,396 [ERROR] ConditionMgr:805 - Attr not supported : Dmpu
2024-11-17 11:43:18,396 [ERROR] ConditionMgr:805 - Attr not supported : Dmpu
2024-11-17 11:43:18,396 [ERROR] ConditionMgr:805 - Attr not supported : Dmpu
2024-11-17 11:43:18,396 [ERROR] ConditionMgr:805 - Attr not supported : Dmpu
2024-11-17 11:43:18,397 [ERROR] ConditionMgr:805 - Attr not supported : Dmpu
2024-11-17 11:43:18,397 [ERROR] ConditionMgr:805 - Attr not supported : Dmpu
2024-11-17 11:43:18,397 [ERROR] ConditionMgr:805 - Attr not supported : Dmpu
2024-11-17 11:43:18,397 [ERROR] ConditionMgr:805 - Attr not supported : Dmpu
2024-11-17 11:43:18,397 [ERROR] ConditionMgr:805 - Attr not supported : Dmpu
2024-11-17 11:43:18,397 [ERROR] ConditionMgr:805 - Attr not supported : Dmpu
2024-11-17 11:43:18,397 [ERROR] ConditionMgr:805 - Attr not supported : Dmpu
2024-11-17 11:43:18,397 [ERROR] ConditionMgr:805 - Attr not supported : Dmpu
2024-11-17 11:43:18,397 [ERROR] ConditionMgr:805 - Attr not supported : Dmpu
2024-11-17 11:43:18,397 [ERROR] ConditionMgr:805 - Attr not supported : Dmpu
2024-11-17 11:43:18,397 [ERROR] ConditionMgr:805 - Attr not supported : Dmpu
2024-11-17 11:43:18,397 [ERROR] ConditionMgr:805 - Attr not supported : Dmpu
2024-11-17 11:43:18,397 [ERROR] ConditionMgr:805 - Attr not supported : Dmpu
2024-11-17 11:43:18,397 [ERROR] ConditionMgr:805 - Attr not supported : Dmpu
2024-11-17 11:43:18,397 [ERROR] ConditionMgr:805 - Attr not supported : Dmpu
2024-11-17 11:43:18,402 [WARN] PackLoader:240 - Cannot read IP mode file for RealThread.X-CUBE-RT-Thread_Nano.4.1.1
2024-11-17 11:43:18,408 [WARN] PackLoader:240 - Cannot read IP mode file for wolfSSL.I-CUBE-wolfSSL.5.7.0
2024-11-17 11:43:18,414 [WARN] PackLoader:240 - Cannot read IP mode file for STMicroelectronics.FP-ATR-SIGFOX1.3.2.0
2024-11-17 11:43:18,420 [WARN] ConditionMgr:438 - getConditionDescription Invalid condition id : Cortex-A Device cause : null
2024-11-17 11:43:18,436 [WARN] ConditionMgr:1039 - genDependencies : Invalid condition id : Cortex-A Device cause : null
2024-11-17 11:43:18,436 [WARN] ConditionMgr:1039 - genDependencies : Invalid condition id : Cortex-A Device cause : null
2024-11-17 11:43:18,436 [WARN] ConditionMgr:1039 - genDependencies : Invalid condition id : Cortex-A Device cause : null
2024-11-17 11:43:18,441 [WARN] PackLoader:240 - Cannot read IP mode file for STMicroelectronics.X-CUBE-EEPRMA1.5.1.0
2024-11-17 11:43:18,447 [WARN] PackLoader:240 - Cannot read IP mode file for ITTIA_DB.I-CUBE-ITTIADB.8.9.0
2024-11-17 11:43:18,468 [WARN] PackLoader:240 - Cannot read IP mode file for SEGGER.I-CUBE-embOS.1.3.1
2024-11-17 11:43:18,511 [WARN] PackLoader:240 - Cannot read IP mode file for STMicroelectronics.X-CUBE-ALGOBUILD.1.4.0
2024-11-17 11:43:18,515 [WARN] PackLoader:240 - Cannot read IP mode file for STMicroelectronics.X-CUBE-AI.9.1.0
2024-11-17 11:43:18,520 [WARN] PackLoader:240 - Cannot read IP mode file for STMicroelectronics.X-CUBE-GNSS1.6.0.0
2024-11-17 11:43:18,532 [WARN] PackLoader:240 - Cannot read IP mode file for STMicroelectronics.X-CUBE-AZRTOS-F4.1.1.0
2024-11-17 11:43:18,538 [WARN] PackLoader:240 - Cannot read IP mode file for STMicroelectronics.X-CUBE-ISPU.2.1.0
2024-11-17 11:43:18,543 [WARN] PackLoader:240 - Cannot read IP mode file for STMicroelectronics.X-CUBE-FREERTOS.1.2.0
2024-11-17 11:43:18,562 [WARN] PackLoader:240 - Cannot read IP mode file for STMicroelectronics.X-CUBE-AZRTOS-L5.2.0.0
2024-11-17 11:43:18,571 [WARN] PackLoader:240 - Cannot read IP mode file for STMicroelectronics.X-CUBE-NFC6.3.1.0
2024-11-17 11:43:18,579 [WARN] PackLoader:240 - Cannot read IP mode file for STMicroelectronics.X-CUBE-DPower.1.2.0
2024-11-17 11:43:18,583 [WARN] PackLoader:240 - Cannot read IP mode file for STMicroelectronics.X-CUBE-AI.9.0.0
2024-11-17 11:43:18,589 [WARN] PackLoader:240 - Cannot read IP mode file for STMicroelectronics.X-CUBE-NFC7.1.0.1
2024-11-17 11:43:18,594 [WARN] PackLoader:240 - Cannot read IP mode file for wolfSSL.I-CUBE-wolfTPM.3.2.0
2024-11-17 11:43:18,607 [WARN] ConditionMgr:438 - getConditionDescription Invalid condition id : LAN8742 Phy interface Condition cause : null
2024-11-17 11:43:18,607 [WARN] PackLoader:240 - Cannot read IP mode file for STMicroelectronics.X-CUBE-AZRTOS-L4.2.0.0
2024-11-17 11:43:18,608 [WARN] ConditionMgr:1039 - genDependencies : Invalid condition id : LAN8742 Phy interface Condition cause : null
2024-11-17 11:43:18,608 [WARN] ConditionMgr:1039 - genDependencies : Invalid condition id : LAN8742 Phy interface Condition cause : null
2024-11-17 11:43:18,609 [WARN] ConditionMgr:1039 - genDependencies : Invalid condition id : LAN8742 Phy interface Condition cause : null
2024-11-17 11:43:18,615 [WARN] PackLoader:240 - Cannot read IP mode file for STMicroelectronics.X-CUBE-SFXS2LP1.4.0.0
2024-11-17 11:43:18,630 [WARN] PackLoader:240 - Cannot read IP mode file for STMicroelectronics.X-CUBE-AZRTOS-H7.3.3.0
2024-11-17 11:43:18,642 [WARN] PackLoader:240 - Cannot read IP mode file for STMicroelectronics.X-CUBE-IPS.3.0.0
2024-11-17 11:43:18,654 [WARN] ConditionMgr:438 - getConditionDescription Invalid condition id : UX DEVICE CLASS RTOS Condition cause : null
2024-11-17 11:43:18,654 [WARN] ConditionMgr:438 - getConditionDescription Invalid condition id : UX DEVICE CLASS RTOS Condition cause : null
2024-11-17 11:43:18,656 [WARN] PackLoader:240 - Cannot read IP mode file for STMicroelectronics.X-CUBE-AZRTOS-WB.2.0.0
2024-11-17 11:43:18,656 [WARN] ConditionMgr:1039 - genDependencies : Invalid condition id : UX DEVICE CLASS RTOS Condition cause : null
2024-11-17 11:43:18,656 [WARN] ConditionMgr:1039 - genDependencies : Invalid condition id : UX DEVICE CLASS RTOS Condition cause : null
2024-11-17 11:43:18,656 [WARN] ConditionMgr:1039 - genDependencies : Invalid condition id : UX DEVICE CLASS RTOS Condition cause : null
2024-11-17 11:43:18,657 [WARN] ConditionMgr:1039 - genDependencies : Invalid condition id : UX DEVICE CLASS RTOS Condition cause : null
2024-11-17 11:43:18,657 [WARN] ConditionMgr:1039 - genDependencies : Invalid condition id : UX DEVICE CLASS RTOS Condition cause : null
2024-11-17 11:43:18,666 [WARN] PackLoader:240 - Cannot read IP mode file for STMicroelectronics.X-CUBE-GNSS1.7.0.0
2024-11-17 11:43:18,674 [WARN] PackLoader:240 - Cannot read IP mode file for STMicroelectronics.FP-SNS-STBOX1.2.0.0
2024-11-17 11:43:18,689 [WARN] PackLoader:240 - Cannot read IP mode file for STMicroelectronics.X-CUBE-SUBG2.5.0.0
2024-11-17 11:43:18,711 [WARN] PackLoader:240 - Cannot read IP mode file for STMicroelectronics.X-CUBE-AZRTOS-G4.2.0.0
2024-11-17 11:43:18,721 [WARN] PackLoader:240 - Cannot read IP mode file for STMicroelectronics.X-CUBE-ISPU.2.0.0
2024-11-17 11:43:18,726 [WARN] PackLoader:240 - Cannot read IP mode file for STMicroelectronics.X-CUBE-ALS.1.0.2
2024-11-17 11:43:18,763 [WARN] PackLoader:240 - Cannot read IP mode file for STMicroelectronics.X-CUBE-MEMS1.10.0.0
2024-11-17 11:43:19,045 [WARN] PackLoader:240 - Cannot read IP mode file for STMicroelectronics.X-CUBE-TOUCHGFX.4.24.0
2024-11-17 11:43:19,049 [WARN] PackLoader:240 - Cannot read IP mode file for STMicroelectronics.X-CUBE-TOUCHGFX.4.24.1
2024-11-17 11:43:19,054 [WARN] PackLoader:240 - Cannot read IP mode file for portGmbH.I-Cube-SoM-uGOAL.1.1.0
2024-11-17 11:43:19,060 [WARN] PackLoader:240 - Cannot read IP mode file for STMicroelectronics.X-CUBE-ALS.1.0.1
2024-11-17 11:43:19,075 [WARN] PackLoader:240 - Cannot read IP mode file for STMicroelectronics.X-CUBE-AZRTOS-H7RS.1.0.0
2024-11-17 11:43:19,080 [WARN] PackLoader:240 - Cannot read IP mode file for STMicroelectronics.FP-ATR-ASTRA1.2.0.0
2024-11-17 11:43:19,089 [WARN] PackLoader:240 - Cannot read IP mode file for STMicroelectronics.X-CUBE-TOF1.3.4.2
2024-11-17 11:43:19,103 [WARN] PackLoader:240 - Cannot read IP mode file for STMicroelectronics.X-CUBE-TOF1.3.4.1
2024-11-17 11:43:19,121 [WARN] PackLoader:240 - Cannot read IP mode file for STMicroelectronics.X-CUBE-AZRTOS-H7.3.2.0
2024-11-17 11:43:19,132 [WARN] PackLoader:240 - Cannot read IP mode file for Infineon.AIROC-Wi-Fi-Bluetooth-STM32.1.6.0
2024-11-17 11:43:19,137 [WARN] PackLoader:240 - Cannot read IP mode file for wolfSSL.I-CUBE-wolfSSH.1.4.17
2024-11-17 11:43:19,138 [INFO] ThirdParty:978 - Integrity check success = true
2024-11-17 11:43:19,138 [INFO] IntegrityCheckThread:100 - exiting critical section [integrity check]
2024-11-17 11:43:19,138 [INFO] IntegrityCheckThread:103 - End integrity checks thread
2024-11-17 11:43:19,584 [INFO] WebApp:161 - Instantiating new browser for Auth
2024-11-17 11:43:20,007 [INFO] WebApp:779 - Register for checkConnection events
2024-11-17 11:43:20,007 [INFO] WebApp:414 - Apply proxy settings
2024-11-17 11:43:20,007 [INFO] WebApp:499 - Chromium requires no authentication
2024-11-17 11:43:20,013 [INFO] WebApp:442 - Direct internet connection detected
2024-11-17 11:43:20,156 [INFO] WebApp:192 - Starting web application
2024-11-17 11:43:20,156 [INFO] WebApp:544 - Web application path used D:\ST\STM32CubeIDE_1.15.1\STM32CubeIDE\plugins\com.st.stm32cube.common.mx_6.11.1.202404110753\db\plugins\mcufinder\reactClient1\index.html
2024-11-17 11:56:38,443 [ERROR] LogOutputStream:75 - [STDERR_REDIRECT] 
