2024-11-26 20:24:42,499 [INFO] Activator:176 - 


2024-11-26 20:24:42,504 [INFO] Activator:177 - !SESSION log4j initialized
2024-11-26 20:24:51,844 [INFO] LogOutputStream:77 - [STDOUT_REDIRECT] 
2024-11-26 20:24:57,245 [INFO] ApplicationProperties:184 - Using Application install path: D:\ST\STM32CubeIDE_1.15.1\STM32CubeIDE\plugins\com.st.stm32cube.common.mx_6.11.1.202404110753
2024-11-26 20:24:57,278 [INFO] DbMcusXml:78 - Set database path to: D:\ST\STM32CubeIDE_1.15.1\STM32CubeIDE\plugins\com.st.stm32cube.common.mx_6.11.1.202404110753\\db\/mcu/
2024-11-26 20:24:57,278 [INFO] ApiDb:274 - Set plugin database path to: D:\ST\STM32CubeIDE_1.15.1\STM32CubeIDE\plugins\com.st.stm32cube.common.mx_6.11.1.202404110753\\db\/plugins/boardmanager/
2024-11-26 20:24:57,279 [WARN] ApiDb:259 - Overriding images path with different value:  => D:\ST\STM32CubeIDE_1.15.1\STM32CubeIDE\plugins\com.st.stm32cube.common.mx_6.11.1.202404110753\\db\/plugins/mcufinder/images/
2024-11-26 20:24:57,301 [INFO] ApiDb:250 - Set database path to: C:\Users\ckckc\.stmcufinder\plugins\mcufinder//mcu/
2024-11-26 20:24:57,302 [INFO] DbMcusAds:125 - Set database path to: C:\Users\ckckc\.stmcufinder\plugins\mcufinder//mcu/
2024-11-26 20:24:57,303 [INFO] CrossReferenceDbSqlite:203 - Set database path to: C:\Users\ckckc\.stmcufinder\plugins\mcufinder//mcu/cs/
2024-11-26 20:24:57,460 [INFO] RulesReader:64 - Compatibility file has been processed (297 Rules)
2024-11-26 20:24:57,588 [INFO] DbMcusXml:78 - Set database path to: D:\ST\STM32CubeIDE_1.15.1\STM32CubeIDE\plugins\com.st.stm32cube.common.mx_6.11.1.202404110753\\db\/mcu/
2024-11-26 20:24:57,588 [INFO] ApiDb:274 - Set plugin database path to: D:\ST\STM32CubeIDE_1.15.1\STM32CubeIDE\plugins\com.st.stm32cube.common.mx_6.11.1.202404110753\\db\/plugins/boardmanager/
2024-11-26 20:24:57,588 [INFO] ApiDb:261 - Set plugin images path to: D:\ST\STM32CubeIDE_1.15.1\STM32CubeIDE\plugins\com.st.stm32cube.common.mx_6.11.1.202404110753\\db\/plugins/mcufinder/images/
2024-11-26 20:24:57,588 [WARN] DbFile:41 - Overriding database path with different value: C:\Users\ckckc\.stmcufinder\plugins\mcufinder/ => C:\Users\ckckc\.stmcufinder\plugins\mcufinder
2024-11-26 20:24:57,588 [INFO] ApiDb:250 - Set database path to: C:\Users\ckckc\.stmcufinder\plugins\mcufinder//mcu/
2024-11-26 20:24:57,588 [WARN] DbFile:41 - Overriding database path with different value: C:\Users\ckckc\.stmcufinder\plugins\mcufinder/ => C:\Users\ckckc\.stmcufinder\plugins\mcufinder
2024-11-26 20:24:57,588 [INFO] DbMcusAds:125 - Set database path to: C:\Users\ckckc\.stmcufinder\plugins\mcufinder//mcu/
2024-11-26 20:24:57,588 [WARN] DbFile:41 - Overriding database path with different value: C:\Users\ckckc\.stmcufinder\plugins\mcufinder/ => C:\Users\ckckc\.stmcufinder\plugins\mcufinder
2024-11-26 20:24:57,588 [WARN] DbFile:41 - Overriding database path with different value: C:\Users\ckckc\.stmcufinder\plugins\mcufinder/ => C:\Users\ckckc\.stmcufinder\plugins\mcufinder
2024-11-26 20:24:57,589 [INFO] CrossReferenceDbSqlite:203 - Set database path to: C:\Users\ckckc\.stmcufinder\plugins\mcufinder//mcu/cs/
2024-11-26 20:24:57,683 [INFO] MainPanel:264 - HeapMemory: 268435456
2024-11-26 20:24:57,842 [INFO] DbMcusXml:78 - Set database path to: D:\ST\STM32CubeIDE_1.15.1\STM32CubeIDE\plugins\com.st.stm32cube.common.mx_6.11.1.202404110753\\db\/mcu/
2024-11-26 20:24:57,842 [INFO] ApiDb:274 - Set plugin database path to: D:\ST\STM32CubeIDE_1.15.1\STM32CubeIDE\plugins\com.st.stm32cube.common.mx_6.11.1.202404110753\\db\/plugins/boardmanager/
2024-11-26 20:24:57,842 [INFO] ApiDb:261 - Set plugin images path to: D:\ST\STM32CubeIDE_1.15.1\STM32CubeIDE\plugins\com.st.stm32cube.common.mx_6.11.1.202404110753\\db\/plugins/mcufinder/images/
2024-11-26 20:24:57,843 [WARN] DbFile:41 - Overriding database path with different value: C:\Users\ckckc\.stmcufinder\plugins\mcufinder/ => C:\Users\ckckc\.stmcufinder\plugins\mcufinder
2024-11-26 20:24:57,843 [INFO] ApiDb:250 - Set database path to: C:\Users\ckckc\.stmcufinder\plugins\mcufinder//mcu/
2024-11-26 20:24:57,843 [WARN] DbFile:41 - Overriding database path with different value: C:\Users\ckckc\.stmcufinder\plugins\mcufinder/ => C:\Users\ckckc\.stmcufinder\plugins\mcufinder
2024-11-26 20:24:57,843 [INFO] DbMcusAds:125 - Set database path to: C:\Users\ckckc\.stmcufinder\plugins\mcufinder//mcu/
2024-11-26 20:24:57,843 [WARN] DbFile:41 - Overriding database path with different value: C:\Users\ckckc\.stmcufinder\plugins\mcufinder/ => C:\Users\ckckc\.stmcufinder\plugins\mcufinder
2024-11-26 20:24:57,843 [WARN] DbFile:41 - Overriding database path with different value: C:\Users\ckckc\.stmcufinder\plugins\mcufinder/ => C:\Users\ckckc\.stmcufinder\plugins\mcufinder
2024-11-26 20:24:57,843 [INFO] CrossReferenceDbSqlite:203 - Set database path to: C:\Users\ckckc\.stmcufinder\plugins\mcufinder//mcu/cs/
2024-11-26 20:24:57,859 [INFO] ApplicationProperties:184 - Using Application install path: D:\ST\STM32CubeIDE_1.15.1\STM32CubeIDE\plugins\com.st.stm32cube.common.mx_6.11.1.202404110753
2024-11-26 20:24:57,860 [INFO] PluginManage:196 - Search for loadable plugins [exclusion list=, ]
2024-11-26 20:24:57,861 [INFO] PluginManage:310 - Check plugin analytics
2024-11-26 20:24:58,062 [INFO] AnalyticsPlugin:253 - Accepted Software Licenses: 
2024-11-26 20:24:58,063 [INFO] AnalyticsPlugin:255 - Accepted CMSIS Pack Licenses: 
2024-11-26 20:24:58,063 [INFO] AnalyticsPlugin:257 - Accepted Firmware Licenses: FW.F4.1.28.0
2024-11-26 20:24:58,065 [INFO] PluginManage:359 - Loaded plugin analytics (category:tool,tabindex:-1)
2024-11-26 20:24:58,065 [INFO] PluginManage:310 - Check plugin cadmodel
2024-11-26 20:24:58,096 [INFO] CADModel:105 - Init CAD model plugin
2024-11-26 20:24:58,096 [INFO] PluginManage:359 - Loaded plugin cadmodel (category:power,tabindex:5)
2024-11-26 20:24:58,097 [INFO] PluginManage:310 - Check plugin clock
2024-11-26 20:24:58,123 [INFO] PluginManage:359 - Loaded plugin clock (category:base,tabindex:2)
2024-11-26 20:24:58,123 [INFO] PluginManage:310 - Check plugin ddr
2024-11-26 20:24:58,142 [INFO] PluginManage:359 - Loaded plugin ddr (category:tool,tabindex:6)
2024-11-26 20:24:58,142 [INFO] PluginManage:310 - Check plugin filemanager
2024-11-26 20:24:58,365 [INFO] PluginManage:359 - Loaded plugin filemanager (category:base,tabindex:10)
2024-11-26 20:24:58,365 [INFO] PluginManage:310 - Check plugin ipmanager
2024-11-26 20:24:58,380 [INFO] PluginManage:359 - Loaded plugin ipmanager (category:base,tabindex:5)
2024-11-26 20:24:58,381 [INFO] PluginManage:310 - Check plugin lpbam
2024-11-26 20:24:58,404 [INFO] PluginManage:359 - Loaded plugin lpbam (category:base,tabindex:0)
2024-11-26 20:24:58,404 [INFO] PluginManage:310 - Check plugin memorymap
2024-11-26 20:24:58,443 [INFO] PluginManage:359 - Loaded plugin memorymap (category:base,tabindex:4)
2024-11-26 20:24:58,443 [INFO] PluginManage:310 - Check plugin pinoutandconfiguration
2024-11-26 20:24:58,461 [INFO] PluginManage:359 - Loaded plugin pinoutandconfiguration (category:base,tabindex:1)
2024-11-26 20:24:58,461 [INFO] PluginManage:310 - Check plugin pinoutconfig
2024-11-26 20:24:58,566 [WARN] SupportedApi:132 - Cannot load RTOS API schema: s4s-elt-must-match.1: The content of 'definitions' must match (annotation?, (simpleType | complexType)?, (unique | key | keyref)*)). A problem was found starting at: attribute.
2024-11-26 20:24:58,715 [INFO] PluginManage:359 - Loaded plugin pinoutconfig (category:base,tabindex:0)
2024-11-26 20:24:58,716 [INFO] PluginManage:310 - Check plugin power
2024-11-26 20:24:58,756 [INFO] PluginManage:359 - Loaded plugin power (category:power,tabindex:4)
2024-11-26 20:24:58,756 [INFO] PluginManage:310 - Check plugin projectmanager
2024-11-26 20:24:58,779 [INFO] PluginManage:359 - Loaded plugin projectmanager (category:projectmanager,tabindex:3)
2024-11-26 20:24:58,779 [INFO] PluginManage:310 - Check plugin thirdparty
2024-11-26 20:24:59,055 [INFO] PluginManage:359 - Loaded plugin thirdparty (category:base,tabindex:-1)
2024-11-26 20:24:59,055 [INFO] PluginManage:310 - Check plugin tools
2024-11-26 20:24:59,055 [WARN] IntegrityCheckThread:84 - waiting for thirdparty lock release [integrity check]
2024-11-26 20:24:59,055 [INFO] IntegrityCheckThread:86 - entering critical section [integrity check]
2024-11-26 20:24:59,056 [INFO] ThirdPartyUpdaterWithRetryManager:70 - Updater plugin not ready yet. [1/15]
2024-11-26 20:24:59,060 [INFO] PluginManage:359 - Loaded plugin tools (category:base,tabindex:7)
2024-11-26 20:24:59,060 [INFO] PluginManage:310 - Check plugin tutovideos
2024-11-26 20:24:59,234 [INFO] PluginManage:359 - Loaded plugin tutovideos (category:base,tabindex:-1)
2024-11-26 20:24:59,234 [INFO] PluginManage:310 - Check plugin updater
2024-11-26 20:24:59,271 [INFO] PluginManage:359 - Loaded plugin updater (category:base,tabindex:12)
2024-11-26 20:24:59,271 [INFO] PluginManage:310 - Check plugin userauth
2024-11-26 20:24:59,291 [INFO] UserAuth:114 - Init User Auth plugin
2024-11-26 20:24:59,291 [INFO] PluginManage:359 - Loaded plugin userauth (category:base,tabindex:14)
2024-11-26 20:24:59,291 [INFO] PluginManage:283 - PluginManage : Loaded plugins [17]
2024-11-26 20:24:59,671 [INFO] PinOutPanel:1561 - setPackage(No Configuration,No Configuration)
2024-11-26 20:24:59,846 [INFO] CADModel:165 - CPN selected for project level
2024-11-26 20:24:59,847 [INFO] CADModel:114 - Register for checkConnection events
2024-11-26 20:24:59,892 [INFO] IPUIPlugin:80 - create IPUIPlugin
2024-11-26 20:24:59,892 [INFO] PluginManager:220 - loadIPPluginJar : add adc
2024-11-26 20:24:59,894 [INFO] IPUIPlugin:80 - create IPUIPlugin
2024-11-26 20:24:59,894 [INFO] PluginManager:220 - loadIPPluginJar : add aes
2024-11-26 20:24:59,901 [INFO] IPUIPlugin:80 - create IPUIPlugin
2024-11-26 20:24:59,901 [INFO] PluginManager:220 - loadIPPluginJar : add can
2024-11-26 20:24:59,903 [INFO] IPUIPlugin:80 - create IPUIPlugin
2024-11-26 20:24:59,903 [INFO] PluginManager:220 - loadIPPluginJar : add comp
2024-11-26 20:24:59,905 [INFO] IPUIPlugin:80 - create IPUIPlugin
2024-11-26 20:24:59,905 [INFO] PluginManager:220 - loadIPPluginJar : add cryp
2024-11-26 20:24:59,907 [INFO] IPUIPlugin:80 - create IPUIPlugin
2024-11-26 20:24:59,907 [INFO] PluginManager:220 - loadIPPluginJar : add dfsdm
2024-11-26 20:24:59,918 [INFO] IPUIPlugin:80 - create IPUIPlugin
2024-11-26 20:24:59,918 [INFO] PluginManager:220 - loadIPPluginJar : add dma
2024-11-26 20:24:59,924 [INFO] IPUIPlugin:80 - create IPUIPlugin
2024-11-26 20:24:59,925 [INFO] PluginManager:220 - loadIPPluginJar : add dma3
2024-11-26 20:24:59,927 [INFO] IPUIPlugin:80 - create IPUIPlugin
2024-11-26 20:24:59,927 [INFO] PluginManager:220 - loadIPPluginJar : add extmemmanager
2024-11-26 20:24:59,943 [INFO] IPUIPlugin:80 - create IPUIPlugin
2024-11-26 20:24:59,943 [INFO] PluginManager:220 - loadIPPluginJar : add fatfs
2024-11-26 20:24:59,946 [INFO] IPUIPlugin:80 - create IPUIPlugin
2024-11-26 20:24:59,946 [INFO] PluginManager:220 - loadIPPluginJar : add fmc
2024-11-26 20:24:59,965 [INFO] IPUIPlugin:80 - create IPUIPlugin
2024-11-26 20:24:59,966 [INFO] PluginManager:220 - loadIPPluginJar : add freertos
2024-11-26 20:24:59,967 [INFO] IPUIPlugin:80 - create IPUIPlugin
2024-11-26 20:24:59,967 [INFO] PluginManager:220 - loadIPPluginJar : add genericplugin
2024-11-26 20:24:59,977 [INFO] IPUIPlugin:80 - create IPUIPlugin
2024-11-26 20:24:59,978 [INFO] PluginManager:220 - loadIPPluginJar : add gfxmmu
2024-11-26 20:24:59,995 [INFO] IPUIPlugin:80 - create IPUIPlugin
2024-11-26 20:24:59,995 [INFO] PluginManager:220 - loadIPPluginJar : add gic
2024-11-26 20:25:00,008 [INFO] IPUIPlugin:80 - create IPUIPlugin
2024-11-26 20:25:00,008 [INFO] PluginManager:220 - loadIPPluginJar : add gpio
2024-11-26 20:25:00,022 [INFO] IPUIPlugin:80 - create IPUIPlugin
2024-11-26 20:25:00,023 [INFO] PluginManager:220 - loadIPPluginJar : add gtzc
2024-11-26 20:25:00,035 [INFO] IPUIPlugin:80 - create IPUIPlugin
2024-11-26 20:25:00,035 [INFO] PluginManager:220 - loadIPPluginJar : add hash
2024-11-26 20:25:00,047 [INFO] IPUIPlugin:80 - create IPUIPlugin
2024-11-26 20:25:00,047 [INFO] PluginManager:220 - loadIPPluginJar : add i2c
2024-11-26 20:25:00,051 [INFO] IPUIPlugin:80 - create IPUIPlugin
2024-11-26 20:25:00,051 [INFO] PluginManager:220 - loadIPPluginJar : add i2s
2024-11-26 20:25:00,060 [INFO] IPUIPlugin:80 - create IPUIPlugin
2024-11-26 20:25:00,060 [INFO] PluginManager:220 - loadIPPluginJar : add i3c
2024-11-26 20:25:00,074 [INFO] IPUIPlugin:80 - create IPUIPlugin
2024-11-26 20:25:00,074 [INFO] PluginManager:220 - loadIPPluginJar : add ipddr
2024-11-26 20:25:00,090 [INFO] IPUIPlugin:80 - create IPUIPlugin
2024-11-26 20:25:00,090 [INFO] PluginManager:220 - loadIPPluginJar : add linkedlist
2024-11-26 20:25:00,092 [INFO] IPUIPlugin:80 - create IPUIPlugin
2024-11-26 20:25:00,093 [INFO] PluginManager:220 - loadIPPluginJar : add lorawan
2024-11-26 20:25:00,094 [INFO] IPUIPlugin:80 - create IPUIPlugin
2024-11-26 20:25:00,094 [INFO] PluginManager:220 - loadIPPluginJar : add ltdc
2024-11-26 20:25:00,098 [INFO] IPUIPlugin:80 - create IPUIPlugin
2024-11-26 20:25:00,098 [INFO] PluginManager:220 - loadIPPluginJar : add mdma
2024-11-26 20:25:00,101 [INFO] IPUIPlugin:80 - create IPUIPlugin
2024-11-26 20:25:00,101 [INFO] PluginManager:220 - loadIPPluginJar : add nvic
2024-11-26 20:25:00,104 [INFO] IPUIPlugin:80 - create IPUIPlugin
2024-11-26 20:25:00,104 [INFO] PluginManager:220 - loadIPPluginJar : add opamp
2024-11-26 20:25:00,134 [INFO] IPUIPlugin:80 - create IPUIPlugin
2024-11-26 20:25:00,135 [INFO] PluginManager:220 - loadIPPluginJar : add openamp
2024-11-26 20:25:00,137 [INFO] IPUIPlugin:80 - create IPUIPlugin
2024-11-26 20:25:00,137 [INFO] PluginManager:220 - loadIPPluginJar : add pdm2pcm
2024-11-26 20:25:00,149 [INFO] IPUIPlugin:80 - create IPUIPlugin
2024-11-26 20:25:00,151 [INFO] PluginManager:220 - loadIPPluginJar : add plateformsettings
2024-11-26 20:25:00,152 [INFO] IPUIPlugin:80 - create IPUIPlugin
2024-11-26 20:25:00,152 [INFO] PluginManager:220 - loadIPPluginJar : add quadspi
2024-11-26 20:25:00,162 [INFO] IPUIPlugin:80 - create IPUIPlugin
2024-11-26 20:25:00,162 [INFO] PluginManager:220 - loadIPPluginJar : add resmgrutility
2024-11-26 20:25:00,167 [INFO] IPUIPlugin:80 - create IPUIPlugin
2024-11-26 20:25:00,168 [INFO] PluginManager:220 - loadIPPluginJar : add sai
2024-11-26 20:25:00,170 [INFO] IPUIPlugin:80 - create IPUIPlugin
2024-11-26 20:25:00,170 [INFO] PluginManager:220 - loadIPPluginJar : add spi
2024-11-26 20:25:00,179 [INFO] IPUIPlugin:80 - create IPUIPlugin
2024-11-26 20:25:00,180 [INFO] PluginManager:220 - loadIPPluginJar : add stm32_wpan
2024-11-26 20:25:00,182 [INFO] IPUIPlugin:80 - create IPUIPlugin
2024-11-26 20:25:00,182 [INFO] PluginManager:220 - loadIPPluginJar : add tim
2024-11-26 20:25:00,184 [INFO] IPUIPlugin:80 - create IPUIPlugin
2024-11-26 20:25:00,185 [INFO] PluginManager:220 - loadIPPluginJar : add touchsensing
2024-11-26 20:25:00,186 [INFO] IPUIPlugin:80 - create IPUIPlugin
2024-11-26 20:25:00,186 [INFO] PluginManager:220 - loadIPPluginJar : add tracer_emb
2024-11-26 20:25:00,188 [INFO] IPUIPlugin:80 - create IPUIPlugin
2024-11-26 20:25:00,188 [INFO] PluginManager:220 - loadIPPluginJar : add ts
2024-11-26 20:25:00,190 [INFO] IPUIPlugin:80 - create IPUIPlugin
2024-11-26 20:25:00,190 [INFO] PluginManager:220 - loadIPPluginJar : add tsc
2024-11-26 20:25:00,191 [INFO] IPUIPlugin:80 - create IPUIPlugin
2024-11-26 20:25:00,191 [INFO] PluginManager:220 - loadIPPluginJar : add ucpd
2024-11-26 20:25:00,200 [INFO] IPUIPlugin:80 - create IPUIPlugin
2024-11-26 20:25:00,201 [INFO] PluginManager:220 - loadIPPluginJar : add usart
2024-11-26 20:25:00,203 [INFO] IPUIPlugin:80 - create IPUIPlugin
2024-11-26 20:25:00,203 [INFO] PluginManager:220 - loadIPPluginJar : add usbx
2024-11-26 20:25:00,318 [INFO] CADModel:165 - CPN selected for project level
2024-11-26 20:25:00,318 [INFO] CADModel:114 - Register for checkConnection events
2024-11-26 20:25:00,318 [FATAL] Updater:308 - Updater called before beeing initialized
2024-11-26 20:25:00,318 [ERROR] CADModel:125 - Updater not yet initialized, retry later 
2024-11-26 20:25:00,559 [INFO] CADModel:165 - CPN selected for project level
2024-11-26 20:25:00,559 [INFO] CADModel:114 - Register for checkConnection events
2024-11-26 20:25:00,559 [FATAL] Updater:308 - Updater called before beeing initialized
2024-11-26 20:25:00,559 [ERROR] CADModel:125 - Updater not yet initialized, retry later 
2024-11-26 20:25:00,562 [FATAL] Updater:308 - Updater called before beeing initialized
2024-11-26 20:25:00,645 [FATAL] Updater:308 - Updater called before beeing initialized
2024-11-26 20:25:00,664 [INFO] DbMcusAds:53 - JSON generation date=Fri Sep 20 22:04:23 KST 2024 (1726837463113)
2024-11-26 20:25:00,664 [FATAL] Updater:308 - Updater called before beeing initialized
2024-11-26 20:25:00,805 [WARN] DetailPanel:346 - Failed to get advertising image, set to default
2024-11-26 20:25:00,902 [FATAL] Updater:308 - Updater called before beeing initialized
2024-11-26 20:25:00,912 [FATAL] Updater:308 - Updater called before beeing initialized
2024-11-26 20:25:00,912 [FATAL] Updater:308 - Updater called before beeing initialized
2024-11-26 20:25:00,912 [WARN] DetailPanel:346 - Failed to get advertising image, set to default
2024-11-26 20:25:00,913 [FATAL] Updater:308 - Updater called before beeing initialized
2024-11-26 20:25:01,005 [ERROR] Updater:1120 - MainUpdater not yet initialized. External WinMGr cannot be set.
2024-11-26 20:25:01,016 [INFO] Updater:1056 - Updater Version found : 6.11.1
2024-11-26 20:25:01,047 [INFO] ApplicationProperties:184 - Using Application install path: D:\ST\STM32CubeIDE_1.15.1\STM32CubeIDE\plugins\com.st.stm32cube.common.mx_6.11.1.202404110753
2024-11-26 20:25:01,415 [INFO] MainUpdater:2873 - connection check result : 10
2024-11-26 20:25:01,415 [INFO] MainUpdater:3567 - Updater definition file requires update
2024-11-26 20:25:01,416 [INFO] MainUpdater:290 - Updater Check For Update Now.
2024-11-26 20:25:01,416 [INFO] MicroXplorer:498 - Change Database Version : DB.6.0.111
2024-11-26 20:25:01,434 [INFO] McuFinderGlobals:63 - Set McuFinder mode to 2 (CubeIDE integrated)
2024-11-26 20:25:01,467 [INFO] UserAuth:415 - Internet connection configuration mode: 1
2024-11-26 20:25:01,520 [INFO] JxBrowserEngine:152 - Initiate JxBrowser Engine with user profile folder
2024-11-26 20:25:01,535 [INFO] ServerAccessManage:473 - Download File updaters.zip
2024-11-26 20:25:01,678 [INFO] FileExtend:240 - Unzip File : updaters.zip
2024-11-26 20:25:01,679 [INFO] FileExtend:255 - Standard Zip Deflate
2024-11-26 20:25:02,056 [WARN] MainUpdater:1194 - Updater busy. Cannot search thirdparties
2024-11-26 20:25:02,056 [INFO] ThirdPartyUpdaterWithRetryManager:96 - Updater plugin is busy. [1/15]
2024-11-26 20:25:02,178 [INFO] ServerAccessManage:473 - Download File PacksControlFlags.xml
2024-11-26 20:25:02,294 [INFO] ServerAccessManage:473 - Download File cubemx.pidx
2024-11-26 20:25:02,419 [INFO] LoadServerUpdatesThread:375 - End of LoadServerUpdate Thread
2024-11-26 20:25:02,578 [INFO] CheckServerUpdateThread:120 - End of CheckServer Thread
2024-11-26 20:25:03,836 [INFO] WebApp:161 - Instantiating new browser for Auth
2024-11-26 20:25:04,328 [INFO] WebApp:779 - Register for checkConnection events
2024-11-26 20:25:04,328 [INFO] WebApp:414 - Apply proxy settings
2024-11-26 20:25:04,328 [INFO] WebApp:499 - Chromium requires no authentication
2024-11-26 20:25:04,334 [INFO] WebApp:442 - Direct internet connection detected
2024-11-26 20:25:04,486 [INFO] WebApp:192 - Starting web application
2024-11-26 20:25:04,486 [INFO] WebApp:544 - Web application path used D:\ST\STM32CubeIDE_1.15.1\STM32CubeIDE\plugins\com.st.stm32cube.common.mx_6.11.1.202404110753\db\plugins\mcufinder\reactClient1\index.html
2024-11-26 20:25:05,389 [WARN] PackLoader:240 - Cannot read IP mode file for STMicroelectronics.FP-SNS-MOTENVWB1.1.4.0
2024-11-26 20:25:05,397 [WARN] PackLoader:240 - Cannot read IP mode file for STMicroelectronics.FP-ATR-ASTRA1.2.0.1
2024-11-26 20:25:05,404 [WARN] PackLoader:240 - Cannot read IP mode file for STMicroelectronics.X-CUBE-SMBUS.2.1.0
2024-11-26 20:25:05,411 [WARN] PackLoader:240 - Cannot read IP mode file for STMicroelectronics.X-CUBE-WB05N.1.1.0
2024-11-26 20:25:05,415 [WARN] PackLoader:240 - Cannot read IP mode file for STMicroelectronics.X-CUBE-TOUCHGFX.4.23.2
2024-11-26 20:25:05,440 [WARN] PackLoader:240 - Cannot read IP mode file for STMicroelectronics.X-CUBE-AZRTOS-F7.1.1.0
2024-11-26 20:25:05,490 [WARN] PackLoader:240 - Cannot read IP mode file for STMicroelectronics.X-CUBE-MEMS1.11.0.0
2024-11-26 20:25:05,610 [WARN] PackLoader:240 - Cannot read IP mode file for STMicroelectronics.FP-SNS-FLIGHT1.5.0.2
2024-11-26 20:25:05,617 [WARN] PackLoader:240 - Cannot read IP mode file for STMicroelectronics.X-CUBE-DISPLAY.3.0.0
2024-11-26 20:25:05,624 [WARN] PackLoader:240 - Cannot read IP mode file for STMicroelectronics.X-CUBE-BLE1.7.0.0
2024-11-26 20:25:05,631 [WARN] PackLoader:240 - Cannot read IP mode file for STMicroelectronics.X-CUBE-NFC10.1.0.0
2024-11-26 20:25:05,639 [WARN] PackLoader:240 - Cannot read IP mode file for emotas.I-CUBE-CANOPEN.1.3.0
2024-11-26 20:25:05,646 [WARN] PackLoader:240 - Cannot read IP mode file for STMicroelectronics.X-CUBE-BLEMGR.3.1.0
2024-11-26 20:25:05,652 [WARN] PackLoader:240 - Cannot read IP mode file for STMicroelectronics.FP-SNS-SMARTAG2.1.2.0
2024-11-26 20:25:05,660 [INFO] LogOutputStream:77 - [STDOUT_REDIRECT] 1 : Invalid condition id : UX_CORESTACK_Condition cause : null
2024-11-26 20:25:05,661 [INFO] LogOutputStream:77 - [STDOUT_REDIRECT] 1 : Invalid condition id : UX_CORESTACK_Condition cause : null
2024-11-26 20:25:05,662 [INFO] LogOutputStream:77 - [STDOUT_REDIRECT] 1 : Invalid condition id : UX_CORESTACK_Condition cause : null
2024-11-26 20:25:05,663 [INFO] LogOutputStream:77 - [STDOUT_REDIRECT] 1 : Invalid condition id : UX_CORESTACK_Condition cause : null
2024-11-26 20:25:05,664 [INFO] LogOutputStream:77 - [STDOUT_REDIRECT] 1 : Invalid condition id : UX_CORESTACK_Condition cause : null
2024-11-26 20:25:05,666 [WARN] PackLoader:240 - Cannot read IP mode file for STMicroelectronics.X-CUBE-AZRTOS-WL.2.0.0
2024-11-26 20:25:05,672 [WARN] PackLoader:240 - Cannot read IP mode file for STMicroelectronics.FP-SNS-MOTENV1.5.0.0
2024-11-26 20:25:05,677 [WARN] PackLoader:240 - Cannot read IP mode file for wolfSSL.I-CUBE-wolfMQTT.1.19.0
2024-11-26 20:25:05,684 [WARN] PackLoader:240 - Cannot read IP mode file for WES.I-CUBE-Cesium.1.3.0
2024-11-26 20:25:05,690 [WARN] PackLoader:240 - Cannot read IP mode file for STMicroelectronics.X-CUBE-BLE2.3.3.0
2024-11-26 20:25:05,697 [WARN] PackLoader:240 - Cannot read IP mode file for STMicroelectronics.X-CUBE-NFC9.1.0.0
2024-11-26 20:25:05,703 [WARN] PackLoader:240 - Cannot read IP mode file for STMicroelectronics.X-CUBE-TCPP.4.1.0
2024-11-26 20:25:05,709 [WARN] PackLoader:240 - Cannot read IP mode file for STMicroelectronics.X-CUBE-ALGOBUILD.1.3.0
2024-11-26 20:25:05,721 [WARN] PackLoader:240 - Cannot read IP mode file for STMicroelectronics.X-CUBE-AZRTOS-G0.1.1.0
2024-11-26 20:25:05,729 [WARN] PackLoader:240 - Cannot read IP mode file for STMicroelectronics.X-CUBE-SAFEA1.1.2.2
2024-11-26 20:25:05,736 [WARN] PackLoader:240 - Cannot read IP mode file for STMicroelectronics.X-CUBE-NFC4.3.0.0
2024-11-26 20:25:05,740 [WARN] PackLoader:240 - Cannot read IP mode file for wolfSSL.I-CUBE-wolfMQTT.1.18.0
2024-11-26 20:25:05,748 [WARN] PackLoader:240 - Cannot read IP mode file for EmbeddedOffice.I-CUBE-FS-RTOS.1.0.1
2024-11-26 20:25:05,748 [ERROR] ConditionMgr:805 - Attr not supported : Dmpu
2024-11-26 20:25:05,748 [ERROR] ConditionMgr:805 - Attr not supported : Dmpu
2024-11-26 20:25:05,748 [ERROR] ConditionMgr:805 - Attr not supported : Dmpu
2024-11-26 20:25:05,749 [ERROR] ConditionMgr:805 - Attr not supported : Dmpu
2024-11-26 20:25:05,749 [ERROR] ConditionMgr:805 - Attr not supported : Dmpu
2024-11-26 20:25:05,749 [ERROR] ConditionMgr:805 - Attr not supported : Dmpu
2024-11-26 20:25:05,749 [ERROR] ConditionMgr:805 - Attr not supported : Dmpu
2024-11-26 20:25:05,749 [ERROR] ConditionMgr:805 - Attr not supported : Dmpu
2024-11-26 20:25:05,749 [ERROR] ConditionMgr:805 - Attr not supported : Dmpu
2024-11-26 20:25:05,749 [ERROR] ConditionMgr:805 - Attr not supported : Dmpu
2024-11-26 20:25:05,749 [ERROR] ConditionMgr:805 - Attr not supported : Dmpu
2024-11-26 20:25:05,749 [ERROR] ConditionMgr:805 - Attr not supported : Dmpu
2024-11-26 20:25:05,749 [ERROR] ConditionMgr:805 - Attr not supported : Dmpu
2024-11-26 20:25:05,749 [ERROR] ConditionMgr:805 - Attr not supported : Dmpu
2024-11-26 20:25:05,749 [ERROR] ConditionMgr:805 - Attr not supported : Dmpu
2024-11-26 20:25:05,749 [ERROR] ConditionMgr:805 - Attr not supported : Dmpu
2024-11-26 20:25:05,749 [ERROR] ConditionMgr:805 - Attr not supported : Dmpu
2024-11-26 20:25:05,749 [ERROR] ConditionMgr:805 - Attr not supported : Dmpu
2024-11-26 20:25:05,749 [ERROR] ConditionMgr:805 - Attr not supported : Dmpu
2024-11-26 20:25:05,749 [ERROR] ConditionMgr:805 - Attr not supported : Dmpu
2024-11-26 20:25:05,749 [ERROR] ConditionMgr:805 - Attr not supported : Dmpu
2024-11-26 20:25:05,750 [ERROR] ConditionMgr:805 - Attr not supported : Dmpu
2024-11-26 20:25:05,750 [ERROR] ConditionMgr:805 - Attr not supported : Dmpu
2024-11-26 20:25:05,750 [ERROR] ConditionMgr:805 - Attr not supported : Dmpu
2024-11-26 20:25:05,750 [ERROR] ConditionMgr:805 - Attr not supported : Dmpu
2024-11-26 20:25:05,750 [ERROR] ConditionMgr:805 - Attr not supported : Dmpu
2024-11-26 20:25:05,750 [ERROR] ConditionMgr:805 - Attr not supported : Dmpu
2024-11-26 20:25:05,750 [ERROR] ConditionMgr:805 - Attr not supported : Dmpu
2024-11-26 20:25:05,750 [ERROR] ConditionMgr:805 - Attr not supported : Dmpu
2024-11-26 20:25:05,750 [ERROR] ConditionMgr:805 - Attr not supported : Dmpu
2024-11-26 20:25:05,750 [ERROR] ConditionMgr:805 - Attr not supported : Dmpu
2024-11-26 20:25:05,750 [ERROR] ConditionMgr:805 - Attr not supported : Dmpu
2024-11-26 20:25:05,750 [ERROR] ConditionMgr:805 - Attr not supported : Dmpu
2024-11-26 20:25:05,750 [ERROR] ConditionMgr:805 - Attr not supported : Dmpu
2024-11-26 20:25:05,750 [ERROR] ConditionMgr:805 - Attr not supported : Dmpu
2024-11-26 20:25:05,750 [ERROR] ConditionMgr:805 - Attr not supported : Dmpu
2024-11-26 20:25:05,750 [ERROR] ConditionMgr:805 - Attr not supported : Dmpu
2024-11-26 20:25:05,750 [ERROR] ConditionMgr:805 - Attr not supported : Dmpu
2024-11-26 20:25:05,750 [ERROR] ConditionMgr:805 - Attr not supported : Dmpu
2024-11-26 20:25:05,750 [ERROR] ConditionMgr:805 - Attr not supported : Dmpu
2024-11-26 20:25:05,751 [ERROR] ConditionMgr:805 - Attr not supported : Dmpu
2024-11-26 20:25:05,751 [ERROR] ConditionMgr:805 - Attr not supported : Dmpu
2024-11-26 20:25:05,751 [ERROR] ConditionMgr:805 - Attr not supported : Dmpu
2024-11-26 20:25:05,751 [ERROR] ConditionMgr:805 - Attr not supported : Dmpu
2024-11-26 20:25:05,751 [ERROR] ConditionMgr:805 - Attr not supported : Dmpu
2024-11-26 20:25:05,751 [ERROR] ConditionMgr:805 - Attr not supported : Dmpu
2024-11-26 20:25:05,751 [ERROR] ConditionMgr:805 - Attr not supported : Dmpu
2024-11-26 20:25:05,751 [ERROR] ConditionMgr:805 - Attr not supported : Dmpu
2024-11-26 20:25:05,751 [ERROR] ConditionMgr:805 - Attr not supported : Dmpu
2024-11-26 20:25:05,751 [ERROR] ConditionMgr:805 - Attr not supported : Dmpu
2024-11-26 20:25:05,751 [ERROR] ConditionMgr:805 - Attr not supported : Dmpu
2024-11-26 20:25:05,751 [ERROR] ConditionMgr:805 - Attr not supported : Dmpu
2024-11-26 20:25:05,751 [ERROR] ConditionMgr:805 - Attr not supported : Dmpu
2024-11-26 20:25:05,751 [ERROR] ConditionMgr:805 - Attr not supported : Dmpu
2024-11-26 20:25:05,751 [ERROR] ConditionMgr:805 - Attr not supported : Dmpu
2024-11-26 20:25:05,751 [ERROR] ConditionMgr:805 - Attr not supported : Dmpu
2024-11-26 20:25:05,751 [ERROR] ConditionMgr:805 - Attr not supported : Dmpu
2024-11-26 20:25:05,751 [ERROR] ConditionMgr:805 - Attr not supported : Dmpu
2024-11-26 20:25:05,752 [ERROR] ConditionMgr:805 - Attr not supported : Dmpu
2024-11-26 20:25:05,752 [ERROR] ConditionMgr:805 - Attr not supported : Dmpu
2024-11-26 20:25:05,752 [ERROR] ConditionMgr:805 - Attr not supported : Dmpu
2024-11-26 20:25:05,752 [ERROR] ConditionMgr:805 - Attr not supported : Dmpu
2024-11-26 20:25:05,752 [ERROR] ConditionMgr:805 - Attr not supported : Dmpu
2024-11-26 20:25:05,752 [ERROR] ConditionMgr:805 - Attr not supported : Dmpu
2024-11-26 20:25:05,757 [WARN] PackLoader:240 - Cannot read IP mode file for RealThread.X-CUBE-RT-Thread_Nano.4.1.1
2024-11-26 20:25:05,761 [WARN] PackLoader:240 - Cannot read IP mode file for wolfSSL.I-CUBE-wolfSSL.5.7.0
2024-11-26 20:25:05,766 [WARN] PackLoader:240 - Cannot read IP mode file for STMicroelectronics.FP-ATR-SIGFOX1.3.2.0
2024-11-26 20:25:05,772 [WARN] ConditionMgr:438 - getConditionDescription Invalid condition id : Cortex-A Device cause : null
2024-11-26 20:25:05,781 [WARN] ConditionMgr:1039 - genDependencies : Invalid condition id : Cortex-A Device cause : null
2024-11-26 20:25:05,781 [WARN] ConditionMgr:1039 - genDependencies : Invalid condition id : Cortex-A Device cause : null
2024-11-26 20:25:05,781 [WARN] ConditionMgr:1039 - genDependencies : Invalid condition id : Cortex-A Device cause : null
2024-11-26 20:25:05,787 [WARN] PackLoader:240 - Cannot read IP mode file for STMicroelectronics.X-CUBE-EEPRMA1.5.1.0
2024-11-26 20:25:05,795 [WARN] PackLoader:240 - Cannot read IP mode file for ITTIA_DB.I-CUBE-ITTIADB.8.9.0
2024-11-26 20:25:05,820 [WARN] PackLoader:240 - Cannot read IP mode file for SEGGER.I-CUBE-embOS.1.3.1
2024-11-26 20:25:05,874 [WARN] PackLoader:240 - Cannot read IP mode file for STMicroelectronics.X-CUBE-ALGOBUILD.1.4.0
2024-11-26 20:25:05,879 [WARN] PackLoader:240 - Cannot read IP mode file for STMicroelectronics.X-CUBE-AI.9.1.0
2024-11-26 20:25:05,885 [WARN] PackLoader:240 - Cannot read IP mode file for STMicroelectronics.X-CUBE-GNSS1.6.0.0
2024-11-26 20:25:05,907 [WARN] PackLoader:240 - Cannot read IP mode file for STMicroelectronics.X-CUBE-AZRTOS-F4.1.1.0
2024-11-26 20:25:05,915 [WARN] PackLoader:240 - Cannot read IP mode file for STMicroelectronics.X-CUBE-ISPU.2.1.0
2024-11-26 20:25:05,921 [WARN] PackLoader:240 - Cannot read IP mode file for STMicroelectronics.X-CUBE-FREERTOS.1.2.0
2024-11-26 20:25:05,938 [WARN] PackLoader:240 - Cannot read IP mode file for STMicroelectronics.X-CUBE-AZRTOS-L5.2.0.0
2024-11-26 20:25:05,949 [WARN] PackLoader:240 - Cannot read IP mode file for STMicroelectronics.X-CUBE-NFC6.3.1.0
2024-11-26 20:25:05,959 [WARN] PackLoader:240 - Cannot read IP mode file for STMicroelectronics.X-CUBE-DPower.1.2.0
2024-11-26 20:25:05,964 [WARN] PackLoader:240 - Cannot read IP mode file for STMicroelectronics.X-CUBE-AI.9.0.0
2024-11-26 20:25:05,969 [WARN] PackLoader:240 - Cannot read IP mode file for STMicroelectronics.X-CUBE-NFC7.1.0.1
2024-11-26 20:25:05,975 [WARN] PackLoader:240 - Cannot read IP mode file for wolfSSL.I-CUBE-wolfTPM.3.2.0
2024-11-26 20:25:05,987 [WARN] ConditionMgr:438 - getConditionDescription Invalid condition id : LAN8742 Phy interface Condition cause : null
2024-11-26 20:25:05,987 [WARN] PackLoader:240 - Cannot read IP mode file for STMicroelectronics.X-CUBE-AZRTOS-L4.2.0.0
2024-11-26 20:25:05,989 [WARN] ConditionMgr:1039 - genDependencies : Invalid condition id : LAN8742 Phy interface Condition cause : null
2024-11-26 20:25:05,989 [WARN] ConditionMgr:1039 - genDependencies : Invalid condition id : LAN8742 Phy interface Condition cause : null
2024-11-26 20:25:05,989 [WARN] ConditionMgr:1039 - genDependencies : Invalid condition id : LAN8742 Phy interface Condition cause : null
2024-11-26 20:25:05,996 [WARN] PackLoader:240 - Cannot read IP mode file for STMicroelectronics.X-CUBE-SFXS2LP1.4.0.0
2024-11-26 20:25:06,013 [WARN] PackLoader:240 - Cannot read IP mode file for STMicroelectronics.X-CUBE-AZRTOS-H7.3.3.0
2024-11-26 20:25:06,024 [WARN] PackLoader:240 - Cannot read IP mode file for STMicroelectronics.X-CUBE-IPS.3.0.0
2024-11-26 20:25:06,037 [WARN] ConditionMgr:438 - getConditionDescription Invalid condition id : UX DEVICE CLASS RTOS Condition cause : null
2024-11-26 20:25:06,038 [WARN] ConditionMgr:438 - getConditionDescription Invalid condition id : UX DEVICE CLASS RTOS Condition cause : null
2024-11-26 20:25:06,040 [WARN] PackLoader:240 - Cannot read IP mode file for STMicroelectronics.X-CUBE-AZRTOS-WB.2.0.0
2024-11-26 20:25:06,040 [WARN] ConditionMgr:1039 - genDependencies : Invalid condition id : UX DEVICE CLASS RTOS Condition cause : null
2024-11-26 20:25:06,040 [WARN] ConditionMgr:1039 - genDependencies : Invalid condition id : UX DEVICE CLASS RTOS Condition cause : null
2024-11-26 20:25:06,041 [WARN] ConditionMgr:1039 - genDependencies : Invalid condition id : UX DEVICE CLASS RTOS Condition cause : null
2024-11-26 20:25:06,041 [WARN] ConditionMgr:1039 - genDependencies : Invalid condition id : UX DEVICE CLASS RTOS Condition cause : null
2024-11-26 20:25:06,041 [WARN] ConditionMgr:1039 - genDependencies : Invalid condition id : UX DEVICE CLASS RTOS Condition cause : null
2024-11-26 20:25:06,046 [WARN] PackLoader:240 - Cannot read IP mode file for STMicroelectronics.X-CUBE-GNSS1.7.0.0
2024-11-26 20:25:06,053 [WARN] PackLoader:240 - Cannot read IP mode file for STMicroelectronics.FP-SNS-STBOX1.2.0.0
2024-11-26 20:25:06,063 [WARN] PackLoader:240 - Cannot read IP mode file for STMicroelectronics.X-CUBE-SUBG2.5.0.0
2024-11-26 20:25:06,078 [WARN] PackLoader:240 - Cannot read IP mode file for STMicroelectronics.X-CUBE-AZRTOS-G4.2.0.0
2024-11-26 20:25:06,083 [WARN] PackLoader:240 - Cannot read IP mode file for STMicroelectronics.X-CUBE-ISPU.2.0.0
2024-11-26 20:25:06,088 [WARN] PackLoader:240 - Cannot read IP mode file for STMicroelectronics.X-CUBE-ALS.1.0.2
2024-11-26 20:25:06,121 [WARN] PackLoader:240 - Cannot read IP mode file for STMicroelectronics.X-CUBE-MEMS1.10.0.0
2024-11-26 20:25:06,227 [WARN] PackLoader:240 - Cannot read IP mode file for STMicroelectronics.X-CUBE-TOUCHGFX.4.24.0
2024-11-26 20:25:06,239 [WARN] PackLoader:240 - Cannot read IP mode file for STMicroelectronics.X-CUBE-TOUCHGFX.4.24.1
2024-11-26 20:25:06,245 [WARN] PackLoader:240 - Cannot read IP mode file for portGmbH.I-Cube-SoM-uGOAL.1.1.0
2024-11-26 20:25:06,249 [WARN] PackLoader:240 - Cannot read IP mode file for STMicroelectronics.X-CUBE-ALS.1.0.1
2024-11-26 20:25:06,265 [WARN] PackLoader:240 - Cannot read IP mode file for STMicroelectronics.X-CUBE-AZRTOS-H7RS.1.0.0
2024-11-26 20:25:06,272 [WARN] PackLoader:240 - Cannot read IP mode file for STMicroelectronics.FP-ATR-ASTRA1.2.0.0
2024-11-26 20:25:06,282 [WARN] PackLoader:240 - Cannot read IP mode file for STMicroelectronics.X-CUBE-TOF1.3.4.2
2024-11-26 20:25:06,304 [WARN] PackLoader:240 - Cannot read IP mode file for STMicroelectronics.X-CUBE-TOF1.3.4.1
2024-11-26 20:25:06,328 [WARN] PackLoader:240 - Cannot read IP mode file for STMicroelectronics.X-CUBE-AZRTOS-H7.3.2.0
2024-11-26 20:25:06,341 [WARN] PackLoader:240 - Cannot read IP mode file for Infineon.AIROC-Wi-Fi-Bluetooth-STM32.1.6.0
2024-11-26 20:25:06,350 [WARN] PackLoader:240 - Cannot read IP mode file for wolfSSL.I-CUBE-wolfSSH.1.4.17
2024-11-26 20:25:06,351 [INFO] ThirdParty:978 - Integrity check success = true
2024-11-26 20:25:06,351 [INFO] IntegrityCheckThread:100 - exiting critical section [integrity check]
2024-11-26 20:25:06,351 [INFO] IntegrityCheckThread:103 - End integrity checks thread
2024-11-26 23:46:15,902 [ERROR] LogOutputStream:75 - [STDERR_REDIRECT] 
