2024-11-03 11:03:26,667 [INFO] Activator:176 - 


2024-11-03 11:03:26,678 [INFO] Activator:177 - !SESSION log4j initialized
2024-11-03 11:03:32,728 [INFO] LogOutputStream:77 - [STDOUT_REDIRECT] 
2024-11-03 11:03:38,244 [INFO] ApplicationProperties:184 - Using Application install path: D:\ST\STM32CubeIDE_1.15.1\STM32CubeIDE\plugins\com.st.stm32cube.common.mx_6.11.1.202404110753
2024-11-03 11:03:38,276 [INFO] DbMcusXml:78 - Set database path to: D:\ST\STM32CubeIDE_1.15.1\STM32CubeIDE\plugins\com.st.stm32cube.common.mx_6.11.1.202404110753\\db\/mcu/
2024-11-03 11:03:38,276 [INFO] ApiDb:274 - Set plugin database path to: D:\ST\STM32CubeIDE_1.15.1\STM32CubeIDE\plugins\com.st.stm32cube.common.mx_6.11.1.202404110753\\db\/plugins/boardmanager/
2024-11-03 11:03:38,277 [WARN] ApiDb:259 - Overriding images path with different value:  => D:\ST\STM32CubeIDE_1.15.1\STM32CubeIDE\plugins\com.st.stm32cube.common.mx_6.11.1.202404110753\\db\/plugins/mcufinder/images/
2024-11-03 11:03:38,283 [INFO] ApiDb:250 - Set database path to: C:\Users\ckckc\.stmcufinder\plugins\mcufinder//mcu/
2024-11-03 11:03:38,284 [INFO] DbMcusAds:125 - Set database path to: C:\Users\ckckc\.stmcufinder\plugins\mcufinder//mcu/
2024-11-03 11:03:38,285 [INFO] CrossReferenceDbSqlite:203 - Set database path to: C:\Users\ckckc\.stmcufinder\plugins\mcufinder//mcu/cs/
2024-11-03 11:03:38,403 [INFO] RulesReader:64 - Compatibility file has been processed (297 Rules)
2024-11-03 11:03:38,528 [INFO] DbMcusXml:78 - Set database path to: D:\ST\STM32CubeIDE_1.15.1\STM32CubeIDE\plugins\com.st.stm32cube.common.mx_6.11.1.202404110753\\db\/mcu/
2024-11-03 11:03:38,528 [INFO] ApiDb:274 - Set plugin database path to: D:\ST\STM32CubeIDE_1.15.1\STM32CubeIDE\plugins\com.st.stm32cube.common.mx_6.11.1.202404110753\\db\/plugins/boardmanager/
2024-11-03 11:03:38,528 [INFO] ApiDb:261 - Set plugin images path to: D:\ST\STM32CubeIDE_1.15.1\STM32CubeIDE\plugins\com.st.stm32cube.common.mx_6.11.1.202404110753\\db\/plugins/mcufinder/images/
2024-11-03 11:03:38,529 [WARN] DbFile:41 - Overriding database path with different value: C:\Users\ckckc\.stmcufinder\plugins\mcufinder/ => C:\Users\ckckc\.stmcufinder\plugins\mcufinder
2024-11-03 11:03:38,529 [INFO] ApiDb:250 - Set database path to: C:\Users\ckckc\.stmcufinder\plugins\mcufinder//mcu/
2024-11-03 11:03:38,529 [WARN] DbFile:41 - Overriding database path with different value: C:\Users\ckckc\.stmcufinder\plugins\mcufinder/ => C:\Users\ckckc\.stmcufinder\plugins\mcufinder
2024-11-03 11:03:38,529 [INFO] DbMcusAds:125 - Set database path to: C:\Users\ckckc\.stmcufinder\plugins\mcufinder//mcu/
2024-11-03 11:03:38,529 [WARN] DbFile:41 - Overriding database path with different value: C:\Users\ckckc\.stmcufinder\plugins\mcufinder/ => C:\Users\ckckc\.stmcufinder\plugins\mcufinder
2024-11-03 11:03:38,529 [WARN] DbFile:41 - Overriding database path with different value: C:\Users\ckckc\.stmcufinder\plugins\mcufinder/ => C:\Users\ckckc\.stmcufinder\plugins\mcufinder
2024-11-03 11:03:38,529 [INFO] CrossReferenceDbSqlite:203 - Set database path to: C:\Users\ckckc\.stmcufinder\plugins\mcufinder//mcu/cs/
2024-11-03 11:03:38,626 [INFO] MainPanel:264 - HeapMemory: 268435456
2024-11-03 11:03:38,782 [INFO] DbMcusXml:78 - Set database path to: D:\ST\STM32CubeIDE_1.15.1\STM32CubeIDE\plugins\com.st.stm32cube.common.mx_6.11.1.202404110753\\db\/mcu/
2024-11-03 11:03:38,782 [INFO] ApiDb:274 - Set plugin database path to: D:\ST\STM32CubeIDE_1.15.1\STM32CubeIDE\plugins\com.st.stm32cube.common.mx_6.11.1.202404110753\\db\/plugins/boardmanager/
2024-11-03 11:03:38,782 [INFO] ApiDb:261 - Set plugin images path to: D:\ST\STM32CubeIDE_1.15.1\STM32CubeIDE\plugins\com.st.stm32cube.common.mx_6.11.1.202404110753\\db\/plugins/mcufinder/images/
2024-11-03 11:03:38,783 [WARN] DbFile:41 - Overriding database path with different value: C:\Users\ckckc\.stmcufinder\plugins\mcufinder/ => C:\Users\ckckc\.stmcufinder\plugins\mcufinder
2024-11-03 11:03:38,783 [INFO] ApiDb:250 - Set database path to: C:\Users\ckckc\.stmcufinder\plugins\mcufinder//mcu/
2024-11-03 11:03:38,783 [WARN] DbFile:41 - Overriding database path with different value: C:\Users\ckckc\.stmcufinder\plugins\mcufinder/ => C:\Users\ckckc\.stmcufinder\plugins\mcufinder
2024-11-03 11:03:38,783 [INFO] DbMcusAds:125 - Set database path to: C:\Users\ckckc\.stmcufinder\plugins\mcufinder//mcu/
2024-11-03 11:03:38,783 [WARN] DbFile:41 - Overriding database path with different value: C:\Users\ckckc\.stmcufinder\plugins\mcufinder/ => C:\Users\ckckc\.stmcufinder\plugins\mcufinder
2024-11-03 11:03:38,783 [WARN] DbFile:41 - Overriding database path with different value: C:\Users\ckckc\.stmcufinder\plugins\mcufinder/ => C:\Users\ckckc\.stmcufinder\plugins\mcufinder
2024-11-03 11:03:38,783 [INFO] CrossReferenceDbSqlite:203 - Set database path to: C:\Users\ckckc\.stmcufinder\plugins\mcufinder//mcu/cs/
2024-11-03 11:03:38,798 [INFO] ApplicationProperties:184 - Using Application install path: D:\ST\STM32CubeIDE_1.15.1\STM32CubeIDE\plugins\com.st.stm32cube.common.mx_6.11.1.202404110753
2024-11-03 11:03:38,799 [INFO] PluginManage:196 - Search for loadable plugins [exclusion list=, ]
2024-11-03 11:03:38,800 [INFO] PluginManage:310 - Check plugin analytics
2024-11-03 11:03:39,011 [INFO] AnalyticsPlugin:253 - Accepted Software Licenses: 
2024-11-03 11:03:39,012 [INFO] AnalyticsPlugin:255 - Accepted CMSIS Pack Licenses: 
2024-11-03 11:03:39,012 [INFO] AnalyticsPlugin:257 - Accepted Firmware Licenses: FW.F4.1.28.0
2024-11-03 11:03:39,014 [INFO] PluginManage:359 - Loaded plugin analytics (category:tool,tabindex:-1)
2024-11-03 11:03:39,014 [INFO] PluginManage:310 - Check plugin cadmodel
2024-11-03 11:03:39,053 [INFO] CADModel:105 - Init CAD model plugin
2024-11-03 11:03:39,053 [INFO] PluginManage:359 - Loaded plugin cadmodel (category:power,tabindex:5)
2024-11-03 11:03:39,053 [INFO] PluginManage:310 - Check plugin clock
2024-11-03 11:03:39,072 [INFO] PluginManage:359 - Loaded plugin clock (category:base,tabindex:2)
2024-11-03 11:03:39,073 [INFO] PluginManage:310 - Check plugin ddr
2024-11-03 11:03:39,091 [INFO] PluginManage:359 - Loaded plugin ddr (category:tool,tabindex:6)
2024-11-03 11:03:39,091 [INFO] PluginManage:310 - Check plugin filemanager
2024-11-03 11:03:39,264 [INFO] PluginManage:359 - Loaded plugin filemanager (category:base,tabindex:10)
2024-11-03 11:03:39,264 [INFO] PluginManage:310 - Check plugin ipmanager
2024-11-03 11:03:39,279 [INFO] PluginManage:359 - Loaded plugin ipmanager (category:base,tabindex:5)
2024-11-03 11:03:39,279 [INFO] PluginManage:310 - Check plugin lpbam
2024-11-03 11:03:39,294 [INFO] PluginManage:359 - Loaded plugin lpbam (category:base,tabindex:0)
2024-11-03 11:03:39,294 [INFO] PluginManage:310 - Check plugin memorymap
2024-11-03 11:03:39,306 [INFO] PluginManage:359 - Loaded plugin memorymap (category:base,tabindex:4)
2024-11-03 11:03:39,306 [INFO] PluginManage:310 - Check plugin pinoutandconfiguration
2024-11-03 11:03:39,317 [INFO] PluginManage:359 - Loaded plugin pinoutandconfiguration (category:base,tabindex:1)
2024-11-03 11:03:39,317 [INFO] PluginManage:310 - Check plugin pinoutconfig
2024-11-03 11:03:39,405 [WARN] SupportedApi:132 - Cannot load RTOS API schema: s4s-elt-must-match.1: The content of 'definitions' must match (annotation?, (simpleType | complexType)?, (unique | key | keyref)*)). A problem was found starting at: attribute.
2024-11-03 11:03:39,520 [INFO] PluginManage:359 - Loaded plugin pinoutconfig (category:base,tabindex:0)
2024-11-03 11:03:39,520 [INFO] PluginManage:310 - Check plugin power
2024-11-03 11:03:39,557 [INFO] PluginManage:359 - Loaded plugin power (category:power,tabindex:4)
2024-11-03 11:03:39,557 [INFO] PluginManage:310 - Check plugin projectmanager
2024-11-03 11:03:39,578 [INFO] PluginManage:359 - Loaded plugin projectmanager (category:projectmanager,tabindex:3)
2024-11-03 11:03:39,578 [INFO] PluginManage:310 - Check plugin thirdparty
2024-11-03 11:03:39,836 [INFO] PluginManage:359 - Loaded plugin thirdparty (category:base,tabindex:-1)
2024-11-03 11:03:39,836 [INFO] PluginManage:310 - Check plugin tools
2024-11-03 11:03:39,836 [WARN] IntegrityCheckThread:84 - waiting for thirdparty lock release [integrity check]
2024-11-03 11:03:39,837 [INFO] IntegrityCheckThread:86 - entering critical section [integrity check]
2024-11-03 11:03:39,837 [INFO] ThirdPartyUpdaterWithRetryManager:70 - Updater plugin not ready yet. [1/15]
2024-11-03 11:03:39,842 [INFO] PluginManage:359 - Loaded plugin tools (category:base,tabindex:7)
2024-11-03 11:03:39,842 [INFO] PluginManage:310 - Check plugin tutovideos
2024-11-03 11:03:40,007 [INFO] PluginManage:359 - Loaded plugin tutovideos (category:base,tabindex:-1)
2024-11-03 11:03:40,007 [INFO] PluginManage:310 - Check plugin updater
2024-11-03 11:03:40,043 [INFO] PluginManage:359 - Loaded plugin updater (category:base,tabindex:12)
2024-11-03 11:03:40,043 [INFO] PluginManage:310 - Check plugin userauth
2024-11-03 11:03:40,064 [INFO] UserAuth:114 - Init User Auth plugin
2024-11-03 11:03:40,064 [INFO] PluginManage:359 - Loaded plugin userauth (category:base,tabindex:14)
2024-11-03 11:03:40,065 [INFO] PluginManage:283 - PluginManage : Loaded plugins [17]
2024-11-03 11:03:40,420 [INFO] PinOutPanel:1561 - setPackage(No Configuration,No Configuration)
2024-11-03 11:03:40,570 [INFO] CADModel:165 - CPN selected for project level
2024-11-03 11:03:40,570 [INFO] CADModel:114 - Register for checkConnection events
2024-11-03 11:03:40,605 [INFO] IPUIPlugin:80 - create IPUIPlugin
2024-11-03 11:03:40,606 [INFO] PluginManager:220 - loadIPPluginJar : add adc
2024-11-03 11:03:40,608 [INFO] IPUIPlugin:80 - create IPUIPlugin
2024-11-03 11:03:40,608 [INFO] PluginManager:220 - loadIPPluginJar : add aes
2024-11-03 11:03:40,616 [INFO] IPUIPlugin:80 - create IPUIPlugin
2024-11-03 11:03:40,616 [INFO] PluginManager:220 - loadIPPluginJar : add can
2024-11-03 11:03:40,618 [INFO] IPUIPlugin:80 - create IPUIPlugin
2024-11-03 11:03:40,618 [INFO] PluginManager:220 - loadIPPluginJar : add comp
2024-11-03 11:03:40,620 [INFO] IPUIPlugin:80 - create IPUIPlugin
2024-11-03 11:03:40,620 [INFO] PluginManager:220 - loadIPPluginJar : add cryp
2024-11-03 11:03:40,621 [INFO] IPUIPlugin:80 - create IPUIPlugin
2024-11-03 11:03:40,622 [INFO] PluginManager:220 - loadIPPluginJar : add dfsdm
2024-11-03 11:03:40,632 [INFO] IPUIPlugin:80 - create IPUIPlugin
2024-11-03 11:03:40,634 [INFO] PluginManager:220 - loadIPPluginJar : add dma
2024-11-03 11:03:40,640 [INFO] IPUIPlugin:80 - create IPUIPlugin
2024-11-03 11:03:40,640 [INFO] PluginManager:220 - loadIPPluginJar : add dma3
2024-11-03 11:03:40,642 [INFO] IPUIPlugin:80 - create IPUIPlugin
2024-11-03 11:03:40,642 [INFO] PluginManager:220 - loadIPPluginJar : add extmemmanager
2024-11-03 11:03:40,657 [INFO] IPUIPlugin:80 - create IPUIPlugin
2024-11-03 11:03:40,657 [INFO] PluginManager:220 - loadIPPluginJar : add fatfs
2024-11-03 11:03:40,661 [INFO] IPUIPlugin:80 - create IPUIPlugin
2024-11-03 11:03:40,661 [INFO] PluginManager:220 - loadIPPluginJar : add fmc
2024-11-03 11:03:40,680 [INFO] IPUIPlugin:80 - create IPUIPlugin
2024-11-03 11:03:40,680 [INFO] PluginManager:220 - loadIPPluginJar : add freertos
2024-11-03 11:03:40,681 [INFO] IPUIPlugin:80 - create IPUIPlugin
2024-11-03 11:03:40,682 [INFO] PluginManager:220 - loadIPPluginJar : add genericplugin
2024-11-03 11:03:40,693 [INFO] IPUIPlugin:80 - create IPUIPlugin
2024-11-03 11:03:40,693 [INFO] PluginManager:220 - loadIPPluginJar : add gfxmmu
2024-11-03 11:03:40,709 [INFO] IPUIPlugin:80 - create IPUIPlugin
2024-11-03 11:03:40,710 [INFO] PluginManager:220 - loadIPPluginJar : add gic
2024-11-03 11:03:40,723 [INFO] IPUIPlugin:80 - create IPUIPlugin
2024-11-03 11:03:40,723 [INFO] PluginManager:220 - loadIPPluginJar : add gpio
2024-11-03 11:03:40,737 [INFO] IPUIPlugin:80 - create IPUIPlugin
2024-11-03 11:03:40,737 [INFO] PluginManager:220 - loadIPPluginJar : add gtzc
2024-11-03 11:03:40,740 [INFO] IPUIPlugin:80 - create IPUIPlugin
2024-11-03 11:03:40,740 [INFO] PluginManager:220 - loadIPPluginJar : add hash
2024-11-03 11:03:40,754 [INFO] IPUIPlugin:80 - create IPUIPlugin
2024-11-03 11:03:40,754 [INFO] PluginManager:220 - loadIPPluginJar : add i2c
2024-11-03 11:03:40,759 [INFO] IPUIPlugin:80 - create IPUIPlugin
2024-11-03 11:03:40,759 [INFO] PluginManager:220 - loadIPPluginJar : add i2s
2024-11-03 11:03:40,767 [INFO] IPUIPlugin:80 - create IPUIPlugin
2024-11-03 11:03:40,767 [INFO] PluginManager:220 - loadIPPluginJar : add i3c
2024-11-03 11:03:40,776 [INFO] IPUIPlugin:80 - create IPUIPlugin
2024-11-03 11:03:40,776 [INFO] PluginManager:220 - loadIPPluginJar : add ipddr
2024-11-03 11:03:40,806 [INFO] IPUIPlugin:80 - create IPUIPlugin
2024-11-03 11:03:40,807 [INFO] PluginManager:220 - loadIPPluginJar : add linkedlist
2024-11-03 11:03:40,809 [INFO] IPUIPlugin:80 - create IPUIPlugin
2024-11-03 11:03:40,809 [INFO] PluginManager:220 - loadIPPluginJar : add lorawan
2024-11-03 11:03:40,810 [INFO] IPUIPlugin:80 - create IPUIPlugin
2024-11-03 11:03:40,810 [INFO] PluginManager:220 - loadIPPluginJar : add ltdc
2024-11-03 11:03:40,815 [INFO] IPUIPlugin:80 - create IPUIPlugin
2024-11-03 11:03:40,815 [INFO] PluginManager:220 - loadIPPluginJar : add mdma
2024-11-03 11:03:40,817 [INFO] IPUIPlugin:80 - create IPUIPlugin
2024-11-03 11:03:40,817 [INFO] PluginManager:220 - loadIPPluginJar : add nvic
2024-11-03 11:03:40,819 [INFO] IPUIPlugin:80 - create IPUIPlugin
2024-11-03 11:03:40,819 [INFO] PluginManager:220 - loadIPPluginJar : add opamp
2024-11-03 11:03:40,833 [INFO] IPUIPlugin:80 - create IPUIPlugin
2024-11-03 11:03:40,833 [INFO] PluginManager:220 - loadIPPluginJar : add openamp
2024-11-03 11:03:40,835 [INFO] IPUIPlugin:80 - create IPUIPlugin
2024-11-03 11:03:40,836 [INFO] PluginManager:220 - loadIPPluginJar : add pdm2pcm
2024-11-03 11:03:40,847 [INFO] IPUIPlugin:80 - create IPUIPlugin
2024-11-03 11:03:40,849 [INFO] PluginManager:220 - loadIPPluginJar : add plateformsettings
2024-11-03 11:03:40,850 [INFO] IPUIPlugin:80 - create IPUIPlugin
2024-11-03 11:03:40,850 [INFO] PluginManager:220 - loadIPPluginJar : add quadspi
2024-11-03 11:03:40,881 [INFO] IPUIPlugin:80 - create IPUIPlugin
2024-11-03 11:03:40,881 [INFO] PluginManager:220 - loadIPPluginJar : add resmgrutility
2024-11-03 11:03:40,899 [INFO] IPUIPlugin:80 - create IPUIPlugin
2024-11-03 11:03:40,900 [INFO] PluginManager:220 - loadIPPluginJar : add sai
2024-11-03 11:03:40,901 [INFO] IPUIPlugin:80 - create IPUIPlugin
2024-11-03 11:03:40,901 [INFO] PluginManager:220 - loadIPPluginJar : add spi
2024-11-03 11:03:40,910 [INFO] IPUIPlugin:80 - create IPUIPlugin
2024-11-03 11:03:40,910 [INFO] PluginManager:220 - loadIPPluginJar : add stm32_wpan
2024-11-03 11:03:40,912 [INFO] IPUIPlugin:80 - create IPUIPlugin
2024-11-03 11:03:40,912 [INFO] PluginManager:220 - loadIPPluginJar : add tim
2024-11-03 11:03:40,914 [INFO] IPUIPlugin:80 - create IPUIPlugin
2024-11-03 11:03:40,914 [INFO] PluginManager:220 - loadIPPluginJar : add touchsensing
2024-11-03 11:03:40,915 [INFO] IPUIPlugin:80 - create IPUIPlugin
2024-11-03 11:03:40,916 [INFO] PluginManager:220 - loadIPPluginJar : add tracer_emb
2024-11-03 11:03:40,918 [INFO] IPUIPlugin:80 - create IPUIPlugin
2024-11-03 11:03:40,918 [INFO] PluginManager:220 - loadIPPluginJar : add ts
2024-11-03 11:03:40,919 [INFO] IPUIPlugin:80 - create IPUIPlugin
2024-11-03 11:03:40,919 [INFO] PluginManager:220 - loadIPPluginJar : add tsc
2024-11-03 11:03:40,921 [INFO] IPUIPlugin:80 - create IPUIPlugin
2024-11-03 11:03:40,921 [INFO] PluginManager:220 - loadIPPluginJar : add ucpd
2024-11-03 11:03:40,932 [INFO] IPUIPlugin:80 - create IPUIPlugin
2024-11-03 11:03:40,932 [INFO] PluginManager:220 - loadIPPluginJar : add usart
2024-11-03 11:03:40,934 [INFO] IPUIPlugin:80 - create IPUIPlugin
2024-11-03 11:03:40,935 [INFO] PluginManager:220 - loadIPPluginJar : add usbx
2024-11-03 11:03:41,048 [INFO] CADModel:165 - CPN selected for project level
2024-11-03 11:03:41,048 [INFO] CADModel:114 - Register for checkConnection events
2024-11-03 11:03:41,048 [FATAL] Updater:308 - Updater called before beeing initialized
2024-11-03 11:03:41,048 [ERROR] CADModel:125 - Updater not yet initialized, retry later 
2024-11-03 11:03:41,273 [INFO] CADModel:165 - CPN selected for project level
2024-11-03 11:03:41,273 [INFO] CADModel:114 - Register for checkConnection events
2024-11-03 11:03:41,273 [FATAL] Updater:308 - Updater called before beeing initialized
2024-11-03 11:03:41,273 [ERROR] CADModel:125 - Updater not yet initialized, retry later 
2024-11-03 11:03:41,276 [FATAL] Updater:308 - Updater called before beeing initialized
2024-11-03 11:03:41,353 [FATAL] Updater:308 - Updater called before beeing initialized
2024-11-03 11:03:41,357 [INFO] DbMcusAds:53 - JSON generation date=Fri Sep 20 22:04:23 KST 2024 (1726837463113)
2024-11-03 11:03:41,357 [FATAL] Updater:308 - Updater called before beeing initialized
2024-11-03 11:03:41,439 [WARN] DetailPanel:346 - Failed to get advertising image, set to default
2024-11-03 11:03:41,536 [FATAL] Updater:308 - Updater called before beeing initialized
2024-11-03 11:03:41,544 [FATAL] Updater:308 - Updater called before beeing initialized
2024-11-03 11:03:41,544 [FATAL] Updater:308 - Updater called before beeing initialized
2024-11-03 11:03:41,544 [WARN] DetailPanel:346 - Failed to get advertising image, set to default
2024-11-03 11:03:41,544 [FATAL] Updater:308 - Updater called before beeing initialized
2024-11-03 11:03:41,612 [ERROR] Updater:1120 - MainUpdater not yet initialized. External WinMGr cannot be set.
2024-11-03 11:03:41,622 [INFO] Updater:1056 - Updater Version found : 6.11.1
2024-11-03 11:03:41,662 [INFO] ApplicationProperties:184 - Using Application install path: D:\ST\STM32CubeIDE_1.15.1\STM32CubeIDE\plugins\com.st.stm32cube.common.mx_6.11.1.202404110753
2024-11-03 11:03:41,994 [INFO] MainUpdater:2873 - connection check result : 10
2024-11-03 11:03:41,995 [INFO] MainUpdater:290 - Updater Check For Update Now.
2024-11-03 11:03:41,995 [INFO] MicroXplorer:498 - Change Database Version : DB.6.0.111
2024-11-03 11:03:42,008 [INFO] McuFinderGlobals:63 - Set McuFinder mode to 2 (CubeIDE integrated)
2024-11-03 11:03:42,033 [INFO] UserAuth:415 - Internet connection configuration mode: 1
2024-11-03 11:03:42,083 [INFO] JxBrowserEngine:152 - Initiate JxBrowser Engine with user profile folder
2024-11-03 11:03:42,202 [INFO] CheckServerUpdateThread:120 - End of CheckServer Thread
2024-11-03 11:03:43,080 [WARN] PackLoader:240 - Cannot read IP mode file for STMicroelectronics.FP-SNS-MOTENVWB1.1.4.0
2024-11-03 11:03:43,096 [WARN] PackLoader:240 - Cannot read IP mode file for STMicroelectronics.X-CUBE-SMBUS.2.1.0
2024-11-03 11:03:43,107 [WARN] PackLoader:240 - Cannot read IP mode file for STMicroelectronics.X-CUBE-WB05N.1.1.0
2024-11-03 11:03:43,113 [WARN] PackLoader:240 - Cannot read IP mode file for STMicroelectronics.X-CUBE-TOUCHGFX.4.23.2
2024-11-03 11:03:43,137 [WARN] PackLoader:240 - Cannot read IP mode file for STMicroelectronics.X-CUBE-AZRTOS-F7.1.1.0
2024-11-03 11:03:43,199 [WARN] PackLoader:240 - Cannot read IP mode file for STMicroelectronics.X-CUBE-MEMS1.11.0.0
2024-11-03 11:03:43,313 [WARN] PackLoader:240 - Cannot read IP mode file for STMicroelectronics.FP-SNS-FLIGHT1.5.0.2
2024-11-03 11:03:43,319 [WARN] PackLoader:240 - Cannot read IP mode file for STMicroelectronics.X-CUBE-DISPLAY.3.0.0
2024-11-03 11:03:43,326 [WARN] PackLoader:240 - Cannot read IP mode file for STMicroelectronics.X-CUBE-BLE1.7.0.0
2024-11-03 11:03:43,332 [WARN] PackLoader:240 - Cannot read IP mode file for STMicroelectronics.X-CUBE-NFC10.1.0.0
2024-11-03 11:03:43,337 [WARN] PackLoader:240 - Cannot read IP mode file for emotas.I-CUBE-CANOPEN.1.3.0
2024-11-03 11:03:43,344 [WARN] PackLoader:240 - Cannot read IP mode file for STMicroelectronics.X-CUBE-BLEMGR.3.1.0
2024-11-03 11:03:43,351 [WARN] PackLoader:240 - Cannot read IP mode file for STMicroelectronics.FP-SNS-SMARTAG2.1.2.0
2024-11-03 11:03:43,359 [INFO] LogOutputStream:77 - [STDOUT_REDIRECT] 1 : Invalid condition id : UX_CORESTACK_Condition cause : null
2024-11-03 11:03:43,360 [INFO] LogOutputStream:77 - [STDOUT_REDIRECT] 1 : Invalid condition id : UX_CORESTACK_Condition cause : null
2024-11-03 11:03:43,361 [INFO] LogOutputStream:77 - [STDOUT_REDIRECT] 1 : Invalid condition id : UX_CORESTACK_Condition cause : null
2024-11-03 11:03:43,362 [INFO] LogOutputStream:77 - [STDOUT_REDIRECT] 1 : Invalid condition id : UX_CORESTACK_Condition cause : null
2024-11-03 11:03:43,362 [INFO] LogOutputStream:77 - [STDOUT_REDIRECT] 1 : Invalid condition id : UX_CORESTACK_Condition cause : null
2024-11-03 11:03:43,365 [WARN] PackLoader:240 - Cannot read IP mode file for STMicroelectronics.X-CUBE-AZRTOS-WL.2.0.0
2024-11-03 11:03:43,369 [WARN] PackLoader:240 - Cannot read IP mode file for STMicroelectronics.FP-SNS-MOTENV1.5.0.0
2024-11-03 11:03:43,377 [WARN] PackLoader:240 - Cannot read IP mode file for wolfSSL.I-CUBE-wolfMQTT.1.19.0
2024-11-03 11:03:43,384 [WARN] PackLoader:240 - Cannot read IP mode file for WES.I-CUBE-Cesium.1.3.0
2024-11-03 11:03:43,388 [WARN] PackLoader:240 - Cannot read IP mode file for STMicroelectronics.X-CUBE-BLE2.3.3.0
2024-11-03 11:03:43,394 [WARN] PackLoader:240 - Cannot read IP mode file for STMicroelectronics.X-CUBE-NFC9.1.0.0
2024-11-03 11:03:43,400 [WARN] PackLoader:240 - Cannot read IP mode file for STMicroelectronics.X-CUBE-TCPP.4.1.0
2024-11-03 11:03:43,406 [WARN] PackLoader:240 - Cannot read IP mode file for STMicroelectronics.X-CUBE-ALGOBUILD.1.3.0
2024-11-03 11:03:43,423 [WARN] PackLoader:240 - Cannot read IP mode file for STMicroelectronics.X-CUBE-AZRTOS-G0.1.1.0
2024-11-03 11:03:43,433 [WARN] PackLoader:240 - Cannot read IP mode file for STMicroelectronics.X-CUBE-SAFEA1.1.2.2
2024-11-03 11:03:43,439 [WARN] PackLoader:240 - Cannot read IP mode file for STMicroelectronics.X-CUBE-NFC4.3.0.0
2024-11-03 11:03:43,443 [WARN] PackLoader:240 - Cannot read IP mode file for wolfSSL.I-CUBE-wolfMQTT.1.18.0
2024-11-03 11:03:43,454 [WARN] PackLoader:240 - Cannot read IP mode file for EmbeddedOffice.I-CUBE-FS-RTOS.1.0.1
2024-11-03 11:03:43,454 [ERROR] ConditionMgr:805 - Attr not supported : Dmpu
2024-11-03 11:03:43,454 [ERROR] ConditionMgr:805 - Attr not supported : Dmpu
2024-11-03 11:03:43,454 [ERROR] ConditionMgr:805 - Attr not supported : Dmpu
2024-11-03 11:03:43,454 [ERROR] ConditionMgr:805 - Attr not supported : Dmpu
2024-11-03 11:03:43,454 [ERROR] ConditionMgr:805 - Attr not supported : Dmpu
2024-11-03 11:03:43,454 [ERROR] ConditionMgr:805 - Attr not supported : Dmpu
2024-11-03 11:03:43,455 [ERROR] ConditionMgr:805 - Attr not supported : Dmpu
2024-11-03 11:03:43,455 [ERROR] ConditionMgr:805 - Attr not supported : Dmpu
2024-11-03 11:03:43,455 [ERROR] ConditionMgr:805 - Attr not supported : Dmpu
2024-11-03 11:03:43,455 [ERROR] ConditionMgr:805 - Attr not supported : Dmpu
2024-11-03 11:03:43,455 [ERROR] ConditionMgr:805 - Attr not supported : Dmpu
2024-11-03 11:03:43,455 [ERROR] ConditionMgr:805 - Attr not supported : Dmpu
2024-11-03 11:03:43,455 [ERROR] ConditionMgr:805 - Attr not supported : Dmpu
2024-11-03 11:03:43,455 [ERROR] ConditionMgr:805 - Attr not supported : Dmpu
2024-11-03 11:03:43,455 [ERROR] ConditionMgr:805 - Attr not supported : Dmpu
2024-11-03 11:03:43,455 [ERROR] ConditionMgr:805 - Attr not supported : Dmpu
2024-11-03 11:03:43,455 [ERROR] ConditionMgr:805 - Attr not supported : Dmpu
2024-11-03 11:03:43,455 [ERROR] ConditionMgr:805 - Attr not supported : Dmpu
2024-11-03 11:03:43,455 [ERROR] ConditionMgr:805 - Attr not supported : Dmpu
2024-11-03 11:03:43,455 [ERROR] ConditionMgr:805 - Attr not supported : Dmpu
2024-11-03 11:03:43,456 [ERROR] ConditionMgr:805 - Attr not supported : Dmpu
2024-11-03 11:03:43,456 [ERROR] ConditionMgr:805 - Attr not supported : Dmpu
2024-11-03 11:03:43,456 [ERROR] ConditionMgr:805 - Attr not supported : Dmpu
2024-11-03 11:03:43,456 [ERROR] ConditionMgr:805 - Attr not supported : Dmpu
2024-11-03 11:03:43,456 [ERROR] ConditionMgr:805 - Attr not supported : Dmpu
2024-11-03 11:03:43,456 [ERROR] ConditionMgr:805 - Attr not supported : Dmpu
2024-11-03 11:03:43,456 [ERROR] ConditionMgr:805 - Attr not supported : Dmpu
2024-11-03 11:03:43,456 [ERROR] ConditionMgr:805 - Attr not supported : Dmpu
2024-11-03 11:03:43,456 [ERROR] ConditionMgr:805 - Attr not supported : Dmpu
2024-11-03 11:03:43,456 [ERROR] ConditionMgr:805 - Attr not supported : Dmpu
2024-11-03 11:03:43,456 [ERROR] ConditionMgr:805 - Attr not supported : Dmpu
2024-11-03 11:03:43,456 [ERROR] ConditionMgr:805 - Attr not supported : Dmpu
2024-11-03 11:03:43,456 [ERROR] ConditionMgr:805 - Attr not supported : Dmpu
2024-11-03 11:03:43,457 [ERROR] ConditionMgr:805 - Attr not supported : Dmpu
2024-11-03 11:03:43,457 [ERROR] ConditionMgr:805 - Attr not supported : Dmpu
2024-11-03 11:03:43,457 [ERROR] ConditionMgr:805 - Attr not supported : Dmpu
2024-11-03 11:03:43,457 [ERROR] ConditionMgr:805 - Attr not supported : Dmpu
2024-11-03 11:03:43,457 [ERROR] ConditionMgr:805 - Attr not supported : Dmpu
2024-11-03 11:03:43,457 [ERROR] ConditionMgr:805 - Attr not supported : Dmpu
2024-11-03 11:03:43,457 [ERROR] ConditionMgr:805 - Attr not supported : Dmpu
2024-11-03 11:03:43,457 [ERROR] ConditionMgr:805 - Attr not supported : Dmpu
2024-11-03 11:03:43,457 [ERROR] ConditionMgr:805 - Attr not supported : Dmpu
2024-11-03 11:03:43,457 [ERROR] ConditionMgr:805 - Attr not supported : Dmpu
2024-11-03 11:03:43,458 [ERROR] ConditionMgr:805 - Attr not supported : Dmpu
2024-11-03 11:03:43,458 [ERROR] ConditionMgr:805 - Attr not supported : Dmpu
2024-11-03 11:03:43,458 [ERROR] ConditionMgr:805 - Attr not supported : Dmpu
2024-11-03 11:03:43,458 [ERROR] ConditionMgr:805 - Attr not supported : Dmpu
2024-11-03 11:03:43,458 [ERROR] ConditionMgr:805 - Attr not supported : Dmpu
2024-11-03 11:03:43,458 [ERROR] ConditionMgr:805 - Attr not supported : Dmpu
2024-11-03 11:03:43,458 [ERROR] ConditionMgr:805 - Attr not supported : Dmpu
2024-11-03 11:03:43,458 [ERROR] ConditionMgr:805 - Attr not supported : Dmpu
2024-11-03 11:03:43,458 [ERROR] ConditionMgr:805 - Attr not supported : Dmpu
2024-11-03 11:03:43,458 [ERROR] ConditionMgr:805 - Attr not supported : Dmpu
2024-11-03 11:03:43,458 [ERROR] ConditionMgr:805 - Attr not supported : Dmpu
2024-11-03 11:03:43,458 [ERROR] ConditionMgr:805 - Attr not supported : Dmpu
2024-11-03 11:03:43,459 [ERROR] ConditionMgr:805 - Attr not supported : Dmpu
2024-11-03 11:03:43,459 [ERROR] ConditionMgr:805 - Attr not supported : Dmpu
2024-11-03 11:03:43,459 [ERROR] ConditionMgr:805 - Attr not supported : Dmpu
2024-11-03 11:03:43,459 [ERROR] ConditionMgr:805 - Attr not supported : Dmpu
2024-11-03 11:03:43,459 [ERROR] ConditionMgr:805 - Attr not supported : Dmpu
2024-11-03 11:03:43,459 [ERROR] ConditionMgr:805 - Attr not supported : Dmpu
2024-11-03 11:03:43,459 [ERROR] ConditionMgr:805 - Attr not supported : Dmpu
2024-11-03 11:03:43,459 [ERROR] ConditionMgr:805 - Attr not supported : Dmpu
2024-11-03 11:03:43,459 [ERROR] ConditionMgr:805 - Attr not supported : Dmpu
2024-11-03 11:03:43,466 [WARN] PackLoader:240 - Cannot read IP mode file for RealThread.X-CUBE-RT-Thread_Nano.4.1.1
2024-11-03 11:03:43,478 [WARN] PackLoader:240 - Cannot read IP mode file for wolfSSL.I-CUBE-wolfSSL.5.7.0
2024-11-03 11:03:43,483 [WARN] PackLoader:240 - Cannot read IP mode file for STMicroelectronics.FP-ATR-SIGFOX1.3.2.0
2024-11-03 11:03:43,490 [WARN] PackLoader:240 - Cannot read IP mode file for STMicroelectronics.X-CUBE-EEPRMA1.5.1.0
2024-11-03 11:03:43,499 [WARN] PackLoader:240 - Cannot read IP mode file for ITTIA_DB.I-CUBE-ITTIADB.8.9.0
2024-11-03 11:03:43,519 [WARN] PackLoader:240 - Cannot read IP mode file for SEGGER.I-CUBE-embOS.1.3.1
2024-11-03 11:03:43,551 [WARN] PackLoader:240 - Cannot read IP mode file for STMicroelectronics.X-CUBE-ALGOBUILD.1.4.0
2024-11-03 11:03:43,555 [WARN] PackLoader:240 - Cannot read IP mode file for STMicroelectronics.X-CUBE-AI.9.1.0
2024-11-03 11:03:43,559 [WARN] PackLoader:240 - Cannot read IP mode file for STMicroelectronics.X-CUBE-GNSS1.6.0.0
2024-11-03 11:03:43,571 [WARN] PackLoader:240 - Cannot read IP mode file for STMicroelectronics.X-CUBE-AZRTOS-F4.1.1.0
2024-11-03 11:03:43,577 [WARN] PackLoader:240 - Cannot read IP mode file for STMicroelectronics.X-CUBE-ISPU.2.1.0
2024-11-03 11:03:43,582 [WARN] PackLoader:240 - Cannot read IP mode file for STMicroelectronics.X-CUBE-FREERTOS.1.2.0
2024-11-03 11:03:43,596 [WARN] PackLoader:240 - Cannot read IP mode file for STMicroelectronics.X-CUBE-AZRTOS-L5.2.0.0
2024-11-03 11:03:43,606 [WARN] PackLoader:240 - Cannot read IP mode file for STMicroelectronics.X-CUBE-NFC6.3.1.0
2024-11-03 11:03:43,611 [WARN] PackLoader:240 - Cannot read IP mode file for STMicroelectronics.X-CUBE-DPower.1.2.0
2024-11-03 11:03:43,615 [WARN] PackLoader:240 - Cannot read IP mode file for STMicroelectronics.X-CUBE-AI.9.0.0
2024-11-03 11:03:43,619 [WARN] PackLoader:240 - Cannot read IP mode file for STMicroelectronics.X-CUBE-NFC7.1.0.1
2024-11-03 11:03:43,623 [WARN] PackLoader:240 - Cannot read IP mode file for wolfSSL.I-CUBE-wolfTPM.3.2.0
2024-11-03 11:03:43,636 [WARN] ConditionMgr:438 - getConditionDescription Invalid condition id : LAN8742 Phy interface Condition cause : null
2024-11-03 11:03:43,636 [WARN] PackLoader:240 - Cannot read IP mode file for STMicroelectronics.X-CUBE-AZRTOS-L4.2.0.0
2024-11-03 11:03:43,637 [WARN] ConditionMgr:1039 - genDependencies : Invalid condition id : LAN8742 Phy interface Condition cause : null
2024-11-03 11:03:43,637 [WARN] ConditionMgr:1039 - genDependencies : Invalid condition id : LAN8742 Phy interface Condition cause : null
2024-11-03 11:03:43,638 [WARN] ConditionMgr:1039 - genDependencies : Invalid condition id : LAN8742 Phy interface Condition cause : null
2024-11-03 11:03:43,644 [WARN] PackLoader:240 - Cannot read IP mode file for STMicroelectronics.X-CUBE-SFXS2LP1.4.0.0
2024-11-03 11:03:43,658 [WARN] PackLoader:240 - Cannot read IP mode file for STMicroelectronics.X-CUBE-AZRTOS-H7.3.3.0
2024-11-03 11:03:43,668 [WARN] PackLoader:240 - Cannot read IP mode file for STMicroelectronics.X-CUBE-IPS.3.0.0
2024-11-03 11:03:43,681 [WARN] ConditionMgr:438 - getConditionDescription Invalid condition id : UX DEVICE CLASS RTOS Condition cause : null
2024-11-03 11:03:43,682 [WARN] ConditionMgr:438 - getConditionDescription Invalid condition id : UX DEVICE CLASS RTOS Condition cause : null
2024-11-03 11:03:43,683 [WARN] PackLoader:240 - Cannot read IP mode file for STMicroelectronics.X-CUBE-AZRTOS-WB.2.0.0
2024-11-03 11:03:43,683 [WARN] ConditionMgr:1039 - genDependencies : Invalid condition id : UX DEVICE CLASS RTOS Condition cause : null
2024-11-03 11:03:43,683 [WARN] ConditionMgr:1039 - genDependencies : Invalid condition id : UX DEVICE CLASS RTOS Condition cause : null
2024-11-03 11:03:43,684 [WARN] ConditionMgr:1039 - genDependencies : Invalid condition id : UX DEVICE CLASS RTOS Condition cause : null
2024-11-03 11:03:43,684 [WARN] ConditionMgr:1039 - genDependencies : Invalid condition id : UX DEVICE CLASS RTOS Condition cause : null
2024-11-03 11:03:43,684 [WARN] ConditionMgr:1039 - genDependencies : Invalid condition id : UX DEVICE CLASS RTOS Condition cause : null
2024-11-03 11:03:43,688 [WARN] PackLoader:240 - Cannot read IP mode file for STMicroelectronics.X-CUBE-GNSS1.7.0.0
2024-11-03 11:03:43,694 [WARN] PackLoader:240 - Cannot read IP mode file for STMicroelectronics.FP-SNS-STBOX1.2.0.0
2024-11-03 11:03:43,702 [WARN] PackLoader:240 - Cannot read IP mode file for STMicroelectronics.X-CUBE-SUBG2.5.0.0
2024-11-03 11:03:43,715 [WARN] PackLoader:240 - Cannot read IP mode file for STMicroelectronics.X-CUBE-AZRTOS-G4.2.0.0
2024-11-03 11:03:43,720 [WARN] PackLoader:240 - Cannot read IP mode file for STMicroelectronics.X-CUBE-ISPU.2.0.0
2024-11-03 11:03:43,725 [WARN] PackLoader:240 - Cannot read IP mode file for STMicroelectronics.X-CUBE-ALS.1.0.2
2024-11-03 11:03:43,783 [WARN] PackLoader:240 - Cannot read IP mode file for STMicroelectronics.X-CUBE-MEMS1.10.0.0
2024-11-03 11:03:44,167 [WARN] PackLoader:240 - Cannot read IP mode file for STMicroelectronics.X-CUBE-TOUCHGFX.4.24.0
2024-11-03 11:03:44,172 [WARN] PackLoader:240 - Cannot read IP mode file for STMicroelectronics.X-CUBE-TOUCHGFX.4.24.1
2024-11-03 11:03:44,179 [WARN] PackLoader:240 - Cannot read IP mode file for portGmbH.I-Cube-SoM-uGOAL.1.1.0
2024-11-03 11:03:44,183 [WARN] PackLoader:240 - Cannot read IP mode file for STMicroelectronics.X-CUBE-ALS.1.0.1
2024-11-03 11:03:44,196 [WARN] PackLoader:240 - Cannot read IP mode file for STMicroelectronics.X-CUBE-AZRTOS-H7RS.1.0.0
2024-11-03 11:03:44,201 [WARN] PackLoader:240 - Cannot read IP mode file for STMicroelectronics.FP-ATR-ASTRA1.2.0.0
2024-11-03 11:03:44,211 [WARN] PackLoader:240 - Cannot read IP mode file for STMicroelectronics.X-CUBE-TOF1.3.4.2
2024-11-03 11:03:44,227 [WARN] PackLoader:240 - Cannot read IP mode file for STMicroelectronics.X-CUBE-TOF1.3.4.1
2024-11-03 11:03:44,243 [WARN] PackLoader:240 - Cannot read IP mode file for STMicroelectronics.X-CUBE-AZRTOS-H7.3.2.0
2024-11-03 11:03:44,254 [WARN] PackLoader:240 - Cannot read IP mode file for Infineon.AIROC-Wi-Fi-Bluetooth-STM32.1.6.0
2024-11-03 11:03:44,259 [WARN] PackLoader:240 - Cannot read IP mode file for wolfSSL.I-CUBE-wolfSSH.1.4.17
2024-11-03 11:03:44,260 [INFO] ThirdParty:978 - Integrity check success = true
2024-11-03 11:03:44,260 [INFO] IntegrityCheckThread:100 - exiting critical section [integrity check]
2024-11-03 11:03:44,260 [INFO] IntegrityCheckThread:103 - End integrity checks thread
2024-11-03 11:03:44,703 [INFO] WebApp:161 - Instantiating new browser for Auth
2024-11-03 11:03:45,132 [INFO] WebApp:779 - Register for checkConnection events
2024-11-03 11:03:45,132 [INFO] WebApp:414 - Apply proxy settings
2024-11-03 11:03:45,133 [INFO] WebApp:499 - Chromium requires no authentication
2024-11-03 11:03:45,138 [INFO] WebApp:442 - Direct internet connection detected
2024-11-03 11:03:45,279 [INFO] WebApp:192 - Starting web application
2024-11-03 11:03:45,279 [INFO] WebApp:544 - Web application path used D:\ST\STM32CubeIDE_1.15.1\STM32CubeIDE\plugins\com.st.stm32cube.common.mx_6.11.1.202404110753\db\plugins\mcufinder\reactClient1\index.html
2024-11-03 13:13:34,166 [ERROR] LogOutputStream:75 - [STDERR_REDIRECT] 
2024-11-03 13:48:46,657 [INFO] Activator:176 - 


2024-11-03 13:48:46,659 [INFO] Activator:177 - !SESSION log4j initialized
2024-11-03 13:48:53,528 [INFO] LogOutputStream:77 - [STDOUT_REDIRECT] 
2024-11-03 13:48:55,838 [INFO] ApplicationProperties:184 - Using Application install path: D:\ST\STM32CubeIDE_1.15.1\STM32CubeIDE\plugins\com.st.stm32cube.common.mx_6.11.1.202404110753
2024-11-03 13:48:55,901 [INFO] DbMcusXml:78 - Set database path to: D:\ST\STM32CubeIDE_1.15.1\STM32CubeIDE\plugins\com.st.stm32cube.common.mx_6.11.1.202404110753\\db\/mcu/
2024-11-03 13:48:55,901 [INFO] ApiDb:274 - Set plugin database path to: D:\ST\STM32CubeIDE_1.15.1\STM32CubeIDE\plugins\com.st.stm32cube.common.mx_6.11.1.202404110753\\db\/plugins/boardmanager/
2024-11-03 13:48:55,901 [WARN] ApiDb:259 - Overriding images path with different value:  => D:\ST\STM32CubeIDE_1.15.1\STM32CubeIDE\plugins\com.st.stm32cube.common.mx_6.11.1.202404110753\\db\/plugins/mcufinder/images/
2024-11-03 13:48:55,917 [INFO] ApiDb:250 - Set database path to: C:\Users\ckckc\.stmcufinder\plugins\mcufinder//mcu/
2024-11-03 13:48:55,917 [INFO] DbMcusAds:125 - Set database path to: C:\Users\ckckc\.stmcufinder\plugins\mcufinder//mcu/
2024-11-03 13:48:55,917 [INFO] CrossReferenceDbSqlite:203 - Set database path to: C:\Users\ckckc\.stmcufinder\plugins\mcufinder//mcu/cs/
2024-11-03 13:48:56,026 [INFO] RulesReader:64 - Compatibility file has been processed (297 Rules)
2024-11-03 13:48:56,182 [INFO] DbMcusXml:78 - Set database path to: D:\ST\STM32CubeIDE_1.15.1\STM32CubeIDE\plugins\com.st.stm32cube.common.mx_6.11.1.202404110753\\db\/mcu/
2024-11-03 13:48:56,182 [INFO] ApiDb:274 - Set plugin database path to: D:\ST\STM32CubeIDE_1.15.1\STM32CubeIDE\plugins\com.st.stm32cube.common.mx_6.11.1.202404110753\\db\/plugins/boardmanager/
2024-11-03 13:48:56,182 [INFO] ApiDb:261 - Set plugin images path to: D:\ST\STM32CubeIDE_1.15.1\STM32CubeIDE\plugins\com.st.stm32cube.common.mx_6.11.1.202404110753\\db\/plugins/mcufinder/images/
2024-11-03 13:48:56,182 [WARN] DbFile:41 - Overriding database path with different value: C:\Users\ckckc\.stmcufinder\plugins\mcufinder/ => C:\Users\ckckc\.stmcufinder\plugins\mcufinder
2024-11-03 13:48:56,182 [INFO] ApiDb:250 - Set database path to: C:\Users\ckckc\.stmcufinder\plugins\mcufinder//mcu/
2024-11-03 13:48:56,182 [WARN] DbFile:41 - Overriding database path with different value: C:\Users\ckckc\.stmcufinder\plugins\mcufinder/ => C:\Users\ckckc\.stmcufinder\plugins\mcufinder
2024-11-03 13:48:56,182 [INFO] DbMcusAds:125 - Set database path to: C:\Users\ckckc\.stmcufinder\plugins\mcufinder//mcu/
2024-11-03 13:48:56,182 [WARN] DbFile:41 - Overriding database path with different value: C:\Users\ckckc\.stmcufinder\plugins\mcufinder/ => C:\Users\ckckc\.stmcufinder\plugins\mcufinder
2024-11-03 13:48:56,182 [WARN] DbFile:41 - Overriding database path with different value: C:\Users\ckckc\.stmcufinder\plugins\mcufinder/ => C:\Users\ckckc\.stmcufinder\plugins\mcufinder
2024-11-03 13:48:56,182 [INFO] CrossReferenceDbSqlite:203 - Set database path to: C:\Users\ckckc\.stmcufinder\plugins\mcufinder//mcu/cs/
2024-11-03 13:48:56,339 [INFO] MainPanel:264 - HeapMemory: 268435456
2024-11-03 13:48:56,573 [INFO] DbMcusXml:78 - Set database path to: D:\ST\STM32CubeIDE_1.15.1\STM32CubeIDE\plugins\com.st.stm32cube.common.mx_6.11.1.202404110753\\db\/mcu/
2024-11-03 13:48:56,588 [INFO] ApiDb:274 - Set plugin database path to: D:\ST\STM32CubeIDE_1.15.1\STM32CubeIDE\plugins\com.st.stm32cube.common.mx_6.11.1.202404110753\\db\/plugins/boardmanager/
2024-11-03 13:48:56,588 [INFO] ApiDb:261 - Set plugin images path to: D:\ST\STM32CubeIDE_1.15.1\STM32CubeIDE\plugins\com.st.stm32cube.common.mx_6.11.1.202404110753\\db\/plugins/mcufinder/images/
2024-11-03 13:48:56,588 [WARN] DbFile:41 - Overriding database path with different value: C:\Users\ckckc\.stmcufinder\plugins\mcufinder/ => C:\Users\ckckc\.stmcufinder\plugins\mcufinder
2024-11-03 13:48:56,588 [INFO] ApiDb:250 - Set database path to: C:\Users\ckckc\.stmcufinder\plugins\mcufinder//mcu/
2024-11-03 13:48:56,588 [WARN] DbFile:41 - Overriding database path with different value: C:\Users\ckckc\.stmcufinder\plugins\mcufinder/ => C:\Users\ckckc\.stmcufinder\plugins\mcufinder
2024-11-03 13:48:56,588 [INFO] DbMcusAds:125 - Set database path to: C:\Users\ckckc\.stmcufinder\plugins\mcufinder//mcu/
2024-11-03 13:48:56,588 [WARN] DbFile:41 - Overriding database path with different value: C:\Users\ckckc\.stmcufinder\plugins\mcufinder/ => C:\Users\ckckc\.stmcufinder\plugins\mcufinder
2024-11-03 13:48:56,588 [WARN] DbFile:41 - Overriding database path with different value: C:\Users\ckckc\.stmcufinder\plugins\mcufinder/ => C:\Users\ckckc\.stmcufinder\plugins\mcufinder
2024-11-03 13:48:56,588 [INFO] CrossReferenceDbSqlite:203 - Set database path to: C:\Users\ckckc\.stmcufinder\plugins\mcufinder//mcu/cs/
2024-11-03 13:48:56,588 [INFO] ApplicationProperties:184 - Using Application install path: D:\ST\STM32CubeIDE_1.15.1\STM32CubeIDE\plugins\com.st.stm32cube.common.mx_6.11.1.202404110753
2024-11-03 13:48:56,604 [INFO] PluginManage:196 - Search for loadable plugins [exclusion list=, ]
2024-11-03 13:48:56,604 [INFO] PluginManage:310 - Check plugin analytics
2024-11-03 13:48:56,823 [INFO] AnalyticsPlugin:253 - Accepted Software Licenses: 
2024-11-03 13:48:56,823 [INFO] AnalyticsPlugin:255 - Accepted CMSIS Pack Licenses: 
2024-11-03 13:48:56,823 [INFO] AnalyticsPlugin:257 - Accepted Firmware Licenses: FW.F4.1.28.0
2024-11-03 13:48:56,823 [INFO] PluginManage:359 - Loaded plugin analytics (category:tool,tabindex:-1)
2024-11-03 13:48:56,823 [INFO] PluginManage:310 - Check plugin cadmodel
2024-11-03 13:48:56,854 [INFO] CADModel:105 - Init CAD model plugin
2024-11-03 13:48:56,854 [INFO] PluginManage:359 - Loaded plugin cadmodel (category:power,tabindex:5)
2024-11-03 13:48:56,854 [INFO] PluginManage:310 - Check plugin clock
2024-11-03 13:48:56,885 [INFO] PluginManage:359 - Loaded plugin clock (category:base,tabindex:2)
2024-11-03 13:48:56,885 [INFO] PluginManage:310 - Check plugin ddr
2024-11-03 13:48:56,901 [INFO] PluginManage:359 - Loaded plugin ddr (category:tool,tabindex:6)
2024-11-03 13:48:56,901 [INFO] PluginManage:310 - Check plugin filemanager
2024-11-03 13:48:57,182 [INFO] PluginManage:359 - Loaded plugin filemanager (category:base,tabindex:10)
2024-11-03 13:48:57,182 [INFO] PluginManage:310 - Check plugin ipmanager
2024-11-03 13:48:57,211 [INFO] PluginManage:359 - Loaded plugin ipmanager (category:base,tabindex:5)
2024-11-03 13:48:57,211 [INFO] PluginManage:310 - Check plugin lpbam
2024-11-03 13:48:57,211 [INFO] PluginManage:359 - Loaded plugin lpbam (category:base,tabindex:0)
2024-11-03 13:48:57,211 [INFO] PluginManage:310 - Check plugin memorymap
2024-11-03 13:48:57,242 [INFO] PluginManage:359 - Loaded plugin memorymap (category:base,tabindex:4)
2024-11-03 13:48:57,242 [INFO] PluginManage:310 - Check plugin pinoutandconfiguration
2024-11-03 13:48:57,273 [INFO] PluginManage:359 - Loaded plugin pinoutandconfiguration (category:base,tabindex:1)
2024-11-03 13:48:57,273 [INFO] PluginManage:310 - Check plugin pinoutconfig
2024-11-03 13:48:57,352 [WARN] SupportedApi:132 - Cannot load RTOS API schema: s4s-elt-must-match.1: The content of 'definitions' must match (annotation?, (simpleType | complexType)?, (unique | key | keyref)*)). A problem was found starting at: attribute.
2024-11-03 13:48:57,492 [INFO] PluginManage:359 - Loaded plugin pinoutconfig (category:base,tabindex:0)
2024-11-03 13:48:57,492 [INFO] PluginManage:310 - Check plugin power
2024-11-03 13:48:57,523 [INFO] PluginManage:359 - Loaded plugin power (category:power,tabindex:4)
2024-11-03 13:48:57,523 [INFO] PluginManage:310 - Check plugin projectmanager
2024-11-03 13:48:57,555 [INFO] PluginManage:359 - Loaded plugin projectmanager (category:projectmanager,tabindex:3)
2024-11-03 13:48:57,555 [INFO] PluginManage:310 - Check plugin thirdparty
2024-11-03 13:48:57,914 [INFO] PluginManage:359 - Loaded plugin thirdparty (category:base,tabindex:-1)
2024-11-03 13:48:57,914 [WARN] IntegrityCheckThread:84 - waiting for thirdparty lock release [integrity check]
2024-11-03 13:48:57,914 [INFO] PluginManage:310 - Check plugin tools
2024-11-03 13:48:57,914 [INFO] IntegrityCheckThread:86 - entering critical section [integrity check]
2024-11-03 13:48:57,914 [INFO] ThirdPartyUpdaterWithRetryManager:70 - Updater plugin not ready yet. [1/15]
2024-11-03 13:48:57,914 [INFO] PluginManage:359 - Loaded plugin tools (category:base,tabindex:7)
2024-11-03 13:48:57,914 [INFO] PluginManage:310 - Check plugin tutovideos
2024-11-03 13:48:58,117 [INFO] PluginManage:359 - Loaded plugin tutovideos (category:base,tabindex:-1)
2024-11-03 13:48:58,117 [INFO] PluginManage:310 - Check plugin updater
2024-11-03 13:48:58,148 [INFO] PluginManage:359 - Loaded plugin updater (category:base,tabindex:12)
2024-11-03 13:48:58,148 [INFO] PluginManage:310 - Check plugin userauth
2024-11-03 13:48:58,195 [INFO] UserAuth:114 - Init User Auth plugin
2024-11-03 13:48:58,195 [INFO] PluginManage:359 - Loaded plugin userauth (category:base,tabindex:14)
2024-11-03 13:48:58,195 [INFO] PluginManage:283 - PluginManage : Loaded plugins [17]
2024-11-03 13:48:58,743 [INFO] PinOutPanel:1561 - setPackage(No Configuration,No Configuration)
2024-11-03 13:48:58,977 [INFO] CADModel:165 - CPN selected for project level
2024-11-03 13:48:58,977 [INFO] CADModel:114 - Register for checkConnection events
2024-11-03 13:48:59,008 [INFO] IPUIPlugin:80 - create IPUIPlugin
2024-11-03 13:48:59,008 [INFO] PluginManager:220 - loadIPPluginJar : add adc
2024-11-03 13:48:59,008 [INFO] IPUIPlugin:80 - create IPUIPlugin
2024-11-03 13:48:59,008 [INFO] PluginManager:220 - loadIPPluginJar : add aes
2024-11-03 13:48:59,024 [INFO] IPUIPlugin:80 - create IPUIPlugin
2024-11-03 13:48:59,024 [INFO] PluginManager:220 - loadIPPluginJar : add can
2024-11-03 13:48:59,024 [INFO] IPUIPlugin:80 - create IPUIPlugin
2024-11-03 13:48:59,024 [INFO] PluginManager:220 - loadIPPluginJar : add comp
2024-11-03 13:48:59,024 [INFO] IPUIPlugin:80 - create IPUIPlugin
2024-11-03 13:48:59,024 [INFO] PluginManager:220 - loadIPPluginJar : add cryp
2024-11-03 13:48:59,024 [INFO] IPUIPlugin:80 - create IPUIPlugin
2024-11-03 13:48:59,024 [INFO] PluginManager:220 - loadIPPluginJar : add dfsdm
2024-11-03 13:48:59,039 [INFO] IPUIPlugin:80 - create IPUIPlugin
2024-11-03 13:48:59,039 [INFO] PluginManager:220 - loadIPPluginJar : add dma
2024-11-03 13:48:59,039 [INFO] IPUIPlugin:80 - create IPUIPlugin
2024-11-03 13:48:59,039 [INFO] PluginManager:220 - loadIPPluginJar : add dma3
2024-11-03 13:48:59,055 [INFO] IPUIPlugin:80 - create IPUIPlugin
2024-11-03 13:48:59,055 [INFO] PluginManager:220 - loadIPPluginJar : add extmemmanager
2024-11-03 13:48:59,071 [INFO] IPUIPlugin:80 - create IPUIPlugin
2024-11-03 13:48:59,071 [INFO] PluginManager:220 - loadIPPluginJar : add fatfs
2024-11-03 13:48:59,071 [INFO] IPUIPlugin:80 - create IPUIPlugin
2024-11-03 13:48:59,071 [INFO] PluginManager:220 - loadIPPluginJar : add fmc
2024-11-03 13:48:59,086 [INFO] IPUIPlugin:80 - create IPUIPlugin
2024-11-03 13:48:59,086 [INFO] PluginManager:220 - loadIPPluginJar : add freertos
2024-11-03 13:48:59,086 [INFO] IPUIPlugin:80 - create IPUIPlugin
2024-11-03 13:48:59,086 [INFO] PluginManager:220 - loadIPPluginJar : add genericplugin
2024-11-03 13:48:59,102 [INFO] IPUIPlugin:80 - create IPUIPlugin
2024-11-03 13:48:59,102 [INFO] PluginManager:220 - loadIPPluginJar : add gfxmmu
2024-11-03 13:48:59,117 [INFO] IPUIPlugin:80 - create IPUIPlugin
2024-11-03 13:48:59,117 [INFO] PluginManager:220 - loadIPPluginJar : add gic
2024-11-03 13:48:59,133 [INFO] IPUIPlugin:80 - create IPUIPlugin
2024-11-03 13:48:59,133 [INFO] PluginManager:220 - loadIPPluginJar : add gpio
2024-11-03 13:48:59,149 [INFO] IPUIPlugin:80 - create IPUIPlugin
2024-11-03 13:48:59,149 [INFO] PluginManager:220 - loadIPPluginJar : add gtzc
2024-11-03 13:48:59,149 [INFO] IPUIPlugin:80 - create IPUIPlugin
2024-11-03 13:48:59,149 [INFO] PluginManager:220 - loadIPPluginJar : add hash
2024-11-03 13:48:59,149 [INFO] IPUIPlugin:80 - create IPUIPlugin
2024-11-03 13:48:59,149 [INFO] PluginManager:220 - loadIPPluginJar : add i2c
2024-11-03 13:48:59,164 [INFO] IPUIPlugin:80 - create IPUIPlugin
2024-11-03 13:48:59,164 [INFO] PluginManager:220 - loadIPPluginJar : add i2s
2024-11-03 13:48:59,164 [INFO] IPUIPlugin:80 - create IPUIPlugin
2024-11-03 13:48:59,164 [INFO] PluginManager:220 - loadIPPluginJar : add i3c
2024-11-03 13:48:59,180 [INFO] IPUIPlugin:80 - create IPUIPlugin
2024-11-03 13:48:59,180 [INFO] PluginManager:220 - loadIPPluginJar : add ipddr
2024-11-03 13:48:59,196 [INFO] IPUIPlugin:80 - create IPUIPlugin
2024-11-03 13:48:59,196 [INFO] PluginManager:220 - loadIPPluginJar : add linkedlist
2024-11-03 13:48:59,196 [INFO] IPUIPlugin:80 - create IPUIPlugin
2024-11-03 13:48:59,196 [INFO] PluginManager:220 - loadIPPluginJar : add lorawan
2024-11-03 13:48:59,196 [INFO] IPUIPlugin:80 - create IPUIPlugin
2024-11-03 13:48:59,196 [INFO] PluginManager:220 - loadIPPluginJar : add ltdc
2024-11-03 13:48:59,211 [INFO] IPUIPlugin:80 - create IPUIPlugin
2024-11-03 13:48:59,211 [INFO] PluginManager:220 - loadIPPluginJar : add mdma
2024-11-03 13:48:59,211 [INFO] IPUIPlugin:80 - create IPUIPlugin
2024-11-03 13:48:59,211 [INFO] PluginManager:220 - loadIPPluginJar : add nvic
2024-11-03 13:48:59,211 [INFO] IPUIPlugin:80 - create IPUIPlugin
2024-11-03 13:48:59,211 [INFO] PluginManager:220 - loadIPPluginJar : add opamp
2024-11-03 13:48:59,211 [INFO] IPUIPlugin:80 - create IPUIPlugin
2024-11-03 13:48:59,211 [INFO] PluginManager:220 - loadIPPluginJar : add openamp
2024-11-03 13:48:59,211 [INFO] IPUIPlugin:80 - create IPUIPlugin
2024-11-03 13:48:59,227 [INFO] PluginManager:220 - loadIPPluginJar : add pdm2pcm
2024-11-03 13:48:59,227 [INFO] IPUIPlugin:80 - create IPUIPlugin
2024-11-03 13:48:59,227 [INFO] PluginManager:220 - loadIPPluginJar : add plateformsettings
2024-11-03 13:48:59,242 [INFO] IPUIPlugin:80 - create IPUIPlugin
2024-11-03 13:48:59,242 [INFO] PluginManager:220 - loadIPPluginJar : add quadspi
2024-11-03 13:48:59,242 [INFO] IPUIPlugin:80 - create IPUIPlugin
2024-11-03 13:48:59,242 [INFO] PluginManager:220 - loadIPPluginJar : add resmgrutility
2024-11-03 13:48:59,242 [INFO] IPUIPlugin:80 - create IPUIPlugin
2024-11-03 13:48:59,242 [INFO] PluginManager:220 - loadIPPluginJar : add sai
2024-11-03 13:48:59,242 [INFO] IPUIPlugin:80 - create IPUIPlugin
2024-11-03 13:48:59,242 [INFO] PluginManager:220 - loadIPPluginJar : add spi
2024-11-03 13:48:59,258 [INFO] IPUIPlugin:80 - create IPUIPlugin
2024-11-03 13:48:59,258 [INFO] PluginManager:220 - loadIPPluginJar : add stm32_wpan
2024-11-03 13:48:59,258 [INFO] IPUIPlugin:80 - create IPUIPlugin
2024-11-03 13:48:59,258 [INFO] PluginManager:220 - loadIPPluginJar : add tim
2024-11-03 13:48:59,258 [INFO] IPUIPlugin:80 - create IPUIPlugin
2024-11-03 13:48:59,258 [INFO] PluginManager:220 - loadIPPluginJar : add touchsensing
2024-11-03 13:48:59,274 [INFO] IPUIPlugin:80 - create IPUIPlugin
2024-11-03 13:48:59,274 [INFO] PluginManager:220 - loadIPPluginJar : add tracer_emb
2024-11-03 13:48:59,274 [INFO] IPUIPlugin:80 - create IPUIPlugin
2024-11-03 13:48:59,274 [INFO] PluginManager:220 - loadIPPluginJar : add ts
2024-11-03 13:48:59,274 [INFO] IPUIPlugin:80 - create IPUIPlugin
2024-11-03 13:48:59,274 [INFO] PluginManager:220 - loadIPPluginJar : add tsc
2024-11-03 13:48:59,274 [INFO] IPUIPlugin:80 - create IPUIPlugin
2024-11-03 13:48:59,274 [INFO] PluginManager:220 - loadIPPluginJar : add ucpd
2024-11-03 13:48:59,274 [INFO] IPUIPlugin:80 - create IPUIPlugin
2024-11-03 13:48:59,274 [INFO] PluginManager:220 - loadIPPluginJar : add usart
2024-11-03 13:48:59,274 [INFO] IPUIPlugin:80 - create IPUIPlugin
2024-11-03 13:48:59,274 [INFO] PluginManager:220 - loadIPPluginJar : add usbx
2024-11-03 13:48:59,394 [INFO] CADModel:165 - CPN selected for project level
2024-11-03 13:48:59,394 [INFO] CADModel:114 - Register for checkConnection events
2024-11-03 13:48:59,394 [FATAL] Updater:308 - Updater called before beeing initialized
2024-11-03 13:48:59,394 [ERROR] CADModel:125 - Updater not yet initialized, retry later 
2024-11-03 13:48:59,565 [INFO] CADModel:165 - CPN selected for project level
2024-11-03 13:48:59,565 [INFO] CADModel:114 - Register for checkConnection events
2024-11-03 13:48:59,565 [FATAL] Updater:308 - Updater called before beeing initialized
2024-11-03 13:48:59,565 [ERROR] CADModel:125 - Updater not yet initialized, retry later 
2024-11-03 13:48:59,565 [FATAL] Updater:308 - Updater called before beeing initialized
2024-11-03 13:48:59,659 [FATAL] Updater:308 - Updater called before beeing initialized
2024-11-03 13:48:59,674 [INFO] DbMcusAds:53 - JSON generation date=Fri Sep 20 22:04:23 KST 2024 (1726837463113)
2024-11-03 13:48:59,674 [FATAL] Updater:308 - Updater called before beeing initialized
2024-11-03 13:48:59,752 [WARN] DetailPanel:346 - Failed to get advertising image, set to default
2024-11-03 13:48:59,846 [FATAL] Updater:308 - Updater called before beeing initialized
2024-11-03 13:48:59,862 [FATAL] Updater:308 - Updater called before beeing initialized
2024-11-03 13:48:59,862 [FATAL] Updater:308 - Updater called before beeing initialized
2024-11-03 13:48:59,862 [WARN] DetailPanel:346 - Failed to get advertising image, set to default
2024-11-03 13:48:59,862 [FATAL] Updater:308 - Updater called before beeing initialized
2024-11-03 13:48:59,973 [ERROR] Updater:1120 - MainUpdater not yet initialized. External WinMGr cannot be set.
2024-11-03 13:48:59,988 [INFO] Updater:1056 - Updater Version found : 6.11.1
2024-11-03 13:49:00,004 [INFO] ApplicationProperties:184 - Using Application install path: D:\ST\STM32CubeIDE_1.15.1\STM32CubeIDE\plugins\com.st.stm32cube.common.mx_6.11.1.202404110753
2024-11-03 13:49:00,363 [INFO] MainUpdater:2873 - connection check result : 10
2024-11-03 13:49:00,363 [INFO] MainUpdater:290 - Updater Check For Update Now.
2024-11-03 13:49:00,363 [INFO] MicroXplorer:498 - Change Database Version : DB.6.0.111
2024-11-03 13:49:00,379 [INFO] McuFinderGlobals:63 - Set McuFinder mode to 2 (CubeIDE integrated)
2024-11-03 13:49:00,395 [INFO] UserAuth:415 - Internet connection configuration mode: 1
2024-11-03 13:49:00,459 [INFO] JxBrowserEngine:152 - Initiate JxBrowser Engine with user profile folder
2024-11-03 13:49:00,553 [INFO] CheckServerUpdateThread:120 - End of CheckServer Thread
2024-11-03 13:49:01,890 [INFO] WebApp:161 - Instantiating new browser for Auth
2024-11-03 13:49:01,972 [WARN] PackLoader:240 - Cannot read IP mode file for STMicroelectronics.FP-SNS-MOTENVWB1.1.4.0
2024-11-03 13:49:01,989 [WARN] PackLoader:240 - Cannot read IP mode file for STMicroelectronics.X-CUBE-SMBUS.2.1.0
2024-11-03 13:49:02,003 [WARN] PackLoader:240 - Cannot read IP mode file for STMicroelectronics.X-CUBE-WB05N.1.1.0
2024-11-03 13:49:02,008 [WARN] PackLoader:240 - Cannot read IP mode file for STMicroelectronics.X-CUBE-TOUCHGFX.4.23.2
2024-11-03 13:49:02,053 [WARN] PackLoader:240 - Cannot read IP mode file for STMicroelectronics.X-CUBE-AZRTOS-F7.1.1.0
2024-11-03 13:49:02,128 [WARN] PackLoader:240 - Cannot read IP mode file for STMicroelectronics.X-CUBE-MEMS1.11.0.0
2024-11-03 13:49:02,249 [WARN] PackLoader:240 - Cannot read IP mode file for STMicroelectronics.FP-SNS-FLIGHT1.5.0.2
2024-11-03 13:49:02,259 [WARN] PackLoader:240 - Cannot read IP mode file for STMicroelectronics.X-CUBE-DISPLAY.3.0.0
2024-11-03 13:49:02,269 [WARN] PackLoader:240 - Cannot read IP mode file for STMicroelectronics.X-CUBE-BLE1.7.0.0
2024-11-03 13:49:02,269 [WARN] PackLoader:240 - Cannot read IP mode file for STMicroelectronics.X-CUBE-NFC10.1.0.0
2024-11-03 13:49:02,285 [WARN] PackLoader:240 - Cannot read IP mode file for emotas.I-CUBE-CANOPEN.1.3.0
2024-11-03 13:49:02,291 [WARN] PackLoader:240 - Cannot read IP mode file for STMicroelectronics.X-CUBE-BLEMGR.3.1.0
2024-11-03 13:49:02,307 [WARN] PackLoader:240 - Cannot read IP mode file for STMicroelectronics.FP-SNS-SMARTAG2.1.2.0
2024-11-03 13:49:02,322 [INFO] LogOutputStream:77 - [STDOUT_REDIRECT] 1 : Invalid condition id : UX_CORESTACK_Condition cause : null
2024-11-03 13:49:02,322 [INFO] LogOutputStream:77 - [STDOUT_REDIRECT] 1 : Invalid condition id : UX_CORESTACK_Condition cause : null
2024-11-03 13:49:02,322 [INFO] LogOutputStream:77 - [STDOUT_REDIRECT] 1 : Invalid condition id : UX_CORESTACK_Condition cause : null
2024-11-03 13:49:02,322 [INFO] LogOutputStream:77 - [STDOUT_REDIRECT] 1 : Invalid condition id : UX_CORESTACK_Condition cause : null
2024-11-03 13:49:02,322 [INFO] LogOutputStream:77 - [STDOUT_REDIRECT] 1 : Invalid condition id : UX_CORESTACK_Condition cause : null
2024-11-03 13:49:02,322 [WARN] PackLoader:240 - Cannot read IP mode file for STMicroelectronics.X-CUBE-AZRTOS-WL.2.0.0
2024-11-03 13:49:02,338 [WARN] PackLoader:240 - Cannot read IP mode file for STMicroelectronics.FP-SNS-MOTENV1.5.0.0
2024-11-03 13:49:02,347 [WARN] PackLoader:240 - Cannot read IP mode file for wolfSSL.I-CUBE-wolfMQTT.1.19.0
2024-11-03 13:49:02,351 [WARN] PackLoader:240 - Cannot read IP mode file for WES.I-CUBE-Cesium.1.3.0
2024-11-03 13:49:02,351 [WARN] PackLoader:240 - Cannot read IP mode file for STMicroelectronics.X-CUBE-BLE2.3.3.0
2024-11-03 13:49:02,371 [WARN] PackLoader:240 - Cannot read IP mode file for STMicroelectronics.X-CUBE-NFC9.1.0.0
2024-11-03 13:49:02,379 [WARN] PackLoader:240 - Cannot read IP mode file for STMicroelectronics.X-CUBE-TCPP.4.1.0
2024-11-03 13:49:02,401 [WARN] PackLoader:240 - Cannot read IP mode file for STMicroelectronics.X-CUBE-ALGOBUILD.1.3.0
2024-11-03 13:49:02,417 [INFO] WebApp:779 - Register for checkConnection events
2024-11-03 13:49:02,417 [INFO] WebApp:414 - Apply proxy settings
2024-11-03 13:49:02,417 [INFO] WebApp:499 - Chromium requires no authentication
2024-11-03 13:49:02,417 [WARN] PackLoader:240 - Cannot read IP mode file for STMicroelectronics.X-CUBE-AZRTOS-G0.1.1.0
2024-11-03 13:49:02,423 [INFO] WebApp:442 - Direct internet connection detected
2024-11-03 13:49:02,423 [WARN] PackLoader:240 - Cannot read IP mode file for STMicroelectronics.X-CUBE-SAFEA1.1.2.2
2024-11-03 13:49:02,431 [WARN] PackLoader:240 - Cannot read IP mode file for STMicroelectronics.X-CUBE-NFC4.3.0.0
2024-11-03 13:49:02,431 [WARN] PackLoader:240 - Cannot read IP mode file for wolfSSL.I-CUBE-wolfMQTT.1.18.0
2024-11-03 13:49:02,441 [WARN] PackLoader:240 - Cannot read IP mode file for EmbeddedOffice.I-CUBE-FS-RTOS.1.0.1
2024-11-03 13:49:02,441 [ERROR] ConditionMgr:805 - Attr not supported : Dmpu
2024-11-03 13:49:02,441 [ERROR] ConditionMgr:805 - Attr not supported : Dmpu
2024-11-03 13:49:02,441 [ERROR] ConditionMgr:805 - Attr not supported : Dmpu
2024-11-03 13:49:02,441 [ERROR] ConditionMgr:805 - Attr not supported : Dmpu
2024-11-03 13:49:02,441 [ERROR] ConditionMgr:805 - Attr not supported : Dmpu
2024-11-03 13:49:02,441 [ERROR] ConditionMgr:805 - Attr not supported : Dmpu
2024-11-03 13:49:02,441 [ERROR] ConditionMgr:805 - Attr not supported : Dmpu
2024-11-03 13:49:02,441 [ERROR] ConditionMgr:805 - Attr not supported : Dmpu
2024-11-03 13:49:02,441 [ERROR] ConditionMgr:805 - Attr not supported : Dmpu
2024-11-03 13:49:02,441 [ERROR] ConditionMgr:805 - Attr not supported : Dmpu
2024-11-03 13:49:02,441 [ERROR] ConditionMgr:805 - Attr not supported : Dmpu
2024-11-03 13:49:02,441 [ERROR] ConditionMgr:805 - Attr not supported : Dmpu
2024-11-03 13:49:02,441 [ERROR] ConditionMgr:805 - Attr not supported : Dmpu
2024-11-03 13:49:02,441 [ERROR] ConditionMgr:805 - Attr not supported : Dmpu
2024-11-03 13:49:02,441 [ERROR] ConditionMgr:805 - Attr not supported : Dmpu
2024-11-03 13:49:02,441 [ERROR] ConditionMgr:805 - Attr not supported : Dmpu
2024-11-03 13:49:02,441 [ERROR] ConditionMgr:805 - Attr not supported : Dmpu
2024-11-03 13:49:02,441 [ERROR] ConditionMgr:805 - Attr not supported : Dmpu
2024-11-03 13:49:02,441 [ERROR] ConditionMgr:805 - Attr not supported : Dmpu
2024-11-03 13:49:02,441 [ERROR] ConditionMgr:805 - Attr not supported : Dmpu
2024-11-03 13:49:02,441 [ERROR] ConditionMgr:805 - Attr not supported : Dmpu
2024-11-03 13:49:02,441 [ERROR] ConditionMgr:805 - Attr not supported : Dmpu
2024-11-03 13:49:02,441 [ERROR] ConditionMgr:805 - Attr not supported : Dmpu
2024-11-03 13:49:02,441 [ERROR] ConditionMgr:805 - Attr not supported : Dmpu
2024-11-03 13:49:02,441 [ERROR] ConditionMgr:805 - Attr not supported : Dmpu
2024-11-03 13:49:02,441 [ERROR] ConditionMgr:805 - Attr not supported : Dmpu
2024-11-03 13:49:02,441 [ERROR] ConditionMgr:805 - Attr not supported : Dmpu
2024-11-03 13:49:02,441 [ERROR] ConditionMgr:805 - Attr not supported : Dmpu
2024-11-03 13:49:02,441 [ERROR] ConditionMgr:805 - Attr not supported : Dmpu
2024-11-03 13:49:02,441 [ERROR] ConditionMgr:805 - Attr not supported : Dmpu
2024-11-03 13:49:02,441 [ERROR] ConditionMgr:805 - Attr not supported : Dmpu
2024-11-03 13:49:02,441 [ERROR] ConditionMgr:805 - Attr not supported : Dmpu
2024-11-03 13:49:02,441 [ERROR] ConditionMgr:805 - Attr not supported : Dmpu
2024-11-03 13:49:02,441 [ERROR] ConditionMgr:805 - Attr not supported : Dmpu
2024-11-03 13:49:02,441 [ERROR] ConditionMgr:805 - Attr not supported : Dmpu
2024-11-03 13:49:02,441 [ERROR] ConditionMgr:805 - Attr not supported : Dmpu
2024-11-03 13:49:02,441 [ERROR] ConditionMgr:805 - Attr not supported : Dmpu
2024-11-03 13:49:02,441 [ERROR] ConditionMgr:805 - Attr not supported : Dmpu
2024-11-03 13:49:02,441 [ERROR] ConditionMgr:805 - Attr not supported : Dmpu
2024-11-03 13:49:02,441 [ERROR] ConditionMgr:805 - Attr not supported : Dmpu
2024-11-03 13:49:02,441 [ERROR] ConditionMgr:805 - Attr not supported : Dmpu
2024-11-03 13:49:02,441 [ERROR] ConditionMgr:805 - Attr not supported : Dmpu
2024-11-03 13:49:02,441 [ERROR] ConditionMgr:805 - Attr not supported : Dmpu
2024-11-03 13:49:02,441 [ERROR] ConditionMgr:805 - Attr not supported : Dmpu
2024-11-03 13:49:02,441 [ERROR] ConditionMgr:805 - Attr not supported : Dmpu
2024-11-03 13:49:02,441 [ERROR] ConditionMgr:805 - Attr not supported : Dmpu
2024-11-03 13:49:02,441 [ERROR] ConditionMgr:805 - Attr not supported : Dmpu
2024-11-03 13:49:02,441 [ERROR] ConditionMgr:805 - Attr not supported : Dmpu
2024-11-03 13:49:02,441 [ERROR] ConditionMgr:805 - Attr not supported : Dmpu
2024-11-03 13:49:02,441 [ERROR] ConditionMgr:805 - Attr not supported : Dmpu
2024-11-03 13:49:02,441 [ERROR] ConditionMgr:805 - Attr not supported : Dmpu
2024-11-03 13:49:02,441 [ERROR] ConditionMgr:805 - Attr not supported : Dmpu
2024-11-03 13:49:02,441 [ERROR] ConditionMgr:805 - Attr not supported : Dmpu
2024-11-03 13:49:02,441 [ERROR] ConditionMgr:805 - Attr not supported : Dmpu
2024-11-03 13:49:02,441 [ERROR] ConditionMgr:805 - Attr not supported : Dmpu
2024-11-03 13:49:02,441 [ERROR] ConditionMgr:805 - Attr not supported : Dmpu
2024-11-03 13:49:02,441 [ERROR] ConditionMgr:805 - Attr not supported : Dmpu
2024-11-03 13:49:02,441 [ERROR] ConditionMgr:805 - Attr not supported : Dmpu
2024-11-03 13:49:02,441 [ERROR] ConditionMgr:805 - Attr not supported : Dmpu
2024-11-03 13:49:02,441 [ERROR] ConditionMgr:805 - Attr not supported : Dmpu
2024-11-03 13:49:02,441 [ERROR] ConditionMgr:805 - Attr not supported : Dmpu
2024-11-03 13:49:02,441 [ERROR] ConditionMgr:805 - Attr not supported : Dmpu
2024-11-03 13:49:02,441 [ERROR] ConditionMgr:805 - Attr not supported : Dmpu
2024-11-03 13:49:02,441 [ERROR] ConditionMgr:805 - Attr not supported : Dmpu
2024-11-03 13:49:02,456 [WARN] PackLoader:240 - Cannot read IP mode file for RealThread.X-CUBE-RT-Thread_Nano.4.1.1
2024-11-03 13:49:02,456 [WARN] PackLoader:240 - Cannot read IP mode file for wolfSSL.I-CUBE-wolfSSL.5.7.0
2024-11-03 13:49:02,461 [WARN] PackLoader:240 - Cannot read IP mode file for STMicroelectronics.FP-ATR-SIGFOX1.3.2.0
2024-11-03 13:49:02,461 [WARN] PackLoader:240 - Cannot read IP mode file for STMicroelectronics.X-CUBE-EEPRMA1.5.1.0
2024-11-03 13:49:02,471 [WARN] PackLoader:240 - Cannot read IP mode file for ITTIA_DB.I-CUBE-ITTIADB.8.9.0
2024-11-03 13:49:02,487 [WARN] PackLoader:240 - Cannot read IP mode file for SEGGER.I-CUBE-embOS.1.3.1
2024-11-03 13:49:02,536 [WARN] PackLoader:240 - Cannot read IP mode file for STMicroelectronics.X-CUBE-ALGOBUILD.1.4.0
2024-11-03 13:49:02,536 [WARN] PackLoader:240 - Cannot read IP mode file for STMicroelectronics.X-CUBE-AI.9.1.0
2024-11-03 13:49:02,545 [WARN] PackLoader:240 - Cannot read IP mode file for STMicroelectronics.X-CUBE-GNSS1.6.0.0
2024-11-03 13:49:02,550 [WARN] PackLoader:240 - Cannot read IP mode file for STMicroelectronics.X-CUBE-AZRTOS-F4.1.1.0
2024-11-03 13:49:02,550 [WARN] PackLoader:240 - Cannot read IP mode file for STMicroelectronics.X-CUBE-ISPU.2.1.0
2024-11-03 13:49:02,567 [WARN] PackLoader:240 - Cannot read IP mode file for STMicroelectronics.X-CUBE-FREERTOS.1.2.0
2024-11-03 13:49:02,583 [WARN] PackLoader:240 - Cannot read IP mode file for STMicroelectronics.X-CUBE-AZRTOS-L5.2.0.0
2024-11-03 13:49:02,583 [WARN] PackLoader:240 - Cannot read IP mode file for STMicroelectronics.X-CUBE-NFC6.3.1.0
2024-11-03 13:49:02,583 [INFO] WebApp:192 - Starting web application
2024-11-03 13:49:02,583 [INFO] WebApp:544 - Web application path used D:\ST\STM32CubeIDE_1.15.1\STM32CubeIDE\plugins\com.st.stm32cube.common.mx_6.11.1.202404110753\db\plugins\mcufinder\reactClient1\index.html
2024-11-03 13:49:02,583 [WARN] PackLoader:240 - Cannot read IP mode file for STMicroelectronics.X-CUBE-DPower.1.2.0
2024-11-03 13:49:02,598 [WARN] PackLoader:240 - Cannot read IP mode file for STMicroelectronics.X-CUBE-AI.9.0.0
2024-11-03 13:49:02,613 [WARN] PackLoader:240 - Cannot read IP mode file for STMicroelectronics.X-CUBE-NFC7.1.0.1
2024-11-03 13:49:02,613 [WARN] PackLoader:240 - Cannot read IP mode file for wolfSSL.I-CUBE-wolfTPM.3.2.0
2024-11-03 13:49:02,633 [WARN] ConditionMgr:438 - getConditionDescription Invalid condition id : LAN8742 Phy interface Condition cause : null
2024-11-03 13:49:02,634 [WARN] PackLoader:240 - Cannot read IP mode file for STMicroelectronics.X-CUBE-AZRTOS-L4.2.0.0
2024-11-03 13:49:02,635 [WARN] ConditionMgr:1039 - genDependencies : Invalid condition id : LAN8742 Phy interface Condition cause : null
2024-11-03 13:49:02,635 [WARN] ConditionMgr:1039 - genDependencies : Invalid condition id : LAN8742 Phy interface Condition cause : null
2024-11-03 13:49:02,635 [WARN] ConditionMgr:1039 - genDependencies : Invalid condition id : LAN8742 Phy interface Condition cause : null
2024-11-03 13:49:02,638 [WARN] PackLoader:240 - Cannot read IP mode file for STMicroelectronics.X-CUBE-SFXS2LP1.4.0.0
2024-11-03 13:49:02,656 [WARN] PackLoader:240 - Cannot read IP mode file for STMicroelectronics.X-CUBE-AZRTOS-H7.3.3.0
2024-11-03 13:49:02,667 [WARN] PackLoader:240 - Cannot read IP mode file for STMicroelectronics.X-CUBE-IPS.3.0.0
2024-11-03 13:49:02,693 [WARN] ConditionMgr:438 - getConditionDescription Invalid condition id : UX DEVICE CLASS RTOS Condition cause : null
2024-11-03 13:49:02,693 [WARN] ConditionMgr:438 - getConditionDescription Invalid condition id : UX DEVICE CLASS RTOS Condition cause : null
2024-11-03 13:49:02,698 [WARN] PackLoader:240 - Cannot read IP mode file for STMicroelectronics.X-CUBE-AZRTOS-WB.2.0.0
2024-11-03 13:49:02,699 [WARN] ConditionMgr:1039 - genDependencies : Invalid condition id : UX DEVICE CLASS RTOS Condition cause : null
2024-11-03 13:49:02,700 [WARN] ConditionMgr:1039 - genDependencies : Invalid condition id : UX DEVICE CLASS RTOS Condition cause : null
2024-11-03 13:49:02,700 [WARN] ConditionMgr:1039 - genDependencies : Invalid condition id : UX DEVICE CLASS RTOS Condition cause : null
2024-11-03 13:49:02,700 [WARN] ConditionMgr:1039 - genDependencies : Invalid condition id : UX DEVICE CLASS RTOS Condition cause : null
2024-11-03 13:49:02,701 [WARN] ConditionMgr:1039 - genDependencies : Invalid condition id : UX DEVICE CLASS RTOS Condition cause : null
2024-11-03 13:49:02,709 [WARN] PackLoader:240 - Cannot read IP mode file for STMicroelectronics.X-CUBE-GNSS1.7.0.0
2024-11-03 13:49:02,720 [WARN] PackLoader:240 - Cannot read IP mode file for STMicroelectronics.FP-SNS-STBOX1.2.0.0
2024-11-03 13:49:02,736 [WARN] PackLoader:240 - Cannot read IP mode file for STMicroelectronics.X-CUBE-SUBG2.5.0.0
2024-11-03 13:49:02,760 [WARN] PackLoader:240 - Cannot read IP mode file for STMicroelectronics.X-CUBE-AZRTOS-G4.2.0.0
2024-11-03 13:49:02,766 [WARN] PackLoader:240 - Cannot read IP mode file for STMicroelectronics.X-CUBE-ISPU.2.0.0
2024-11-03 13:49:02,771 [WARN] PackLoader:240 - Cannot read IP mode file for STMicroelectronics.X-CUBE-ALS.1.0.2
2024-11-03 13:49:02,802 [WARN] PackLoader:240 - Cannot read IP mode file for STMicroelectronics.X-CUBE-MEMS1.10.0.0
2024-11-03 13:49:02,887 [WARN] PackLoader:240 - Cannot read IP mode file for STMicroelectronics.X-CUBE-TOUCHGFX.4.24.0
2024-11-03 13:49:02,887 [WARN] PackLoader:240 - Cannot read IP mode file for STMicroelectronics.X-CUBE-TOUCHGFX.4.24.1
2024-11-03 13:49:02,902 [WARN] PackLoader:240 - Cannot read IP mode file for portGmbH.I-Cube-SoM-uGOAL.1.1.0
2024-11-03 13:49:02,902 [WARN] PackLoader:240 - Cannot read IP mode file for STMicroelectronics.X-CUBE-ALS.1.0.1
2024-11-03 13:49:02,918 [WARN] PackLoader:240 - Cannot read IP mode file for STMicroelectronics.X-CUBE-AZRTOS-H7RS.1.0.0
2024-11-03 13:49:02,918 [WARN] PackLoader:240 - Cannot read IP mode file for STMicroelectronics.FP-ATR-ASTRA1.2.0.0
2024-11-03 13:49:02,934 [WARN] PackLoader:240 - Cannot read IP mode file for STMicroelectronics.X-CUBE-TOF1.3.4.2
2024-11-03 13:49:02,949 [WARN] PackLoader:240 - Cannot read IP mode file for STMicroelectronics.X-CUBE-TOF1.3.4.1
2024-11-03 13:49:02,970 [WARN] PackLoader:240 - Cannot read IP mode file for STMicroelectronics.X-CUBE-AZRTOS-H7.3.2.0
2024-11-03 13:49:02,979 [WARN] PackLoader:240 - Cannot read IP mode file for Infineon.AIROC-Wi-Fi-Bluetooth-STM32.1.6.0
2024-11-03 13:49:02,995 [WARN] PackLoader:240 - Cannot read IP mode file for wolfSSL.I-CUBE-wolfSSH.1.4.17
2024-11-03 13:49:02,999 [INFO] ThirdParty:978 - Integrity check success = true
2024-11-03 13:49:02,999 [INFO] IntegrityCheckThread:100 - exiting critical section [integrity check]
2024-11-03 13:49:02,999 [INFO] IntegrityCheckThread:103 - End integrity checks thread
2024-11-03 14:04:09,222 [ERROR] LogOutputStream:75 - [STDERR_REDIRECT] 
